-- The C compiler identification is GNU 11.4.0
-- The CXX compiler identification is GNU 11.4.0
-- Detecting C compiler ABI info
-- Detecting C compiler ABI info - done
-- Check for working C compiler: /usr/bin/cc - skipped
-- Detecting C compile features
-- Detecting C compile features - done
-- Detecting CXX compiler ABI info
-- Detecting CXX compiler ABI info - done
-- Check for working CXX compiler: /usr/bin/c++ - skipped
-- Detecting CXX compile features
-- Detecting CXX compile features - done
-- Found ament_cmake: 2.0.7 (/opt/ros/iron/share/ament_cmake/cmake)
-- Found Python3: /usr/bin/python3.10 (found version "3.10.12") found components: Interpreter 
-- Found rosidl_default_generators: 1.5.0 (/opt/ros/iron/share/rosidl_default_generators/cmake)
-- Using all available rosidl_typesupport_c: rosidl_typesupport_fastrtps_c;rosidl_typesupport_introspection_c
-- Using all available rosidl_typesupport_cpp: rosidl_typesupport_fastrtps_cpp;rosidl_typesupport_introspection_cpp
-- Found rosidl_adapter: 4.0.1 (/opt/ros/iron/share/rosidl_adapter/cmake)
-- Found std_msgs: 5.0.1 (/opt/ros/iron/share/std_msgs/cmake)
-- Found ament_cmake_ros: 0.11.2 (/opt/ros/iron/share/ament_cmake_ros/cmake)
-- Using all available rosidl_typesupport_c: rosidl_typesupport_fastrtps_c;rosidl_typesupport_introspection_c
-- Using all available rosidl_typesupport_cpp: rosidl_typesupport_fastrtps_cpp;rosidl_typesupport_introspection_cpp
-- Found PythonInterp: /usr/bin/python3 (found suitable version "3.10.12", minimum required is "3.6") 
-- Found python_cmake_module: 0.10.2 (/opt/ros/iron/share/python_cmake_module/cmake)
-- Found PythonLibs: /usr/lib/x86_64-linux-gnu/libpython3.10.so (found suitable version "3.10.12", minimum required is "3.5") 
-- Using PYTHON_EXECUTABLE: /usr/bin/python3
-- Using PYTHON_INCLUDE_DIRS: /usr/include/python3.10
-- Using PYTHON_LIBRARIES: /usr/lib/x86_64-linux-gnu/libpython3.10.so
-- Found PythonExtra: .so  
-- Configuring done
-- Generating done
-- Build files have been written to: /home/monica/ros2_brazoPG/build/arlo_interfaces
[  1%] [34m[1mGenerating type hashes for ROS interfaces[0m
[  1%] Built target ament_cmake_python_copy_arlo_interfaces
running egg_info
creating arlo_interfaces.egg-info
writing arlo_interfaces.egg-info/PKG-INFO
writing dependency_links to arlo_interfaces.egg-info/dependency_links.txt
writing top-level names to arlo_interfaces.egg-info/top_level.txt
writing manifest file 'arlo_interfaces.egg-info/SOURCES.txt'
reading manifest file 'arlo_interfaces.egg-info/SOURCES.txt'
writing manifest file 'arlo_interfaces.egg-info/SOURCES.txt'
[  1%] Built target ament_cmake_python_build_arlo_interfaces_egg
[  1%] Built target arlo_interfaces__rosidl_generator_type_description
[  3%] [34m[1mGenerating C code for ROS interfaces[0m
[  5%] [34m[1mGenerating C++ code for ROS interfaces[0m
[  5%] Built target arlo_interfaces__cpp
[  7%] [32mBuilding C object CMakeFiles/arlo_interfaces__rosidl_generator_c.dir/rosidl_generator_c/arlo_interfaces/srv/detail/evaluate_tree__functions.c.o[0m
[  9%] [32mBuilding C object CMakeFiles/arlo_interfaces__rosidl_generator_c.dir/rosidl_generator_c/arlo_interfaces/srv/detail/evaluate_tree__description.c.o[0m
[ 11%] [32mBuilding C object CMakeFiles/arlo_interfaces__rosidl_generator_c.dir/rosidl_generator_c/arlo_interfaces/srv/detail/evaluate_tree__type_support.c.o[0m
[ 12%] [32mBuilding C object CMakeFiles/arlo_interfaces__rosidl_generator_c.dir/rosidl_generator_c/arlo_interfaces/srv/detail/actuator_values_service__description.c.o[0m
[ 14%] [32mBuilding C object CMakeFiles/arlo_interfaces__rosidl_generator_c.dir/rosidl_generator_c/arlo_interfaces/srv/detail/actuator_values_service__functions.c.o[0m
[ 16%] [32mBuilding C object CMakeFiles/arlo_interfaces__rosidl_generator_c.dir/rosidl_generator_c/arlo_interfaces/srv/detail/actuator_values_service__type_support.c.o[0m
[ 18%] [32mBuilding C object CMakeFiles/arlo_interfaces__rosidl_generator_c.dir/rosidl_generator_c/arlo_interfaces/msg/detail/array__description.c.o[0m
[ 20%] [32mBuilding C object CMakeFiles/arlo_interfaces__rosidl_generator_c.dir/rosidl_generator_c/arlo_interfaces/msg/detail/array__functions.c.o[0m
[ 22%] [32mBuilding C object CMakeFiles/arlo_interfaces__rosidl_generator_c.dir/rosidl_generator_c/arlo_interfaces/msg/detail/array__type_support.c.o[0m
[ 24%] [32m[1mLinking C shared library libarlo_interfaces__rosidl_generator_c.so[0m
[ 24%] Built target arlo_interfaces__rosidl_generator_c
[ 25%] [34m[1mGenerating C++ type support for eProsima Fast-RTPS[0m
[ 27%] [34m[1mGenerating C++ introspection for ROS interfaces[0m
[ 29%] [32mBuilding CXX object CMakeFiles/arlo_interfaces__rosidl_typesupport_introspection_cpp.dir/rosidl_typesupport_introspection_cpp/arlo_interfaces/srv/detail/evaluate_tree__type_support.cpp.o[0m
[ 31%] [32mBuilding CXX object CMakeFiles/arlo_interfaces__rosidl_typesupport_fastrtps_cpp.dir/rosidl_typesupport_fastrtps_cpp/arlo_interfaces/srv/detail/dds_fastrtps/evaluate_tree__type_support.cpp.o[0m
[ 33%] [32mBuilding CXX object CMakeFiles/arlo_interfaces__rosidl_typesupport_introspection_cpp.dir/rosidl_typesupport_introspection_cpp/arlo_interfaces/srv/detail/actuator_values_service__type_support.cpp.o[0m
[ 35%] [32mBuilding CXX object CMakeFiles/arlo_interfaces__rosidl_typesupport_fastrtps_cpp.dir/rosidl_typesupport_fastrtps_cpp/arlo_interfaces/srv/detail/dds_fastrtps/actuator_values_service__type_support.cpp.o[0m
[ 37%] [32mBuilding CXX object CMakeFiles/arlo_interfaces__rosidl_typesupport_introspection_cpp.dir/rosidl_typesupport_introspection_cpp/arlo_interfaces/msg/detail/array__type_support.cpp.o[0m
[ 38%] [32mBuilding CXX object CMakeFiles/arlo_interfaces__rosidl_typesupport_fastrtps_cpp.dir/rosidl_typesupport_fastrtps_cpp/arlo_interfaces/msg/detail/dds_fastrtps/array__type_support.cpp.o[0m
[ 40%] [32m[1mLinking CXX shared library libarlo_interfaces__rosidl_typesupport_introspection_cpp.so[0m
[ 40%] Built target arlo_interfaces__rosidl_typesupport_introspection_cpp
[ 42%] [34m[1mGenerating C++ type support dispatch for ROS interfaces[0m
[ 44%] [32m[1mLinking CXX shared library libarlo_interfaces__rosidl_typesupport_fastrtps_cpp.so[0m
[ 44%] Built target arlo_interfaces__rosidl_typesupport_fastrtps_cpp
[ 46%] [34m[1mGenerating C type support for eProsima Fast-RTPS[0m
[ 48%] [32mBuilding CXX object CMakeFiles/arlo_interfaces__rosidl_typesupport_cpp.dir/rosidl_typesupport_cpp/arlo_interfaces/srv/evaluate_tree__type_support.cpp.o[0m
[ 50%] [32mBuilding CXX object CMakeFiles/arlo_interfaces__rosidl_typesupport_cpp.dir/rosidl_typesupport_cpp/arlo_interfaces/srv/actuator_values_service__type_support.cpp.o[0m
[ 51%] [32mBuilding CXX object CMakeFiles/arlo_interfaces__rosidl_typesupport_fastrtps_c.dir/rosidl_typesupport_fastrtps_c/arlo_interfaces/srv/detail/evaluate_tree__type_support_c.cpp.o[0m
[ 53%] [32mBuilding CXX object CMakeFiles/arlo_interfaces__rosidl_typesupport_cpp.dir/rosidl_typesupport_cpp/arlo_interfaces/msg/array__type_support.cpp.o[0m
[ 55%] [32mBuilding CXX object CMakeFiles/arlo_interfaces__rosidl_typesupport_fastrtps_c.dir/rosidl_typesupport_fastrtps_c/arlo_interfaces/srv/detail/actuator_values_service__type_support_c.cpp.o[0m
[ 57%] [32mBuilding CXX object CMakeFiles/arlo_interfaces__rosidl_typesupport_fastrtps_c.dir/rosidl_typesupport_fastrtps_c/arlo_interfaces/msg/detail/array__type_support_c.cpp.o[0m
[ 59%] [32m[1mLinking CXX shared library libarlo_interfaces__rosidl_typesupport_cpp.so[0m
[ 59%] Built target arlo_interfaces__rosidl_typesupport_cpp
[ 61%] [34m[1mGenerating C introspection for ROS interfaces[0m
[ 62%] [32m[1mLinking CXX shared library libarlo_interfaces__rosidl_typesupport_fastrtps_c.so[0m
[ 62%] Built target arlo_interfaces__rosidl_typesupport_fastrtps_c
[ 64%] [34m[1mGenerating C type support dispatch for ROS interfaces[0m
[ 66%] [32mBuilding C object CMakeFiles/arlo_interfaces__rosidl_typesupport_introspection_c.dir/rosidl_typesupport_introspection_c/arlo_interfaces/srv/detail/evaluate_tree__type_support.c.o[0m
[ 68%] [32mBuilding C object CMakeFiles/arlo_interfaces__rosidl_typesupport_introspection_c.dir/rosidl_typesupport_introspection_c/arlo_interfaces/srv/detail/actuator_values_service__type_support.c.o[0m
[ 70%] [32mBuilding C object CMakeFiles/arlo_interfaces__rosidl_typesupport_introspection_c.dir/rosidl_typesupport_introspection_c/arlo_interfaces/msg/detail/array__type_support.c.o[0m
[ 72%] [32m[1mLinking C shared library libarlo_interfaces__rosidl_typesupport_introspection_c.so[0m
[ 72%] Built target arlo_interfaces__rosidl_typesupport_introspection_c
[ 74%] [32mBuilding CXX object CMakeFiles/arlo_interfaces__rosidl_typesupport_c.dir/rosidl_typesupport_c/arlo_interfaces/srv/evaluate_tree__type_support.cpp.o[0m
[ 75%] [32mBuilding CXX object CMakeFiles/arlo_interfaces__rosidl_typesupport_c.dir/rosidl_typesupport_c/arlo_interfaces/srv/actuator_values_service__type_support.cpp.o[0m
[ 77%] [32mBuilding CXX object CMakeFiles/arlo_interfaces__rosidl_typesupport_c.dir/rosidl_typesupport_c/arlo_interfaces/msg/array__type_support.cpp.o[0m
[ 79%] [32m[1mLinking CXX shared library libarlo_interfaces__rosidl_typesupport_c.so[0m
[ 79%] Built target arlo_interfaces__rosidl_typesupport_c
[ 79%] Built target arlo_interfaces
[ 81%] [34m[1mGenerating Python code for ROS interfaces[0m
[ 81%] Built target arlo_interfaces__py
[ 85%] [32mBuilding C object CMakeFiles/arlo_interfaces__rosidl_generator_py.dir/rosidl_generator_py/arlo_interfaces/srv/_evaluate_tree_s.c.o[0m
[ 85%] [32mBuilding C object CMakeFiles/arlo_interfaces__rosidl_generator_py.dir/rosidl_generator_py/arlo_interfaces/srv/_actuator_values_service_s.c.o[0m
[ 87%] [32mBuilding C object CMakeFiles/arlo_interfaces__rosidl_generator_py.dir/rosidl_generator_py/arlo_interfaces/msg/_array_s.c.o[0m
[ 88%] [32m[1mLinking C shared library rosidl_generator_py/arlo_interfaces/libarlo_interfaces__rosidl_generator_py.so[0m
[ 88%] Built target arlo_interfaces__rosidl_generator_py
[ 90%] [32mBuilding C object CMakeFiles/arlo_interfaces__rosidl_typesupport_fastrtps_c__pyext.dir/rosidl_generator_py/arlo_interfaces/_arlo_interfaces_s.ep.rosidl_typesupport_fastrtps_c.c.o[0m
[ 92%] [32mBuilding C object CMakeFiles/arlo_interfaces__rosidl_typesupport_introspection_c__pyext.dir/rosidl_generator_py/arlo_interfaces/_arlo_interfaces_s.ep.rosidl_typesupport_introspection_c.c.o[0m
[ 94%] [32m[1mLinking C shared library rosidl_generator_py/arlo_interfaces/arlo_interfaces_s__rosidl_typesupport_fastrtps_c.cpython-310-x86_64-linux-gnu.so[0m
[ 96%] [32m[1mLinking C shared library rosidl_generator_py/arlo_interfaces/arlo_interfaces_s__rosidl_typesupport_introspection_c.cpython-310-x86_64-linux-gnu.so[0m
[ 96%] Built target arlo_interfaces__rosidl_typesupport_introspection_c__pyext
[ 96%] Built target arlo_interfaces__rosidl_typesupport_fastrtps_c__pyext
[ 98%] [32mBuilding C object CMakeFiles/arlo_interfaces__rosidl_typesupport_c__pyext.dir/rosidl_generator_py/arlo_interfaces/_arlo_interfaces_s.ep.rosidl_typesupport_c.c.o[0m
[100%] [32m[1mLinking C shared library rosidl_generator_py/arlo_interfaces/arlo_interfaces_s__rosidl_typesupport_c.cpython-310-x86_64-linux-gnu.so[0m
[100%] Built target arlo_interfaces__rosidl_typesupport_c__pyext
-- Install configuration: ""
-- Installing: /home/monica/ros2_brazoPG/install/arlo_interfaces/share/ament_index/resource_index/rosidl_interfaces/arlo_interfaces
-- Installing: /home/monica/ros2_brazoPG/install/arlo_interfaces/share/arlo_interfaces/srv/EvaluateTree.json
-- Installing: /home/monica/ros2_brazoPG/install/arlo_interfaces/share/arlo_interfaces/srv/ActuatorValuesService.json
-- Installing: /home/monica/ros2_brazoPG/install/arlo_interfaces/share/arlo_interfaces/msg/Array.json
-- Installing: /home/monica/ros2_brazoPG/install/arlo_interfaces/include/arlo_interfaces/arlo_interfaces
-- Installing: /home/monica/ros2_brazoPG/install/arlo_interfaces/include/arlo_interfaces/arlo_interfaces/srv
-- Installing: /home/monica/ros2_brazoPG/install/arlo_interfaces/include/arlo_interfaces/arlo_interfaces/srv/actuator_values_service.h
-- Installing: /home/monica/ros2_brazoPG/install/arlo_interfaces/include/arlo_interfaces/arlo_interfaces/srv/evaluate_tree.h
-- Installing: /home/monica/ros2_brazoPG/install/arlo_interfaces/include/arlo_interfaces/arlo_interfaces/srv/detail
-- Installing: /home/monica/ros2_brazoPG/install/arlo_interfaces/include/arlo_interfaces/arlo_interfaces/srv/detail/evaluate_tree__description.c
-- Installing: /home/monica/ros2_brazoPG/install/arlo_interfaces/include/arlo_interfaces/arlo_interfaces/srv/detail/evaluate_tree__type_support.h
-- Installing: /home/monica/ros2_brazoPG/install/arlo_interfaces/include/arlo_interfaces/arlo_interfaces/srv/detail/actuator_values_service__functions.h
-- Installing: /home/monica/ros2_brazoPG/install/arlo_interfaces/include/arlo_interfaces/arlo_interfaces/srv/detail/evaluate_tree__type_support.c
-- Installing: /home/monica/ros2_brazoPG/install/arlo_interfaces/include/arlo_interfaces/arlo_interfaces/srv/detail/evaluate_tree__struct.h
-- Installing: /home/monica/ros2_brazoPG/install/arlo_interfaces/include/arlo_interfaces/arlo_interfaces/srv/detail/actuator_values_service__functions.c
-- Installing: /home/monica/ros2_brazoPG/install/arlo_interfaces/include/arlo_interfaces/arlo_interfaces/srv/detail/actuator_values_service__struct.h
-- Installing: /home/monica/ros2_brazoPG/install/arlo_interfaces/include/arlo_interfaces/arlo_interfaces/srv/detail/evaluate_tree__functions.c
-- Installing: /home/monica/ros2_brazoPG/install/arlo_interfaces/include/arlo_interfaces/arlo_interfaces/srv/detail/actuator_values_service__type_support.h
-- Installing: /home/monica/ros2_brazoPG/install/arlo_interfaces/include/arlo_interfaces/arlo_interfaces/srv/detail/evaluate_tree__functions.h
-- Installing: /home/monica/ros2_brazoPG/install/arlo_interfaces/include/arlo_interfaces/arlo_interfaces/srv/detail/actuator_values_service__description.c
-- Installing: /home/monica/ros2_brazoPG/install/arlo_interfaces/include/arlo_interfaces/arlo_interfaces/srv/detail/actuator_values_service__type_support.c
-- Installing: /home/monica/ros2_brazoPG/install/arlo_interfaces/include/arlo_interfaces/arlo_interfaces/msg
-- Installing: /home/monica/ros2_brazoPG/install/arlo_interfaces/include/arlo_interfaces/arlo_interfaces/msg/rosidl_generator_c__visibility_control.h
-- Installing: /home/monica/ros2_brazoPG/install/arlo_interfaces/include/arlo_interfaces/arlo_interfaces/msg/array.h
-- Installing: /home/monica/ros2_brazoPG/install/arlo_interfaces/include/arlo_interfaces/arlo_interfaces/msg/detail
-- Installing: /home/monica/ros2_brazoPG/install/arlo_interfaces/include/arlo_interfaces/arlo_interfaces/msg/detail/array__functions.h
-- Installing: /home/monica/ros2_brazoPG/install/arlo_interfaces/include/arlo_interfaces/arlo_interfaces/msg/detail/array__type_support.h
-- Installing: /home/monica/ros2_brazoPG/install/arlo_interfaces/include/arlo_interfaces/arlo_interfaces/msg/detail/array__description.c
-- Installing: /home/monica/ros2_brazoPG/install/arlo_interfaces/include/arlo_interfaces/arlo_interfaces/msg/detail/array__type_support.c
-- Installing: /home/monica/ros2_brazoPG/install/arlo_interfaces/include/arlo_interfaces/arlo_interfaces/msg/detail/array__struct.h
-- Installing: /home/monica/ros2_brazoPG/install/arlo_interfaces/include/arlo_interfaces/arlo_interfaces/msg/detail/array__functions.c
-- Installing: /home/monica/ros2_brazoPG/install/arlo_interfaces/share/arlo_interfaces/environment/library_path.sh
-- Installing: /home/monica/ros2_brazoPG/install/arlo_interfaces/share/arlo_interfaces/environment/library_path.dsv
-- Installing: /home/monica/ros2_brazoPG/install/arlo_interfaces/lib/libarlo_interfaces__rosidl_generator_c.so
-- Set runtime path of "/home/monica/ros2_brazoPG/install/arlo_interfaces/lib/libarlo_interfaces__rosidl_generator_c.so" to ""
-- Up-to-date: /home/monica/ros2_brazoPG/install/arlo_interfaces/include/arlo_interfaces/arlo_interfaces
-- Up-to-date: /home/monica/ros2_brazoPG/install/arlo_interfaces/include/arlo_interfaces/arlo_interfaces/srv
-- Up-to-date: /home/monica/ros2_brazoPG/install/arlo_interfaces/include/arlo_interfaces/arlo_interfaces/srv/detail
-- Installing: /home/monica/ros2_brazoPG/install/arlo_interfaces/include/arlo_interfaces/arlo_interfaces/srv/detail/actuator_values_service__rosidl_typesupport_fastrtps_c.h
-- Installing: /home/monica/ros2_brazoPG/install/arlo_interfaces/include/arlo_interfaces/arlo_interfaces/srv/detail/evaluate_tree__rosidl_typesupport_fastrtps_c.h
-- Up-to-date: /home/monica/ros2_brazoPG/install/arlo_interfaces/include/arlo_interfaces/arlo_interfaces/msg
-- Installing: /home/monica/ros2_brazoPG/install/arlo_interfaces/include/arlo_interfaces/arlo_interfaces/msg/rosidl_typesupport_fastrtps_c__visibility_control.h
-- Up-to-date: /home/monica/ros2_brazoPG/install/arlo_interfaces/include/arlo_interfaces/arlo_interfaces/msg/detail
-- Installing: /home/monica/ros2_brazoPG/install/arlo_interfaces/include/arlo_interfaces/arlo_interfaces/msg/detail/array__rosidl_typesupport_fastrtps_c.h
-- Installing: /home/monica/ros2_brazoPG/install/arlo_interfaces/lib/libarlo_interfaces__rosidl_typesupport_fastrtps_c.so
-- Set runtime path of "/home/monica/ros2_brazoPG/install/arlo_interfaces/lib/libarlo_interfaces__rosidl_typesupport_fastrtps_c.so" to ""
-- Up-to-date: /home/monica/ros2_brazoPG/install/arlo_interfaces/include/arlo_interfaces/arlo_interfaces
-- Up-to-date: /home/monica/ros2_brazoPG/install/arlo_interfaces/include/arlo_interfaces/arlo_interfaces/srv
-- Up-to-date: /home/monica/ros2_brazoPG/install/arlo_interfaces/include/arlo_interfaces/arlo_interfaces/srv/detail
-- Installing: /home/monica/ros2_brazoPG/install/arlo_interfaces/include/arlo_interfaces/arlo_interfaces/srv/detail/evaluate_tree__type_support.c
-- Installing: /home/monica/ros2_brazoPG/install/arlo_interfaces/include/arlo_interfaces/arlo_interfaces/srv/detail/actuator_values_service__rosidl_typesupport_introspection_c.h
-- Installing: /home/monica/ros2_brazoPG/install/arlo_interfaces/include/arlo_interfaces/arlo_interfaces/srv/detail/evaluate_tree__rosidl_typesupport_introspection_c.h
-- Installing: /home/monica/ros2_brazoPG/install/arlo_interfaces/include/arlo_interfaces/arlo_interfaces/srv/detail/actuator_values_service__type_support.c
-- Up-to-date: /home/monica/ros2_brazoPG/install/arlo_interfaces/include/arlo_interfaces/arlo_interfaces/msg
-- Up-to-date: /home/monica/ros2_brazoPG/install/arlo_interfaces/include/arlo_interfaces/arlo_interfaces/msg/detail
-- Installing: /home/monica/ros2_brazoPG/install/arlo_interfaces/include/arlo_interfaces/arlo_interfaces/msg/detail/array__rosidl_typesupport_introspection_c.h
-- Installing: /home/monica/ros2_brazoPG/install/arlo_interfaces/include/arlo_interfaces/arlo_interfaces/msg/detail/array__type_support.c
-- Installing: /home/monica/ros2_brazoPG/install/arlo_interfaces/include/arlo_interfaces/arlo_interfaces/msg/rosidl_typesupport_introspection_c__visibility_control.h
-- Installing: /home/monica/ros2_brazoPG/install/arlo_interfaces/lib/libarlo_interfaces__rosidl_typesupport_introspection_c.so
-- Set runtime path of "/home/monica/ros2_brazoPG/install/arlo_interfaces/lib/libarlo_interfaces__rosidl_typesupport_introspection_c.so" to ""
-- Installing: /home/monica/ros2_brazoPG/install/arlo_interfaces/lib/libarlo_interfaces__rosidl_typesupport_c.so
-- Set runtime path of "/home/monica/ros2_brazoPG/install/arlo_interfaces/lib/libarlo_interfaces__rosidl_typesupport_c.so" to ""
-- Up-to-date: /home/monica/ros2_brazoPG/install/arlo_interfaces/include/arlo_interfaces/arlo_interfaces
-- Up-to-date: /home/monica/ros2_brazoPG/install/arlo_interfaces/include/arlo_interfaces/arlo_interfaces/srv
-- Installing: /home/monica/ros2_brazoPG/install/arlo_interfaces/include/arlo_interfaces/arlo_interfaces/srv/evaluate_tree.hpp
-- Up-to-date: /home/monica/ros2_brazoPG/install/arlo_interfaces/include/arlo_interfaces/arlo_interfaces/srv/detail
-- Installing: /home/monica/ros2_brazoPG/install/arlo_interfaces/include/arlo_interfaces/arlo_interfaces/srv/detail/evaluate_tree__builder.hpp
-- Installing: /home/monica/ros2_brazoPG/install/arlo_interfaces/include/arlo_interfaces/arlo_interfaces/srv/detail/actuator_values_service__builder.hpp
-- Installing: /home/monica/ros2_brazoPG/install/arlo_interfaces/include/arlo_interfaces/arlo_interfaces/srv/detail/actuator_values_service__traits.hpp
-- Installing: /home/monica/ros2_brazoPG/install/arlo_interfaces/include/arlo_interfaces/arlo_interfaces/srv/detail/actuator_values_service__struct.hpp
-- Installing: /home/monica/ros2_brazoPG/install/arlo_interfaces/include/arlo_interfaces/arlo_interfaces/srv/detail/evaluate_tree__traits.hpp
-- Installing: /home/monica/ros2_brazoPG/install/arlo_interfaces/include/arlo_interfaces/arlo_interfaces/srv/detail/evaluate_tree__struct.hpp
-- Installing: /home/monica/ros2_brazoPG/install/arlo_interfaces/include/arlo_interfaces/arlo_interfaces/srv/actuator_values_service.hpp
-- Up-to-date: /home/monica/ros2_brazoPG/install/arlo_interfaces/include/arlo_interfaces/arlo_interfaces/msg
-- Installing: /home/monica/ros2_brazoPG/install/arlo_interfaces/include/arlo_interfaces/arlo_interfaces/msg/array.hpp
-- Up-to-date: /home/monica/ros2_brazoPG/install/arlo_interfaces/include/arlo_interfaces/arlo_interfaces/msg/detail
-- Installing: /home/monica/ros2_brazoPG/install/arlo_interfaces/include/arlo_interfaces/arlo_interfaces/msg/detail/array__traits.hpp
-- Installing: /home/monica/ros2_brazoPG/install/arlo_interfaces/include/arlo_interfaces/arlo_interfaces/msg/detail/array__builder.hpp
-- Installing: /home/monica/ros2_brazoPG/install/arlo_interfaces/include/arlo_interfaces/arlo_interfaces/msg/detail/array__struct.hpp
-- Up-to-date: /home/monica/ros2_brazoPG/install/arlo_interfaces/include/arlo_interfaces/arlo_interfaces
-- Up-to-date: /home/monica/ros2_brazoPG/install/arlo_interfaces/include/arlo_interfaces/arlo_interfaces/srv
-- Up-to-date: /home/monica/ros2_brazoPG/install/arlo_interfaces/include/arlo_interfaces/arlo_interfaces/srv/detail
-- Installing: /home/monica/ros2_brazoPG/install/arlo_interfaces/include/arlo_interfaces/arlo_interfaces/srv/detail/actuator_values_service__rosidl_typesupport_fastrtps_cpp.hpp
-- Installing: /home/monica/ros2_brazoPG/install/arlo_interfaces/include/arlo_interfaces/arlo_interfaces/srv/detail/dds_fastrtps
-- Installing: /home/monica/ros2_brazoPG/install/arlo_interfaces/include/arlo_interfaces/arlo_interfaces/srv/detail/evaluate_tree__rosidl_typesupport_fastrtps_cpp.hpp
-- Up-to-date: /home/monica/ros2_brazoPG/install/arlo_interfaces/include/arlo_interfaces/arlo_interfaces/msg
-- Installing: /home/monica/ros2_brazoPG/install/arlo_interfaces/include/arlo_interfaces/arlo_interfaces/msg/rosidl_typesupport_fastrtps_cpp__visibility_control.h
-- Up-to-date: /home/monica/ros2_brazoPG/install/arlo_interfaces/include/arlo_interfaces/arlo_interfaces/msg/detail
-- Installing: /home/monica/ros2_brazoPG/install/arlo_interfaces/include/arlo_interfaces/arlo_interfaces/msg/detail/dds_fastrtps
-- Installing: /home/monica/ros2_brazoPG/install/arlo_interfaces/include/arlo_interfaces/arlo_interfaces/msg/detail/array__rosidl_typesupport_fastrtps_cpp.hpp
-- Installing: /home/monica/ros2_brazoPG/install/arlo_interfaces/lib/libarlo_interfaces__rosidl_typesupport_fastrtps_cpp.so
-- Set runtime path of "/home/monica/ros2_brazoPG/install/arlo_interfaces/lib/libarlo_interfaces__rosidl_typesupport_fastrtps_cpp.so" to ""
-- Up-to-date: /home/monica/ros2_brazoPG/install/arlo_interfaces/include/arlo_interfaces/arlo_interfaces
-- Up-to-date: /home/monica/ros2_brazoPG/install/arlo_interfaces/include/arlo_interfaces/arlo_interfaces/srv
-- Up-to-date: /home/monica/ros2_brazoPG/install/arlo_interfaces/include/arlo_interfaces/arlo_interfaces/srv/detail
-- Installing: /home/monica/ros2_brazoPG/install/arlo_interfaces/include/arlo_interfaces/arlo_interfaces/srv/detail/actuator_values_service__type_support.cpp
-- Installing: /home/monica/ros2_brazoPG/install/arlo_interfaces/include/arlo_interfaces/arlo_interfaces/srv/detail/actuator_values_service__rosidl_typesupport_introspection_cpp.hpp
-- Installing: /home/monica/ros2_brazoPG/install/arlo_interfaces/include/arlo_interfaces/arlo_interfaces/srv/detail/evaluate_tree__type_support.cpp
-- Installing: /home/monica/ros2_brazoPG/install/arlo_interfaces/include/arlo_interfaces/arlo_interfaces/srv/detail/evaluate_tree__rosidl_typesupport_introspection_cpp.hpp
-- Up-to-date: /home/monica/ros2_brazoPG/install/arlo_interfaces/include/arlo_interfaces/arlo_interfaces/msg
-- Up-to-date: /home/monica/ros2_brazoPG/install/arlo_interfaces/include/arlo_interfaces/arlo_interfaces/msg/detail
-- Installing: /home/monica/ros2_brazoPG/install/arlo_interfaces/include/arlo_interfaces/arlo_interfaces/msg/detail/array__type_support.cpp
-- Installing: /home/monica/ros2_brazoPG/install/arlo_interfaces/include/arlo_interfaces/arlo_interfaces/msg/detail/array__rosidl_typesupport_introspection_cpp.hpp
-- Installing: /home/monica/ros2_brazoPG/install/arlo_interfaces/lib/libarlo_interfaces__rosidl_typesupport_introspection_cpp.so
-- Set runtime path of "/home/monica/ros2_brazoPG/install/arlo_interfaces/lib/libarlo_interfaces__rosidl_typesupport_introspection_cpp.so" to ""
-- Installing: /home/monica/ros2_brazoPG/install/arlo_interfaces/lib/libarlo_interfaces__rosidl_typesupport_cpp.so
-- Set runtime path of "/home/monica/ros2_brazoPG/install/arlo_interfaces/lib/libarlo_interfaces__rosidl_typesupport_cpp.so" to ""
-- Installing: /home/monica/ros2_brazoPG/install/arlo_interfaces/share/arlo_interfaces/environment/pythonpath.sh
-- Installing: /home/monica/ros2_brazoPG/install/arlo_interfaces/share/arlo_interfaces/environment/pythonpath.dsv
-- Installing: /home/monica/ros2_brazoPG/install/arlo_interfaces/lib/python3.10/site-packages/arlo_interfaces-0.0.0-py3.10.egg-info
-- Installing: /home/monica/ros2_brazoPG/install/arlo_interfaces/lib/python3.10/site-packages/arlo_interfaces-0.0.0-py3.10.egg-info/PKG-INFO
-- Installing: /home/monica/ros2_brazoPG/install/arlo_interfaces/lib/python3.10/site-packages/arlo_interfaces-0.0.0-py3.10.egg-info/top_level.txt
-- Installing: /home/monica/ros2_brazoPG/install/arlo_interfaces/lib/python3.10/site-packages/arlo_interfaces-0.0.0-py3.10.egg-info/dependency_links.txt
-- Installing: /home/monica/ros2_brazoPG/install/arlo_interfaces/lib/python3.10/site-packages/arlo_interfaces-0.0.0-py3.10.egg-info/SOURCES.txt
-- Installing: /home/monica/ros2_brazoPG/install/arlo_interfaces/lib/python3.10/site-packages/arlo_interfaces
-- Installing: /home/monica/ros2_brazoPG/install/arlo_interfaces/lib/python3.10/site-packages/arlo_interfaces/arlo_interfaces_s__rosidl_typesupport_c.cpython-310-x86_64-linux-gnu.so
-- Installing: /home/monica/ros2_brazoPG/install/arlo_interfaces/lib/python3.10/site-packages/arlo_interfaces/arlo_interfaces_s__rosidl_typesupport_fastrtps_c.cpython-310-x86_64-linux-gnu.so
-- Installing: /home/monica/ros2_brazoPG/install/arlo_interfaces/lib/python3.10/site-packages/arlo_interfaces/_arlo_interfaces_s.ep.rosidl_typesupport_introspection_c.c
-- Installing: /home/monica/ros2_brazoPG/install/arlo_interfaces/lib/python3.10/site-packages/arlo_interfaces/srv
-- Installing: /home/monica/ros2_brazoPG/install/arlo_interfaces/lib/python3.10/site-packages/arlo_interfaces/srv/_actuator_values_service.py
-- Installing: /home/monica/ros2_brazoPG/install/arlo_interfaces/lib/python3.10/site-packages/arlo_interfaces/srv/_actuator_values_service_s.c
-- Installing: /home/monica/ros2_brazoPG/install/arlo_interfaces/lib/python3.10/site-packages/arlo_interfaces/srv/_evaluate_tree_s.c
-- Installing: /home/monica/ros2_brazoPG/install/arlo_interfaces/lib/python3.10/site-packages/arlo_interfaces/srv/__init__.py
-- Installing: /home/monica/ros2_brazoPG/install/arlo_interfaces/lib/python3.10/site-packages/arlo_interfaces/srv/_evaluate_tree.py
-- Installing: /home/monica/ros2_brazoPG/install/arlo_interfaces/lib/python3.10/site-packages/arlo_interfaces/libarlo_interfaces__rosidl_generator_py.so
-- Installing: /home/monica/ros2_brazoPG/install/arlo_interfaces/lib/python3.10/site-packages/arlo_interfaces/_arlo_interfaces_s.ep.rosidl_typesupport_fastrtps_c.c
-- Installing: /home/monica/ros2_brazoPG/install/arlo_interfaces/lib/python3.10/site-packages/arlo_interfaces/__init__.py
-- Installing: /home/monica/ros2_brazoPG/install/arlo_interfaces/lib/python3.10/site-packages/arlo_interfaces/msg
-- Installing: /home/monica/ros2_brazoPG/install/arlo_interfaces/lib/python3.10/site-packages/arlo_interfaces/msg/_array_s.c
-- Installing: /home/monica/ros2_brazoPG/install/arlo_interfaces/lib/python3.10/site-packages/arlo_interfaces/msg/_array.py
-- Installing: /home/monica/ros2_brazoPG/install/arlo_interfaces/lib/python3.10/site-packages/arlo_interfaces/msg/__init__.py
-- Installing: /home/monica/ros2_brazoPG/install/arlo_interfaces/lib/python3.10/site-packages/arlo_interfaces/_arlo_interfaces_s.ep.rosidl_typesupport_c.c
-- Installing: /home/monica/ros2_brazoPG/install/arlo_interfaces/lib/python3.10/site-packages/arlo_interfaces/arlo_interfaces_s__rosidl_typesupport_introspection_c.cpython-310-x86_64-linux-gnu.so
Listing '/home/monica/ros2_brazoPG/install/arlo_interfaces/lib/python3.10/site-packages/arlo_interfaces'...
Compiling '/home/monica/ros2_brazoPG/install/arlo_interfaces/lib/python3.10/site-packages/arlo_interfaces/__init__.py'...
Listing '/home/monica/ros2_brazoPG/install/arlo_interfaces/lib/python3.10/site-packages/arlo_interfaces/msg'...
Compiling '/home/monica/ros2_brazoPG/install/arlo_interfaces/lib/python3.10/site-packages/arlo_interfaces/msg/__init__.py'...
Compiling '/home/monica/ros2_brazoPG/install/arlo_interfaces/lib/python3.10/site-packages/arlo_interfaces/msg/_array.py'...
Listing '/home/monica/ros2_brazoPG/install/arlo_interfaces/lib/python3.10/site-packages/arlo_interfaces/srv'...
Compiling '/home/monica/ros2_brazoPG/install/arlo_interfaces/lib/python3.10/site-packages/arlo_interfaces/srv/__init__.py'...
Compiling '/home/monica/ros2_brazoPG/install/arlo_interfaces/lib/python3.10/site-packages/arlo_interfaces/srv/_actuator_values_service.py'...
Compiling '/home/monica/ros2_brazoPG/install/arlo_interfaces/lib/python3.10/site-packages/arlo_interfaces/srv/_evaluate_tree.py'...
-- Installing: /home/monica/ros2_brazoPG/install/arlo_interfaces/lib/python3.10/site-packages/arlo_interfaces/arlo_interfaces_s__rosidl_typesupport_fastrtps_c.cpython-310-x86_64-linux-gnu.so
-- Set runtime path of "/home/monica/ros2_brazoPG/install/arlo_interfaces/lib/python3.10/site-packages/arlo_interfaces/arlo_interfaces_s__rosidl_typesupport_fastrtps_c.cpython-310-x86_64-linux-gnu.so" to ""
-- Installing: /home/monica/ros2_brazoPG/install/arlo_interfaces/lib/python3.10/site-packages/arlo_interfaces/arlo_interfaces_s__rosidl_typesupport_introspection_c.cpython-310-x86_64-linux-gnu.so
-- Set runtime path of "/home/monica/ros2_brazoPG/install/arlo_interfaces/lib/python3.10/site-packages/arlo_interfaces/arlo_interfaces_s__rosidl_typesupport_introspection_c.cpython-310-x86_64-linux-gnu.so" to ""
-- Installing: /home/monica/ros2_brazoPG/install/arlo_interfaces/lib/python3.10/site-packages/arlo_interfaces/arlo_interfaces_s__rosidl_typesupport_c.cpython-310-x86_64-linux-gnu.so
-- Set runtime path of "/home/monica/ros2_brazoPG/install/arlo_interfaces/lib/python3.10/site-packages/arlo_interfaces/arlo_interfaces_s__rosidl_typesupport_c.cpython-310-x86_64-linux-gnu.so" to ""
-- Installing: /home/monica/ros2_brazoPG/install/arlo_interfaces/lib/libarlo_interfaces__rosidl_generator_py.so
-- Set runtime path of "/home/monica/ros2_brazoPG/install/arlo_interfaces/lib/libarlo_interfaces__rosidl_generator_py.so" to ""
-- Installing: /home/monica/ros2_brazoPG/install/arlo_interfaces/share/arlo_interfaces/srv/EvaluateTree.idl
-- Installing: /home/monica/ros2_brazoPG/install/arlo_interfaces/share/arlo_interfaces/srv/ActuatorValuesService.idl
-- Installing: /home/monica/ros2_brazoPG/install/arlo_interfaces/share/arlo_interfaces/msg/Array.idl
-- Installing: /home/monica/ros2_brazoPG/install/arlo_interfaces/share/arlo_interfaces/srv/EvaluateTree.srv
-- Installing: /home/monica/ros2_brazoPG/install/arlo_interfaces/share/arlo_interfaces/srv/EvaluateTree_Request.msg
-- Installing: /home/monica/ros2_brazoPG/install/arlo_interfaces/share/arlo_interfaces/srv/EvaluateTree_Response.msg
-- Installing: /home/monica/ros2_brazoPG/install/arlo_interfaces/share/arlo_interfaces/srv/ActuatorValuesService.srv
-- Installing: /home/monica/ros2_brazoPG/install/arlo_interfaces/share/arlo_interfaces/srv/ActuatorValuesService_Request.msg
-- Installing: /home/monica/ros2_brazoPG/install/arlo_interfaces/share/arlo_interfaces/srv/ActuatorValuesService_Response.msg
-- Installing: /home/monica/ros2_brazoPG/install/arlo_interfaces/share/arlo_interfaces/msg/Array.msg
-- Installing: /home/monica/ros2_brazoPG/install/arlo_interfaces/share/ament_index/resource_index/package_run_dependencies/arlo_interfaces
-- Installing: /home/monica/ros2_brazoPG/install/arlo_interfaces/share/ament_index/resource_index/parent_prefix_path/arlo_interfaces
-- Installing: /home/monica/ros2_brazoPG/install/arlo_interfaces/share/arlo_interfaces/environment/ament_prefix_path.sh
-- Installing: /home/monica/ros2_brazoPG/install/arlo_interfaces/share/arlo_interfaces/environment/ament_prefix_path.dsv
-- Installing: /home/monica/ros2_brazoPG/install/arlo_interfaces/share/arlo_interfaces/environment/path.sh
-- Installing: /home/monica/ros2_brazoPG/install/arlo_interfaces/share/arlo_interfaces/environment/path.dsv
-- Installing: /home/monica/ros2_brazoPG/install/arlo_interfaces/share/arlo_interfaces/local_setup.bash
-- Installing: /home/monica/ros2_brazoPG/install/arlo_interfaces/share/arlo_interfaces/local_setup.sh
-- Installing: /home/monica/ros2_brazoPG/install/arlo_interfaces/share/arlo_interfaces/local_setup.zsh
-- Installing: /home/monica/ros2_brazoPG/install/arlo_interfaces/share/arlo_interfaces/local_setup.dsv
-- Installing: /home/monica/ros2_brazoPG/install/arlo_interfaces/share/arlo_interfaces/package.dsv
-- Installing: /home/monica/ros2_brazoPG/install/arlo_interfaces/share/ament_index/resource_index/packages/arlo_interfaces
-- Installing: /home/monica/ros2_brazoPG/install/arlo_interfaces/share/arlo_interfaces/cmake/export_arlo_interfaces__rosidl_generator_cExport.cmake
-- Installing: /home/monica/ros2_brazoPG/install/arlo_interfaces/share/arlo_interfaces/cmake/export_arlo_interfaces__rosidl_generator_cExport-noconfig.cmake
-- Installing: /home/monica/ros2_brazoPG/install/arlo_interfaces/share/arlo_interfaces/cmake/export_arlo_interfaces__rosidl_typesupport_fastrtps_cExport.cmake
-- Installing: /home/monica/ros2_brazoPG/install/arlo_interfaces/share/arlo_interfaces/cmake/export_arlo_interfaces__rosidl_typesupport_fastrtps_cExport-noconfig.cmake
-- Installing: /home/monica/ros2_brazoPG/install/arlo_interfaces/share/arlo_interfaces/cmake/arlo_interfaces__rosidl_typesupport_introspection_cExport.cmake
-- Installing: /home/monica/ros2_brazoPG/install/arlo_interfaces/share/arlo_interfaces/cmake/arlo_interfaces__rosidl_typesupport_introspection_cExport-noconfig.cmake
-- Installing: /home/monica/ros2_brazoPG/install/arlo_interfaces/share/arlo_interfaces/cmake/arlo_interfaces__rosidl_typesupport_cExport.cmake
-- Installing: /home/monica/ros2_brazoPG/install/arlo_interfaces/share/arlo_interfaces/cmake/arlo_interfaces__rosidl_typesupport_cExport-noconfig.cmake
-- Installing: /home/monica/ros2_brazoPG/install/arlo_interfaces/share/arlo_interfaces/cmake/export_arlo_interfaces__rosidl_generator_cppExport.cmake
-- Installing: /home/monica/ros2_brazoPG/install/arlo_interfaces/share/arlo_interfaces/cmake/export_arlo_interfaces__rosidl_typesupport_fastrtps_cppExport.cmake
-- Installing: /home/monica/ros2_brazoPG/install/arlo_interfaces/share/arlo_interfaces/cmake/export_arlo_interfaces__rosidl_typesupport_fastrtps_cppExport-noconfig.cmake
-- Installing: /home/monica/ros2_brazoPG/install/arlo_interfaces/share/arlo_interfaces/cmake/arlo_interfaces__rosidl_typesupport_introspection_cppExport.cmake
-- Installing: /home/monica/ros2_brazoPG/install/arlo_interfaces/share/arlo_interfaces/cmake/arlo_interfaces__rosidl_typesupport_introspection_cppExport-noconfig.cmake
-- Installing: /home/monica/ros2_brazoPG/install/arlo_interfaces/share/arlo_interfaces/cmake/arlo_interfaces__rosidl_typesupport_cppExport.cmake
-- Installing: /home/monica/ros2_brazoPG/install/arlo_interfaces/share/arlo_interfaces/cmake/arlo_interfaces__rosidl_typesupport_cppExport-noconfig.cmake
-- Installing: /home/monica/ros2_brazoPG/install/arlo_interfaces/share/arlo_interfaces/cmake/export_arlo_interfaces__rosidl_generator_pyExport.cmake
-- Installing: /home/monica/ros2_brazoPG/install/arlo_interfaces/share/arlo_interfaces/cmake/export_arlo_interfaces__rosidl_generator_pyExport-noconfig.cmake
-- Installing: /home/monica/ros2_brazoPG/install/arlo_interfaces/share/arlo_interfaces/cmake/rosidl_cmake-extras.cmake
-- Installing: /home/monica/ros2_brazoPG/install/arlo_interfaces/share/arlo_interfaces/cmake/ament_cmake_export_dependencies-extras.cmake
-- Installing: /home/monica/ros2_brazoPG/install/arlo_interfaces/share/arlo_interfaces/cmake/ament_cmake_export_include_directories-extras.cmake
-- Installing: /home/monica/ros2_brazoPG/install/arlo_interfaces/share/arlo_interfaces/cmake/ament_cmake_export_libraries-extras.cmake
-- Installing: /home/monica/ros2_brazoPG/install/arlo_interfaces/share/arlo_interfaces/cmake/ament_cmake_export_targets-extras.cmake
-- Installing: /home/monica/ros2_brazoPG/install/arlo_interfaces/share/arlo_interfaces/cmake/rosidl_cmake_export_typesupport_targets-extras.cmake
-- Installing: /home/monica/ros2_brazoPG/install/arlo_interfaces/share/arlo_interfaces/cmake/rosidl_cmake_export_typesupport_libraries-extras.cmake
-- Installing: /home/monica/ros2_brazoPG/install/arlo_interfaces/share/arlo_interfaces/cmake/arlo_interfacesConfig.cmake
-- Installing: /home/monica/ros2_brazoPG/install/arlo_interfaces/share/arlo_interfaces/cmake/arlo_interfacesConfig-version.cmake
-- Installing: /home/monica/ros2_brazoPG/install/arlo_interfaces/share/arlo_interfaces/package.xml
