[0.073s] Invoking command in '/home/monica/ros2_brazoPG/build/arlo_interfaces': CMAKE_PREFIX_PATH=${CMAKE_PREFIX_PATH}:/home/monica/ros2_ws/install/modulos:/opt/ros/iron /usr/bin/cmake /home/monica/ros2_brazoPG/src/arlo_interfaces -DCMAKE_INSTALL_PREFIX=/home/monica/ros2_brazoPG/install/arlo_interfaces
[0.415s] -- The C compiler identification is GNU 11.4.0
[0.745s] -- The CXX compiler identification is GNU 11.4.0
[0.814s] -- Detecting C compiler ABI info
[1.070s] -- Detecting C compiler ABI info - done
[1.109s] -- Check for working C compiler: /usr/bin/cc - skipped
[1.110s] -- Detecting C compile features
[1.112s] -- Detecting C compile features - done
[1.122s] -- Detecting CXX compiler ABI info
[1.368s] -- Detecting CXX compiler ABI info - done
[1.390s] -- Check for working CXX compiler: /usr/bin/c++ - skipped
[1.391s] -- Detecting CXX compile features
[1.392s] -- Detecting CXX compile features - done
[1.426s] -- Found ament_cmake: 2.0.7 (/opt/ros/iron/share/ament_cmake/cmake)
[1.845s] -- Found Python3: /usr/bin/python3.10 (found version "3.10.12") found components: Interpreter 
[2.137s] -- Found rosidl_default_generators: 1.5.0 (/opt/ros/iron/share/rosidl_default_generators/cmake)
[2.163s] -- Using all available rosidl_typesupport_c: rosidl_typesupport_fastrtps_c;rosidl_typesupport_introspection_c
[2.329s] -- Using all available rosidl_typesupport_cpp: rosidl_typesupport_fastrtps_cpp;rosidl_typesupport_introspection_cpp
[2.475s] -- Found rosidl_adapter: 4.0.1 (/opt/ros/iron/share/rosidl_adapter/cmake)
[2.500s] -- Found std_msgs: 5.0.1 (/opt/ros/iron/share/std_msgs/cmake)
[3.787s] -- Found ament_cmake_ros: 0.11.2 (/opt/ros/iron/share/ament_cmake_ros/cmake)
[4.392s] -- Using all available rosidl_typesupport_c: rosidl_typesupport_fastrtps_c;rosidl_typesupport_introspection_c
[5.002s] -- Using all available rosidl_typesupport_cpp: rosidl_typesupport_fastrtps_cpp;rosidl_typesupport_introspection_cpp
[5.054s] -- Found PythonInterp: /usr/bin/python3 (found suitable version "3.10.12", minimum required is "3.6") 
[5.060s] -- Found python_cmake_module: 0.10.2 (/opt/ros/iron/share/python_cmake_module/cmake)
[5.132s] -- Found PythonLibs: /usr/lib/x86_64-linux-gnu/libpython3.10.so (found suitable version "3.10.12", minimum required is "3.5") 
[5.133s] -- Using PYTHON_EXECUTABLE: /usr/bin/python3
[5.133s] -- Using PYTHON_INCLUDE_DIRS: /usr/include/python3.10
[5.134s] -- Using PYTHON_LIBRARIES: /usr/lib/x86_64-linux-gnu/libpython3.10.so
[5.183s] -- Found PythonExtra: .so  
[5.320s] -- Configuring done
[5.514s] -- Generating done
[5.561s] -- Build files have been written to: /home/monica/ros2_brazoPG/build/arlo_interfaces
[5.588s] Invoked command in '/home/monica/ros2_brazoPG/build/arlo_interfaces' returned '0': CMAKE_PREFIX_PATH=${CMAKE_PREFIX_PATH}:/home/monica/ros2_ws/install/modulos:/opt/ros/iron /usr/bin/cmake /home/monica/ros2_brazoPG/src/arlo_interfaces -DCMAKE_INSTALL_PREFIX=/home/monica/ros2_brazoPG/install/arlo_interfaces
[5.593s] Invoking command in '/home/monica/ros2_brazoPG/build/arlo_interfaces': CMAKE_PREFIX_PATH=${CMAKE_PREFIX_PATH}:/home/monica/ros2_ws/install/modulos:/opt/ros/iron /usr/bin/cmake --build /home/monica/ros2_brazoPG/build/arlo_interfaces -- -j2 -l2
[5.736s] [  1%] [34m[1mGenerating type hashes for ROS interfaces[0m
[5.786s] [  1%] Built target ament_cmake_python_copy_arlo_interfaces
[6.588s] running egg_info
[6.590s] creating arlo_interfaces.egg-info
[6.590s] writing arlo_interfaces.egg-info/PKG-INFO
[6.590s] writing dependency_links to arlo_interfaces.egg-info/dependency_links.txt
[6.591s] writing top-level names to arlo_interfaces.egg-info/top_level.txt
[6.593s] writing manifest file 'arlo_interfaces.egg-info/SOURCES.txt'
[6.600s] reading manifest file 'arlo_interfaces.egg-info/SOURCES.txt'
[6.601s] writing manifest file 'arlo_interfaces.egg-info/SOURCES.txt'
[6.670s] [  1%] Built target ament_cmake_python_build_arlo_interfaces_egg
[6.799s] [  1%] Built target arlo_interfaces__rosidl_generator_type_description
[6.849s] [  3%] [34m[1mGenerating C code for ROS interfaces[0m
[6.859s] [  5%] [34m[1mGenerating C++ code for ROS interfaces[0m
[8.461s] [  5%] Built target arlo_interfaces__cpp
[9.156s] [  7%] [32mBuilding C object CMakeFiles/arlo_interfaces__rosidl_generator_c.dir/rosidl_generator_c/arlo_interfaces/srv/detail/evaluate_tree__functions.c.o[0m
[9.168s] [  9%] [32mBuilding C object CMakeFiles/arlo_interfaces__rosidl_generator_c.dir/rosidl_generator_c/arlo_interfaces/srv/detail/evaluate_tree__description.c.o[0m
[9.379s] [ 11%] [32mBuilding C object CMakeFiles/arlo_interfaces__rosidl_generator_c.dir/rosidl_generator_c/arlo_interfaces/srv/detail/evaluate_tree__type_support.c.o[0m
[9.495s] [ 12%] [32mBuilding C object CMakeFiles/arlo_interfaces__rosidl_generator_c.dir/rosidl_generator_c/arlo_interfaces/srv/detail/actuator_values_service__description.c.o[0m
[9.524s] [ 14%] [32mBuilding C object CMakeFiles/arlo_interfaces__rosidl_generator_c.dir/rosidl_generator_c/arlo_interfaces/srv/detail/actuator_values_service__functions.c.o[0m
[9.617s] [ 16%] [32mBuilding C object CMakeFiles/arlo_interfaces__rosidl_generator_c.dir/rosidl_generator_c/arlo_interfaces/srv/detail/actuator_values_service__type_support.c.o[0m
[9.719s] [ 18%] [32mBuilding C object CMakeFiles/arlo_interfaces__rosidl_generator_c.dir/rosidl_generator_c/arlo_interfaces/msg/detail/array__description.c.o[0m
[9.835s] [ 20%] [32mBuilding C object CMakeFiles/arlo_interfaces__rosidl_generator_c.dir/rosidl_generator_c/arlo_interfaces/msg/detail/array__functions.c.o[0m
[9.867s] [ 22%] [32mBuilding C object CMakeFiles/arlo_interfaces__rosidl_generator_c.dir/rosidl_generator_c/arlo_interfaces/msg/detail/array__type_support.c.o[0m
[10.024s] [ 24%] [32m[1mLinking C shared library libarlo_interfaces__rosidl_generator_c.so[0m
[10.144s] [ 24%] Built target arlo_interfaces__rosidl_generator_c
[10.192s] [ 25%] [34m[1mGenerating C++ type support for eProsima Fast-RTPS[0m
[10.196s] [ 27%] [34m[1mGenerating C++ introspection for ROS interfaces[0m
[11.780s] [ 29%] [32mBuilding CXX object CMakeFiles/arlo_interfaces__rosidl_typesupport_introspection_cpp.dir/rosidl_typesupport_introspection_cpp/arlo_interfaces/srv/detail/evaluate_tree__type_support.cpp.o[0m
[11.797s] [ 31%] [32mBuilding CXX object CMakeFiles/arlo_interfaces__rosidl_typesupport_fastrtps_cpp.dir/rosidl_typesupport_fastrtps_cpp/arlo_interfaces/srv/detail/dds_fastrtps/evaluate_tree__type_support.cpp.o[0m
[13.951s] [ 33%] [32mBuilding CXX object CMakeFiles/arlo_interfaces__rosidl_typesupport_introspection_cpp.dir/rosidl_typesupport_introspection_cpp/arlo_interfaces/srv/detail/actuator_values_service__type_support.cpp.o[0m
[14.049s] [ 35%] [32mBuilding CXX object CMakeFiles/arlo_interfaces__rosidl_typesupport_fastrtps_cpp.dir/rosidl_typesupport_fastrtps_cpp/arlo_interfaces/srv/detail/dds_fastrtps/actuator_values_service__type_support.cpp.o[0m
[15.776s] [ 37%] [32mBuilding CXX object CMakeFiles/arlo_interfaces__rosidl_typesupport_introspection_cpp.dir/rosidl_typesupport_introspection_cpp/arlo_interfaces/msg/detail/array__type_support.cpp.o[0m
[16.510s] [ 38%] [32mBuilding CXX object CMakeFiles/arlo_interfaces__rosidl_typesupport_fastrtps_cpp.dir/rosidl_typesupport_fastrtps_cpp/arlo_interfaces/msg/detail/dds_fastrtps/array__type_support.cpp.o[0m
[17.311s] [ 40%] [32m[1mLinking CXX shared library libarlo_interfaces__rosidl_typesupport_introspection_cpp.so[0m
[17.755s] [ 40%] Built target arlo_interfaces__rosidl_typesupport_introspection_cpp
[17.809s] [ 42%] [34m[1mGenerating C++ type support dispatch for ROS interfaces[0m
[18.289s] [ 44%] [32m[1mLinking CXX shared library libarlo_interfaces__rosidl_typesupport_fastrtps_cpp.so[0m
[19.178s] [ 44%] Built target arlo_interfaces__rosidl_typesupport_fastrtps_cpp
[19.310s] [ 46%] [34m[1mGenerating C type support for eProsima Fast-RTPS[0m
[19.598s] [ 48%] [32mBuilding CXX object CMakeFiles/arlo_interfaces__rosidl_typesupport_cpp.dir/rosidl_typesupport_cpp/arlo_interfaces/srv/evaluate_tree__type_support.cpp.o[0m
[21.531s] [ 50%] [32mBuilding CXX object CMakeFiles/arlo_interfaces__rosidl_typesupport_cpp.dir/rosidl_typesupport_cpp/arlo_interfaces/srv/actuator_values_service__type_support.cpp.o[0m
[22.236s] [ 51%] [32mBuilding CXX object CMakeFiles/arlo_interfaces__rosidl_typesupport_fastrtps_c.dir/rosidl_typesupport_fastrtps_c/arlo_interfaces/srv/detail/evaluate_tree__type_support_c.cpp.o[0m
[23.695s] [ 53%] [32mBuilding CXX object CMakeFiles/arlo_interfaces__rosidl_typesupport_cpp.dir/rosidl_typesupport_cpp/arlo_interfaces/msg/array__type_support.cpp.o[0m
[25.756s] [ 55%] [32mBuilding CXX object CMakeFiles/arlo_interfaces__rosidl_typesupport_fastrtps_c.dir/rosidl_typesupport_fastrtps_c/arlo_interfaces/srv/detail/actuator_values_service__type_support_c.cpp.o[0m
[27.271s] [ 57%] [32mBuilding CXX object CMakeFiles/arlo_interfaces__rosidl_typesupport_fastrtps_c.dir/rosidl_typesupport_fastrtps_c/arlo_interfaces/msg/detail/array__type_support_c.cpp.o[0m
[27.582s] [ 59%] [32m[1mLinking CXX shared library libarlo_interfaces__rosidl_typesupport_cpp.so[0m
[28.151s] [ 59%] Built target arlo_interfaces__rosidl_typesupport_cpp
[28.190s] [ 61%] [34m[1mGenerating C introspection for ROS interfaces[0m
[29.074s] [ 62%] [32m[1mLinking CXX shared library libarlo_interfaces__rosidl_typesupport_fastrtps_c.so[0m
[29.601s] [ 62%] Built target arlo_interfaces__rosidl_typesupport_fastrtps_c
[29.638s] [ 64%] [34m[1mGenerating C type support dispatch for ROS interfaces[0m
[30.225s] [ 66%] [32mBuilding C object CMakeFiles/arlo_interfaces__rosidl_typesupport_introspection_c.dir/rosidl_typesupport_introspection_c/arlo_interfaces/srv/detail/evaluate_tree__type_support.c.o[0m
[30.546s] [ 68%] [32mBuilding C object CMakeFiles/arlo_interfaces__rosidl_typesupport_introspection_c.dir/rosidl_typesupport_introspection_c/arlo_interfaces/srv/detail/actuator_values_service__type_support.c.o[0m
[30.755s] [ 70%] [32mBuilding C object CMakeFiles/arlo_interfaces__rosidl_typesupport_introspection_c.dir/rosidl_typesupport_introspection_c/arlo_interfaces/msg/detail/array__type_support.c.o[0m
[30.947s] [ 72%] [32m[1mLinking C shared library libarlo_interfaces__rosidl_typesupport_introspection_c.so[0m
[31.163s] [ 72%] Built target arlo_interfaces__rosidl_typesupport_introspection_c
[31.231s] [ 74%] [32mBuilding CXX object CMakeFiles/arlo_interfaces__rosidl_typesupport_c.dir/rosidl_typesupport_c/arlo_interfaces/srv/evaluate_tree__type_support.cpp.o[0m
[31.263s] [ 75%] [32mBuilding CXX object CMakeFiles/arlo_interfaces__rosidl_typesupport_c.dir/rosidl_typesupport_c/arlo_interfaces/srv/actuator_values_service__type_support.cpp.o[0m
[31.486s] [ 77%] [32mBuilding CXX object CMakeFiles/arlo_interfaces__rosidl_typesupport_c.dir/rosidl_typesupport_c/arlo_interfaces/msg/array__type_support.cpp.o[0m
[31.636s] [ 79%] [32m[1mLinking CXX shared library libarlo_interfaces__rosidl_typesupport_c.so[0m
[31.819s] [ 79%] Built target arlo_interfaces__rosidl_typesupport_c
[31.895s] [ 79%] Built target arlo_interfaces
[31.973s] [ 81%] [34m[1mGenerating Python code for ROS interfaces[0m
[34.286s] [ 81%] Built target arlo_interfaces__py
[34.347s] [ 85%] [32mBuilding C object CMakeFiles/arlo_interfaces__rosidl_generator_py.dir/rosidl_generator_py/arlo_interfaces/srv/_evaluate_tree_s.c.o[0m
[34.349s] [ 85%] [32mBuilding C object CMakeFiles/arlo_interfaces__rosidl_generator_py.dir/rosidl_generator_py/arlo_interfaces/srv/_actuator_values_service_s.c.o[0m
[34.834s] [ 87%] [32mBuilding C object CMakeFiles/arlo_interfaces__rosidl_generator_py.dir/rosidl_generator_py/arlo_interfaces/msg/_array_s.c.o[0m
[35.141s] [ 88%] [32m[1mLinking C shared library rosidl_generator_py/arlo_interfaces/libarlo_interfaces__rosidl_generator_py.so[0m
[35.258s] [ 88%] Built target arlo_interfaces__rosidl_generator_py
[35.318s] [ 90%] [32mBuilding C object CMakeFiles/arlo_interfaces__rosidl_typesupport_fastrtps_c__pyext.dir/rosidl_generator_py/arlo_interfaces/_arlo_interfaces_s.ep.rosidl_typesupport_fastrtps_c.c.o[0m
[35.329s] [ 92%] [32mBuilding C object CMakeFiles/arlo_interfaces__rosidl_typesupport_introspection_c__pyext.dir/rosidl_generator_py/arlo_interfaces/_arlo_interfaces_s.ep.rosidl_typesupport_introspection_c.c.o[0m
[35.763s] [ 94%] [32m[1mLinking C shared library rosidl_generator_py/arlo_interfaces/arlo_interfaces_s__rosidl_typesupport_fastrtps_c.cpython-310-x86_64-linux-gnu.so[0m
[35.775s] [ 96%] [32m[1mLinking C shared library rosidl_generator_py/arlo_interfaces/arlo_interfaces_s__rosidl_typesupport_introspection_c.cpython-310-x86_64-linux-gnu.so[0m
[35.921s] [ 96%] Built target arlo_interfaces__rosidl_typesupport_introspection_c__pyext
[35.923s] [ 96%] Built target arlo_interfaces__rosidl_typesupport_fastrtps_c__pyext
[35.985s] [ 98%] [32mBuilding C object CMakeFiles/arlo_interfaces__rosidl_typesupport_c__pyext.dir/rosidl_generator_py/arlo_interfaces/_arlo_interfaces_s.ep.rosidl_typesupport_c.c.o[0m
[36.329s] [100%] [32m[1mLinking C shared library rosidl_generator_py/arlo_interfaces/arlo_interfaces_s__rosidl_typesupport_c.cpython-310-x86_64-linux-gnu.so[0m
[36.446s] [100%] Built target arlo_interfaces__rosidl_typesupport_c__pyext
[36.475s] Invoked command in '/home/monica/ros2_brazoPG/build/arlo_interfaces' returned '0': CMAKE_PREFIX_PATH=${CMAKE_PREFIX_PATH}:/home/monica/ros2_ws/install/modulos:/opt/ros/iron /usr/bin/cmake --build /home/monica/ros2_brazoPG/build/arlo_interfaces -- -j2 -l2
[36.477s] Invoking command in '/home/monica/ros2_brazoPG/build/arlo_interfaces': CMAKE_PREFIX_PATH=${CMAKE_PREFIX_PATH}:/home/monica/ros2_ws/install/modulos:/opt/ros/iron /usr/bin/cmake --install /home/monica/ros2_brazoPG/build/arlo_interfaces
[36.501s] -- Install configuration: ""
[36.501s] -- Installing: /home/monica/ros2_brazoPG/install/arlo_interfaces/share/ament_index/resource_index/rosidl_interfaces/arlo_interfaces
[36.502s] -- Installing: /home/monica/ros2_brazoPG/install/arlo_interfaces/share/arlo_interfaces/srv/EvaluateTree.json
[36.502s] -- Installing: /home/monica/ros2_brazoPG/install/arlo_interfaces/share/arlo_interfaces/srv/ActuatorValuesService.json
[36.503s] -- Installing: /home/monica/ros2_brazoPG/install/arlo_interfaces/share/arlo_interfaces/msg/Array.json
[36.504s] -- Installing: /home/monica/ros2_brazoPG/install/arlo_interfaces/include/arlo_interfaces/arlo_interfaces
[36.504s] -- Installing: /home/monica/ros2_brazoPG/install/arlo_interfaces/include/arlo_interfaces/arlo_interfaces/srv
[36.504s] -- Installing: /home/monica/ros2_brazoPG/install/arlo_interfaces/include/arlo_interfaces/arlo_interfaces/srv/actuator_values_service.h
[36.505s] -- Installing: /home/monica/ros2_brazoPG/install/arlo_interfaces/include/arlo_interfaces/arlo_interfaces/srv/evaluate_tree.h
[36.505s] -- Installing: /home/monica/ros2_brazoPG/install/arlo_interfaces/include/arlo_interfaces/arlo_interfaces/srv/detail
[36.505s] -- Installing: /home/monica/ros2_brazoPG/install/arlo_interfaces/include/arlo_interfaces/arlo_interfaces/srv/detail/evaluate_tree__description.c
[36.506s] -- Installing: /home/monica/ros2_brazoPG/install/arlo_interfaces/include/arlo_interfaces/arlo_interfaces/srv/detail/evaluate_tree__type_support.h
[36.506s] -- Installing: /home/monica/ros2_brazoPG/install/arlo_interfaces/include/arlo_interfaces/arlo_interfaces/srv/detail/actuator_values_service__functions.h
[36.507s] -- Installing: /home/monica/ros2_brazoPG/install/arlo_interfaces/include/arlo_interfaces/arlo_interfaces/srv/detail/evaluate_tree__type_support.c
[36.507s] -- Installing: /home/monica/ros2_brazoPG/install/arlo_interfaces/include/arlo_interfaces/arlo_interfaces/srv/detail/evaluate_tree__struct.h
[36.508s] -- Installing: /home/monica/ros2_brazoPG/install/arlo_interfaces/include/arlo_interfaces/arlo_interfaces/srv/detail/actuator_values_service__functions.c
[36.508s] -- Installing: /home/monica/ros2_brazoPG/install/arlo_interfaces/include/arlo_interfaces/arlo_interfaces/srv/detail/actuator_values_service__struct.h
[36.508s] -- Installing: /home/monica/ros2_brazoPG/install/arlo_interfaces/include/arlo_interfaces/arlo_interfaces/srv/detail/evaluate_tree__functions.c
[36.509s] -- Installing: /home/monica/ros2_brazoPG/install/arlo_interfaces/include/arlo_interfaces/arlo_interfaces/srv/detail/actuator_values_service__type_support.h
[36.509s] -- Installing: /home/monica/ros2_brazoPG/install/arlo_interfaces/include/arlo_interfaces/arlo_interfaces/srv/detail/evaluate_tree__functions.h
[36.510s] -- Installing: /home/monica/ros2_brazoPG/install/arlo_interfaces/include/arlo_interfaces/arlo_interfaces/srv/detail/actuator_values_service__description.c
[36.510s] -- Installing: /home/monica/ros2_brazoPG/install/arlo_interfaces/include/arlo_interfaces/arlo_interfaces/srv/detail/actuator_values_service__type_support.c
[36.511s] -- Installing: /home/monica/ros2_brazoPG/install/arlo_interfaces/include/arlo_interfaces/arlo_interfaces/msg
[36.511s] -- Installing: /home/monica/ros2_brazoPG/install/arlo_interfaces/include/arlo_interfaces/arlo_interfaces/msg/rosidl_generator_c__visibility_control.h
[36.511s] -- Installing: /home/monica/ros2_brazoPG/install/arlo_interfaces/include/arlo_interfaces/arlo_interfaces/msg/array.h
[36.512s] -- Installing: /home/monica/ros2_brazoPG/install/arlo_interfaces/include/arlo_interfaces/arlo_interfaces/msg/detail
[36.512s] -- Installing: /home/monica/ros2_brazoPG/install/arlo_interfaces/include/arlo_interfaces/arlo_interfaces/msg/detail/array__functions.h
[36.512s] -- Installing: /home/monica/ros2_brazoPG/install/arlo_interfaces/include/arlo_interfaces/arlo_interfaces/msg/detail/array__type_support.h
[36.513s] -- Installing: /home/monica/ros2_brazoPG/install/arlo_interfaces/include/arlo_interfaces/arlo_interfaces/msg/detail/array__description.c
[36.513s] -- Installing: /home/monica/ros2_brazoPG/install/arlo_interfaces/include/arlo_interfaces/arlo_interfaces/msg/detail/array__type_support.c
[36.513s] -- Installing: /home/monica/ros2_brazoPG/install/arlo_interfaces/include/arlo_interfaces/arlo_interfaces/msg/detail/array__struct.h
[36.514s] -- Installing: /home/monica/ros2_brazoPG/install/arlo_interfaces/include/arlo_interfaces/arlo_interfaces/msg/detail/array__functions.c
[36.514s] -- Installing: /home/monica/ros2_brazoPG/install/arlo_interfaces/share/arlo_interfaces/environment/library_path.sh
[36.515s] -- Installing: /home/monica/ros2_brazoPG/install/arlo_interfaces/share/arlo_interfaces/environment/library_path.dsv
[36.516s] -- Installing: /home/monica/ros2_brazoPG/install/arlo_interfaces/lib/libarlo_interfaces__rosidl_generator_c.so
[36.519s] -- Set runtime path of "/home/monica/ros2_brazoPG/install/arlo_interfaces/lib/libarlo_interfaces__rosidl_generator_c.so" to ""
[36.519s] -- Up-to-date: /home/monica/ros2_brazoPG/install/arlo_interfaces/include/arlo_interfaces/arlo_interfaces
[36.519s] -- Up-to-date: /home/monica/ros2_brazoPG/install/arlo_interfaces/include/arlo_interfaces/arlo_interfaces/srv
[36.519s] -- Up-to-date: /home/monica/ros2_brazoPG/install/arlo_interfaces/include/arlo_interfaces/arlo_interfaces/srv/detail
[36.520s] -- Installing: /home/monica/ros2_brazoPG/install/arlo_interfaces/include/arlo_interfaces/arlo_interfaces/srv/detail/actuator_values_service__rosidl_typesupport_fastrtps_c.h
[36.520s] -- Installing: /home/monica/ros2_brazoPG/install/arlo_interfaces/include/arlo_interfaces/arlo_interfaces/srv/detail/evaluate_tree__rosidl_typesupport_fastrtps_c.h
[36.520s] -- Up-to-date: /home/monica/ros2_brazoPG/install/arlo_interfaces/include/arlo_interfaces/arlo_interfaces/msg
[36.521s] -- Installing: /home/monica/ros2_brazoPG/install/arlo_interfaces/include/arlo_interfaces/arlo_interfaces/msg/rosidl_typesupport_fastrtps_c__visibility_control.h
[36.521s] -- Up-to-date: /home/monica/ros2_brazoPG/install/arlo_interfaces/include/arlo_interfaces/arlo_interfaces/msg/detail
[36.521s] -- Installing: /home/monica/ros2_brazoPG/install/arlo_interfaces/include/arlo_interfaces/arlo_interfaces/msg/detail/array__rosidl_typesupport_fastrtps_c.h
[36.523s] -- Installing: /home/monica/ros2_brazoPG/install/arlo_interfaces/lib/libarlo_interfaces__rosidl_typesupport_fastrtps_c.so
[36.523s] -- Set runtime path of "/home/monica/ros2_brazoPG/install/arlo_interfaces/lib/libarlo_interfaces__rosidl_typesupport_fastrtps_c.so" to ""
[36.524s] -- Up-to-date: /home/monica/ros2_brazoPG/install/arlo_interfaces/include/arlo_interfaces/arlo_interfaces
[36.524s] -- Up-to-date: /home/monica/ros2_brazoPG/install/arlo_interfaces/include/arlo_interfaces/arlo_interfaces/srv
[36.524s] -- Up-to-date: /home/monica/ros2_brazoPG/install/arlo_interfaces/include/arlo_interfaces/arlo_interfaces/srv/detail
[36.525s] -- Installing: /home/monica/ros2_brazoPG/install/arlo_interfaces/include/arlo_interfaces/arlo_interfaces/srv/detail/evaluate_tree__type_support.c
[36.525s] -- Installing: /home/monica/ros2_brazoPG/install/arlo_interfaces/include/arlo_interfaces/arlo_interfaces/srv/detail/actuator_values_service__rosidl_typesupport_introspection_c.h
[36.525s] -- Installing: /home/monica/ros2_brazoPG/install/arlo_interfaces/include/arlo_interfaces/arlo_interfaces/srv/detail/evaluate_tree__rosidl_typesupport_introspection_c.h
[36.525s] -- Installing: /home/monica/ros2_brazoPG/install/arlo_interfaces/include/arlo_interfaces/arlo_interfaces/srv/detail/actuator_values_service__type_support.c
[36.526s] -- Up-to-date: /home/monica/ros2_brazoPG/install/arlo_interfaces/include/arlo_interfaces/arlo_interfaces/msg
[36.527s] -- Up-to-date: /home/monica/ros2_brazoPG/install/arlo_interfaces/include/arlo_interfaces/arlo_interfaces/msg/detail
[36.527s] -- Installing: /home/monica/ros2_brazoPG/install/arlo_interfaces/include/arlo_interfaces/arlo_interfaces/msg/detail/array__rosidl_typesupport_introspection_c.h
[36.528s] -- Installing: /home/monica/ros2_brazoPG/install/arlo_interfaces/include/arlo_interfaces/arlo_interfaces/msg/detail/array__type_support.c
[36.528s] -- Installing: /home/monica/ros2_brazoPG/install/arlo_interfaces/include/arlo_interfaces/arlo_interfaces/msg/rosidl_typesupport_introspection_c__visibility_control.h
[36.528s] -- Installing: /home/monica/ros2_brazoPG/install/arlo_interfaces/lib/libarlo_interfaces__rosidl_typesupport_introspection_c.so
[36.530s] -- Set runtime path of "/home/monica/ros2_brazoPG/install/arlo_interfaces/lib/libarlo_interfaces__rosidl_typesupport_introspection_c.so" to ""
[36.530s] -- Installing: /home/monica/ros2_brazoPG/install/arlo_interfaces/lib/libarlo_interfaces__rosidl_typesupport_c.so
[36.530s] -- Set runtime path of "/home/monica/ros2_brazoPG/install/arlo_interfaces/lib/libarlo_interfaces__rosidl_typesupport_c.so" to ""
[36.531s] -- Up-to-date: /home/monica/ros2_brazoPG/install/arlo_interfaces/include/arlo_interfaces/arlo_interfaces
[36.531s] -- Up-to-date: /home/monica/ros2_brazoPG/install/arlo_interfaces/include/arlo_interfaces/arlo_interfaces/srv
[36.533s] -- Installing: /home/monica/ros2_brazoPG/install/arlo_interfaces/include/arlo_interfaces/arlo_interfaces/srv/evaluate_tree.hpp
[36.533s] -- Up-to-date: /home/monica/ros2_brazoPG/install/arlo_interfaces/include/arlo_interfaces/arlo_interfaces/srv/detail
[36.533s] -- Installing: /home/monica/ros2_brazoPG/install/arlo_interfaces/include/arlo_interfaces/arlo_interfaces/srv/detail/evaluate_tree__builder.hpp
[36.533s] -- Installing: /home/monica/ros2_brazoPG/install/arlo_interfaces/include/arlo_interfaces/arlo_interfaces/srv/detail/actuator_values_service__builder.hpp
[36.534s] -- Installing: /home/monica/ros2_brazoPG/install/arlo_interfaces/include/arlo_interfaces/arlo_interfaces/srv/detail/actuator_values_service__traits.hpp
[36.534s] -- Installing: /home/monica/ros2_brazoPG/install/arlo_interfaces/include/arlo_interfaces/arlo_interfaces/srv/detail/actuator_values_service__struct.hpp
[36.534s] -- Installing: /home/monica/ros2_brazoPG/install/arlo_interfaces/include/arlo_interfaces/arlo_interfaces/srv/detail/evaluate_tree__traits.hpp
[36.535s] -- Installing: /home/monica/ros2_brazoPG/install/arlo_interfaces/include/arlo_interfaces/arlo_interfaces/srv/detail/evaluate_tree__struct.hpp
[36.535s] -- Installing: /home/monica/ros2_brazoPG/install/arlo_interfaces/include/arlo_interfaces/arlo_interfaces/srv/actuator_values_service.hpp
[36.536s] -- Up-to-date: /home/monica/ros2_brazoPG/install/arlo_interfaces/include/arlo_interfaces/arlo_interfaces/msg
[36.536s] -- Installing: /home/monica/ros2_brazoPG/install/arlo_interfaces/include/arlo_interfaces/arlo_interfaces/msg/array.hpp
[36.537s] -- Up-to-date: /home/monica/ros2_brazoPG/install/arlo_interfaces/include/arlo_interfaces/arlo_interfaces/msg/detail
[36.537s] -- Installing: /home/monica/ros2_brazoPG/install/arlo_interfaces/include/arlo_interfaces/arlo_interfaces/msg/detail/array__traits.hpp
[36.537s] -- Installing: /home/monica/ros2_brazoPG/install/arlo_interfaces/include/arlo_interfaces/arlo_interfaces/msg/detail/array__builder.hpp
[36.538s] -- Installing: /home/monica/ros2_brazoPG/install/arlo_interfaces/include/arlo_interfaces/arlo_interfaces/msg/detail/array__struct.hpp
[36.538s] -- Up-to-date: /home/monica/ros2_brazoPG/install/arlo_interfaces/include/arlo_interfaces/arlo_interfaces
[36.539s] -- Up-to-date: /home/monica/ros2_brazoPG/install/arlo_interfaces/include/arlo_interfaces/arlo_interfaces/srv
[36.539s] -- Up-to-date: /home/monica/ros2_brazoPG/install/arlo_interfaces/include/arlo_interfaces/arlo_interfaces/srv/detail
[36.539s] -- Installing: /home/monica/ros2_brazoPG/install/arlo_interfaces/include/arlo_interfaces/arlo_interfaces/srv/detail/actuator_values_service__rosidl_typesupport_fastrtps_cpp.hpp
[36.539s] -- Installing: /home/monica/ros2_brazoPG/install/arlo_interfaces/include/arlo_interfaces/arlo_interfaces/srv/detail/dds_fastrtps
[36.540s] -- Installing: /home/monica/ros2_brazoPG/install/arlo_interfaces/include/arlo_interfaces/arlo_interfaces/srv/detail/evaluate_tree__rosidl_typesupport_fastrtps_cpp.hpp
[36.540s] -- Up-to-date: /home/monica/ros2_brazoPG/install/arlo_interfaces/include/arlo_interfaces/arlo_interfaces/msg
[36.540s] -- Installing: /home/monica/ros2_brazoPG/install/arlo_interfaces/include/arlo_interfaces/arlo_interfaces/msg/rosidl_typesupport_fastrtps_cpp__visibility_control.h
[36.541s] -- Up-to-date: /home/monica/ros2_brazoPG/install/arlo_interfaces/include/arlo_interfaces/arlo_interfaces/msg/detail
[36.541s] -- Installing: /home/monica/ros2_brazoPG/install/arlo_interfaces/include/arlo_interfaces/arlo_interfaces/msg/detail/dds_fastrtps
[36.541s] -- Installing: /home/monica/ros2_brazoPG/install/arlo_interfaces/include/arlo_interfaces/arlo_interfaces/msg/detail/array__rosidl_typesupport_fastrtps_cpp.hpp
[36.542s] -- Installing: /home/monica/ros2_brazoPG/install/arlo_interfaces/lib/libarlo_interfaces__rosidl_typesupport_fastrtps_cpp.so
[36.547s] -- Set runtime path of "/home/monica/ros2_brazoPG/install/arlo_interfaces/lib/libarlo_interfaces__rosidl_typesupport_fastrtps_cpp.so" to ""
[36.547s] -- Up-to-date: /home/monica/ros2_brazoPG/install/arlo_interfaces/include/arlo_interfaces/arlo_interfaces
[36.548s] -- Up-to-date: /home/monica/ros2_brazoPG/install/arlo_interfaces/include/arlo_interfaces/arlo_interfaces/srv
[36.548s] -- Up-to-date: /home/monica/ros2_brazoPG/install/arlo_interfaces/include/arlo_interfaces/arlo_interfaces/srv/detail
[36.548s] -- Installing: /home/monica/ros2_brazoPG/install/arlo_interfaces/include/arlo_interfaces/arlo_interfaces/srv/detail/actuator_values_service__type_support.cpp
[36.548s] -- Installing: /home/monica/ros2_brazoPG/install/arlo_interfaces/include/arlo_interfaces/arlo_interfaces/srv/detail/actuator_values_service__rosidl_typesupport_introspection_cpp.hpp
[36.549s] -- Installing: /home/monica/ros2_brazoPG/install/arlo_interfaces/include/arlo_interfaces/arlo_interfaces/srv/detail/evaluate_tree__type_support.cpp
[36.549s] -- Installing: /home/monica/ros2_brazoPG/install/arlo_interfaces/include/arlo_interfaces/arlo_interfaces/srv/detail/evaluate_tree__rosidl_typesupport_introspection_cpp.hpp
[36.550s] -- Up-to-date: /home/monica/ros2_brazoPG/install/arlo_interfaces/include/arlo_interfaces/arlo_interfaces/msg
[36.550s] -- Up-to-date: /home/monica/ros2_brazoPG/install/arlo_interfaces/include/arlo_interfaces/arlo_interfaces/msg/detail
[36.550s] -- Installing: /home/monica/ros2_brazoPG/install/arlo_interfaces/include/arlo_interfaces/arlo_interfaces/msg/detail/array__type_support.cpp
[36.551s] -- Installing: /home/monica/ros2_brazoPG/install/arlo_interfaces/include/arlo_interfaces/arlo_interfaces/msg/detail/array__rosidl_typesupport_introspection_cpp.hpp
[36.551s] -- Installing: /home/monica/ros2_brazoPG/install/arlo_interfaces/lib/libarlo_interfaces__rosidl_typesupport_introspection_cpp.so
[36.556s] -- Set runtime path of "/home/monica/ros2_brazoPG/install/arlo_interfaces/lib/libarlo_interfaces__rosidl_typesupport_introspection_cpp.so" to ""
[36.556s] -- Installing: /home/monica/ros2_brazoPG/install/arlo_interfaces/lib/libarlo_interfaces__rosidl_typesupport_cpp.so
[36.558s] -- Set runtime path of "/home/monica/ros2_brazoPG/install/arlo_interfaces/lib/libarlo_interfaces__rosidl_typesupport_cpp.so" to ""
[36.558s] -- Installing: /home/monica/ros2_brazoPG/install/arlo_interfaces/share/arlo_interfaces/environment/pythonpath.sh
[36.559s] -- Installing: /home/monica/ros2_brazoPG/install/arlo_interfaces/share/arlo_interfaces/environment/pythonpath.dsv
[36.560s] -- Installing: /home/monica/ros2_brazoPG/install/arlo_interfaces/lib/python3.10/site-packages/arlo_interfaces-0.0.0-py3.10.egg-info
[36.560s] -- Installing: /home/monica/ros2_brazoPG/install/arlo_interfaces/lib/python3.10/site-packages/arlo_interfaces-0.0.0-py3.10.egg-info/PKG-INFO
[36.560s] -- Installing: /home/monica/ros2_brazoPG/install/arlo_interfaces/lib/python3.10/site-packages/arlo_interfaces-0.0.0-py3.10.egg-info/top_level.txt
[36.561s] -- Installing: /home/monica/ros2_brazoPG/install/arlo_interfaces/lib/python3.10/site-packages/arlo_interfaces-0.0.0-py3.10.egg-info/dependency_links.txt
[36.561s] -- Installing: /home/monica/ros2_brazoPG/install/arlo_interfaces/lib/python3.10/site-packages/arlo_interfaces-0.0.0-py3.10.egg-info/SOURCES.txt
[36.562s] -- Installing: /home/monica/ros2_brazoPG/install/arlo_interfaces/lib/python3.10/site-packages/arlo_interfaces
[36.562s] -- Installing: /home/monica/ros2_brazoPG/install/arlo_interfaces/lib/python3.10/site-packages/arlo_interfaces/arlo_interfaces_s__rosidl_typesupport_c.cpython-310-x86_64-linux-gnu.so
[36.563s] -- Installing: /home/monica/ros2_brazoPG/install/arlo_interfaces/lib/python3.10/site-packages/arlo_interfaces/arlo_interfaces_s__rosidl_typesupport_fastrtps_c.cpython-310-x86_64-linux-gnu.so
[36.563s] -- Installing: /home/monica/ros2_brazoPG/install/arlo_interfaces/lib/python3.10/site-packages/arlo_interfaces/_arlo_interfaces_s.ep.rosidl_typesupport_introspection_c.c
[36.564s] -- Installing: /home/monica/ros2_brazoPG/install/arlo_interfaces/lib/python3.10/site-packages/arlo_interfaces/srv
[36.564s] -- Installing: /home/monica/ros2_brazoPG/install/arlo_interfaces/lib/python3.10/site-packages/arlo_interfaces/srv/_actuator_values_service.py
[36.564s] -- Installing: /home/monica/ros2_brazoPG/install/arlo_interfaces/lib/python3.10/site-packages/arlo_interfaces/srv/_actuator_values_service_s.c
[36.565s] -- Installing: /home/monica/ros2_brazoPG/install/arlo_interfaces/lib/python3.10/site-packages/arlo_interfaces/srv/_evaluate_tree_s.c
[36.565s] -- Installing: /home/monica/ros2_brazoPG/install/arlo_interfaces/lib/python3.10/site-packages/arlo_interfaces/srv/__init__.py
[36.565s] -- Installing: /home/monica/ros2_brazoPG/install/arlo_interfaces/lib/python3.10/site-packages/arlo_interfaces/srv/_evaluate_tree.py
[36.566s] -- Installing: /home/monica/ros2_brazoPG/install/arlo_interfaces/lib/python3.10/site-packages/arlo_interfaces/libarlo_interfaces__rosidl_generator_py.so
[36.566s] -- Installing: /home/monica/ros2_brazoPG/install/arlo_interfaces/lib/python3.10/site-packages/arlo_interfaces/_arlo_interfaces_s.ep.rosidl_typesupport_fastrtps_c.c
[36.567s] -- Installing: /home/monica/ros2_brazoPG/install/arlo_interfaces/lib/python3.10/site-packages/arlo_interfaces/__init__.py
[36.567s] -- Installing: /home/monica/ros2_brazoPG/install/arlo_interfaces/lib/python3.10/site-packages/arlo_interfaces/msg
[36.568s] -- Installing: /home/monica/ros2_brazoPG/install/arlo_interfaces/lib/python3.10/site-packages/arlo_interfaces/msg/_array_s.c
[36.568s] -- Installing: /home/monica/ros2_brazoPG/install/arlo_interfaces/lib/python3.10/site-packages/arlo_interfaces/msg/_array.py
[36.568s] -- Installing: /home/monica/ros2_brazoPG/install/arlo_interfaces/lib/python3.10/site-packages/arlo_interfaces/msg/__init__.py
[36.568s] -- Installing: /home/monica/ros2_brazoPG/install/arlo_interfaces/lib/python3.10/site-packages/arlo_interfaces/_arlo_interfaces_s.ep.rosidl_typesupport_c.c
[36.569s] -- Installing: /home/monica/ros2_brazoPG/install/arlo_interfaces/lib/python3.10/site-packages/arlo_interfaces/arlo_interfaces_s__rosidl_typesupport_introspection_c.cpython-310-x86_64-linux-gnu.so
[36.686s] Listing '/home/monica/ros2_brazoPG/install/arlo_interfaces/lib/python3.10/site-packages/arlo_interfaces'...
[36.687s] Compiling '/home/monica/ros2_brazoPG/install/arlo_interfaces/lib/python3.10/site-packages/arlo_interfaces/__init__.py'...
[36.687s] Listing '/home/monica/ros2_brazoPG/install/arlo_interfaces/lib/python3.10/site-packages/arlo_interfaces/msg'...
[36.687s] Compiling '/home/monica/ros2_brazoPG/install/arlo_interfaces/lib/python3.10/site-packages/arlo_interfaces/msg/__init__.py'...
[36.687s] Compiling '/home/monica/ros2_brazoPG/install/arlo_interfaces/lib/python3.10/site-packages/arlo_interfaces/msg/_array.py'...
[36.688s] Listing '/home/monica/ros2_brazoPG/install/arlo_interfaces/lib/python3.10/site-packages/arlo_interfaces/srv'...
[36.688s] Compiling '/home/monica/ros2_brazoPG/install/arlo_interfaces/lib/python3.10/site-packages/arlo_interfaces/srv/__init__.py'...
[36.688s] Compiling '/home/monica/ros2_brazoPG/install/arlo_interfaces/lib/python3.10/site-packages/arlo_interfaces/srv/_actuator_values_service.py'...
[36.688s] Compiling '/home/monica/ros2_brazoPG/install/arlo_interfaces/lib/python3.10/site-packages/arlo_interfaces/srv/_evaluate_tree.py'...
[36.698s] -- Installing: /home/monica/ros2_brazoPG/install/arlo_interfaces/lib/python3.10/site-packages/arlo_interfaces/arlo_interfaces_s__rosidl_typesupport_fastrtps_c.cpython-310-x86_64-linux-gnu.so
[36.699s] -- Set runtime path of "/home/monica/ros2_brazoPG/install/arlo_interfaces/lib/python3.10/site-packages/arlo_interfaces/arlo_interfaces_s__rosidl_typesupport_fastrtps_c.cpython-310-x86_64-linux-gnu.so" to ""
[36.700s] -- Installing: /home/monica/ros2_brazoPG/install/arlo_interfaces/lib/python3.10/site-packages/arlo_interfaces/arlo_interfaces_s__rosidl_typesupport_introspection_c.cpython-310-x86_64-linux-gnu.so
[36.701s] -- Set runtime path of "/home/monica/ros2_brazoPG/install/arlo_interfaces/lib/python3.10/site-packages/arlo_interfaces/arlo_interfaces_s__rosidl_typesupport_introspection_c.cpython-310-x86_64-linux-gnu.so" to ""
[36.702s] -- Installing: /home/monica/ros2_brazoPG/install/arlo_interfaces/lib/python3.10/site-packages/arlo_interfaces/arlo_interfaces_s__rosidl_typesupport_c.cpython-310-x86_64-linux-gnu.so
[36.703s] -- Set runtime path of "/home/monica/ros2_brazoPG/install/arlo_interfaces/lib/python3.10/site-packages/arlo_interfaces/arlo_interfaces_s__rosidl_typesupport_c.cpython-310-x86_64-linux-gnu.so" to ""
[36.704s] -- Installing: /home/monica/ros2_brazoPG/install/arlo_interfaces/lib/libarlo_interfaces__rosidl_generator_py.so
[36.706s] -- Set runtime path of "/home/monica/ros2_brazoPG/install/arlo_interfaces/lib/libarlo_interfaces__rosidl_generator_py.so" to ""
[36.706s] -- Installing: /home/monica/ros2_brazoPG/install/arlo_interfaces/share/arlo_interfaces/srv/EvaluateTree.idl
[36.707s] -- Installing: /home/monica/ros2_brazoPG/install/arlo_interfaces/share/arlo_interfaces/srv/ActuatorValuesService.idl
[36.707s] -- Installing: /home/monica/ros2_brazoPG/install/arlo_interfaces/share/arlo_interfaces/msg/Array.idl
[36.707s] -- Installing: /home/monica/ros2_brazoPG/install/arlo_interfaces/share/arlo_interfaces/srv/EvaluateTree.srv
[36.707s] -- Installing: /home/monica/ros2_brazoPG/install/arlo_interfaces/share/arlo_interfaces/srv/EvaluateTree_Request.msg
[36.708s] -- Installing: /home/monica/ros2_brazoPG/install/arlo_interfaces/share/arlo_interfaces/srv/EvaluateTree_Response.msg
[36.708s] -- Installing: /home/monica/ros2_brazoPG/install/arlo_interfaces/share/arlo_interfaces/srv/ActuatorValuesService.srv
[36.709s] -- Installing: /home/monica/ros2_brazoPG/install/arlo_interfaces/share/arlo_interfaces/srv/ActuatorValuesService_Request.msg
[36.709s] -- Installing: /home/monica/ros2_brazoPG/install/arlo_interfaces/share/arlo_interfaces/srv/ActuatorValuesService_Response.msg
[36.710s] -- Installing: /home/monica/ros2_brazoPG/install/arlo_interfaces/share/arlo_interfaces/msg/Array.msg
[36.710s] -- Installing: /home/monica/ros2_brazoPG/install/arlo_interfaces/share/ament_index/resource_index/package_run_dependencies/arlo_interfaces
[36.711s] -- Installing: /home/monica/ros2_brazoPG/install/arlo_interfaces/share/ament_index/resource_index/parent_prefix_path/arlo_interfaces
[36.711s] -- Installing: /home/monica/ros2_brazoPG/install/arlo_interfaces/share/arlo_interfaces/environment/ament_prefix_path.sh
[36.712s] -- Installing: /home/monica/ros2_brazoPG/install/arlo_interfaces/share/arlo_interfaces/environment/ament_prefix_path.dsv
[36.712s] -- Installing: /home/monica/ros2_brazoPG/install/arlo_interfaces/share/arlo_interfaces/environment/path.sh
[36.712s] -- Installing: /home/monica/ros2_brazoPG/install/arlo_interfaces/share/arlo_interfaces/environment/path.dsv
[36.713s] -- Installing: /home/monica/ros2_brazoPG/install/arlo_interfaces/share/arlo_interfaces/local_setup.bash
[36.713s] -- Installing: /home/monica/ros2_brazoPG/install/arlo_interfaces/share/arlo_interfaces/local_setup.sh
[36.714s] -- Installing: /home/monica/ros2_brazoPG/install/arlo_interfaces/share/arlo_interfaces/local_setup.zsh
[36.715s] -- Installing: /home/monica/ros2_brazoPG/install/arlo_interfaces/share/arlo_interfaces/local_setup.dsv
[36.715s] -- Installing: /home/monica/ros2_brazoPG/install/arlo_interfaces/share/arlo_interfaces/package.dsv
[36.716s] -- Installing: /home/monica/ros2_brazoPG/install/arlo_interfaces/share/ament_index/resource_index/packages/arlo_interfaces
[36.716s] -- Installing: /home/monica/ros2_brazoPG/install/arlo_interfaces/share/arlo_interfaces/cmake/export_arlo_interfaces__rosidl_generator_cExport.cmake
[36.717s] -- Installing: /home/monica/ros2_brazoPG/install/arlo_interfaces/share/arlo_interfaces/cmake/export_arlo_interfaces__rosidl_generator_cExport-noconfig.cmake
[36.717s] -- Installing: /home/monica/ros2_brazoPG/install/arlo_interfaces/share/arlo_interfaces/cmake/export_arlo_interfaces__rosidl_typesupport_fastrtps_cExport.cmake
[36.718s] -- Installing: /home/monica/ros2_brazoPG/install/arlo_interfaces/share/arlo_interfaces/cmake/export_arlo_interfaces__rosidl_typesupport_fastrtps_cExport-noconfig.cmake
[36.718s] -- Installing: /home/monica/ros2_brazoPG/install/arlo_interfaces/share/arlo_interfaces/cmake/arlo_interfaces__rosidl_typesupport_introspection_cExport.cmake
[36.719s] -- Installing: /home/monica/ros2_brazoPG/install/arlo_interfaces/share/arlo_interfaces/cmake/arlo_interfaces__rosidl_typesupport_introspection_cExport-noconfig.cmake
[36.720s] -- Installing: /home/monica/ros2_brazoPG/install/arlo_interfaces/share/arlo_interfaces/cmake/arlo_interfaces__rosidl_typesupport_cExport.cmake
[36.720s] -- Installing: /home/monica/ros2_brazoPG/install/arlo_interfaces/share/arlo_interfaces/cmake/arlo_interfaces__rosidl_typesupport_cExport-noconfig.cmake
[36.721s] -- Installing: /home/monica/ros2_brazoPG/install/arlo_interfaces/share/arlo_interfaces/cmake/export_arlo_interfaces__rosidl_generator_cppExport.cmake
[36.721s] -- Installing: /home/monica/ros2_brazoPG/install/arlo_interfaces/share/arlo_interfaces/cmake/export_arlo_interfaces__rosidl_typesupport_fastrtps_cppExport.cmake
[36.722s] -- Installing: /home/monica/ros2_brazoPG/install/arlo_interfaces/share/arlo_interfaces/cmake/export_arlo_interfaces__rosidl_typesupport_fastrtps_cppExport-noconfig.cmake
[36.722s] -- Installing: /home/monica/ros2_brazoPG/install/arlo_interfaces/share/arlo_interfaces/cmake/arlo_interfaces__rosidl_typesupport_introspection_cppExport.cmake
[36.723s] -- Installing: /home/monica/ros2_brazoPG/install/arlo_interfaces/share/arlo_interfaces/cmake/arlo_interfaces__rosidl_typesupport_introspection_cppExport-noconfig.cmake
[36.723s] -- Installing: /home/monica/ros2_brazoPG/install/arlo_interfaces/share/arlo_interfaces/cmake/arlo_interfaces__rosidl_typesupport_cppExport.cmake
[36.724s] -- Installing: /home/monica/ros2_brazoPG/install/arlo_interfaces/share/arlo_interfaces/cmake/arlo_interfaces__rosidl_typesupport_cppExport-noconfig.cmake
[36.724s] -- Installing: /home/monica/ros2_brazoPG/install/arlo_interfaces/share/arlo_interfaces/cmake/export_arlo_interfaces__rosidl_generator_pyExport.cmake
[36.725s] -- Installing: /home/monica/ros2_brazoPG/install/arlo_interfaces/share/arlo_interfaces/cmake/export_arlo_interfaces__rosidl_generator_pyExport-noconfig.cmake
[36.725s] -- Installing: /home/monica/ros2_brazoPG/install/arlo_interfaces/share/arlo_interfaces/cmake/rosidl_cmake-extras.cmake
[36.726s] -- Installing: /home/monica/ros2_brazoPG/install/arlo_interfaces/share/arlo_interfaces/cmake/ament_cmake_export_dependencies-extras.cmake
[36.727s] -- Installing: /home/monica/ros2_brazoPG/install/arlo_interfaces/share/arlo_interfaces/cmake/ament_cmake_export_include_directories-extras.cmake
[36.727s] -- Installing: /home/monica/ros2_brazoPG/install/arlo_interfaces/share/arlo_interfaces/cmake/ament_cmake_export_libraries-extras.cmake
[36.728s] -- Installing: /home/monica/ros2_brazoPG/install/arlo_interfaces/share/arlo_interfaces/cmake/ament_cmake_export_targets-extras.cmake
[36.728s] -- Installing: /home/monica/ros2_brazoPG/install/arlo_interfaces/share/arlo_interfaces/cmake/rosidl_cmake_export_typesupport_targets-extras.cmake
[36.729s] -- Installing: /home/monica/ros2_brazoPG/install/arlo_interfaces/share/arlo_interfaces/cmake/rosidl_cmake_export_typesupport_libraries-extras.cmake
[36.729s] -- Installing: /home/monica/ros2_brazoPG/install/arlo_interfaces/share/arlo_interfaces/cmake/arlo_interfacesConfig.cmake
[36.729s] -- Installing: /home/monica/ros2_brazoPG/install/arlo_interfaces/share/arlo_interfaces/cmake/arlo_interfacesConfig-version.cmake
[36.730s] -- Installing: /home/monica/ros2_brazoPG/install/arlo_interfaces/share/arlo_interfaces/package.xml
[36.738s] Invoked command in '/home/monica/ros2_brazoPG/build/arlo_interfaces' returned '0': CMAKE_PREFIX_PATH=${CMAKE_PREFIX_PATH}:/home/monica/ros2_ws/install/modulos:/opt/ros/iron /usr/bin/cmake --install /home/monica/ros2_brazoPG/build/arlo_interfaces
