[  1%] Built target arlo_interfaces__rosidl_generator_type_description
[  1%] Built target ament_cmake_python_copy_arlo_interfaces
[  3%] Built target arlo_interfaces__cpp
[35m[1mConsolidate compiler generated dependencies of target arlo_interfaces__rosidl_generator_c[0m
[ 24%] Built target arlo_interfaces__rosidl_generator_c
running egg_info
writing arlo_interfaces.egg-info/PKG-INFO
writing dependency_links to arlo_interfaces.egg-info/dependency_links.txt
writing top-level names to arlo_interfaces.egg-info/top_level.txt
reading manifest file 'arlo_interfaces.egg-info/SOURCES.txt'
writing manifest file 'arlo_interfaces.egg-info/SOURCES.txt'
[ 24%] Built target ament_cmake_python_build_arlo_interfaces_egg
[35m[1mConsolidate compiler generated dependencies of target arlo_interfaces__rosidl_typesupport_fastrtps_cpp[0m
[ 33%] Built target arlo_interfaces__rosidl_typesupport_fastrtps_cpp
[35m[1mConsolidate compiler generated dependencies of target arlo_interfaces__rosidl_typesupport_introspection_cpp[0m
[ 42%] Built target arlo_interfaces__rosidl_typesupport_introspection_cpp
[35m[1mConsolidate compiler generated dependencies of target arlo_interfaces__rosidl_typesupport_cpp[0m
[ 51%] Built target arlo_interfaces__rosidl_typesupport_cpp
[35m[1mConsolidate compiler generated dependencies of target arlo_interfaces__rosidl_typesupport_fastrtps_c[0m
[ 61%] Built target arlo_interfaces__rosidl_typesupport_fastrtps_c
[35m[1mConsolidate compiler generated dependencies of target arlo_interfaces__rosidl_typesupport_introspection_c[0m
[ 70%] Built target arlo_interfaces__rosidl_typesupport_introspection_c
[35m[1mConsolidate compiler generated dependencies of target arlo_interfaces__rosidl_typesupport_c[0m
[ 79%] Built target arlo_interfaces__rosidl_typesupport_c
[ 79%] Built target arlo_interfaces
[ 81%] Built target arlo_interfaces__py
[35m[1mConsolidate compiler generated dependencies of target arlo_interfaces__rosidl_generator_py[0m
[ 88%] Built target arlo_interfaces__rosidl_generator_py
[35m[1mConsolidate compiler generated dependencies of target arlo_interfaces__rosidl_typesupport_fastrtps_c__pyext[0m
[ 92%] Built target arlo_interfaces__rosidl_typesupport_fastrtps_c__pyext
[35m[1mConsolidate compiler generated dependencies of target arlo_interfaces__rosidl_typesupport_introspection_c__pyext[0m
[ 96%] Built target arlo_interfaces__rosidl_typesupport_introspection_c__pyext
[35m[1mConsolidate compiler generated dependencies of target arlo_interfaces__rosidl_typesupport_c__pyext[0m
[100%] Built target arlo_interfaces__rosidl_typesupport_c__pyext
-- Install configuration: ""
-- Up-to-date: /home/monica/ros2_brazoPG/install/arlo_interfaces/share/ament_index/resource_index/rosidl_interfaces/arlo_interfaces
-- Up-to-date: /home/monica/ros2_brazoPG/install/arlo_interfaces/share/arlo_interfaces/srv/EvaluateTree.json
-- Up-to-date: /home/monica/ros2_brazoPG/install/arlo_interfaces/share/arlo_interfaces/srv/ActuatorValuesService.json
-- Up-to-date: /home/monica/ros2_brazoPG/install/arlo_interfaces/share/arlo_interfaces/msg/Array.json
-- Up-to-date: /home/monica/ros2_brazoPG/install/arlo_interfaces/include/arlo_interfaces/arlo_interfaces
-- Up-to-date: /home/monica/ros2_brazoPG/install/arlo_interfaces/include/arlo_interfaces/arlo_interfaces/srv
-- Up-to-date: /home/monica/ros2_brazoPG/install/arlo_interfaces/include/arlo_interfaces/arlo_interfaces/srv/actuator_values_service.h
-- Up-to-date: /home/monica/ros2_brazoPG/install/arlo_interfaces/include/arlo_interfaces/arlo_interfaces/srv/evaluate_tree.h
-- Up-to-date: /home/monica/ros2_brazoPG/install/arlo_interfaces/include/arlo_interfaces/arlo_interfaces/srv/detail
-- Up-to-date: /home/monica/ros2_brazoPG/install/arlo_interfaces/include/arlo_interfaces/arlo_interfaces/srv/detail/evaluate_tree__description.c
-- Up-to-date: /home/monica/ros2_brazoPG/install/arlo_interfaces/include/arlo_interfaces/arlo_interfaces/srv/detail/evaluate_tree__type_support.h
-- Up-to-date: /home/monica/ros2_brazoPG/install/arlo_interfaces/include/arlo_interfaces/arlo_interfaces/srv/detail/actuator_values_service__functions.h
-- Installing: /home/monica/ros2_brazoPG/install/arlo_interfaces/include/arlo_interfaces/arlo_interfaces/srv/detail/evaluate_tree__type_support.c
-- Up-to-date: /home/monica/ros2_brazoPG/install/arlo_interfaces/include/arlo_interfaces/arlo_interfaces/srv/detail/evaluate_tree__struct.h
-- Up-to-date: /home/monica/ros2_brazoPG/install/arlo_interfaces/include/arlo_interfaces/arlo_interfaces/srv/detail/actuator_values_service__functions.c
-- Up-to-date: /home/monica/ros2_brazoPG/install/arlo_interfaces/include/arlo_interfaces/arlo_interfaces/srv/detail/actuator_values_service__struct.h
-- Up-to-date: /home/monica/ros2_brazoPG/install/arlo_interfaces/include/arlo_interfaces/arlo_interfaces/srv/detail/evaluate_tree__functions.c
-- Up-to-date: /home/monica/ros2_brazoPG/install/arlo_interfaces/include/arlo_interfaces/arlo_interfaces/srv/detail/actuator_values_service__type_support.h
-- Up-to-date: /home/monica/ros2_brazoPG/install/arlo_interfaces/include/arlo_interfaces/arlo_interfaces/srv/detail/evaluate_tree__functions.h
-- Up-to-date: /home/monica/ros2_brazoPG/install/arlo_interfaces/include/arlo_interfaces/arlo_interfaces/srv/detail/actuator_values_service__description.c
-- Installing: /home/monica/ros2_brazoPG/install/arlo_interfaces/include/arlo_interfaces/arlo_interfaces/srv/detail/actuator_values_service__type_support.c
-- Up-to-date: /home/monica/ros2_brazoPG/install/arlo_interfaces/include/arlo_interfaces/arlo_interfaces/msg
-- Up-to-date: /home/monica/ros2_brazoPG/install/arlo_interfaces/include/arlo_interfaces/arlo_interfaces/msg/rosidl_generator_c__visibility_control.h
-- Up-to-date: /home/monica/ros2_brazoPG/install/arlo_interfaces/include/arlo_interfaces/arlo_interfaces/msg/array.h
-- Up-to-date: /home/monica/ros2_brazoPG/install/arlo_interfaces/include/arlo_interfaces/arlo_interfaces/msg/detail
-- Up-to-date: /home/monica/ros2_brazoPG/install/arlo_interfaces/include/arlo_interfaces/arlo_interfaces/msg/detail/array__functions.h
-- Up-to-date: /home/monica/ros2_brazoPG/install/arlo_interfaces/include/arlo_interfaces/arlo_interfaces/msg/detail/array__type_support.h
-- Up-to-date: /home/monica/ros2_brazoPG/install/arlo_interfaces/include/arlo_interfaces/arlo_interfaces/msg/detail/array__description.c
-- Installing: /home/monica/ros2_brazoPG/install/arlo_interfaces/include/arlo_interfaces/arlo_interfaces/msg/detail/array__type_support.c
-- Up-to-date: /home/monica/ros2_brazoPG/install/arlo_interfaces/include/arlo_interfaces/arlo_interfaces/msg/detail/array__struct.h
-- Up-to-date: /home/monica/ros2_brazoPG/install/arlo_interfaces/include/arlo_interfaces/arlo_interfaces/msg/detail/array__functions.c
-- Up-to-date: /home/monica/ros2_brazoPG/install/arlo_interfaces/share/arlo_interfaces/environment/library_path.sh
-- Up-to-date: /home/monica/ros2_brazoPG/install/arlo_interfaces/share/arlo_interfaces/environment/library_path.dsv
-- Up-to-date: /home/monica/ros2_brazoPG/install/arlo_interfaces/lib/libarlo_interfaces__rosidl_generator_c.so
-- Up-to-date: /home/monica/ros2_brazoPG/install/arlo_interfaces/include/arlo_interfaces/arlo_interfaces
-- Up-to-date: /home/monica/ros2_brazoPG/install/arlo_interfaces/include/arlo_interfaces/arlo_interfaces/srv
-- Up-to-date: /home/monica/ros2_brazoPG/install/arlo_interfaces/include/arlo_interfaces/arlo_interfaces/srv/detail
-- Up-to-date: /home/monica/ros2_brazoPG/install/arlo_interfaces/include/arlo_interfaces/arlo_interfaces/srv/detail/actuator_values_service__rosidl_typesupport_fastrtps_c.h
-- Up-to-date: /home/monica/ros2_brazoPG/install/arlo_interfaces/include/arlo_interfaces/arlo_interfaces/srv/detail/evaluate_tree__rosidl_typesupport_fastrtps_c.h
-- Up-to-date: /home/monica/ros2_brazoPG/install/arlo_interfaces/include/arlo_interfaces/arlo_interfaces/msg
-- Up-to-date: /home/monica/ros2_brazoPG/install/arlo_interfaces/include/arlo_interfaces/arlo_interfaces/msg/rosidl_typesupport_fastrtps_c__visibility_control.h
-- Up-to-date: /home/monica/ros2_brazoPG/install/arlo_interfaces/include/arlo_interfaces/arlo_interfaces/msg/detail
-- Up-to-date: /home/monica/ros2_brazoPG/install/arlo_interfaces/include/arlo_interfaces/arlo_interfaces/msg/detail/array__rosidl_typesupport_fastrtps_c.h
-- Up-to-date: /home/monica/ros2_brazoPG/install/arlo_interfaces/lib/libarlo_interfaces__rosidl_typesupport_fastrtps_c.so
-- Up-to-date: /home/monica/ros2_brazoPG/install/arlo_interfaces/include/arlo_interfaces/arlo_interfaces
-- Up-to-date: /home/monica/ros2_brazoPG/install/arlo_interfaces/include/arlo_interfaces/arlo_interfaces/srv
-- Up-to-date: /home/monica/ros2_brazoPG/install/arlo_interfaces/include/arlo_interfaces/arlo_interfaces/srv/detail
-- Installing: /home/monica/ros2_brazoPG/install/arlo_interfaces/include/arlo_interfaces/arlo_interfaces/srv/detail/evaluate_tree__type_support.c
-- Up-to-date: /home/monica/ros2_brazoPG/install/arlo_interfaces/include/arlo_interfaces/arlo_interfaces/srv/detail/actuator_values_service__rosidl_typesupport_introspection_c.h
-- Up-to-date: /home/monica/ros2_brazoPG/install/arlo_interfaces/include/arlo_interfaces/arlo_interfaces/srv/detail/evaluate_tree__rosidl_typesupport_introspection_c.h
-- Installing: /home/monica/ros2_brazoPG/install/arlo_interfaces/include/arlo_interfaces/arlo_interfaces/srv/detail/actuator_values_service__type_support.c
-- Up-to-date: /home/monica/ros2_brazoPG/install/arlo_interfaces/include/arlo_interfaces/arlo_interfaces/msg
-- Up-to-date: /home/monica/ros2_brazoPG/install/arlo_interfaces/include/arlo_interfaces/arlo_interfaces/msg/detail
-- Up-to-date: /home/monica/ros2_brazoPG/install/arlo_interfaces/include/arlo_interfaces/arlo_interfaces/msg/detail/array__rosidl_typesupport_introspection_c.h
-- Installing: /home/monica/ros2_brazoPG/install/arlo_interfaces/include/arlo_interfaces/arlo_interfaces/msg/detail/array__type_support.c
-- Up-to-date: /home/monica/ros2_brazoPG/install/arlo_interfaces/include/arlo_interfaces/arlo_interfaces/msg/rosidl_typesupport_introspection_c__visibility_control.h
-- Up-to-date: /home/monica/ros2_brazoPG/install/arlo_interfaces/lib/libarlo_interfaces__rosidl_typesupport_introspection_c.so
-- Up-to-date: /home/monica/ros2_brazoPG/install/arlo_interfaces/lib/libarlo_interfaces__rosidl_typesupport_c.so
-- Up-to-date: /home/monica/ros2_brazoPG/install/arlo_interfaces/include/arlo_interfaces/arlo_interfaces
-- Up-to-date: /home/monica/ros2_brazoPG/install/arlo_interfaces/include/arlo_interfaces/arlo_interfaces/srv
-- Up-to-date: /home/monica/ros2_brazoPG/install/arlo_interfaces/include/arlo_interfaces/arlo_interfaces/srv/evaluate_tree.hpp
-- Up-to-date: /home/monica/ros2_brazoPG/install/arlo_interfaces/include/arlo_interfaces/arlo_interfaces/srv/detail
-- Up-to-date: /home/monica/ros2_brazoPG/install/arlo_interfaces/include/arlo_interfaces/arlo_interfaces/srv/detail/evaluate_tree__builder.hpp
-- Up-to-date: /home/monica/ros2_brazoPG/install/arlo_interfaces/include/arlo_interfaces/arlo_interfaces/srv/detail/actuator_values_service__builder.hpp
-- Up-to-date: /home/monica/ros2_brazoPG/install/arlo_interfaces/include/arlo_interfaces/arlo_interfaces/srv/detail/actuator_values_service__traits.hpp
-- Up-to-date: /home/monica/ros2_brazoPG/install/arlo_interfaces/include/arlo_interfaces/arlo_interfaces/srv/detail/actuator_values_service__struct.hpp
-- Up-to-date: /home/monica/ros2_brazoPG/install/arlo_interfaces/include/arlo_interfaces/arlo_interfaces/srv/detail/evaluate_tree__traits.hpp
-- Up-to-date: /home/monica/ros2_brazoPG/install/arlo_interfaces/include/arlo_interfaces/arlo_interfaces/srv/detail/evaluate_tree__struct.hpp
-- Up-to-date: /home/monica/ros2_brazoPG/install/arlo_interfaces/include/arlo_interfaces/arlo_interfaces/srv/actuator_values_service.hpp
-- Up-to-date: /home/monica/ros2_brazoPG/install/arlo_interfaces/include/arlo_interfaces/arlo_interfaces/msg
-- Up-to-date: /home/monica/ros2_brazoPG/install/arlo_interfaces/include/arlo_interfaces/arlo_interfaces/msg/array.hpp
-- Up-to-date: /home/monica/ros2_brazoPG/install/arlo_interfaces/include/arlo_interfaces/arlo_interfaces/msg/detail
-- Up-to-date: /home/monica/ros2_brazoPG/install/arlo_interfaces/include/arlo_interfaces/arlo_interfaces/msg/detail/array__traits.hpp
-- Up-to-date: /home/monica/ros2_brazoPG/install/arlo_interfaces/include/arlo_interfaces/arlo_interfaces/msg/detail/array__builder.hpp
-- Up-to-date: /home/monica/ros2_brazoPG/install/arlo_interfaces/include/arlo_interfaces/arlo_interfaces/msg/detail/array__struct.hpp
-- Up-to-date: /home/monica/ros2_brazoPG/install/arlo_interfaces/include/arlo_interfaces/arlo_interfaces
-- Up-to-date: /home/monica/ros2_brazoPG/install/arlo_interfaces/include/arlo_interfaces/arlo_interfaces/srv
-- Up-to-date: /home/monica/ros2_brazoPG/install/arlo_interfaces/include/arlo_interfaces/arlo_interfaces/srv/detail
-- Up-to-date: /home/monica/ros2_brazoPG/install/arlo_interfaces/include/arlo_interfaces/arlo_interfaces/srv/detail/actuator_values_service__rosidl_typesupport_fastrtps_cpp.hpp
-- Up-to-date: /home/monica/ros2_brazoPG/install/arlo_interfaces/include/arlo_interfaces/arlo_interfaces/srv/detail/dds_fastrtps
-- Up-to-date: /home/monica/ros2_brazoPG/install/arlo_interfaces/include/arlo_interfaces/arlo_interfaces/srv/detail/evaluate_tree__rosidl_typesupport_fastrtps_cpp.hpp
-- Up-to-date: /home/monica/ros2_brazoPG/install/arlo_interfaces/include/arlo_interfaces/arlo_interfaces/msg
-- Up-to-date: /home/monica/ros2_brazoPG/install/arlo_interfaces/include/arlo_interfaces/arlo_interfaces/msg/rosidl_typesupport_fastrtps_cpp__visibility_control.h
-- Up-to-date: /home/monica/ros2_brazoPG/install/arlo_interfaces/include/arlo_interfaces/arlo_interfaces/msg/detail
-- Up-to-date: /home/monica/ros2_brazoPG/install/arlo_interfaces/include/arlo_interfaces/arlo_interfaces/msg/detail/dds_fastrtps
-- Up-to-date: /home/monica/ros2_brazoPG/install/arlo_interfaces/include/arlo_interfaces/arlo_interfaces/msg/detail/array__rosidl_typesupport_fastrtps_cpp.hpp
-- Up-to-date: /home/monica/ros2_brazoPG/install/arlo_interfaces/lib/libarlo_interfaces__rosidl_typesupport_fastrtps_cpp.so
-- Up-to-date: /home/monica/ros2_brazoPG/install/arlo_interfaces/include/arlo_interfaces/arlo_interfaces
-- Up-to-date: /home/monica/ros2_brazoPG/install/arlo_interfaces/include/arlo_interfaces/arlo_interfaces/srv
-- Up-to-date: /home/monica/ros2_brazoPG/install/arlo_interfaces/include/arlo_interfaces/arlo_interfaces/srv/detail
-- Up-to-date: /home/monica/ros2_brazoPG/install/arlo_interfaces/include/arlo_interfaces/arlo_interfaces/srv/detail/actuator_values_service__type_support.cpp
-- Up-to-date: /home/monica/ros2_brazoPG/install/arlo_interfaces/include/arlo_interfaces/arlo_interfaces/srv/detail/actuator_values_service__rosidl_typesupport_introspection_cpp.hpp
-- Up-to-date: /home/monica/ros2_brazoPG/install/arlo_interfaces/include/arlo_interfaces/arlo_interfaces/srv/detail/evaluate_tree__type_support.cpp
-- Up-to-date: /home/monica/ros2_brazoPG/install/arlo_interfaces/include/arlo_interfaces/arlo_interfaces/srv/detail/evaluate_tree__rosidl_typesupport_introspection_cpp.hpp
-- Up-to-date: /home/monica/ros2_brazoPG/install/arlo_interfaces/include/arlo_interfaces/arlo_interfaces/msg
-- Up-to-date: /home/monica/ros2_brazoPG/install/arlo_interfaces/include/arlo_interfaces/arlo_interfaces/msg/detail
-- Up-to-date: /home/monica/ros2_brazoPG/install/arlo_interfaces/include/arlo_interfaces/arlo_interfaces/msg/detail/array__type_support.cpp
-- Up-to-date: /home/monica/ros2_brazoPG/install/arlo_interfaces/include/arlo_interfaces/arlo_interfaces/msg/detail/array__rosidl_typesupport_introspection_cpp.hpp
-- Up-to-date: /home/monica/ros2_brazoPG/install/arlo_interfaces/lib/libarlo_interfaces__rosidl_typesupport_introspection_cpp.so
-- Up-to-date: /home/monica/ros2_brazoPG/install/arlo_interfaces/lib/libarlo_interfaces__rosidl_typesupport_cpp.so
-- Up-to-date: /home/monica/ros2_brazoPG/install/arlo_interfaces/share/arlo_interfaces/environment/pythonpath.sh
-- Up-to-date: /home/monica/ros2_brazoPG/install/arlo_interfaces/share/arlo_interfaces/environment/pythonpath.dsv
-- Up-to-date: /home/monica/ros2_brazoPG/install/arlo_interfaces/lib/python3.10/site-packages/arlo_interfaces-0.0.0-py3.10.egg-info
-- Installing: /home/monica/ros2_brazoPG/install/arlo_interfaces/lib/python3.10/site-packages/arlo_interfaces-0.0.0-py3.10.egg-info/PKG-INFO
-- Installing: /home/monica/ros2_brazoPG/install/arlo_interfaces/lib/python3.10/site-packages/arlo_interfaces-0.0.0-py3.10.egg-info/top_level.txt
-- Installing: /home/monica/ros2_brazoPG/install/arlo_interfaces/lib/python3.10/site-packages/arlo_interfaces-0.0.0-py3.10.egg-info/dependency_links.txt
-- Installing: /home/monica/ros2_brazoPG/install/arlo_interfaces/lib/python3.10/site-packages/arlo_interfaces-0.0.0-py3.10.egg-info/SOURCES.txt
-- Up-to-date: /home/monica/ros2_brazoPG/install/arlo_interfaces/lib/python3.10/site-packages/arlo_interfaces
-- Up-to-date: /home/monica/ros2_brazoPG/install/arlo_interfaces/lib/python3.10/site-packages/arlo_interfaces/arlo_interfaces_s__rosidl_typesupport_c.cpython-310-x86_64-linux-gnu.so
-- Up-to-date: /home/monica/ros2_brazoPG/install/arlo_interfaces/lib/python3.10/site-packages/arlo_interfaces/arlo_interfaces_s__rosidl_typesupport_fastrtps_c.cpython-310-x86_64-linux-gnu.so
-- Up-to-date: /home/monica/ros2_brazoPG/install/arlo_interfaces/lib/python3.10/site-packages/arlo_interfaces/_arlo_interfaces_s.ep.rosidl_typesupport_introspection_c.c
-- Up-to-date: /home/monica/ros2_brazoPG/install/arlo_interfaces/lib/python3.10/site-packages/arlo_interfaces/srv
-- Up-to-date: /home/monica/ros2_brazoPG/install/arlo_interfaces/lib/python3.10/site-packages/arlo_interfaces/srv/_actuator_values_service.py
-- Up-to-date: /home/monica/ros2_brazoPG/install/arlo_interfaces/lib/python3.10/site-packages/arlo_interfaces/srv/_actuator_values_service_s.c
-- Up-to-date: /home/monica/ros2_brazoPG/install/arlo_interfaces/lib/python3.10/site-packages/arlo_interfaces/srv/_evaluate_tree_s.c
-- Up-to-date: /home/monica/ros2_brazoPG/install/arlo_interfaces/lib/python3.10/site-packages/arlo_interfaces/srv/__init__.py
-- Up-to-date: /home/monica/ros2_brazoPG/install/arlo_interfaces/lib/python3.10/site-packages/arlo_interfaces/srv/_evaluate_tree.py
-- Up-to-date: /home/monica/ros2_brazoPG/install/arlo_interfaces/lib/python3.10/site-packages/arlo_interfaces/libarlo_interfaces__rosidl_generator_py.so
-- Up-to-date: /home/monica/ros2_brazoPG/install/arlo_interfaces/lib/python3.10/site-packages/arlo_interfaces/_arlo_interfaces_s.ep.rosidl_typesupport_fastrtps_c.c
-- Up-to-date: /home/monica/ros2_brazoPG/install/arlo_interfaces/lib/python3.10/site-packages/arlo_interfaces/__init__.py
-- Up-to-date: /home/monica/ros2_brazoPG/install/arlo_interfaces/lib/python3.10/site-packages/arlo_interfaces/msg
-- Up-to-date: /home/monica/ros2_brazoPG/install/arlo_interfaces/lib/python3.10/site-packages/arlo_interfaces/msg/_array_s.c
-- Up-to-date: /home/monica/ros2_brazoPG/install/arlo_interfaces/lib/python3.10/site-packages/arlo_interfaces/msg/_array.py
-- Up-to-date: /home/monica/ros2_brazoPG/install/arlo_interfaces/lib/python3.10/site-packages/arlo_interfaces/msg/__init__.py
-- Up-to-date: /home/monica/ros2_brazoPG/install/arlo_interfaces/lib/python3.10/site-packages/arlo_interfaces/_arlo_interfaces_s.ep.rosidl_typesupport_c.c
-- Up-to-date: /home/monica/ros2_brazoPG/install/arlo_interfaces/lib/python3.10/site-packages/arlo_interfaces/arlo_interfaces_s__rosidl_typesupport_introspection_c.cpython-310-x86_64-linux-gnu.so
Listing '/home/monica/ros2_brazoPG/install/arlo_interfaces/lib/python3.10/site-packages/arlo_interfaces'...
Listing '/home/monica/ros2_brazoPG/install/arlo_interfaces/lib/python3.10/site-packages/arlo_interfaces/msg'...
Listing '/home/monica/ros2_brazoPG/install/arlo_interfaces/lib/python3.10/site-packages/arlo_interfaces/srv'...
-- Up-to-date: /home/monica/ros2_brazoPG/install/arlo_interfaces/lib/python3.10/site-packages/arlo_interfaces/arlo_interfaces_s__rosidl_typesupport_fastrtps_c.cpython-310-x86_64-linux-gnu.so
-- Up-to-date: /home/monica/ros2_brazoPG/install/arlo_interfaces/lib/python3.10/site-packages/arlo_interfaces/arlo_interfaces_s__rosidl_typesupport_introspection_c.cpython-310-x86_64-linux-gnu.so
-- Up-to-date: /home/monica/ros2_brazoPG/install/arlo_interfaces/lib/python3.10/site-packages/arlo_interfaces/arlo_interfaces_s__rosidl_typesupport_c.cpython-310-x86_64-linux-gnu.so
-- Up-to-date: /home/monica/ros2_brazoPG/install/arlo_interfaces/lib/libarlo_interfaces__rosidl_generator_py.so
-- Up-to-date: /home/monica/ros2_brazoPG/install/arlo_interfaces/share/arlo_interfaces/srv/EvaluateTree.idl
-- Up-to-date: /home/monica/ros2_brazoPG/install/arlo_interfaces/share/arlo_interfaces/srv/ActuatorValuesService.idl
-- Up-to-date: /home/monica/ros2_brazoPG/install/arlo_interfaces/share/arlo_interfaces/msg/Array.idl
-- Up-to-date: /home/monica/ros2_brazoPG/install/arlo_interfaces/share/arlo_interfaces/srv/EvaluateTree.srv
-- Up-to-date: /home/monica/ros2_brazoPG/install/arlo_interfaces/share/arlo_interfaces/srv/EvaluateTree_Request.msg
-- Up-to-date: /home/monica/ros2_brazoPG/install/arlo_interfaces/share/arlo_interfaces/srv/EvaluateTree_Response.msg
-- Up-to-date: /home/monica/ros2_brazoPG/install/arlo_interfaces/share/arlo_interfaces/srv/ActuatorValuesService.srv
-- Up-to-date: /home/monica/ros2_brazoPG/install/arlo_interfaces/share/arlo_interfaces/srv/ActuatorValuesService_Request.msg
-- Up-to-date: /home/monica/ros2_brazoPG/install/arlo_interfaces/share/arlo_interfaces/srv/ActuatorValuesService_Response.msg
-- Up-to-date: /home/monica/ros2_brazoPG/install/arlo_interfaces/share/arlo_interfaces/msg/Array.msg
-- Up-to-date: /home/monica/ros2_brazoPG/install/arlo_interfaces/share/ament_index/resource_index/package_run_dependencies/arlo_interfaces
-- Up-to-date: /home/monica/ros2_brazoPG/install/arlo_interfaces/share/ament_index/resource_index/parent_prefix_path/arlo_interfaces
-- Up-to-date: /home/monica/ros2_brazoPG/install/arlo_interfaces/share/arlo_interfaces/environment/ament_prefix_path.sh
-- Up-to-date: /home/monica/ros2_brazoPG/install/arlo_interfaces/share/arlo_interfaces/environment/ament_prefix_path.dsv
-- Up-to-date: /home/monica/ros2_brazoPG/install/arlo_interfaces/share/arlo_interfaces/environment/path.sh
-- Up-to-date: /home/monica/ros2_brazoPG/install/arlo_interfaces/share/arlo_interfaces/environment/path.dsv
-- Up-to-date: /home/monica/ros2_brazoPG/install/arlo_interfaces/share/arlo_interfaces/local_setup.bash
-- Up-to-date: /home/monica/ros2_brazoPG/install/arlo_interfaces/share/arlo_interfaces/local_setup.sh
-- Up-to-date: /home/monica/ros2_brazoPG/install/arlo_interfaces/share/arlo_interfaces/local_setup.zsh
-- Up-to-date: /home/monica/ros2_brazoPG/install/arlo_interfaces/share/arlo_interfaces/local_setup.dsv
-- Installing: /home/monica/ros2_brazoPG/install/arlo_interfaces/share/arlo_interfaces/package.dsv
-- Up-to-date: /home/monica/ros2_brazoPG/install/arlo_interfaces/share/ament_index/resource_index/packages/arlo_interfaces
-- Up-to-date: /home/monica/ros2_brazoPG/install/arlo_interfaces/share/arlo_interfaces/cmake/export_arlo_interfaces__rosidl_generator_cExport.cmake
-- Up-to-date: /home/monica/ros2_brazoPG/install/arlo_interfaces/share/arlo_interfaces/cmake/export_arlo_interfaces__rosidl_generator_cExport-noconfig.cmake
-- Up-to-date: /home/monica/ros2_brazoPG/install/arlo_interfaces/share/arlo_interfaces/cmake/export_arlo_interfaces__rosidl_typesupport_fastrtps_cExport.cmake
-- Up-to-date: /home/monica/ros2_brazoPG/install/arlo_interfaces/share/arlo_interfaces/cmake/export_arlo_interfaces__rosidl_typesupport_fastrtps_cExport-noconfig.cmake
-- Up-to-date: /home/monica/ros2_brazoPG/install/arlo_interfaces/share/arlo_interfaces/cmake/arlo_interfaces__rosidl_typesupport_introspection_cExport.cmake
-- Up-to-date: /home/monica/ros2_brazoPG/install/arlo_interfaces/share/arlo_interfaces/cmake/arlo_interfaces__rosidl_typesupport_introspection_cExport-noconfig.cmake
-- Up-to-date: /home/monica/ros2_brazoPG/install/arlo_interfaces/share/arlo_interfaces/cmake/arlo_interfaces__rosidl_typesupport_cExport.cmake
-- Up-to-date: /home/monica/ros2_brazoPG/install/arlo_interfaces/share/arlo_interfaces/cmake/arlo_interfaces__rosidl_typesupport_cExport-noconfig.cmake
-- Up-to-date: /home/monica/ros2_brazoPG/install/arlo_interfaces/share/arlo_interfaces/cmake/export_arlo_interfaces__rosidl_generator_cppExport.cmake
-- Up-to-date: /home/monica/ros2_brazoPG/install/arlo_interfaces/share/arlo_interfaces/cmake/export_arlo_interfaces__rosidl_typesupport_fastrtps_cppExport.cmake
-- Up-to-date: /home/monica/ros2_brazoPG/install/arlo_interfaces/share/arlo_interfaces/cmake/export_arlo_interfaces__rosidl_typesupport_fastrtps_cppExport-noconfig.cmake
-- Up-to-date: /home/monica/ros2_brazoPG/install/arlo_interfaces/share/arlo_interfaces/cmake/arlo_interfaces__rosidl_typesupport_introspection_cppExport.cmake
-- Up-to-date: /home/monica/ros2_brazoPG/install/arlo_interfaces/share/arlo_interfaces/cmake/arlo_interfaces__rosidl_typesupport_introspection_cppExport-noconfig.cmake
-- Up-to-date: /home/monica/ros2_brazoPG/install/arlo_interfaces/share/arlo_interfaces/cmake/arlo_interfaces__rosidl_typesupport_cppExport.cmake
-- Up-to-date: /home/monica/ros2_brazoPG/install/arlo_interfaces/share/arlo_interfaces/cmake/arlo_interfaces__rosidl_typesupport_cppExport-noconfig.cmake
-- Up-to-date: /home/monica/ros2_brazoPG/install/arlo_interfaces/share/arlo_interfaces/cmake/export_arlo_interfaces__rosidl_generator_pyExport.cmake
-- Up-to-date: /home/monica/ros2_brazoPG/install/arlo_interfaces/share/arlo_interfaces/cmake/export_arlo_interfaces__rosidl_generator_pyExport-noconfig.cmake
-- Up-to-date: /home/monica/ros2_brazoPG/install/arlo_interfaces/share/arlo_interfaces/cmake/rosidl_cmake-extras.cmake
-- Up-to-date: /home/monica/ros2_brazoPG/install/arlo_interfaces/share/arlo_interfaces/cmake/ament_cmake_export_dependencies-extras.cmake
-- Up-to-date: /home/monica/ros2_brazoPG/install/arlo_interfaces/share/arlo_interfaces/cmake/ament_cmake_export_include_directories-extras.cmake
-- Up-to-date: /home/monica/ros2_brazoPG/install/arlo_interfaces/share/arlo_interfaces/cmake/ament_cmake_export_libraries-extras.cmake
-- Up-to-date: /home/monica/ros2_brazoPG/install/arlo_interfaces/share/arlo_interfaces/cmake/ament_cmake_export_targets-extras.cmake
-- Up-to-date: /home/monica/ros2_brazoPG/install/arlo_interfaces/share/arlo_interfaces/cmake/rosidl_cmake_export_typesupport_targets-extras.cmake
-- Up-to-date: /home/monica/ros2_brazoPG/install/arlo_interfaces/share/arlo_interfaces/cmake/rosidl_cmake_export_typesupport_libraries-extras.cmake
-- Up-to-date: /home/monica/ros2_brazoPG/install/arlo_interfaces/share/arlo_interfaces/cmake/arlo_interfacesConfig.cmake
-- Up-to-date: /home/monica/ros2_brazoPG/install/arlo_interfaces/share/arlo_interfaces/cmake/arlo_interfacesConfig-version.cmake
-- Up-to-date: /home/monica/ros2_brazoPG/install/arlo_interfaces/share/arlo_interfaces/package.xml
