[0.096s] Invoking command in '/home/monica/ros2_brazoPG/build/arlo_interfaces': CMAKE_PREFIX_PATH=${CMAKE_PREFIX_PATH}:/home/monica/ros2_ws/install/modulos:/opt/ros/iron /usr/bin/cmake --build /home/monica/ros2_brazoPG/build/arlo_interfaces -- -j2 -l2
[0.507s] [  1%] Built target arlo_interfaces__rosidl_generator_type_description
[0.666s] [  1%] Built target ament_cmake_python_copy_arlo_interfaces
[0.766s] [  3%] Built target arlo_interfaces__cpp
[0.832s] [35m[1mConsolidate compiler generated dependencies of target arlo_interfaces__rosidl_generator_c[0m
[0.911s] [ 24%] Built target arlo_interfaces__rosidl_generator_c
[1.919s] running egg_info
[1.922s] writing arlo_interfaces.egg-info/PKG-INFO
[1.922s] writing dependency_links to arlo_interfaces.egg-info/dependency_links.txt
[1.926s] writing top-level names to arlo_interfaces.egg-info/top_level.txt
[1.940s] reading manifest file 'arlo_interfaces.egg-info/SOURCES.txt'
[1.943s] writing manifest file 'arlo_interfaces.egg-info/SOURCES.txt'
[2.076s] [ 24%] Built target ament_cmake_python_build_arlo_interfaces_egg
[2.133s] [35m[1mConsolidate compiler generated dependencies of target arlo_interfaces__rosidl_typesupport_fastrtps_cpp[0m
[2.237s] [ 33%] Built target arlo_interfaces__rosidl_typesupport_fastrtps_cpp
[2.333s] [35m[1mConsolidate compiler generated dependencies of target arlo_interfaces__rosidl_typesupport_introspection_cpp[0m
[2.419s] [ 42%] Built target arlo_interfaces__rosidl_typesupport_introspection_cpp
[2.488s] [35m[1mConsolidate compiler generated dependencies of target arlo_interfaces__rosidl_typesupport_cpp[0m
[2.576s] [ 51%] Built target arlo_interfaces__rosidl_typesupport_cpp
[2.682s] [35m[1mConsolidate compiler generated dependencies of target arlo_interfaces__rosidl_typesupport_fastrtps_c[0m
[2.808s] [ 61%] Built target arlo_interfaces__rosidl_typesupport_fastrtps_c
[2.882s] [35m[1mConsolidate compiler generated dependencies of target arlo_interfaces__rosidl_typesupport_introspection_c[0m
[2.957s] [ 70%] Built target arlo_interfaces__rosidl_typesupport_introspection_c
[3.022s] [35m[1mConsolidate compiler generated dependencies of target arlo_interfaces__rosidl_typesupport_c[0m
[3.074s] [ 79%] Built target arlo_interfaces__rosidl_typesupport_c
[3.145s] [ 79%] Built target arlo_interfaces
[3.252s] [ 81%] Built target arlo_interfaces__py
[3.329s] [35m[1mConsolidate compiler generated dependencies of target arlo_interfaces__rosidl_generator_py[0m
[3.405s] [ 88%] Built target arlo_interfaces__rosidl_generator_py
[3.466s] [35m[1mConsolidate compiler generated dependencies of target arlo_interfaces__rosidl_typesupport_fastrtps_c__pyext[0m
[3.565s] [ 92%] Built target arlo_interfaces__rosidl_typesupport_fastrtps_c__pyext
[3.622s] [35m[1mConsolidate compiler generated dependencies of target arlo_interfaces__rosidl_typesupport_introspection_c__pyext[0m
[3.682s] [ 96%] Built target arlo_interfaces__rosidl_typesupport_introspection_c__pyext
[3.720s] [35m[1mConsolidate compiler generated dependencies of target arlo_interfaces__rosidl_typesupport_c__pyext[0m
[3.770s] [100%] Built target arlo_interfaces__rosidl_typesupport_c__pyext
[3.813s] Invoked command in '/home/monica/ros2_brazoPG/build/arlo_interfaces' returned '0': CMAKE_PREFIX_PATH=${CMAKE_PREFIX_PATH}:/home/monica/ros2_ws/install/modulos:/opt/ros/iron /usr/bin/cmake --build /home/monica/ros2_brazoPG/build/arlo_interfaces -- -j2 -l2
[3.872s] Invoking command in '/home/monica/ros2_brazoPG/build/arlo_interfaces': CMAKE_PREFIX_PATH=${CMAKE_PREFIX_PATH}:/home/monica/ros2_ws/install/modulos:/opt/ros/iron /usr/bin/cmake --install /home/monica/ros2_brazoPG/build/arlo_interfaces
[3.919s] -- Install configuration: ""
[3.924s] -- Up-to-date: /home/monica/ros2_brazoPG/install/arlo_interfaces/share/ament_index/resource_index/rosidl_interfaces/arlo_interfaces
[3.924s] -- Up-to-date: /home/monica/ros2_brazoPG/install/arlo_interfaces/share/arlo_interfaces/srv/EvaluateTree.json
[3.925s] -- Up-to-date: /home/monica/ros2_brazoPG/install/arlo_interfaces/share/arlo_interfaces/srv/ActuatorValuesService.json
[3.927s] -- Up-to-date: /home/monica/ros2_brazoPG/install/arlo_interfaces/share/arlo_interfaces/msg/Array.json
[3.929s] -- Up-to-date: /home/monica/ros2_brazoPG/install/arlo_interfaces/include/arlo_interfaces/arlo_interfaces
[3.929s] -- Up-to-date: /home/monica/ros2_brazoPG/install/arlo_interfaces/include/arlo_interfaces/arlo_interfaces/srv
[3.930s] -- Up-to-date: /home/monica/ros2_brazoPG/install/arlo_interfaces/include/arlo_interfaces/arlo_interfaces/srv/actuator_values_service.h
[3.933s] -- Up-to-date: /home/monica/ros2_brazoPG/install/arlo_interfaces/include/arlo_interfaces/arlo_interfaces/srv/evaluate_tree.h
[3.934s] -- Up-to-date: /home/monica/ros2_brazoPG/install/arlo_interfaces/include/arlo_interfaces/arlo_interfaces/srv/detail
[3.934s] -- Up-to-date: /home/monica/ros2_brazoPG/install/arlo_interfaces/include/arlo_interfaces/arlo_interfaces/srv/detail/evaluate_tree__description.c
[3.935s] -- Up-to-date: /home/monica/ros2_brazoPG/install/arlo_interfaces/include/arlo_interfaces/arlo_interfaces/srv/detail/evaluate_tree__type_support.h
[3.937s] -- Up-to-date: /home/monica/ros2_brazoPG/install/arlo_interfaces/include/arlo_interfaces/arlo_interfaces/srv/detail/actuator_values_service__functions.h
[3.937s] -- Installing: /home/monica/ros2_brazoPG/install/arlo_interfaces/include/arlo_interfaces/arlo_interfaces/srv/detail/evaluate_tree__type_support.c
[3.937s] -- Up-to-date: /home/monica/ros2_brazoPG/install/arlo_interfaces/include/arlo_interfaces/arlo_interfaces/srv/detail/evaluate_tree__struct.h
[3.938s] -- Up-to-date: /home/monica/ros2_brazoPG/install/arlo_interfaces/include/arlo_interfaces/arlo_interfaces/srv/detail/actuator_values_service__functions.c
[3.940s] -- Up-to-date: /home/monica/ros2_brazoPG/install/arlo_interfaces/include/arlo_interfaces/arlo_interfaces/srv/detail/actuator_values_service__struct.h
[3.940s] -- Up-to-date: /home/monica/ros2_brazoPG/install/arlo_interfaces/include/arlo_interfaces/arlo_interfaces/srv/detail/evaluate_tree__functions.c
[3.941s] -- Up-to-date: /home/monica/ros2_brazoPG/install/arlo_interfaces/include/arlo_interfaces/arlo_interfaces/srv/detail/actuator_values_service__type_support.h
[3.945s] -- Up-to-date: /home/monica/ros2_brazoPG/install/arlo_interfaces/include/arlo_interfaces/arlo_interfaces/srv/detail/evaluate_tree__functions.h
[3.945s] -- Up-to-date: /home/monica/ros2_brazoPG/install/arlo_interfaces/include/arlo_interfaces/arlo_interfaces/srv/detail/actuator_values_service__description.c
[3.945s] -- Installing: /home/monica/ros2_brazoPG/install/arlo_interfaces/include/arlo_interfaces/arlo_interfaces/srv/detail/actuator_values_service__type_support.c
[3.946s] -- Up-to-date: /home/monica/ros2_brazoPG/install/arlo_interfaces/include/arlo_interfaces/arlo_interfaces/msg
[3.948s] -- Up-to-date: /home/monica/ros2_brazoPG/install/arlo_interfaces/include/arlo_interfaces/arlo_interfaces/msg/rosidl_generator_c__visibility_control.h
[3.948s] -- Up-to-date: /home/monica/ros2_brazoPG/install/arlo_interfaces/include/arlo_interfaces/arlo_interfaces/msg/array.h
[3.949s] -- Up-to-date: /home/monica/ros2_brazoPG/install/arlo_interfaces/include/arlo_interfaces/arlo_interfaces/msg/detail
[3.949s] -- Up-to-date: /home/monica/ros2_brazoPG/install/arlo_interfaces/include/arlo_interfaces/arlo_interfaces/msg/detail/array__functions.h
[3.951s] -- Up-to-date: /home/monica/ros2_brazoPG/install/arlo_interfaces/include/arlo_interfaces/arlo_interfaces/msg/detail/array__type_support.h
[3.951s] -- Up-to-date: /home/monica/ros2_brazoPG/install/arlo_interfaces/include/arlo_interfaces/arlo_interfaces/msg/detail/array__description.c
[3.952s] -- Installing: /home/monica/ros2_brazoPG/install/arlo_interfaces/include/arlo_interfaces/arlo_interfaces/msg/detail/array__type_support.c
[3.952s] -- Up-to-date: /home/monica/ros2_brazoPG/install/arlo_interfaces/include/arlo_interfaces/arlo_interfaces/msg/detail/array__struct.h
[3.956s] -- Up-to-date: /home/monica/ros2_brazoPG/install/arlo_interfaces/include/arlo_interfaces/arlo_interfaces/msg/detail/array__functions.c
[3.956s] -- Up-to-date: /home/monica/ros2_brazoPG/install/arlo_interfaces/share/arlo_interfaces/environment/library_path.sh
[3.956s] -- Up-to-date: /home/monica/ros2_brazoPG/install/arlo_interfaces/share/arlo_interfaces/environment/library_path.dsv
[3.956s] -- Up-to-date: /home/monica/ros2_brazoPG/install/arlo_interfaces/lib/libarlo_interfaces__rosidl_generator_c.so
[3.957s] -- Up-to-date: /home/monica/ros2_brazoPG/install/arlo_interfaces/include/arlo_interfaces/arlo_interfaces
[3.957s] -- Up-to-date: /home/monica/ros2_brazoPG/install/arlo_interfaces/include/arlo_interfaces/arlo_interfaces/srv
[3.963s] -- Up-to-date: /home/monica/ros2_brazoPG/install/arlo_interfaces/include/arlo_interfaces/arlo_interfaces/srv/detail
[3.963s] -- Up-to-date: /home/monica/ros2_brazoPG/install/arlo_interfaces/include/arlo_interfaces/arlo_interfaces/srv/detail/actuator_values_service__rosidl_typesupport_fastrtps_c.h
[3.964s] -- Up-to-date: /home/monica/ros2_brazoPG/install/arlo_interfaces/include/arlo_interfaces/arlo_interfaces/srv/detail/evaluate_tree__rosidl_typesupport_fastrtps_c.h
[3.964s] -- Up-to-date: /home/monica/ros2_brazoPG/install/arlo_interfaces/include/arlo_interfaces/arlo_interfaces/msg
[3.964s] -- Up-to-date: /home/monica/ros2_brazoPG/install/arlo_interfaces/include/arlo_interfaces/arlo_interfaces/msg/rosidl_typesupport_fastrtps_c__visibility_control.h
[3.964s] -- Up-to-date: /home/monica/ros2_brazoPG/install/arlo_interfaces/include/arlo_interfaces/arlo_interfaces/msg/detail
[3.964s] -- Up-to-date: /home/monica/ros2_brazoPG/install/arlo_interfaces/include/arlo_interfaces/arlo_interfaces/msg/detail/array__rosidl_typesupport_fastrtps_c.h
[3.965s] -- Up-to-date: /home/monica/ros2_brazoPG/install/arlo_interfaces/lib/libarlo_interfaces__rosidl_typesupport_fastrtps_c.so
[3.969s] -- Up-to-date: /home/monica/ros2_brazoPG/install/arlo_interfaces/include/arlo_interfaces/arlo_interfaces
[3.969s] -- Up-to-date: /home/monica/ros2_brazoPG/install/arlo_interfaces/include/arlo_interfaces/arlo_interfaces/srv
[3.970s] -- Up-to-date: /home/monica/ros2_brazoPG/install/arlo_interfaces/include/arlo_interfaces/arlo_interfaces/srv/detail
[3.970s] -- Installing: /home/monica/ros2_brazoPG/install/arlo_interfaces/include/arlo_interfaces/arlo_interfaces/srv/detail/evaluate_tree__type_support.c
[3.970s] -- Up-to-date: /home/monica/ros2_brazoPG/install/arlo_interfaces/include/arlo_interfaces/arlo_interfaces/srv/detail/actuator_values_service__rosidl_typesupport_introspection_c.h
[3.970s] -- Up-to-date: /home/monica/ros2_brazoPG/install/arlo_interfaces/include/arlo_interfaces/arlo_interfaces/srv/detail/evaluate_tree__rosidl_typesupport_introspection_c.h
[3.970s] -- Installing: /home/monica/ros2_brazoPG/install/arlo_interfaces/include/arlo_interfaces/arlo_interfaces/srv/detail/actuator_values_service__type_support.c
[3.971s] -- Up-to-date: /home/monica/ros2_brazoPG/install/arlo_interfaces/include/arlo_interfaces/arlo_interfaces/msg
[3.971s] -- Up-to-date: /home/monica/ros2_brazoPG/install/arlo_interfaces/include/arlo_interfaces/arlo_interfaces/msg/detail
[3.977s] -- Up-to-date: /home/monica/ros2_brazoPG/install/arlo_interfaces/include/arlo_interfaces/arlo_interfaces/msg/detail/array__rosidl_typesupport_introspection_c.h
[3.978s] -- Installing: /home/monica/ros2_brazoPG/install/arlo_interfaces/include/arlo_interfaces/arlo_interfaces/msg/detail/array__type_support.c
[3.978s] -- Up-to-date: /home/monica/ros2_brazoPG/install/arlo_interfaces/include/arlo_interfaces/arlo_interfaces/msg/rosidl_typesupport_introspection_c__visibility_control.h
[3.978s] -- Up-to-date: /home/monica/ros2_brazoPG/install/arlo_interfaces/lib/libarlo_interfaces__rosidl_typesupport_introspection_c.so
[3.983s] -- Up-to-date: /home/monica/ros2_brazoPG/install/arlo_interfaces/lib/libarlo_interfaces__rosidl_typesupport_c.so
[3.984s] -- Up-to-date: /home/monica/ros2_brazoPG/install/arlo_interfaces/include/arlo_interfaces/arlo_interfaces
[3.990s] -- Up-to-date: /home/monica/ros2_brazoPG/install/arlo_interfaces/include/arlo_interfaces/arlo_interfaces/srv
[3.990s] -- Up-to-date: /home/monica/ros2_brazoPG/install/arlo_interfaces/include/arlo_interfaces/arlo_interfaces/srv/evaluate_tree.hpp
[3.991s] -- Up-to-date: /home/monica/ros2_brazoPG/install/arlo_interfaces/include/arlo_interfaces/arlo_interfaces/srv/detail
[3.991s] -- Up-to-date: /home/monica/ros2_brazoPG/install/arlo_interfaces/include/arlo_interfaces/arlo_interfaces/srv/detail/evaluate_tree__builder.hpp
[3.991s] -- Up-to-date: /home/monica/ros2_brazoPG/install/arlo_interfaces/include/arlo_interfaces/arlo_interfaces/srv/detail/actuator_values_service__builder.hpp
[3.991s] -- Up-to-date: /home/monica/ros2_brazoPG/install/arlo_interfaces/include/arlo_interfaces/arlo_interfaces/srv/detail/actuator_values_service__traits.hpp
[3.991s] -- Up-to-date: /home/monica/ros2_brazoPG/install/arlo_interfaces/include/arlo_interfaces/arlo_interfaces/srv/detail/actuator_values_service__struct.hpp
[3.992s] -- Up-to-date: /home/monica/ros2_brazoPG/install/arlo_interfaces/include/arlo_interfaces/arlo_interfaces/srv/detail/evaluate_tree__traits.hpp
[3.992s] -- Up-to-date: /home/monica/ros2_brazoPG/install/arlo_interfaces/include/arlo_interfaces/arlo_interfaces/srv/detail/evaluate_tree__struct.hpp
[3.998s] -- Up-to-date: /home/monica/ros2_brazoPG/install/arlo_interfaces/include/arlo_interfaces/arlo_interfaces/srv/actuator_values_service.hpp
[3.998s] -- Up-to-date: /home/monica/ros2_brazoPG/install/arlo_interfaces/include/arlo_interfaces/arlo_interfaces/msg
[3.998s] -- Up-to-date: /home/monica/ros2_brazoPG/install/arlo_interfaces/include/arlo_interfaces/arlo_interfaces/msg/array.hpp
[3.998s] -- Up-to-date: /home/monica/ros2_brazoPG/install/arlo_interfaces/include/arlo_interfaces/arlo_interfaces/msg/detail
[3.999s] -- Up-to-date: /home/monica/ros2_brazoPG/install/arlo_interfaces/include/arlo_interfaces/arlo_interfaces/msg/detail/array__traits.hpp
[4.005s] -- Up-to-date: /home/monica/ros2_brazoPG/install/arlo_interfaces/include/arlo_interfaces/arlo_interfaces/msg/detail/array__builder.hpp
[4.005s] -- Up-to-date: /home/monica/ros2_brazoPG/install/arlo_interfaces/include/arlo_interfaces/arlo_interfaces/msg/detail/array__struct.hpp
[4.006s] -- Up-to-date: /home/monica/ros2_brazoPG/install/arlo_interfaces/include/arlo_interfaces/arlo_interfaces
[4.006s] -- Up-to-date: /home/monica/ros2_brazoPG/install/arlo_interfaces/include/arlo_interfaces/arlo_interfaces/srv
[4.012s] -- Up-to-date: /home/monica/ros2_brazoPG/install/arlo_interfaces/include/arlo_interfaces/arlo_interfaces/srv/detail
[4.012s] -- Up-to-date: /home/monica/ros2_brazoPG/install/arlo_interfaces/include/arlo_interfaces/arlo_interfaces/srv/detail/actuator_values_service__rosidl_typesupport_fastrtps_cpp.hpp
[4.013s] -- Up-to-date: /home/monica/ros2_brazoPG/install/arlo_interfaces/include/arlo_interfaces/arlo_interfaces/srv/detail/dds_fastrtps
[4.013s] -- Up-to-date: /home/monica/ros2_brazoPG/install/arlo_interfaces/include/arlo_interfaces/arlo_interfaces/srv/detail/evaluate_tree__rosidl_typesupport_fastrtps_cpp.hpp
[4.013s] -- Up-to-date: /home/monica/ros2_brazoPG/install/arlo_interfaces/include/arlo_interfaces/arlo_interfaces/msg
[4.013s] -- Up-to-date: /home/monica/ros2_brazoPG/install/arlo_interfaces/include/arlo_interfaces/arlo_interfaces/msg/rosidl_typesupport_fastrtps_cpp__visibility_control.h
[4.013s] -- Up-to-date: /home/monica/ros2_brazoPG/install/arlo_interfaces/include/arlo_interfaces/arlo_interfaces/msg/detail
[4.014s] -- Up-to-date: /home/monica/ros2_brazoPG/install/arlo_interfaces/include/arlo_interfaces/arlo_interfaces/msg/detail/dds_fastrtps
[4.019s] -- Up-to-date: /home/monica/ros2_brazoPG/install/arlo_interfaces/include/arlo_interfaces/arlo_interfaces/msg/detail/array__rosidl_typesupport_fastrtps_cpp.hpp
[4.020s] -- Up-to-date: /home/monica/ros2_brazoPG/install/arlo_interfaces/lib/libarlo_interfaces__rosidl_typesupport_fastrtps_cpp.so
[4.020s] -- Up-to-date: /home/monica/ros2_brazoPG/install/arlo_interfaces/include/arlo_interfaces/arlo_interfaces
[4.020s] -- Up-to-date: /home/monica/ros2_brazoPG/install/arlo_interfaces/include/arlo_interfaces/arlo_interfaces/srv
[4.020s] -- Up-to-date: /home/monica/ros2_brazoPG/install/arlo_interfaces/include/arlo_interfaces/arlo_interfaces/srv/detail
[4.021s] -- Up-to-date: /home/monica/ros2_brazoPG/install/arlo_interfaces/include/arlo_interfaces/arlo_interfaces/srv/detail/actuator_values_service__type_support.cpp
[4.021s] -- Up-to-date: /home/monica/ros2_brazoPG/install/arlo_interfaces/include/arlo_interfaces/arlo_interfaces/srv/detail/actuator_values_service__rosidl_typesupport_introspection_cpp.hpp
[4.025s] -- Up-to-date: /home/monica/ros2_brazoPG/install/arlo_interfaces/include/arlo_interfaces/arlo_interfaces/srv/detail/evaluate_tree__type_support.cpp
[4.025s] -- Up-to-date: /home/monica/ros2_brazoPG/install/arlo_interfaces/include/arlo_interfaces/arlo_interfaces/srv/detail/evaluate_tree__rosidl_typesupport_introspection_cpp.hpp
[4.026s] -- Up-to-date: /home/monica/ros2_brazoPG/install/arlo_interfaces/include/arlo_interfaces/arlo_interfaces/msg
[4.031s] -- Up-to-date: /home/monica/ros2_brazoPG/install/arlo_interfaces/include/arlo_interfaces/arlo_interfaces/msg/detail
[4.032s] -- Up-to-date: /home/monica/ros2_brazoPG/install/arlo_interfaces/include/arlo_interfaces/arlo_interfaces/msg/detail/array__type_support.cpp
[4.032s] -- Up-to-date: /home/monica/ros2_brazoPG/install/arlo_interfaces/include/arlo_interfaces/arlo_interfaces/msg/detail/array__rosidl_typesupport_introspection_cpp.hpp
[4.032s] -- Up-to-date: /home/monica/ros2_brazoPG/install/arlo_interfaces/lib/libarlo_interfaces__rosidl_typesupport_introspection_cpp.so
[4.032s] -- Up-to-date: /home/monica/ros2_brazoPG/install/arlo_interfaces/lib/libarlo_interfaces__rosidl_typesupport_cpp.so
[4.033s] -- Up-to-date: /home/monica/ros2_brazoPG/install/arlo_interfaces/share/arlo_interfaces/environment/pythonpath.sh
[4.033s] -- Up-to-date: /home/monica/ros2_brazoPG/install/arlo_interfaces/share/arlo_interfaces/environment/pythonpath.dsv
[4.040s] -- Up-to-date: /home/monica/ros2_brazoPG/install/arlo_interfaces/lib/python3.10/site-packages/arlo_interfaces-0.0.0-py3.10.egg-info
[4.040s] -- Installing: /home/monica/ros2_brazoPG/install/arlo_interfaces/lib/python3.10/site-packages/arlo_interfaces-0.0.0-py3.10.egg-info/PKG-INFO
[4.040s] -- Installing: /home/monica/ros2_brazoPG/install/arlo_interfaces/lib/python3.10/site-packages/arlo_interfaces-0.0.0-py3.10.egg-info/top_level.txt
[4.040s] -- Installing: /home/monica/ros2_brazoPG/install/arlo_interfaces/lib/python3.10/site-packages/arlo_interfaces-0.0.0-py3.10.egg-info/dependency_links.txt
[4.041s] -- Installing: /home/monica/ros2_brazoPG/install/arlo_interfaces/lib/python3.10/site-packages/arlo_interfaces-0.0.0-py3.10.egg-info/SOURCES.txt
[4.041s] -- Up-to-date: /home/monica/ros2_brazoPG/install/arlo_interfaces/lib/python3.10/site-packages/arlo_interfaces
[4.041s] -- Up-to-date: /home/monica/ros2_brazoPG/install/arlo_interfaces/lib/python3.10/site-packages/arlo_interfaces/arlo_interfaces_s__rosidl_typesupport_c.cpython-310-x86_64-linux-gnu.so
[4.041s] -- Up-to-date: /home/monica/ros2_brazoPG/install/arlo_interfaces/lib/python3.10/site-packages/arlo_interfaces/arlo_interfaces_s__rosidl_typesupport_fastrtps_c.cpython-310-x86_64-linux-gnu.so
[4.041s] -- Up-to-date: /home/monica/ros2_brazoPG/install/arlo_interfaces/lib/python3.10/site-packages/arlo_interfaces/_arlo_interfaces_s.ep.rosidl_typesupport_introspection_c.c
[4.041s] -- Up-to-date: /home/monica/ros2_brazoPG/install/arlo_interfaces/lib/python3.10/site-packages/arlo_interfaces/srv
[4.042s] -- Up-to-date: /home/monica/ros2_brazoPG/install/arlo_interfaces/lib/python3.10/site-packages/arlo_interfaces/srv/_actuator_values_service.py
[4.049s] -- Up-to-date: /home/monica/ros2_brazoPG/install/arlo_interfaces/lib/python3.10/site-packages/arlo_interfaces/srv/_actuator_values_service_s.c
[4.049s] -- Up-to-date: /home/monica/ros2_brazoPG/install/arlo_interfaces/lib/python3.10/site-packages/arlo_interfaces/srv/_evaluate_tree_s.c
[4.050s] -- Up-to-date: /home/monica/ros2_brazoPG/install/arlo_interfaces/lib/python3.10/site-packages/arlo_interfaces/srv/__init__.py
[4.050s] -- Up-to-date: /home/monica/ros2_brazoPG/install/arlo_interfaces/lib/python3.10/site-packages/arlo_interfaces/srv/_evaluate_tree.py
[4.053s] -- Up-to-date: /home/monica/ros2_brazoPG/install/arlo_interfaces/lib/python3.10/site-packages/arlo_interfaces/libarlo_interfaces__rosidl_generator_py.so
[4.054s] -- Up-to-date: /home/monica/ros2_brazoPG/install/arlo_interfaces/lib/python3.10/site-packages/arlo_interfaces/_arlo_interfaces_s.ep.rosidl_typesupport_fastrtps_c.c
[4.057s] -- Up-to-date: /home/monica/ros2_brazoPG/install/arlo_interfaces/lib/python3.10/site-packages/arlo_interfaces/__init__.py
[4.057s] -- Up-to-date: /home/monica/ros2_brazoPG/install/arlo_interfaces/lib/python3.10/site-packages/arlo_interfaces/msg
[4.057s] -- Up-to-date: /home/monica/ros2_brazoPG/install/arlo_interfaces/lib/python3.10/site-packages/arlo_interfaces/msg/_array_s.c
[4.058s] -- Up-to-date: /home/monica/ros2_brazoPG/install/arlo_interfaces/lib/python3.10/site-packages/arlo_interfaces/msg/_array.py
[4.063s] -- Up-to-date: /home/monica/ros2_brazoPG/install/arlo_interfaces/lib/python3.10/site-packages/arlo_interfaces/msg/__init__.py
[4.063s] -- Up-to-date: /home/monica/ros2_brazoPG/install/arlo_interfaces/lib/python3.10/site-packages/arlo_interfaces/_arlo_interfaces_s.ep.rosidl_typesupport_c.c
[4.063s] -- Up-to-date: /home/monica/ros2_brazoPG/install/arlo_interfaces/lib/python3.10/site-packages/arlo_interfaces/arlo_interfaces_s__rosidl_typesupport_introspection_c.cpython-310-x86_64-linux-gnu.so
[4.208s] Listing '/home/monica/ros2_brazoPG/install/arlo_interfaces/lib/python3.10/site-packages/arlo_interfaces'...
[4.209s] Listing '/home/monica/ros2_brazoPG/install/arlo_interfaces/lib/python3.10/site-packages/arlo_interfaces/msg'...
[4.209s] Listing '/home/monica/ros2_brazoPG/install/arlo_interfaces/lib/python3.10/site-packages/arlo_interfaces/srv'...
[4.233s] -- Up-to-date: /home/monica/ros2_brazoPG/install/arlo_interfaces/lib/python3.10/site-packages/arlo_interfaces/arlo_interfaces_s__rosidl_typesupport_fastrtps_c.cpython-310-x86_64-linux-gnu.so
[4.237s] -- Up-to-date: /home/monica/ros2_brazoPG/install/arlo_interfaces/lib/python3.10/site-packages/arlo_interfaces/arlo_interfaces_s__rosidl_typesupport_introspection_c.cpython-310-x86_64-linux-gnu.so
[4.244s] -- Up-to-date: /home/monica/ros2_brazoPG/install/arlo_interfaces/lib/python3.10/site-packages/arlo_interfaces/arlo_interfaces_s__rosidl_typesupport_c.cpython-310-x86_64-linux-gnu.so
[4.247s] -- Up-to-date: /home/monica/ros2_brazoPG/install/arlo_interfaces/lib/libarlo_interfaces__rosidl_generator_py.so
[4.247s] -- Up-to-date: /home/monica/ros2_brazoPG/install/arlo_interfaces/share/arlo_interfaces/srv/EvaluateTree.idl
[4.247s] -- Up-to-date: /home/monica/ros2_brazoPG/install/arlo_interfaces/share/arlo_interfaces/srv/ActuatorValuesService.idl
[4.248s] -- Up-to-date: /home/monica/ros2_brazoPG/install/arlo_interfaces/share/arlo_interfaces/msg/Array.idl
[4.248s] -- Up-to-date: /home/monica/ros2_brazoPG/install/arlo_interfaces/share/arlo_interfaces/srv/EvaluateTree.srv
[4.248s] -- Up-to-date: /home/monica/ros2_brazoPG/install/arlo_interfaces/share/arlo_interfaces/srv/EvaluateTree_Request.msg
[4.253s] -- Up-to-date: /home/monica/ros2_brazoPG/install/arlo_interfaces/share/arlo_interfaces/srv/EvaluateTree_Response.msg
[4.254s] -- Up-to-date: /home/monica/ros2_brazoPG/install/arlo_interfaces/share/arlo_interfaces/srv/ActuatorValuesService.srv
[4.254s] -- Up-to-date: /home/monica/ros2_brazoPG/install/arlo_interfaces/share/arlo_interfaces/srv/ActuatorValuesService_Request.msg
[4.255s] -- Up-to-date: /home/monica/ros2_brazoPG/install/arlo_interfaces/share/arlo_interfaces/srv/ActuatorValuesService_Response.msg
[4.255s] -- Up-to-date: /home/monica/ros2_brazoPG/install/arlo_interfaces/share/arlo_interfaces/msg/Array.msg
[4.255s] -- Up-to-date: /home/monica/ros2_brazoPG/install/arlo_interfaces/share/ament_index/resource_index/package_run_dependencies/arlo_interfaces
[4.255s] -- Up-to-date: /home/monica/ros2_brazoPG/install/arlo_interfaces/share/ament_index/resource_index/parent_prefix_path/arlo_interfaces
[4.256s] -- Up-to-date: /home/monica/ros2_brazoPG/install/arlo_interfaces/share/arlo_interfaces/environment/ament_prefix_path.sh
[4.256s] -- Up-to-date: /home/monica/ros2_brazoPG/install/arlo_interfaces/share/arlo_interfaces/environment/ament_prefix_path.dsv
[4.260s] -- Up-to-date: /home/monica/ros2_brazoPG/install/arlo_interfaces/share/arlo_interfaces/environment/path.sh
[4.261s] -- Up-to-date: /home/monica/ros2_brazoPG/install/arlo_interfaces/share/arlo_interfaces/environment/path.dsv
[4.261s] -- Up-to-date: /home/monica/ros2_brazoPG/install/arlo_interfaces/share/arlo_interfaces/local_setup.bash
[4.261s] -- Up-to-date: /home/monica/ros2_brazoPG/install/arlo_interfaces/share/arlo_interfaces/local_setup.sh
[4.261s] -- Up-to-date: /home/monica/ros2_brazoPG/install/arlo_interfaces/share/arlo_interfaces/local_setup.zsh
[4.261s] -- Up-to-date: /home/monica/ros2_brazoPG/install/arlo_interfaces/share/arlo_interfaces/local_setup.dsv
[4.262s] -- Installing: /home/monica/ros2_brazoPG/install/arlo_interfaces/share/arlo_interfaces/package.dsv
[4.266s] -- Up-to-date: /home/monica/ros2_brazoPG/install/arlo_interfaces/share/ament_index/resource_index/packages/arlo_interfaces
[4.268s] -- Up-to-date: /home/monica/ros2_brazoPG/install/arlo_interfaces/share/arlo_interfaces/cmake/export_arlo_interfaces__rosidl_generator_cExport.cmake
[4.268s] -- Up-to-date: /home/monica/ros2_brazoPG/install/arlo_interfaces/share/arlo_interfaces/cmake/export_arlo_interfaces__rosidl_generator_cExport-noconfig.cmake
[4.268s] -- Up-to-date: /home/monica/ros2_brazoPG/install/arlo_interfaces/share/arlo_interfaces/cmake/export_arlo_interfaces__rosidl_typesupport_fastrtps_cExport.cmake
[4.268s] -- Up-to-date: /home/monica/ros2_brazoPG/install/arlo_interfaces/share/arlo_interfaces/cmake/export_arlo_interfaces__rosidl_typesupport_fastrtps_cExport-noconfig.cmake
[4.269s] -- Up-to-date: /home/monica/ros2_brazoPG/install/arlo_interfaces/share/arlo_interfaces/cmake/arlo_interfaces__rosidl_typesupport_introspection_cExport.cmake
[4.269s] -- Up-to-date: /home/monica/ros2_brazoPG/install/arlo_interfaces/share/arlo_interfaces/cmake/arlo_interfaces__rosidl_typesupport_introspection_cExport-noconfig.cmake
[4.273s] -- Up-to-date: /home/monica/ros2_brazoPG/install/arlo_interfaces/share/arlo_interfaces/cmake/arlo_interfaces__rosidl_typesupport_cExport.cmake
[4.273s] -- Up-to-date: /home/monica/ros2_brazoPG/install/arlo_interfaces/share/arlo_interfaces/cmake/arlo_interfaces__rosidl_typesupport_cExport-noconfig.cmake
[4.273s] -- Up-to-date: /home/monica/ros2_brazoPG/install/arlo_interfaces/share/arlo_interfaces/cmake/export_arlo_interfaces__rosidl_generator_cppExport.cmake
[4.274s] -- Up-to-date: /home/monica/ros2_brazoPG/install/arlo_interfaces/share/arlo_interfaces/cmake/export_arlo_interfaces__rosidl_typesupport_fastrtps_cppExport.cmake
[4.274s] -- Up-to-date: /home/monica/ros2_brazoPG/install/arlo_interfaces/share/arlo_interfaces/cmake/export_arlo_interfaces__rosidl_typesupport_fastrtps_cppExport-noconfig.cmake
[4.274s] -- Up-to-date: /home/monica/ros2_brazoPG/install/arlo_interfaces/share/arlo_interfaces/cmake/arlo_interfaces__rosidl_typesupport_introspection_cppExport.cmake
[4.274s] -- Up-to-date: /home/monica/ros2_brazoPG/install/arlo_interfaces/share/arlo_interfaces/cmake/arlo_interfaces__rosidl_typesupport_introspection_cppExport-noconfig.cmake
[4.274s] -- Up-to-date: /home/monica/ros2_brazoPG/install/arlo_interfaces/share/arlo_interfaces/cmake/arlo_interfaces__rosidl_typesupport_cppExport.cmake
[4.275s] -- Up-to-date: /home/monica/ros2_brazoPG/install/arlo_interfaces/share/arlo_interfaces/cmake/arlo_interfaces__rosidl_typesupport_cppExport-noconfig.cmake
[4.275s] -- Up-to-date: /home/monica/ros2_brazoPG/install/arlo_interfaces/share/arlo_interfaces/cmake/export_arlo_interfaces__rosidl_generator_pyExport.cmake
[4.280s] -- Up-to-date: /home/monica/ros2_brazoPG/install/arlo_interfaces/share/arlo_interfaces/cmake/export_arlo_interfaces__rosidl_generator_pyExport-noconfig.cmake
[4.280s] -- Up-to-date: /home/monica/ros2_brazoPG/install/arlo_interfaces/share/arlo_interfaces/cmake/rosidl_cmake-extras.cmake
[4.281s] -- Up-to-date: /home/monica/ros2_brazoPG/install/arlo_interfaces/share/arlo_interfaces/cmake/ament_cmake_export_dependencies-extras.cmake
[4.281s] -- Up-to-date: /home/monica/ros2_brazoPG/install/arlo_interfaces/share/arlo_interfaces/cmake/ament_cmake_export_include_directories-extras.cmake
[4.281s] -- Up-to-date: /home/monica/ros2_brazoPG/install/arlo_interfaces/share/arlo_interfaces/cmake/ament_cmake_export_libraries-extras.cmake
[4.281s] -- Up-to-date: /home/monica/ros2_brazoPG/install/arlo_interfaces/share/arlo_interfaces/cmake/ament_cmake_export_targets-extras.cmake
[4.281s] -- Up-to-date: /home/monica/ros2_brazoPG/install/arlo_interfaces/share/arlo_interfaces/cmake/rosidl_cmake_export_typesupport_targets-extras.cmake
[4.281s] -- Up-to-date: /home/monica/ros2_brazoPG/install/arlo_interfaces/share/arlo_interfaces/cmake/rosidl_cmake_export_typesupport_libraries-extras.cmake
[4.282s] -- Up-to-date: /home/monica/ros2_brazoPG/install/arlo_interfaces/share/arlo_interfaces/cmake/arlo_interfacesConfig.cmake
[4.289s] -- Up-to-date: /home/monica/ros2_brazoPG/install/arlo_interfaces/share/arlo_interfaces/cmake/arlo_interfacesConfig-version.cmake
[4.289s] -- Up-to-date: /home/monica/ros2_brazoPG/install/arlo_interfaces/share/arlo_interfaces/package.xml
[4.292s] Invoked command in '/home/monica/ros2_brazoPG/build/arlo_interfaces' returned '0': CMAKE_PREFIX_PATH=${CMAKE_PREFIX_PATH}:/home/monica/ros2_ws/install/modulos:/opt/ros/iron /usr/bin/cmake --install /home/monica/ros2_brazoPG/build/arlo_interfaces
