[0.026s] Invoking command in '/home/monica/ros2_brazoPG/build/arlo_mejorado': CMAKE_PREFIX_PATH=${CMAKE_PREFIX_PATH}:/home/monica/ros2_ws/install/modulos:/opt/ros/iron /usr/bin/cmake /home/monica/ros2_brazoPG/src/arlo_mejorado_precision_llantas/arlo_mejorado -DCMAKE_INSTALL_PREFIX=/home/monica/ros2_brazoPG/install/arlo_mejorado
[0.178s] -- The C compiler identification is GNU 11.4.0
[0.336s] -- The CXX compiler identification is GNU 11.4.0
[0.358s] -- Detecting C compiler ABI info
[0.561s] -- Detecting C compiler ABI info - done
[0.575s] -- Check for working C compiler: /usr/bin/cc - skipped
[0.577s] -- Detecting C compile features
[0.577s] -- Detecting C compile features - done
[0.583s] -- Detecting CXX compiler ABI info
[0.785s] -- Detecting CXX compiler ABI info - done
[0.808s] -- Check for working CXX compiler: /usr/bin/c++ - skipped
[0.808s] -- Detecting CXX compile features
[0.809s] -- Detecting CXX compile features - done
[0.818s] -- Found ament_cmake: 2.0.7 (/opt/ros/iron/share/ament_cmake/cmake)
[1.303s] -- Found Python3: /usr/bin/python3.10 (found version "3.10.12") found components: Interpreter 
[1.551s] -- Found robot_state_publisher: 3.2.1 (/opt/ros/iron/share/robot_state_publisher/cmake)
[1.658s] -- Found rosidl_generator_c: 4.0.1 (/opt/ros/iron/share/rosidl_generator_c/cmake)
[1.700s] -- Found rosidl_generator_cpp: 4.0.1 (/opt/ros/iron/share/rosidl_generator_cpp/cmake)
[1.750s] -- Using all available rosidl_typesupport_c: rosidl_typesupport_fastrtps_c;rosidl_typesupport_introspection_c
[1.812s] -- Using all available rosidl_typesupport_cpp: rosidl_typesupport_fastrtps_cpp;rosidl_typesupport_introspection_cpp
[2.207s] -- Found eigen3_cmake_module: 0.2.2 (/opt/ros/iron/share/eigen3_cmake_module/cmake)
[2.210s] -- Found Eigen3: TRUE (found version "3.4.0") 
[2.210s] -- Ensuring Eigen3 include directory is part of orocos-kdl CMake target
[2.989s] -- Found rmw_implementation_cmake: 7.1.0 (/opt/ros/iron/share/rmw_implementation_cmake/cmake)
[3.012s] -- Found rmw_fastrtps_cpp: 7.1.4 (/opt/ros/iron/share/rmw_fastrtps_cpp/cmake)
[3.596s] -- Found OpenSSL: /usr/lib/x86_64-linux-gnu/libcrypto.so (found version "3.0.2")  
[3.702s] -- Found FastRTPS: /opt/ros/iron/include  
[3.847s] -- Using RMW implementation 'rmw_fastrtps_cpp' as default
[7.543s] -- Found gazebo_ros: 3.7.0 (/opt/ros/iron/share/gazebo_ros/cmake)
[7.614s] -- Found PkgConfig: /usr/bin/pkg-config (found version "0.29.2") 
[7.624s] -- Checking for module 'bullet>=2.82'
[7.691s] --   Found bullet, version 3.05
[8.189s] -- Found fcl: /usr/include (found suitable version "0.7.0", minimum required is "0.5.0") 
[8.444s] -- Found assimp: /usr/include (found version "5.2.0") 
[8.590s] -- Found DART: /usr/include (Required is at least version "6.6") found components: dart 
[9.232s] -- Found Boost: /usr/lib/x86_64-linux-gnu/cmake/Boost-1.74.0/BoostConfig.cmake (found suitable version "1.74.0", minimum required is "1.40.0") found components: thread system filesystem program_options regex iostreams date_time 
[9.351s] -- Found Protobuf: /usr/lib/x86_64-linux-gnu/libprotobuf.so (found version "3.12.4") 
[9.390s] -- Looking for ignition-math6 -- found version 6.15.1
[9.442s] -- Searching for dependencies of ignition-math6
[9.455s] -- Looking for OGRE...
[9.460s] -- OGRE_PREFIX_WATCH changed.
[9.482s] -- Checking for module 'OGRE'
[9.524s] --   Found OGRE, version 1.9.0
[9.619s] -- Found Ogre Ghadamon (1.9.0)
[9.674s] -- Found OGRE: optimized;/usr/lib/x86_64-linux-gnu/libOgreMain.so;debug;/usr/lib/x86_64-linux-gnu/libOgreMain.so
[9.718s] -- Looking for OGRE_Paging...
[9.776s] -- Found OGRE_Paging: optimized;/usr/lib/x86_64-linux-gnu/libOgrePaging.so;debug;/usr/lib/x86_64-linux-gnu/libOgrePaging.so
[9.778s] -- Looking for OGRE_Terrain...
[9.822s] -- Found OGRE_Terrain: optimized;/usr/lib/x86_64-linux-gnu/libOgreTerrain.so;debug;/usr/lib/x86_64-linux-gnu/libOgreTerrain.so
[9.822s] -- Looking for OGRE_Property...
[9.868s] -- Found OGRE_Property: optimized;/usr/lib/x86_64-linux-gnu/libOgreProperty.so;debug;/usr/lib/x86_64-linux-gnu/libOgreProperty.so
[9.868s] -- Looking for OGRE_RTShaderSystem...
[9.915s] -- Found OGRE_RTShaderSystem: optimized;/usr/lib/x86_64-linux-gnu/libOgreRTShaderSystem.so;debug;/usr/lib/x86_64-linux-gnu/libOgreRTShaderSystem.so
[9.918s] -- Looking for OGRE_Volume...
[9.957s] -- Found OGRE_Volume: optimized;/usr/lib/x86_64-linux-gnu/libOgreVolume.so;debug;/usr/lib/x86_64-linux-gnu/libOgreVolume.so
[9.957s] -- Looking for OGRE_Overlay...
[10.002s] -- Found OGRE_Overlay: optimized;/usr/lib/x86_64-linux-gnu/libOgreOverlay.so;debug;/usr/lib/x86_64-linux-gnu/libOgreOverlay.so
[10.911s] -- Looking for ignition-math6 -- found version 6.15.1
[10.928s] -- Looking for ignition-transport8 -- found version 8.2.1
[10.933s] -- Searching for dependencies of ignition-transport8
[11.005s] -- Found Protobuf: /usr/lib/x86_64-linux-gnu/libprotobuf.so (found suitable version "3.12.4", minimum required is "3") 
[11.032s] -- Config-file not installed for ZeroMQ -- checking for pkg-config
[11.049s] -- Checking for module 'libzmq >= 4'
[11.121s] --   Found libzmq , version 4.3.4
[11.315s] -- Found ZeroMQ: TRUE (Required is at least version "4") 
[11.348s] -- Checking for module 'uuid'
[11.418s] --   Found uuid, version 2.37.2
[11.587s] -- Found UUID: TRUE  
[11.613s] -- Looking for ignition-msgs5 -- found version 5.8.1
[11.619s] -- Searching for dependencies of ignition-msgs5
[11.709s] -- Looking for ignition-math6 -- found version 6.15.1
[11.731s] -- Checking for module 'tinyxml2'
[11.814s] --   Found tinyxml2, version 9.0.0
[12.023s] -- Looking for ignition-msgs5 -- found version 5.8.1
[12.045s] -- Looking for ignition-common3 -- found version 3.14.0
[12.046s] -- Searching for dependencies of ignition-common3
[12.050s] -- Looking for dlfcn.h - found
[12.055s] -- Looking for libdl - found
[12.061s] -- Found DL: TRUE  
[12.133s] -- Found tinyobjloader: /usr/lib/x86_64-linux-gnu/cmake/tinyobjloader/tinyobjloader-config.cmake (found version "2.0.0") 
[12.138s] -- Searching for <ignition-common3> component [graphics]
[12.154s] -- Looking for ignition-common3-graphics -- found version 3.14.0
[12.154s] -- Searching for dependencies of ignition-common3-graphics
[12.158s] -- Looking for ignition-math6 -- found version 6.15.1
[12.181s] -- Looking for ignition-fuel_tools4 -- found version 4.4.0
[12.188s] -- Searching for dependencies of ignition-fuel_tools4
[12.500s] -- Found CURL: /usr/lib/x86_64-linux-gnu/libcurl.so (found version "7.81.0")  
[12.551s] -- Checking for module 'jsoncpp'
[12.628s] --   Found jsoncpp, version 1.9.5
[12.794s] -- Found JSONCPP: TRUE  
[12.827s] -- Checking for module 'libzip'
[12.904s] --   Found libzip, version 1.7.3
[12.998s] -- Found ZIP: TRUE  
[12.999s] -- Looking for ignition-common3 -- found version 3.14.0
[13.000s] -- Looking for ignition-math6 -- found version 6.15.1
[13.001s] -- Looking for ignition-msgs5 -- found version 5.8.1
[13.029s] -- Gazebo version: 11.10
[13.029s] -- Checking for module 'tbb'
[13.114s] --   Found tbb, version 2021.5.0
[13.288s] -- Found controller_manager: 3.30.0 (/opt/ros/iron/share/controller_manager/cmake)
[19.427s] -- Found ros2_controllers: 3.28.0 (/opt/ros/iron/share/ros2_controllers/cmake)
[19.753s] -- Configuring done
[19.843s] -- Generating done
[19.893s] -- Build files have been written to: /home/monica/ros2_brazoPG/build/arlo_mejorado
[20.062s] Invoked command in '/home/monica/ros2_brazoPG/build/arlo_mejorado' returned '0': CMAKE_PREFIX_PATH=${CMAKE_PREFIX_PATH}:/home/monica/ros2_ws/install/modulos:/opt/ros/iron /usr/bin/cmake /home/monica/ros2_brazoPG/src/arlo_mejorado_precision_llantas/arlo_mejorado -DCMAKE_INSTALL_PREFIX=/home/monica/ros2_brazoPG/install/arlo_mejorado
[20.066s] Invoking command in '/home/monica/ros2_brazoPG/build/arlo_mejorado': CMAKE_PREFIX_PATH=${CMAKE_PREFIX_PATH}:/home/monica/ros2_ws/install/modulos:/opt/ros/iron /usr/bin/cmake --build /home/monica/ros2_brazoPG/build/arlo_mejorado -- -j2 -l2
[20.598s] Invoked command in '/home/monica/ros2_brazoPG/build/arlo_mejorado' returned '0': CMAKE_PREFIX_PATH=${CMAKE_PREFIX_PATH}:/home/monica/ros2_ws/install/modulos:/opt/ros/iron /usr/bin/cmake --build /home/monica/ros2_brazoPG/build/arlo_mejorado -- -j2 -l2
[20.669s] Invoking command in '/home/monica/ros2_brazoPG/build/arlo_mejorado': CMAKE_PREFIX_PATH=${CMAKE_PREFIX_PATH}:/home/monica/ros2_ws/install/modulos:/opt/ros/iron /usr/bin/cmake --install /home/monica/ros2_brazoPG/build/arlo_mejorado
[20.729s] -- Install configuration: ""
[20.730s] -- Installing: /home/monica/ros2_brazoPG/install/arlo_mejorado/share/arlo_mejorado/launch
[20.734s] -- Installing: /home/monica/ros2_brazoPG/install/arlo_mejorado/share/arlo_mejorado/launch/xolobot_arm_control.launch.py
[20.749s] -- Installing: /home/monica/ros2_brazoPG/install/arlo_mejorado/share/arlo_mejorado/worlds
[20.750s] -- Installing: /home/monica/ros2_brazoPG/install/arlo_mejorado/share/arlo_mejorado/worlds/coca_levitando.world
[20.757s] -- Installing: /home/monica/ros2_brazoPG/install/arlo_mejorado/share/arlo_mejorado/models
[20.758s] -- Installing: /home/monica/ros2_brazoPG/install/arlo_mejorado/share/arlo_mejorado/models/arlodrive
[20.758s] -- Installing: /home/monica/ros2_brazoPG/install/arlo_mejorado/share/arlo_mejorado/models/arlodrive/.directory
[20.763s] -- Installing: /home/monica/ros2_brazoPG/install/arlo_mejorado/share/arlo_mejorado/models/arlodrive/xolobot.urdf
[20.764s] -- Installing: /home/monica/ros2_brazoPG/install/arlo_mejorado/share/arlo_mejorado/models/arlodrive/model.config
[20.764s] -- Installing: /home/monica/ros2_brazoPG/install/arlo_mejorado/share/arlo_mejorado/models/arlodrive/textures
[20.764s] -- Installing: /home/monica/ros2_brazoPG/install/arlo_mejorado/share/arlo_mejorado/models/arlodrive/textures/metal.material
[20.773s] -- Installing: /home/monica/ros2_brazoPG/install/arlo_mejorado/share/arlo_mejorado/models/arlodrive/textures/images
[20.773s] -- Installing: /home/monica/ros2_brazoPG/install/arlo_mejorado/share/arlo_mejorado/models/arlodrive/textures/images/metal-rosa.jpg
[20.776s] -- Installing: /home/monica/ros2_brazoPG/install/arlo_mejorado/share/arlo_mejorado/models/arlodrive/textures/images/metal-hoyos.jpg
[20.784s] -- Installing: /home/monica/ros2_brazoPG/install/arlo_mejorado/share/arlo_mejorado/models/arlodrive/textures/images/blue-metal.jpg
[20.789s] -- Installing: /home/monica/ros2_brazoPG/install/arlo_mejorado/share/arlo_mejorado/models/arlodrive/textures/images/rose-gold.jpg
[20.793s] -- Installing: /home/monica/ros2_brazoPG/install/arlo_mejorado/share/arlo_mejorado/models/arlodrive/textures/images/piso-metal-barras.jpg
[20.807s] -- Installing: /home/monica/ros2_brazoPG/install/arlo_mejorado/share/arlo_mejorado/models/arlodrive/textures/images/piso-metal-blanco.jpg
[20.818s] -- Installing: /home/monica/ros2_brazoPG/install/arlo_mejorado/share/arlo_mejorado/models/arlodrive/textures/model.config
[20.826s] -- Installing: /home/monica/ros2_brazoPG/install/arlo_mejorado/share/arlo_mejorado/models/arlodrive/textures/xolobot.material
[20.826s] -- Installing: /home/monica/ros2_brazoPG/install/arlo_mejorado/share/arlo_mejorado/models/arlodrive/xolobot_arm.sdf
[20.837s] -- Installing: /home/monica/ros2_brazoPG/install/arlo_mejorado/share/arlo_mejorado/models/arlodrive/meshes
[20.837s] -- Installing: /home/monica/ros2_brazoPG/install/arlo_mejorado/share/arlo_mejorado/models/arlodrive/meshes/pulgar_2.dae
[20.846s] -- Installing: /home/monica/ros2_brazoPG/install/arlo_mejorado/share/arlo_mejorado/models/arlodrive/meshes/antebrazo_mano_izq_2.dae
[21.950s] -- Installing: /home/monica/ros2_brazoPG/install/arlo_mejorado/share/arlo_mejorado/models/arlodrive/meshes/biceps_juntos.dae
[22.275s] -- Installing: /home/monica/ros2_brazoPG/install/arlo_mejorado/share/arlo_mejorado/models/arlodrive/meshes/biceps_der.dae
[22.549s] -- Installing: /home/monica/ros2_brazoPG/install/arlo_mejorado/share/arlo_mejorado/models/arlodrive/meshes/biceps_izq.dae
[22.860s] -- Installing: /home/monica/ros2_brazoPG/install/arlo_mejorado/share/arlo_mejorado/models/arlodrive/meshes/banda.blend
[23.158s] -- Installing: /home/monica/ros2_brazoPG/install/arlo_mejorado/share/arlo_mejorado/models/arlodrive/meshes/biceps_juntos_nuevo.dae
[23.309s] -- Installing: /home/monica/ros2_brazoPG/install/arlo_mejorado/share/arlo_mejorado/models/arlodrive/meshes/antebrazo_mano_izqprueba.dae
[23.852s] -- Installing: /home/monica/ros2_brazoPG/install/arlo_mejorado/share/arlo_mejorado/models/arlodrive/meshes/antebrazo_mano_izq_bak.dae
[24.466s] -- Installing: /home/monica/ros2_brazoPG/install/arlo_mejorado/share/arlo_mejorado/models/arlodrive/meshes/mono.dae
[24.467s] -- Installing: /home/monica/ros2_brazoPG/install/arlo_mejorado/share/arlo_mejorado/models/arlodrive/meshes/hombro_alto.dae
[24.483s] -- Installing: /home/monica/ros2_brazoPG/install/arlo_mejorado/share/arlo_mejorado/models/arlodrive/meshes/codo_izq_colision.dae
[24.484s] -- Installing: /home/monica/ros2_brazoPG/install/arlo_mejorado/share/arlo_mejorado/models/arlodrive/meshes/hombro_alto_colision.dae
[24.485s] -- Installing: /home/monica/ros2_brazoPG/install/arlo_mejorado/share/arlo_mejorado/models/arlodrive/meshes/model.config
[24.487s] -- Installing: /home/monica/ros2_brazoPG/install/arlo_mejorado/share/arlo_mejorado/models/arlodrive/meshes/antebrazo_mano_izq.dae
[24.514s] -- Installing: /home/monica/ros2_brazoPG/install/arlo_mejorado/share/arlo_mejorado/models/arlodrive/meshes/codo_izq.dae
[24.561s] -- Installing: /home/monica/ros2_brazoPG/install/arlo_mejorado/share/arlo_mejorado/models/arlodrive/meshes/biceps_izq_colision.dae
[24.564s] -- Installing: /home/monica/ros2_brazoPG/install/arlo_mejorado/share/arlo_mejorado/models/arlodrive/meshes/backup
[24.564s] -- Installing: /home/monica/ros2_brazoPG/install/arlo_mejorado/share/arlo_mejorado/models/arlodrive/meshes/backup/pulgar_2.dae
[24.574s] -- Installing: /home/monica/ros2_brazoPG/install/arlo_mejorado/share/arlo_mejorado/models/arlodrive/meshes/backup/biceps_juntos.dae
[24.690s] -- Installing: /home/monica/ros2_brazoPG/install/arlo_mejorado/share/arlo_mejorado/models/arlodrive/meshes/backup/biceps_der.dae
[24.843s] -- Installing: /home/monica/ros2_brazoPG/install/arlo_mejorado/share/arlo_mejorado/models/arlodrive/meshes/backup/biceps_izq.dae
[24.986s] -- Installing: /home/monica/ros2_brazoPG/install/arlo_mejorado/share/arlo_mejorado/models/arlodrive/meshes/backup/biceps_juntos_nuevo.dae
[25.168s] -- Installing: /home/monica/ros2_brazoPG/install/arlo_mejorado/share/arlo_mejorado/models/arlodrive/meshes/backup/hombro_alto.dae
[25.182s] -- Installing: /home/monica/ros2_brazoPG/install/arlo_mejorado/share/arlo_mejorado/models/arlodrive/meshes/backup/antebrazo_mano_izq.dae
[25.731s] -- Installing: /home/monica/ros2_brazoPG/install/arlo_mejorado/share/arlo_mejorado/models/arlodrive/meshes/backup/codo_izq.dae
[25.773s] -- Installing: /home/monica/ros2_brazoPG/install/arlo_mejorado/share/arlo_mejorado/models/arlodrive/meshes/backup/hombro_bajo.dae
[25.855s] -- Installing: /home/monica/ros2_brazoPG/install/arlo_mejorado/share/arlo_mejorado/models/arlodrive/meshes/backup/dedos
[25.855s] -- Installing: /home/monica/ros2_brazoPG/install/arlo_mejorado/share/arlo_mejorado/models/arlodrive/meshes/backup/dedos/dedo_indice.blend1
[25.900s] -- Installing: /home/monica/ros2_brazoPG/install/arlo_mejorado/share/arlo_mejorado/models/arlodrive/meshes/backup/dedos/dedo_cordial_1.dae
[25.902s] -- Installing: /home/monica/ros2_brazoPG/install/arlo_mejorado/share/arlo_mejorado/models/arlodrive/meshes/backup/dedos/dedo_menique_1.blend
[25.914s] -- Installing: /home/monica/ros2_brazoPG/install/arlo_mejorado/share/arlo_mejorado/models/arlodrive/meshes/backup/dedos/dedo_indice_2.dae
[25.919s] -- Installing: /home/monica/ros2_brazoPG/install/arlo_mejorado/share/arlo_mejorado/models/arlodrive/meshes/backup/dedos/dedo_cordial.blend
[25.954s] -- Installing: /home/monica/ros2_brazoPG/install/arlo_mejorado/share/arlo_mejorado/models/arlodrive/meshes/backup/dedos/dedo_menique_2.blend1
[25.991s] -- Installing: /home/monica/ros2_brazoPG/install/arlo_mejorado/share/arlo_mejorado/models/arlodrive/meshes/backup/dedos/dedo_cordial_2.dae
[25.997s] -- Installing: /home/monica/ros2_brazoPG/install/arlo_mejorado/share/arlo_mejorado/models/arlodrive/meshes/backup/dedos/dedo_indice_1.dae
[26.006s] -- Installing: /home/monica/ros2_brazoPG/install/arlo_mejorado/share/arlo_mejorado/models/arlodrive/meshes/backup/dedos/dedo_menique.blend
[26.069s] -- Installing: /home/monica/ros2_brazoPG/install/arlo_mejorado/share/arlo_mejorado/models/arlodrive/meshes/backup/dedos/dedo_menique_1.blend1
[26.169s] -- Installing: /home/monica/ros2_brazoPG/install/arlo_mejorado/share/arlo_mejorado/models/arlodrive/meshes/backup/dedos/dedo_menique_2.dae
[26.176s] -- Installing: /home/monica/ros2_brazoPG/install/arlo_mejorado/share/arlo_mejorado/models/arlodrive/meshes/backup/dedos/dedo_anular_1.dae
[26.179s] -- Installing: /home/monica/ros2_brazoPG/install/arlo_mejorado/share/arlo_mejorado/models/arlodrive/meshes/backup/dedos/dedo_menique_3.dae
[26.208s] -- Installing: /home/monica/ros2_brazoPG/install/arlo_mejorado/share/arlo_mejorado/models/arlodrive/meshes/backup/dedos/dedo_cordial_3.dae
[26.236s] -- Installing: /home/monica/ros2_brazoPG/install/arlo_mejorado/share/arlo_mejorado/models/arlodrive/meshes/backup/dedos/mano_completa.blend
[26.697s] -- Installing: /home/monica/ros2_brazoPG/install/arlo_mejorado/share/arlo_mejorado/models/arlodrive/meshes/backup/dedos/dedo_menique.blend1
[26.922s] -- Installing: /home/monica/ros2_brazoPG/install/arlo_mejorado/share/arlo_mejorado/models/arlodrive/meshes/backup/dedos/dedo_menique_2.blend
[26.933s] -- Installing: /home/monica/ros2_brazoPG/install/arlo_mejorado/share/arlo_mejorado/models/arlodrive/meshes/backup/dedos/dedo_anular.blend1
[26.981s] -- Installing: /home/monica/ros2_brazoPG/install/arlo_mejorado/share/arlo_mejorado/models/arlodrive/meshes/backup/dedos/dedo_menique_3.blend1
[27.001s] -- Installing: /home/monica/ros2_brazoPG/install/arlo_mejorado/share/arlo_mejorado/models/arlodrive/meshes/backup/dedos/dedo_menique_3.blend
[27.029s] -- Installing: /home/monica/ros2_brazoPG/install/arlo_mejorado/share/arlo_mejorado/models/arlodrive/meshes/backup/dedos/dedo_menique_1.dae
[27.032s] -- Installing: /home/monica/ros2_brazoPG/install/arlo_mejorado/share/arlo_mejorado/models/arlodrive/meshes/backup/dedos/dedo_anular.blend
[27.076s] -- Installing: /home/monica/ros2_brazoPG/install/arlo_mejorado/share/arlo_mejorado/models/arlodrive/meshes/backup/dedos/dedo_indice.blend
[27.114s] -- Installing: /home/monica/ros2_brazoPG/install/arlo_mejorado/share/arlo_mejorado/models/arlodrive/meshes/backup/dedos/mano_completa.blend1
[27.722s] -- Installing: /home/monica/ros2_brazoPG/install/arlo_mejorado/share/arlo_mejorado/models/arlodrive/meshes/backup/dedos/dedo_anular_3.dae
[27.851s] -- Installing: /home/monica/ros2_brazoPG/install/arlo_mejorado/share/arlo_mejorado/models/arlodrive/meshes/backup/dedos/dedo_anular_2.dae
[27.880s] -- Installing: /home/monica/ros2_brazoPG/install/arlo_mejorado/share/arlo_mejorado/models/arlodrive/meshes/backup/dedos/dedo_cordial.blend1
[27.921s] -- Installing: /home/monica/ros2_brazoPG/install/arlo_mejorado/share/arlo_mejorado/models/arlodrive/meshes/backup/dedos/dedo_indice_3.dae
[27.949s] -- Installing: /home/monica/ros2_brazoPG/install/arlo_mejorado/share/arlo_mejorado/models/arlodrive/meshes/backup/pulgar_1_izq.dae
[27.967s] -- Installing: /home/monica/ros2_brazoPG/install/arlo_mejorado/share/arlo_mejorado/models/arlodrive/meshes/backup/pulgar_3.dae
[27.996s] -- Installing: /home/monica/ros2_brazoPG/install/arlo_mejorado/share/arlo_mejorado/models/arlodrive/meshes/hombro_bajo.dae
[28.086s] -- Installing: /home/monica/ros2_brazoPG/install/arlo_mejorado/share/arlo_mejorado/models/arlodrive/meshes/dedos
[28.087s] -- Installing: /home/monica/ros2_brazoPG/install/arlo_mejorado/share/arlo_mejorado/models/arlodrive/meshes/dedos/pulgar_2.dae
[28.092s] -- Installing: /home/monica/ros2_brazoPG/install/arlo_mejorado/share/arlo_mejorado/models/arlodrive/meshes/dedos/pulgar_1_izq_colision.dae
[28.097s] -- Installing: /home/monica/ros2_brazoPG/install/arlo_mejorado/share/arlo_mejorado/models/arlodrive/meshes/dedos/dedo_menique_3_colision.dae
[28.098s] -- Installing: /home/monica/ros2_brazoPG/install/arlo_mejorado/share/arlo_mejorado/models/arlodrive/meshes/dedos/dedo_indice.blend1
[28.123s] -- Installing: /home/monica/ros2_brazoPG/install/arlo_mejorado/share/arlo_mejorado/models/arlodrive/meshes/dedos/dedo_cordial_3_colision.dae
[28.124s] -- Installing: /home/monica/ros2_brazoPG/install/arlo_mejorado/share/arlo_mejorado/models/arlodrive/meshes/dedos/pulgar_3_colision.dae
[28.125s] -- Installing: /home/monica/ros2_brazoPG/install/arlo_mejorado/share/arlo_mejorado/models/arlodrive/meshes/dedos/dedo_cordial_1.dae
[28.129s] -- Installing: /home/monica/ros2_brazoPG/install/arlo_mejorado/share/arlo_mejorado/models/arlodrive/meshes/dedos/dedo_menique_2_colision.dae
[28.132s] -- Installing: /home/monica/ros2_brazoPG/install/arlo_mejorado/share/arlo_mejorado/models/arlodrive/meshes/dedos/dedo_menique_1.blend
[28.141s] -- Installing: /home/monica/ros2_brazoPG/install/arlo_mejorado/share/arlo_mejorado/models/arlodrive/meshes/dedos/dedo_indice_2.dae
[28.146s] -- Installing: /home/monica/ros2_brazoPG/install/arlo_mejorado/share/arlo_mejorado/models/arlodrive/meshes/dedos/dedo_indice_3_colision.dae
[28.148s] -- Installing: /home/monica/ros2_brazoPG/install/arlo_mejorado/share/arlo_mejorado/models/arlodrive/meshes/dedos/dedo_cordial.blend
[28.174s] -- Installing: /home/monica/ros2_brazoPG/install/arlo_mejorado/share/arlo_mejorado/models/arlodrive/meshes/dedos/dedo_menique_2.blend1
[28.195s] -- Installing: /home/monica/ros2_brazoPG/install/arlo_mejorado/share/arlo_mejorado/models/arlodrive/meshes/dedos/dedo_cordial_2.dae
[28.200s] -- Installing: /home/monica/ros2_brazoPG/install/arlo_mejorado/share/arlo_mejorado/models/arlodrive/meshes/dedos/dedo_indice_1.dae
[28.205s] -- Installing: /home/monica/ros2_brazoPG/install/arlo_mejorado/share/arlo_mejorado/models/arlodrive/meshes/dedos/dedo_menique.blend
[28.238s] -- Installing: /home/monica/ros2_brazoPG/install/arlo_mejorado/share/arlo_mejorado/models/arlodrive/meshes/dedos/dedo_anular_1_colision.dae
[28.240s] -- Installing: /home/monica/ros2_brazoPG/install/arlo_mejorado/share/arlo_mejorado/models/arlodrive/meshes/dedos/dedo_menique_1.blend1
[28.269s] -- Installing: /home/monica/ros2_brazoPG/install/arlo_mejorado/share/arlo_mejorado/models/arlodrive/meshes/dedos/dedo_menique_2.dae
[28.284s] -- Installing: /home/monica/ros2_brazoPG/install/arlo_mejorado/share/arlo_mejorado/models/arlodrive/meshes/dedos/dedo_anular_1.dae
[28.289s] -- Installing: /home/monica/ros2_brazoPG/install/arlo_mejorado/share/arlo_mejorado/models/arlodrive/meshes/dedos/dedo_indice_1_colision.dae
[28.292s] -- Installing: /home/monica/ros2_brazoPG/install/arlo_mejorado/share/arlo_mejorado/models/arlodrive/meshes/dedos/dedo_menique_1_colision.dae
[28.293s] -- Installing: /home/monica/ros2_brazoPG/install/arlo_mejorado/share/arlo_mejorado/models/arlodrive/meshes/dedos/dedo_menique_3.dae
[28.324s] -- Installing: /home/monica/ros2_brazoPG/install/arlo_mejorado/share/arlo_mejorado/models/arlodrive/meshes/dedos/dedo_anular_3_colision.dae
[28.325s] -- Installing: /home/monica/ros2_brazoPG/install/arlo_mejorado/share/arlo_mejorado/models/arlodrive/meshes/dedos/dedo_cordial_1_colision.dae
[28.325s] -- Installing: /home/monica/ros2_brazoPG/install/arlo_mejorado/share/arlo_mejorado/models/arlodrive/meshes/dedos/dedo_cordial_3.dae
[28.352s] -- Installing: /home/monica/ros2_brazoPG/install/arlo_mejorado/share/arlo_mejorado/models/arlodrive/meshes/dedos/pulgar_1_izq.dae
[28.365s] -- Installing: /home/monica/ros2_brazoPG/install/arlo_mejorado/share/arlo_mejorado/models/arlodrive/meshes/dedos/mano_completa.blend
[28.712s] -- Installing: /home/monica/ros2_brazoPG/install/arlo_mejorado/share/arlo_mejorado/models/arlodrive/meshes/dedos/dedo_menique.blend1
[28.791s] -- Installing: /home/monica/ros2_brazoPG/install/arlo_mejorado/share/arlo_mejorado/models/arlodrive/meshes/dedos/dedo_menique_2.blend
[28.798s] -- Installing: /home/monica/ros2_brazoPG/install/arlo_mejorado/share/arlo_mejorado/models/arlodrive/meshes/dedos/dedo_indice_2_colision.dae
[28.799s] -- Installing: /home/monica/ros2_brazoPG/install/arlo_mejorado/share/arlo_mejorado/models/arlodrive/meshes/dedos/dedo_anular.blend1
[28.824s] -- Installing: /home/monica/ros2_brazoPG/install/arlo_mejorado/share/arlo_mejorado/models/arlodrive/meshes/dedos/dedo_cordial_2_colision.dae
[28.825s] -- Installing: /home/monica/ros2_brazoPG/install/arlo_mejorado/share/arlo_mejorado/models/arlodrive/meshes/dedos/dedo_menique_3.blend1
[28.850s] -- Installing: /home/monica/ros2_brazoPG/install/arlo_mejorado/share/arlo_mejorado/models/arlodrive/meshes/dedos/pulgar_3.dae
[28.872s] -- Installing: /home/monica/ros2_brazoPG/install/arlo_mejorado/share/arlo_mejorado/models/arlodrive/meshes/dedos/dedo_menique_3.blend
[28.895s] -- Installing: /home/monica/ros2_brazoPG/install/arlo_mejorado/share/arlo_mejorado/models/arlodrive/meshes/dedos/dedo_menique_1.dae
[28.899s] -- Installing: /home/monica/ros2_brazoPG/install/arlo_mejorado/share/arlo_mejorado/models/arlodrive/meshes/dedos/dedo_anular.blend
[28.918s] -- Installing: /home/monica/ros2_brazoPG/install/arlo_mejorado/share/arlo_mejorado/models/arlodrive/meshes/dedos/dedo_indice.blend
[28.939s] -- Installing: /home/monica/ros2_brazoPG/install/arlo_mejorado/share/arlo_mejorado/models/arlodrive/meshes/dedos/mano_completa.blend1
[29.398s] -- Installing: /home/monica/ros2_brazoPG/install/arlo_mejorado/share/arlo_mejorado/models/arlodrive/meshes/dedos/dedo_anular_3.dae
[29.452s] -- Installing: /home/monica/ros2_brazoPG/install/arlo_mejorado/share/arlo_mejorado/models/arlodrive/meshes/dedos/dedo_anular_2.dae
[29.455s] -- Installing: /home/monica/ros2_brazoPG/install/arlo_mejorado/share/arlo_mejorado/models/arlodrive/meshes/dedos/dedo_cordial.blend1
[29.473s] -- Installing: /home/monica/ros2_brazoPG/install/arlo_mejorado/share/arlo_mejorado/models/arlodrive/meshes/dedos/pulgar_2_colision.dae
[29.473s] -- Installing: /home/monica/ros2_brazoPG/install/arlo_mejorado/share/arlo_mejorado/models/arlodrive/meshes/dedos/dedo_anular_2_colision.dae
[29.475s] -- Installing: /home/monica/ros2_brazoPG/install/arlo_mejorado/share/arlo_mejorado/models/arlodrive/meshes/dedos/dedo_indice_3.dae
[29.498s] -- Installing: /home/monica/ros2_brazoPG/install/arlo_mejorado/share/arlo_mejorado/models/arlodrive/meshes/pulgar_1_izq.dae
[29.514s] -- Installing: /home/monica/ros2_brazoPG/install/arlo_mejorado/share/arlo_mejorado/models/arlodrive/meshes/codo_izq_tuercas.dae
[29.532s] -- Installing: /home/monica/ros2_brazoPG/install/arlo_mejorado/share/arlo_mejorado/models/arlodrive/meshes/hombro_bajo_colision.dae
[29.543s] -- Installing: /home/monica/ros2_brazoPG/install/arlo_mejorado/share/arlo_mejorado/models/arlodrive/meshes/pulgar_3.dae
[29.556s] -- Installing: /home/monica/ros2_brazoPG/install/arlo_mejorado/share/arlo_mejorado/models/arlodrive/meshes/banda_terminada.blend
[29.656s] -- Installing: /home/monica/ros2_brazoPG/install/arlo_mejorado/share/arlo_mejorado/models/arlodrive/meshes/palma.dae
[29.979s] -- Installing: /home/monica/ros2_brazoPG/install/arlo_mejorado/share/arlo_mejorado/models/.directory
[29.982s] -- Installing: /home/monica/ros2_brazoPG/install/arlo_mejorado/share/ament_index/resource_index/package_run_dependencies/arlo_mejorado
[29.985s] -- Installing: /home/monica/ros2_brazoPG/install/arlo_mejorado/share/ament_index/resource_index/parent_prefix_path/arlo_mejorado
[29.988s] -- Installing: /home/monica/ros2_brazoPG/install/arlo_mejorado/share/arlo_mejorado/environment/ament_prefix_path.sh
[29.988s] -- Installing: /home/monica/ros2_brazoPG/install/arlo_mejorado/share/arlo_mejorado/environment/ament_prefix_path.dsv
[29.989s] -- Installing: /home/monica/ros2_brazoPG/install/arlo_mejorado/share/arlo_mejorado/environment/path.sh
[29.990s] -- Installing: /home/monica/ros2_brazoPG/install/arlo_mejorado/share/arlo_mejorado/environment/path.dsv
[29.991s] -- Installing: /home/monica/ros2_brazoPG/install/arlo_mejorado/share/arlo_mejorado/local_setup.bash
[29.992s] -- Installing: /home/monica/ros2_brazoPG/install/arlo_mejorado/share/arlo_mejorado/local_setup.sh
[29.993s] -- Installing: /home/monica/ros2_brazoPG/install/arlo_mejorado/share/arlo_mejorado/local_setup.zsh
[29.994s] -- Installing: /home/monica/ros2_brazoPG/install/arlo_mejorado/share/arlo_mejorado/local_setup.dsv
[29.995s] -- Installing: /home/monica/ros2_brazoPG/install/arlo_mejorado/share/arlo_mejorado/package.dsv
[29.999s] -- Installing: /home/monica/ros2_brazoPG/install/arlo_mejorado/share/ament_index/resource_index/packages/arlo_mejorado
[30.001s] -- Installing: /home/monica/ros2_brazoPG/install/arlo_mejorado/share/arlo_mejorado/cmake/arlo_mejoradoConfig.cmake
[30.004s] -- Installing: /home/monica/ros2_brazoPG/install/arlo_mejorado/share/arlo_mejorado/cmake/arlo_mejoradoConfig-version.cmake
[30.006s] -- Installing: /home/monica/ros2_brazoPG/install/arlo_mejorado/share/arlo_mejorado/package.xml
[30.013s] Invoked command in '/home/monica/ros2_brazoPG/build/arlo_mejorado' returned '0': CMAKE_PREFIX_PATH=${CMAKE_PREFIX_PATH}:/home/monica/ros2_ws/install/modulos:/opt/ros/iron /usr/bin/cmake --install /home/monica/ros2_brazoPG/build/arlo_mejorado
