-- Install configuration: ""
-- Up-to-date: /home/monica/ros2_brazoPG/install/arlo_mejorado/share/arlo_mejorado/launch
-- Up-to-date: /home/monica/ros2_brazoPG/install/arlo_mejorado/share/arlo_mejorado/launch/xolobot_arm_control.launch.py
-- Up-to-date: /home/monica/ros2_brazoPG/install/arlo_mejorado/share/arlo_mejorado/worlds
-- Up-to-date: /home/monica/ros2_brazoPG/install/arlo_mejorado/share/arlo_mejorado/worlds/coca_levitando.world
-- Up-to-date: /home/monica/ros2_brazoPG/install/arlo_mejorado/share/arlo_mejorado/models
-- Up-to-date: /home/monica/ros2_brazoPG/install/arlo_mejorado/share/arlo_mejorado/models/arlodrive
-- Up-to-date: /home/monica/ros2_brazoPG/install/arlo_mejorado/share/arlo_mejorado/models/arlodrive/.directory
-- Up-to-date: /home/monica/ros2_brazoPG/install/arlo_mejorado/share/arlo_mejorado/models/arlodrive/xolobot.urdf
-- Up-to-date: /home/monica/ros2_brazoPG/install/arlo_mejorado/share/arlo_mejorado/models/arlodrive/model.config
-- Up-to-date: /home/monica/ros2_brazoPG/install/arlo_mejorado/share/arlo_mejorado/models/arlodrive/textures
-- Up-to-date: /home/monica/ros2_brazoPG/install/arlo_mejorado/share/arlo_mejorado/models/arlodrive/textures/metal.material
-- Up-to-date: /home/monica/ros2_brazoPG/install/arlo_mejorado/share/arlo_mejorado/models/arlodrive/textures/images
-- Up-to-date: /home/monica/ros2_brazoPG/install/arlo_mejorado/share/arlo_mejorado/models/arlodrive/textures/images/metal-rosa.jpg
-- Up-to-date: /home/monica/ros2_brazoPG/install/arlo_mejorado/share/arlo_mejorado/models/arlodrive/textures/images/metal-hoyos.jpg
-- Up-to-date: /home/monica/ros2_brazoPG/install/arlo_mejorado/share/arlo_mejorado/models/arlodrive/textures/images/blue-metal.jpg
-- Up-to-date: /home/monica/ros2_brazoPG/install/arlo_mejorado/share/arlo_mejorado/models/arlodrive/textures/images/rose-gold.jpg
-- Up-to-date: /home/monica/ros2_brazoPG/install/arlo_mejorado/share/arlo_mejorado/models/arlodrive/textures/images/piso-metal-barras.jpg
-- Up-to-date: /home/monica/ros2_brazoPG/install/arlo_mejorado/share/arlo_mejorado/models/arlodrive/textures/images/piso-metal-blanco.jpg
-- Up-to-date: /home/monica/ros2_brazoPG/install/arlo_mejorado/share/arlo_mejorado/models/arlodrive/textures/model.config
-- Up-to-date: /home/monica/ros2_brazoPG/install/arlo_mejorado/share/arlo_mejorado/models/arlodrive/textures/xolobot.material
-- Up-to-date: /home/monica/ros2_brazoPG/install/arlo_mejorado/share/arlo_mejorado/models/arlodrive/xolobot_arm.sdf
-- Up-to-date: /home/monica/ros2_brazoPG/install/arlo_mejorado/share/arlo_mejorado/models/arlodrive/meshes
-- Up-to-date: /home/monica/ros2_brazoPG/install/arlo_mejorado/share/arlo_mejorado/models/arlodrive/meshes/pulgar_2.dae
-- Up-to-date: /home/monica/ros2_brazoPG/install/arlo_mejorado/share/arlo_mejorado/models/arlodrive/meshes/antebrazo_mano_izq_2.dae
-- Up-to-date: /home/monica/ros2_brazoPG/install/arlo_mejorado/share/arlo_mejorado/models/arlodrive/meshes/biceps_juntos.dae
-- Up-to-date: /home/monica/ros2_brazoPG/install/arlo_mejorado/share/arlo_mejorado/models/arlodrive/meshes/biceps_der.dae
-- Up-to-date: /home/monica/ros2_brazoPG/install/arlo_mejorado/share/arlo_mejorado/models/arlodrive/meshes/biceps_izq.dae
-- Up-to-date: /home/monica/ros2_brazoPG/install/arlo_mejorado/share/arlo_mejorado/models/arlodrive/meshes/banda.blend
-- Up-to-date: /home/monica/ros2_brazoPG/install/arlo_mejorado/share/arlo_mejorado/models/arlodrive/meshes/biceps_juntos_nuevo.dae
-- Up-to-date: /home/monica/ros2_brazoPG/install/arlo_mejorado/share/arlo_mejorado/models/arlodrive/meshes/antebrazo_mano_izqprueba.dae
-- Up-to-date: /home/monica/ros2_brazoPG/install/arlo_mejorado/share/arlo_mejorado/models/arlodrive/meshes/antebrazo_mano_izq_bak.dae
-- Up-to-date: /home/monica/ros2_brazoPG/install/arlo_mejorado/share/arlo_mejorado/models/arlodrive/meshes/mono.dae
-- Up-to-date: /home/monica/ros2_brazoPG/install/arlo_mejorado/share/arlo_mejorado/models/arlodrive/meshes/hombro_alto.dae
-- Up-to-date: /home/monica/ros2_brazoPG/install/arlo_mejorado/share/arlo_mejorado/models/arlodrive/meshes/codo_izq_colision.dae
-- Up-to-date: /home/monica/ros2_brazoPG/install/arlo_mejorado/share/arlo_mejorado/models/arlodrive/meshes/hombro_alto_colision.dae
-- Up-to-date: /home/monica/ros2_brazoPG/install/arlo_mejorado/share/arlo_mejorado/models/arlodrive/meshes/model.config
-- Up-to-date: /home/monica/ros2_brazoPG/install/arlo_mejorado/share/arlo_mejorado/models/arlodrive/meshes/antebrazo_mano_izq.dae
-- Up-to-date: /home/monica/ros2_brazoPG/install/arlo_mejorado/share/arlo_mejorado/models/arlodrive/meshes/codo_izq.dae
-- Up-to-date: /home/monica/ros2_brazoPG/install/arlo_mejorado/share/arlo_mejorado/models/arlodrive/meshes/biceps_izq_colision.dae
-- Up-to-date: /home/monica/ros2_brazoPG/install/arlo_mejorado/share/arlo_mejorado/models/arlodrive/meshes/backup
-- Up-to-date: /home/monica/ros2_brazoPG/install/arlo_mejorado/share/arlo_mejorado/models/arlodrive/meshes/backup/pulgar_2.dae
-- Up-to-date: /home/monica/ros2_brazoPG/install/arlo_mejorado/share/arlo_mejorado/models/arlodrive/meshes/backup/biceps_juntos.dae
-- Up-to-date: /home/monica/ros2_brazoPG/install/arlo_mejorado/share/arlo_mejorado/models/arlodrive/meshes/backup/biceps_der.dae
-- Up-to-date: /home/monica/ros2_brazoPG/install/arlo_mejorado/share/arlo_mejorado/models/arlodrive/meshes/backup/biceps_izq.dae
-- Up-to-date: /home/monica/ros2_brazoPG/install/arlo_mejorado/share/arlo_mejorado/models/arlodrive/meshes/backup/biceps_juntos_nuevo.dae
-- Up-to-date: /home/monica/ros2_brazoPG/install/arlo_mejorado/share/arlo_mejorado/models/arlodrive/meshes/backup/hombro_alto.dae
-- Up-to-date: /home/monica/ros2_brazoPG/install/arlo_mejorado/share/arlo_mejorado/models/arlodrive/meshes/backup/antebrazo_mano_izq.dae
-- Up-to-date: /home/monica/ros2_brazoPG/install/arlo_mejorado/share/arlo_mejorado/models/arlodrive/meshes/backup/codo_izq.dae
-- Up-to-date: /home/monica/ros2_brazoPG/install/arlo_mejorado/share/arlo_mejorado/models/arlodrive/meshes/backup/hombro_bajo.dae
-- Up-to-date: /home/monica/ros2_brazoPG/install/arlo_mejorado/share/arlo_mejorado/models/arlodrive/meshes/backup/dedos
-- Up-to-date: /home/monica/ros2_brazoPG/install/arlo_mejorado/share/arlo_mejorado/models/arlodrive/meshes/backup/dedos/dedo_indice.blend1
-- Up-to-date: /home/monica/ros2_brazoPG/install/arlo_mejorado/share/arlo_mejorado/models/arlodrive/meshes/backup/dedos/dedo_cordial_1.dae
-- Up-to-date: /home/monica/ros2_brazoPG/install/arlo_mejorado/share/arlo_mejorado/models/arlodrive/meshes/backup/dedos/dedo_menique_1.blend
-- Up-to-date: /home/monica/ros2_brazoPG/install/arlo_mejorado/share/arlo_mejorado/models/arlodrive/meshes/backup/dedos/dedo_indice_2.dae
-- Up-to-date: /home/monica/ros2_brazoPG/install/arlo_mejorado/share/arlo_mejorado/models/arlodrive/meshes/backup/dedos/dedo_cordial.blend
-- Up-to-date: /home/monica/ros2_brazoPG/install/arlo_mejorado/share/arlo_mejorado/models/arlodrive/meshes/backup/dedos/dedo_menique_2.blend1
-- Up-to-date: /home/monica/ros2_brazoPG/install/arlo_mejorado/share/arlo_mejorado/models/arlodrive/meshes/backup/dedos/dedo_cordial_2.dae
-- Up-to-date: /home/monica/ros2_brazoPG/install/arlo_mejorado/share/arlo_mejorado/models/arlodrive/meshes/backup/dedos/dedo_indice_1.dae
-- Up-to-date: /home/monica/ros2_brazoPG/install/arlo_mejorado/share/arlo_mejorado/models/arlodrive/meshes/backup/dedos/dedo_menique.blend
-- Up-to-date: /home/monica/ros2_brazoPG/install/arlo_mejorado/share/arlo_mejorado/models/arlodrive/meshes/backup/dedos/dedo_menique_1.blend1
-- Up-to-date: /home/monica/ros2_brazoPG/install/arlo_mejorado/share/arlo_mejorado/models/arlodrive/meshes/backup/dedos/dedo_menique_2.dae
-- Up-to-date: /home/monica/ros2_brazoPG/install/arlo_mejorado/share/arlo_mejorado/models/arlodrive/meshes/backup/dedos/dedo_anular_1.dae
-- Up-to-date: /home/monica/ros2_brazoPG/install/arlo_mejorado/share/arlo_mejorado/models/arlodrive/meshes/backup/dedos/dedo_menique_3.dae
-- Up-to-date: /home/monica/ros2_brazoPG/install/arlo_mejorado/share/arlo_mejorado/models/arlodrive/meshes/backup/dedos/dedo_cordial_3.dae
-- Up-to-date: /home/monica/ros2_brazoPG/install/arlo_mejorado/share/arlo_mejorado/models/arlodrive/meshes/backup/dedos/mano_completa.blend
-- Up-to-date: /home/monica/ros2_brazoPG/install/arlo_mejorado/share/arlo_mejorado/models/arlodrive/meshes/backup/dedos/dedo_menique.blend1
-- Up-to-date: /home/monica/ros2_brazoPG/install/arlo_mejorado/share/arlo_mejorado/models/arlodrive/meshes/backup/dedos/dedo_menique_2.blend
-- Up-to-date: /home/monica/ros2_brazoPG/install/arlo_mejorado/share/arlo_mejorado/models/arlodrive/meshes/backup/dedos/dedo_anular.blend1
-- Up-to-date: /home/monica/ros2_brazoPG/install/arlo_mejorado/share/arlo_mejorado/models/arlodrive/meshes/backup/dedos/dedo_menique_3.blend1
-- Up-to-date: /home/monica/ros2_brazoPG/install/arlo_mejorado/share/arlo_mejorado/models/arlodrive/meshes/backup/dedos/dedo_menique_3.blend
-- Up-to-date: /home/monica/ros2_brazoPG/install/arlo_mejorado/share/arlo_mejorado/models/arlodrive/meshes/backup/dedos/dedo_menique_1.dae
-- Up-to-date: /home/monica/ros2_brazoPG/install/arlo_mejorado/share/arlo_mejorado/models/arlodrive/meshes/backup/dedos/dedo_anular.blend
-- Up-to-date: /home/monica/ros2_brazoPG/install/arlo_mejorado/share/arlo_mejorado/models/arlodrive/meshes/backup/dedos/dedo_indice.blend
-- Up-to-date: /home/monica/ros2_brazoPG/install/arlo_mejorado/share/arlo_mejorado/models/arlodrive/meshes/backup/dedos/mano_completa.blend1
-- Up-to-date: /home/monica/ros2_brazoPG/install/arlo_mejorado/share/arlo_mejorado/models/arlodrive/meshes/backup/dedos/dedo_anular_3.dae
-- Up-to-date: /home/monica/ros2_brazoPG/install/arlo_mejorado/share/arlo_mejorado/models/arlodrive/meshes/backup/dedos/dedo_anular_2.dae
-- Up-to-date: /home/monica/ros2_brazoPG/install/arlo_mejorado/share/arlo_mejorado/models/arlodrive/meshes/backup/dedos/dedo_cordial.blend1
-- Up-to-date: /home/monica/ros2_brazoPG/install/arlo_mejorado/share/arlo_mejorado/models/arlodrive/meshes/backup/dedos/dedo_indice_3.dae
-- Up-to-date: /home/monica/ros2_brazoPG/install/arlo_mejorado/share/arlo_mejorado/models/arlodrive/meshes/backup/pulgar_1_izq.dae
-- Up-to-date: /home/monica/ros2_brazoPG/install/arlo_mejorado/share/arlo_mejorado/models/arlodrive/meshes/backup/pulgar_3.dae
-- Up-to-date: /home/monica/ros2_brazoPG/install/arlo_mejorado/share/arlo_mejorado/models/arlodrive/meshes/hombro_bajo.dae
-- Up-to-date: /home/monica/ros2_brazoPG/install/arlo_mejorado/share/arlo_mejorado/models/arlodrive/meshes/dedos
-- Up-to-date: /home/monica/ros2_brazoPG/install/arlo_mejorado/share/arlo_mejorado/models/arlodrive/meshes/dedos/pulgar_2.dae
-- Up-to-date: /home/monica/ros2_brazoPG/install/arlo_mejorado/share/arlo_mejorado/models/arlodrive/meshes/dedos/pulgar_1_izq_colision.dae
-- Up-to-date: /home/monica/ros2_brazoPG/install/arlo_mejorado/share/arlo_mejorado/models/arlodrive/meshes/dedos/dedo_menique_3_colision.dae
-- Up-to-date: /home/monica/ros2_brazoPG/install/arlo_mejorado/share/arlo_mejorado/models/arlodrive/meshes/dedos/dedo_indice.blend1
-- Up-to-date: /home/monica/ros2_brazoPG/install/arlo_mejorado/share/arlo_mejorado/models/arlodrive/meshes/dedos/dedo_cordial_3_colision.dae
-- Up-to-date: /home/monica/ros2_brazoPG/install/arlo_mejorado/share/arlo_mejorado/models/arlodrive/meshes/dedos/pulgar_3_colision.dae
-- Up-to-date: /home/monica/ros2_brazoPG/install/arlo_mejorado/share/arlo_mejorado/models/arlodrive/meshes/dedos/dedo_cordial_1.dae
-- Up-to-date: /home/monica/ros2_brazoPG/install/arlo_mejorado/share/arlo_mejorado/models/arlodrive/meshes/dedos/dedo_menique_2_colision.dae
-- Up-to-date: /home/monica/ros2_brazoPG/install/arlo_mejorado/share/arlo_mejorado/models/arlodrive/meshes/dedos/dedo_menique_1.blend
-- Up-to-date: /home/monica/ros2_brazoPG/install/arlo_mejorado/share/arlo_mejorado/models/arlodrive/meshes/dedos/dedo_indice_2.dae
-- Up-to-date: /home/monica/ros2_brazoPG/install/arlo_mejorado/share/arlo_mejorado/models/arlodrive/meshes/dedos/dedo_indice_3_colision.dae
-- Up-to-date: /home/monica/ros2_brazoPG/install/arlo_mejorado/share/arlo_mejorado/models/arlodrive/meshes/dedos/dedo_cordial.blend
-- Up-to-date: /home/monica/ros2_brazoPG/install/arlo_mejorado/share/arlo_mejorado/models/arlodrive/meshes/dedos/dedo_menique_2.blend1
-- Up-to-date: /home/monica/ros2_brazoPG/install/arlo_mejorado/share/arlo_mejorado/models/arlodrive/meshes/dedos/dedo_cordial_2.dae
-- Up-to-date: /home/monica/ros2_brazoPG/install/arlo_mejorado/share/arlo_mejorado/models/arlodrive/meshes/dedos/dedo_indice_1.dae
-- Up-to-date: /home/monica/ros2_brazoPG/install/arlo_mejorado/share/arlo_mejorado/models/arlodrive/meshes/dedos/dedo_menique.blend
-- Up-to-date: /home/monica/ros2_brazoPG/install/arlo_mejorado/share/arlo_mejorado/models/arlodrive/meshes/dedos/dedo_anular_1_colision.dae
-- Up-to-date: /home/monica/ros2_brazoPG/install/arlo_mejorado/share/arlo_mejorado/models/arlodrive/meshes/dedos/dedo_menique_1.blend1
-- Up-to-date: /home/monica/ros2_brazoPG/install/arlo_mejorado/share/arlo_mejorado/models/arlodrive/meshes/dedos/dedo_menique_2.dae
-- Up-to-date: /home/monica/ros2_brazoPG/install/arlo_mejorado/share/arlo_mejorado/models/arlodrive/meshes/dedos/dedo_anular_1.dae
-- Up-to-date: /home/monica/ros2_brazoPG/install/arlo_mejorado/share/arlo_mejorado/models/arlodrive/meshes/dedos/dedo_indice_1_colision.dae
-- Up-to-date: /home/monica/ros2_brazoPG/install/arlo_mejorado/share/arlo_mejorado/models/arlodrive/meshes/dedos/dedo_menique_1_colision.dae
-- Up-to-date: /home/monica/ros2_brazoPG/install/arlo_mejorado/share/arlo_mejorado/models/arlodrive/meshes/dedos/dedo_menique_3.dae
-- Up-to-date: /home/monica/ros2_brazoPG/install/arlo_mejorado/share/arlo_mejorado/models/arlodrive/meshes/dedos/dedo_anular_3_colision.dae
-- Up-to-date: /home/monica/ros2_brazoPG/install/arlo_mejorado/share/arlo_mejorado/models/arlodrive/meshes/dedos/dedo_cordial_1_colision.dae
-- Up-to-date: /home/monica/ros2_brazoPG/install/arlo_mejorado/share/arlo_mejorado/models/arlodrive/meshes/dedos/dedo_cordial_3.dae
-- Up-to-date: /home/monica/ros2_brazoPG/install/arlo_mejorado/share/arlo_mejorado/models/arlodrive/meshes/dedos/pulgar_1_izq.dae
-- Up-to-date: /home/monica/ros2_brazoPG/install/arlo_mejorado/share/arlo_mejorado/models/arlodrive/meshes/dedos/mano_completa.blend
-- Up-to-date: /home/monica/ros2_brazoPG/install/arlo_mejorado/share/arlo_mejorado/models/arlodrive/meshes/dedos/dedo_menique.blend1
-- Up-to-date: /home/monica/ros2_brazoPG/install/arlo_mejorado/share/arlo_mejorado/models/arlodrive/meshes/dedos/dedo_menique_2.blend
-- Up-to-date: /home/monica/ros2_brazoPG/install/arlo_mejorado/share/arlo_mejorado/models/arlodrive/meshes/dedos/dedo_indice_2_colision.dae
-- Up-to-date: /home/monica/ros2_brazoPG/install/arlo_mejorado/share/arlo_mejorado/models/arlodrive/meshes/dedos/dedo_anular.blend1
-- Up-to-date: /home/monica/ros2_brazoPG/install/arlo_mejorado/share/arlo_mejorado/models/arlodrive/meshes/dedos/dedo_cordial_2_colision.dae
-- Up-to-date: /home/monica/ros2_brazoPG/install/arlo_mejorado/share/arlo_mejorado/models/arlodrive/meshes/dedos/dedo_menique_3.blend1
-- Up-to-date: /home/monica/ros2_brazoPG/install/arlo_mejorado/share/arlo_mejorado/models/arlodrive/meshes/dedos/pulgar_3.dae
-- Up-to-date: /home/monica/ros2_brazoPG/install/arlo_mejorado/share/arlo_mejorado/models/arlodrive/meshes/dedos/dedo_menique_3.blend
-- Up-to-date: /home/monica/ros2_brazoPG/install/arlo_mejorado/share/arlo_mejorado/models/arlodrive/meshes/dedos/dedo_menique_1.dae
-- Up-to-date: /home/monica/ros2_brazoPG/install/arlo_mejorado/share/arlo_mejorado/models/arlodrive/meshes/dedos/dedo_anular.blend
-- Up-to-date: /home/monica/ros2_brazoPG/install/arlo_mejorado/share/arlo_mejorado/models/arlodrive/meshes/dedos/dedo_indice.blend
-- Up-to-date: /home/monica/ros2_brazoPG/install/arlo_mejorado/share/arlo_mejorado/models/arlodrive/meshes/dedos/mano_completa.blend1
-- Up-to-date: /home/monica/ros2_brazoPG/install/arlo_mejorado/share/arlo_mejorado/models/arlodrive/meshes/dedos/dedo_anular_3.dae
-- Up-to-date: /home/monica/ros2_brazoPG/install/arlo_mejorado/share/arlo_mejorado/models/arlodrive/meshes/dedos/dedo_anular_2.dae
-- Up-to-date: /home/monica/ros2_brazoPG/install/arlo_mejorado/share/arlo_mejorado/models/arlodrive/meshes/dedos/dedo_cordial.blend1
-- Up-to-date: /home/monica/ros2_brazoPG/install/arlo_mejorado/share/arlo_mejorado/models/arlodrive/meshes/dedos/pulgar_2_colision.dae
-- Up-to-date: /home/monica/ros2_brazoPG/install/arlo_mejorado/share/arlo_mejorado/models/arlodrive/meshes/dedos/dedo_anular_2_colision.dae
-- Up-to-date: /home/monica/ros2_brazoPG/install/arlo_mejorado/share/arlo_mejorado/models/arlodrive/meshes/dedos/dedo_indice_3.dae
-- Up-to-date: /home/monica/ros2_brazoPG/install/arlo_mejorado/share/arlo_mejorado/models/arlodrive/meshes/pulgar_1_izq.dae
-- Up-to-date: /home/monica/ros2_brazoPG/install/arlo_mejorado/share/arlo_mejorado/models/arlodrive/meshes/codo_izq_tuercas.dae
-- Up-to-date: /home/monica/ros2_brazoPG/install/arlo_mejorado/share/arlo_mejorado/models/arlodrive/meshes/hombro_bajo_colision.dae
-- Up-to-date: /home/monica/ros2_brazoPG/install/arlo_mejorado/share/arlo_mejorado/models/arlodrive/meshes/pulgar_3.dae
-- Up-to-date: /home/monica/ros2_brazoPG/install/arlo_mejorado/share/arlo_mejorado/models/arlodrive/meshes/banda_terminada.blend
-- Up-to-date: /home/monica/ros2_brazoPG/install/arlo_mejorado/share/arlo_mejorado/models/arlodrive/meshes/palma.dae
-- Up-to-date: /home/monica/ros2_brazoPG/install/arlo_mejorado/share/arlo_mejorado/models/.directory
-- Up-to-date: /home/monica/ros2_brazoPG/install/arlo_mejorado/share/ament_index/resource_index/package_run_dependencies/arlo_mejorado
-- Up-to-date: /home/monica/ros2_brazoPG/install/arlo_mejorado/share/ament_index/resource_index/parent_prefix_path/arlo_mejorado
-- Up-to-date: /home/monica/ros2_brazoPG/install/arlo_mejorado/share/arlo_mejorado/environment/ament_prefix_path.sh
-- Up-to-date: /home/monica/ros2_brazoPG/install/arlo_mejorado/share/arlo_mejorado/environment/ament_prefix_path.dsv
-- Up-to-date: /home/monica/ros2_brazoPG/install/arlo_mejorado/share/arlo_mejorado/environment/path.sh
-- Up-to-date: /home/monica/ros2_brazoPG/install/arlo_mejorado/share/arlo_mejorado/environment/path.dsv
-- Up-to-date: /home/monica/ros2_brazoPG/install/arlo_mejorado/share/arlo_mejorado/local_setup.bash
-- Up-to-date: /home/monica/ros2_brazoPG/install/arlo_mejorado/share/arlo_mejorado/local_setup.sh
-- Up-to-date: /home/monica/ros2_brazoPG/install/arlo_mejorado/share/arlo_mejorado/local_setup.zsh
-- Up-to-date: /home/monica/ros2_brazoPG/install/arlo_mejorado/share/arlo_mejorado/local_setup.dsv
-- Installing: /home/monica/ros2_brazoPG/install/arlo_mejorado/share/arlo_mejorado/package.dsv
-- Up-to-date: /home/monica/ros2_brazoPG/install/arlo_mejorado/share/ament_index/resource_index/packages/arlo_mejorado
-- Up-to-date: /home/monica/ros2_brazoPG/install/arlo_mejorado/share/arlo_mejorado/cmake/arlo_mejoradoConfig.cmake
-- Up-to-date: /home/monica/ros2_brazoPG/install/arlo_mejorado/share/arlo_mejorado/cmake/arlo_mejoradoConfig-version.cmake
-- Up-to-date: /home/monica/ros2_brazoPG/install/arlo_mejorado/share/arlo_mejorado/package.xml
