[0.039s] Invoking command in '/home/monica/ros2_brazoPG/build/arlo_mejorado': CMAKE_PREFIX_PATH=${CMAKE_PREFIX_PATH}:/home/monica/ros2_ws/install/modulos:/opt/ros/iron /usr/bin/cmake --build /home/monica/ros2_brazoPG/build/arlo_mejorado -- -j2 -l2
[0.308s] Invoked command in '/home/monica/ros2_brazoPG/build/arlo_mejorado' returned '0': CMAKE_PREFIX_PATH=${CMAKE_PREFIX_PATH}:/home/monica/ros2_ws/install/modulos:/opt/ros/iron /usr/bin/cmake --build /home/monica/ros2_brazoPG/build/arlo_mejorado -- -j2 -l2
[0.319s] Invoking command in '/home/monica/ros2_brazoPG/build/arlo_mejorado': CMAKE_PREFIX_PATH=${CMAKE_PREFIX_PATH}:/home/monica/ros2_ws/install/modulos:/opt/ros/iron /usr/bin/cmake --install /home/monica/ros2_brazoPG/build/arlo_mejorado
[0.364s] -- Install configuration: ""
[0.364s] -- Up-to-date: /home/monica/ros2_brazoPG/install/arlo_mejorado/share/arlo_mejorado/launch
[0.364s] -- Up-to-date: /home/monica/ros2_brazoPG/install/arlo_mejorado/share/arlo_mejorado/launch/xolobot_arm_control.launch.py
[0.366s] -- Up-to-date: /home/monica/ros2_brazoPG/install/arlo_mejorado/share/arlo_mejorado/worlds
[0.366s] -- Up-to-date: /home/monica/ros2_brazoPG/install/arlo_mejorado/share/arlo_mejorado/worlds/coca_levitando.world
[0.367s] -- Up-to-date: /home/monica/ros2_brazoPG/install/arlo_mejorado/share/arlo_mejorado/models
[0.367s] -- Up-to-date: /home/monica/ros2_brazoPG/install/arlo_mejorado/share/arlo_mejorado/models/arlodrive
[0.367s] -- Up-to-date: /home/monica/ros2_brazoPG/install/arlo_mejorado/share/arlo_mejorado/models/arlodrive/.directory
[0.367s] -- Up-to-date: /home/monica/ros2_brazoPG/install/arlo_mejorado/share/arlo_mejorado/models/arlodrive/xolobot.urdf
[0.372s] -- Up-to-date: /home/monica/ros2_brazoPG/install/arlo_mejorado/share/arlo_mejorado/models/arlodrive/model.config
[0.373s] -- Up-to-date: /home/monica/ros2_brazoPG/install/arlo_mejorado/share/arlo_mejorado/models/arlodrive/textures
[0.373s] -- Up-to-date: /home/monica/ros2_brazoPG/install/arlo_mejorado/share/arlo_mejorado/models/arlodrive/textures/metal.material
[0.373s] -- Up-to-date: /home/monica/ros2_brazoPG/install/arlo_mejorado/share/arlo_mejorado/models/arlodrive/textures/images
[0.373s] -- Up-to-date: /home/monica/ros2_brazoPG/install/arlo_mejorado/share/arlo_mejorado/models/arlodrive/textures/images/metal-rosa.jpg
[0.374s] -- Up-to-date: /home/monica/ros2_brazoPG/install/arlo_mejorado/share/arlo_mejorado/models/arlodrive/textures/images/metal-hoyos.jpg
[0.374s] -- Up-to-date: /home/monica/ros2_brazoPG/install/arlo_mejorado/share/arlo_mejorado/models/arlodrive/textures/images/blue-metal.jpg
[0.374s] -- Up-to-date: /home/monica/ros2_brazoPG/install/arlo_mejorado/share/arlo_mejorado/models/arlodrive/textures/images/rose-gold.jpg
[0.374s] -- Up-to-date: /home/monica/ros2_brazoPG/install/arlo_mejorado/share/arlo_mejorado/models/arlodrive/textures/images/piso-metal-barras.jpg
[0.374s] -- Up-to-date: /home/monica/ros2_brazoPG/install/arlo_mejorado/share/arlo_mejorado/models/arlodrive/textures/images/piso-metal-blanco.jpg
[0.384s] -- Up-to-date: /home/monica/ros2_brazoPG/install/arlo_mejorado/share/arlo_mejorado/models/arlodrive/textures/model.config
[0.384s] -- Up-to-date: /home/monica/ros2_brazoPG/install/arlo_mejorado/share/arlo_mejorado/models/arlodrive/textures/xolobot.material
[0.384s] -- Up-to-date: /home/monica/ros2_brazoPG/install/arlo_mejorado/share/arlo_mejorado/models/arlodrive/xolobot_arm.sdf
[0.384s] -- Up-to-date: /home/monica/ros2_brazoPG/install/arlo_mejorado/share/arlo_mejorado/models/arlodrive/meshes
[0.384s] -- Up-to-date: /home/monica/ros2_brazoPG/install/arlo_mejorado/share/arlo_mejorado/models/arlodrive/meshes/pulgar_2.dae
[0.385s] -- Up-to-date: /home/monica/ros2_brazoPG/install/arlo_mejorado/share/arlo_mejorado/models/arlodrive/meshes/antebrazo_mano_izq_2.dae
[0.385s] -- Up-to-date: /home/monica/ros2_brazoPG/install/arlo_mejorado/share/arlo_mejorado/models/arlodrive/meshes/biceps_juntos.dae
[0.385s] -- Up-to-date: /home/monica/ros2_brazoPG/install/arlo_mejorado/share/arlo_mejorado/models/arlodrive/meshes/biceps_der.dae
[0.385s] -- Up-to-date: /home/monica/ros2_brazoPG/install/arlo_mejorado/share/arlo_mejorado/models/arlodrive/meshes/biceps_izq.dae
[0.392s] -- Up-to-date: /home/monica/ros2_brazoPG/install/arlo_mejorado/share/arlo_mejorado/models/arlodrive/meshes/banda.blend
[0.392s] -- Up-to-date: /home/monica/ros2_brazoPG/install/arlo_mejorado/share/arlo_mejorado/models/arlodrive/meshes/biceps_juntos_nuevo.dae
[0.392s] -- Up-to-date: /home/monica/ros2_brazoPG/install/arlo_mejorado/share/arlo_mejorado/models/arlodrive/meshes/antebrazo_mano_izqprueba.dae
[0.392s] -- Up-to-date: /home/monica/ros2_brazoPG/install/arlo_mejorado/share/arlo_mejorado/models/arlodrive/meshes/antebrazo_mano_izq_bak.dae
[0.393s] -- Up-to-date: /home/monica/ros2_brazoPG/install/arlo_mejorado/share/arlo_mejorado/models/arlodrive/meshes/mono.dae
[0.393s] -- Up-to-date: /home/monica/ros2_brazoPG/install/arlo_mejorado/share/arlo_mejorado/models/arlodrive/meshes/hombro_alto.dae
[0.393s] -- Up-to-date: /home/monica/ros2_brazoPG/install/arlo_mejorado/share/arlo_mejorado/models/arlodrive/meshes/codo_izq_colision.dae
[0.393s] -- Up-to-date: /home/monica/ros2_brazoPG/install/arlo_mejorado/share/arlo_mejorado/models/arlodrive/meshes/hombro_alto_colision.dae
[0.400s] -- Up-to-date: /home/monica/ros2_brazoPG/install/arlo_mejorado/share/arlo_mejorado/models/arlodrive/meshes/model.config
[0.400s] -- Up-to-date: /home/monica/ros2_brazoPG/install/arlo_mejorado/share/arlo_mejorado/models/arlodrive/meshes/antebrazo_mano_izq.dae
[0.400s] -- Up-to-date: /home/monica/ros2_brazoPG/install/arlo_mejorado/share/arlo_mejorado/models/arlodrive/meshes/codo_izq.dae
[0.401s] -- Up-to-date: /home/monica/ros2_brazoPG/install/arlo_mejorado/share/arlo_mejorado/models/arlodrive/meshes/biceps_izq_colision.dae
[0.401s] -- Up-to-date: /home/monica/ros2_brazoPG/install/arlo_mejorado/share/arlo_mejorado/models/arlodrive/meshes/backup
[0.401s] -- Up-to-date: /home/monica/ros2_brazoPG/install/arlo_mejorado/share/arlo_mejorado/models/arlodrive/meshes/backup/pulgar_2.dae
[0.401s] -- Up-to-date: /home/monica/ros2_brazoPG/install/arlo_mejorado/share/arlo_mejorado/models/arlodrive/meshes/backup/biceps_juntos.dae
[0.402s] -- Up-to-date: /home/monica/ros2_brazoPG/install/arlo_mejorado/share/arlo_mejorado/models/arlodrive/meshes/backup/biceps_der.dae
[0.403s] -- Up-to-date: /home/monica/ros2_brazoPG/install/arlo_mejorado/share/arlo_mejorado/models/arlodrive/meshes/backup/biceps_izq.dae
[0.403s] -- Up-to-date: /home/monica/ros2_brazoPG/install/arlo_mejorado/share/arlo_mejorado/models/arlodrive/meshes/backup/biceps_juntos_nuevo.dae
[0.403s] -- Up-to-date: /home/monica/ros2_brazoPG/install/arlo_mejorado/share/arlo_mejorado/models/arlodrive/meshes/backup/hombro_alto.dae
[0.403s] -- Up-to-date: /home/monica/ros2_brazoPG/install/arlo_mejorado/share/arlo_mejorado/models/arlodrive/meshes/backup/antebrazo_mano_izq.dae
[0.404s] -- Up-to-date: /home/monica/ros2_brazoPG/install/arlo_mejorado/share/arlo_mejorado/models/arlodrive/meshes/backup/codo_izq.dae
[0.404s] -- Up-to-date: /home/monica/ros2_brazoPG/install/arlo_mejorado/share/arlo_mejorado/models/arlodrive/meshes/backup/hombro_bajo.dae
[0.404s] -- Up-to-date: /home/monica/ros2_brazoPG/install/arlo_mejorado/share/arlo_mejorado/models/arlodrive/meshes/backup/dedos
[0.404s] -- Up-to-date: /home/monica/ros2_brazoPG/install/arlo_mejorado/share/arlo_mejorado/models/arlodrive/meshes/backup/dedos/dedo_indice.blend1
[0.408s] -- Up-to-date: /home/monica/ros2_brazoPG/install/arlo_mejorado/share/arlo_mejorado/models/arlodrive/meshes/backup/dedos/dedo_cordial_1.dae
[0.408s] -- Up-to-date: /home/monica/ros2_brazoPG/install/arlo_mejorado/share/arlo_mejorado/models/arlodrive/meshes/backup/dedos/dedo_menique_1.blend
[0.409s] -- Up-to-date: /home/monica/ros2_brazoPG/install/arlo_mejorado/share/arlo_mejorado/models/arlodrive/meshes/backup/dedos/dedo_indice_2.dae
[0.409s] -- Up-to-date: /home/monica/ros2_brazoPG/install/arlo_mejorado/share/arlo_mejorado/models/arlodrive/meshes/backup/dedos/dedo_cordial.blend
[0.409s] -- Up-to-date: /home/monica/ros2_brazoPG/install/arlo_mejorado/share/arlo_mejorado/models/arlodrive/meshes/backup/dedos/dedo_menique_2.blend1
[0.409s] -- Up-to-date: /home/monica/ros2_brazoPG/install/arlo_mejorado/share/arlo_mejorado/models/arlodrive/meshes/backup/dedos/dedo_cordial_2.dae
[0.409s] -- Up-to-date: /home/monica/ros2_brazoPG/install/arlo_mejorado/share/arlo_mejorado/models/arlodrive/meshes/backup/dedos/dedo_indice_1.dae
[0.410s] -- Up-to-date: /home/monica/ros2_brazoPG/install/arlo_mejorado/share/arlo_mejorado/models/arlodrive/meshes/backup/dedos/dedo_menique.blend
[0.410s] -- Up-to-date: /home/monica/ros2_brazoPG/install/arlo_mejorado/share/arlo_mejorado/models/arlodrive/meshes/backup/dedos/dedo_menique_1.blend1
[0.410s] -- Up-to-date: /home/monica/ros2_brazoPG/install/arlo_mejorado/share/arlo_mejorado/models/arlodrive/meshes/backup/dedos/dedo_menique_2.dae
[0.410s] -- Up-to-date: /home/monica/ros2_brazoPG/install/arlo_mejorado/share/arlo_mejorado/models/arlodrive/meshes/backup/dedos/dedo_anular_1.dae
[0.418s] -- Up-to-date: /home/monica/ros2_brazoPG/install/arlo_mejorado/share/arlo_mejorado/models/arlodrive/meshes/backup/dedos/dedo_menique_3.dae
[0.418s] -- Up-to-date: /home/monica/ros2_brazoPG/install/arlo_mejorado/share/arlo_mejorado/models/arlodrive/meshes/backup/dedos/dedo_cordial_3.dae
[0.419s] -- Up-to-date: /home/monica/ros2_brazoPG/install/arlo_mejorado/share/arlo_mejorado/models/arlodrive/meshes/backup/dedos/mano_completa.blend
[0.419s] -- Up-to-date: /home/monica/ros2_brazoPG/install/arlo_mejorado/share/arlo_mejorado/models/arlodrive/meshes/backup/dedos/dedo_menique.blend1
[0.419s] -- Up-to-date: /home/monica/ros2_brazoPG/install/arlo_mejorado/share/arlo_mejorado/models/arlodrive/meshes/backup/dedos/dedo_menique_2.blend
[0.419s] -- Up-to-date: /home/monica/ros2_brazoPG/install/arlo_mejorado/share/arlo_mejorado/models/arlodrive/meshes/backup/dedos/dedo_anular.blend1
[0.420s] -- Up-to-date: /home/monica/ros2_brazoPG/install/arlo_mejorado/share/arlo_mejorado/models/arlodrive/meshes/backup/dedos/dedo_menique_3.blend1
[0.421s] -- Up-to-date: /home/monica/ros2_brazoPG/install/arlo_mejorado/share/arlo_mejorado/models/arlodrive/meshes/backup/dedos/dedo_menique_3.blend
[0.421s] -- Up-to-date: /home/monica/ros2_brazoPG/install/arlo_mejorado/share/arlo_mejorado/models/arlodrive/meshes/backup/dedos/dedo_menique_1.dae
[0.421s] -- Up-to-date: /home/monica/ros2_brazoPG/install/arlo_mejorado/share/arlo_mejorado/models/arlodrive/meshes/backup/dedos/dedo_anular.blend
[0.421s] -- Up-to-date: /home/monica/ros2_brazoPG/install/arlo_mejorado/share/arlo_mejorado/models/arlodrive/meshes/backup/dedos/dedo_indice.blend
[0.424s] -- Up-to-date: /home/monica/ros2_brazoPG/install/arlo_mejorado/share/arlo_mejorado/models/arlodrive/meshes/backup/dedos/mano_completa.blend1
[0.424s] -- Up-to-date: /home/monica/ros2_brazoPG/install/arlo_mejorado/share/arlo_mejorado/models/arlodrive/meshes/backup/dedos/dedo_anular_3.dae
[0.424s] -- Up-to-date: /home/monica/ros2_brazoPG/install/arlo_mejorado/share/arlo_mejorado/models/arlodrive/meshes/backup/dedos/dedo_anular_2.dae
[0.426s] -- Up-to-date: /home/monica/ros2_brazoPG/install/arlo_mejorado/share/arlo_mejorado/models/arlodrive/meshes/backup/dedos/dedo_cordial.blend1
[0.427s] -- Up-to-date: /home/monica/ros2_brazoPG/install/arlo_mejorado/share/arlo_mejorado/models/arlodrive/meshes/backup/dedos/dedo_indice_3.dae
[0.427s] -- Up-to-date: /home/monica/ros2_brazoPG/install/arlo_mejorado/share/arlo_mejorado/models/arlodrive/meshes/backup/pulgar_1_izq.dae
[0.427s] -- Up-to-date: /home/monica/ros2_brazoPG/install/arlo_mejorado/share/arlo_mejorado/models/arlodrive/meshes/backup/pulgar_3.dae
[0.427s] -- Up-to-date: /home/monica/ros2_brazoPG/install/arlo_mejorado/share/arlo_mejorado/models/arlodrive/meshes/hombro_bajo.dae
[0.428s] -- Up-to-date: /home/monica/ros2_brazoPG/install/arlo_mejorado/share/arlo_mejorado/models/arlodrive/meshes/dedos
[0.428s] -- Up-to-date: /home/monica/ros2_brazoPG/install/arlo_mejorado/share/arlo_mejorado/models/arlodrive/meshes/dedos/pulgar_2.dae
[0.428s] -- Up-to-date: /home/monica/ros2_brazoPG/install/arlo_mejorado/share/arlo_mejorado/models/arlodrive/meshes/dedos/pulgar_1_izq_colision.dae
[0.428s] -- Up-to-date: /home/monica/ros2_brazoPG/install/arlo_mejorado/share/arlo_mejorado/models/arlodrive/meshes/dedos/dedo_menique_3_colision.dae
[0.428s] -- Up-to-date: /home/monica/ros2_brazoPG/install/arlo_mejorado/share/arlo_mejorado/models/arlodrive/meshes/dedos/dedo_indice.blend1
[0.428s] -- Up-to-date: /home/monica/ros2_brazoPG/install/arlo_mejorado/share/arlo_mejorado/models/arlodrive/meshes/dedos/dedo_cordial_3_colision.dae
[0.429s] -- Up-to-date: /home/monica/ros2_brazoPG/install/arlo_mejorado/share/arlo_mejorado/models/arlodrive/meshes/dedos/pulgar_3_colision.dae
[0.429s] -- Up-to-date: /home/monica/ros2_brazoPG/install/arlo_mejorado/share/arlo_mejorado/models/arlodrive/meshes/dedos/dedo_cordial_1.dae
[0.429s] -- Up-to-date: /home/monica/ros2_brazoPG/install/arlo_mejorado/share/arlo_mejorado/models/arlodrive/meshes/dedos/dedo_menique_2_colision.dae
[0.429s] -- Up-to-date: /home/monica/ros2_brazoPG/install/arlo_mejorado/share/arlo_mejorado/models/arlodrive/meshes/dedos/dedo_menique_1.blend
[0.435s] -- Up-to-date: /home/monica/ros2_brazoPG/install/arlo_mejorado/share/arlo_mejorado/models/arlodrive/meshes/dedos/dedo_indice_2.dae
[0.436s] -- Up-to-date: /home/monica/ros2_brazoPG/install/arlo_mejorado/share/arlo_mejorado/models/arlodrive/meshes/dedos/dedo_indice_3_colision.dae
[0.436s] -- Up-to-date: /home/monica/ros2_brazoPG/install/arlo_mejorado/share/arlo_mejorado/models/arlodrive/meshes/dedos/dedo_cordial.blend
[0.436s] -- Up-to-date: /home/monica/ros2_brazoPG/install/arlo_mejorado/share/arlo_mejorado/models/arlodrive/meshes/dedos/dedo_menique_2.blend1
[0.436s] -- Up-to-date: /home/monica/ros2_brazoPG/install/arlo_mejorado/share/arlo_mejorado/models/arlodrive/meshes/dedos/dedo_cordial_2.dae
[0.437s] -- Up-to-date: /home/monica/ros2_brazoPG/install/arlo_mejorado/share/arlo_mejorado/models/arlodrive/meshes/dedos/dedo_indice_1.dae
[0.437s] -- Up-to-date: /home/monica/ros2_brazoPG/install/arlo_mejorado/share/arlo_mejorado/models/arlodrive/meshes/dedos/dedo_menique.blend
[0.437s] -- Up-to-date: /home/monica/ros2_brazoPG/install/arlo_mejorado/share/arlo_mejorado/models/arlodrive/meshes/dedos/dedo_anular_1_colision.dae
[0.437s] -- Up-to-date: /home/monica/ros2_brazoPG/install/arlo_mejorado/share/arlo_mejorado/models/arlodrive/meshes/dedos/dedo_menique_1.blend1
[0.446s] -- Up-to-date: /home/monica/ros2_brazoPG/install/arlo_mejorado/share/arlo_mejorado/models/arlodrive/meshes/dedos/dedo_menique_2.dae
[0.447s] -- Up-to-date: /home/monica/ros2_brazoPG/install/arlo_mejorado/share/arlo_mejorado/models/arlodrive/meshes/dedos/dedo_anular_1.dae
[0.447s] -- Up-to-date: /home/monica/ros2_brazoPG/install/arlo_mejorado/share/arlo_mejorado/models/arlodrive/meshes/dedos/dedo_indice_1_colision.dae
[0.447s] -- Up-to-date: /home/monica/ros2_brazoPG/install/arlo_mejorado/share/arlo_mejorado/models/arlodrive/meshes/dedos/dedo_menique_1_colision.dae
[0.448s] -- Up-to-date: /home/monica/ros2_brazoPG/install/arlo_mejorado/share/arlo_mejorado/models/arlodrive/meshes/dedos/dedo_menique_3.dae
[0.448s] -- Up-to-date: /home/monica/ros2_brazoPG/install/arlo_mejorado/share/arlo_mejorado/models/arlodrive/meshes/dedos/dedo_anular_3_colision.dae
[0.448s] -- Up-to-date: /home/monica/ros2_brazoPG/install/arlo_mejorado/share/arlo_mejorado/models/arlodrive/meshes/dedos/dedo_cordial_1_colision.dae
[0.448s] -- Up-to-date: /home/monica/ros2_brazoPG/install/arlo_mejorado/share/arlo_mejorado/models/arlodrive/meshes/dedos/dedo_cordial_3.dae
[0.451s] -- Up-to-date: /home/monica/ros2_brazoPG/install/arlo_mejorado/share/arlo_mejorado/models/arlodrive/meshes/dedos/pulgar_1_izq.dae
[0.452s] -- Up-to-date: /home/monica/ros2_brazoPG/install/arlo_mejorado/share/arlo_mejorado/models/arlodrive/meshes/dedos/mano_completa.blend
[0.452s] -- Up-to-date: /home/monica/ros2_brazoPG/install/arlo_mejorado/share/arlo_mejorado/models/arlodrive/meshes/dedos/dedo_menique.blend1
[0.452s] -- Up-to-date: /home/monica/ros2_brazoPG/install/arlo_mejorado/share/arlo_mejorado/models/arlodrive/meshes/dedos/dedo_menique_2.blend
[0.452s] -- Up-to-date: /home/monica/ros2_brazoPG/install/arlo_mejorado/share/arlo_mejorado/models/arlodrive/meshes/dedos/dedo_indice_2_colision.dae
[0.453s] -- Up-to-date: /home/monica/ros2_brazoPG/install/arlo_mejorado/share/arlo_mejorado/models/arlodrive/meshes/dedos/dedo_anular.blend1
[0.453s] -- Up-to-date: /home/monica/ros2_brazoPG/install/arlo_mejorado/share/arlo_mejorado/models/arlodrive/meshes/dedos/dedo_cordial_2_colision.dae
[0.453s] -- Up-to-date: /home/monica/ros2_brazoPG/install/arlo_mejorado/share/arlo_mejorado/models/arlodrive/meshes/dedos/dedo_menique_3.blend1
[0.453s] -- Up-to-date: /home/monica/ros2_brazoPG/install/arlo_mejorado/share/arlo_mejorado/models/arlodrive/meshes/dedos/pulgar_3.dae
[0.453s] -- Up-to-date: /home/monica/ros2_brazoPG/install/arlo_mejorado/share/arlo_mejorado/models/arlodrive/meshes/dedos/dedo_menique_3.blend
[0.460s] -- Up-to-date: /home/monica/ros2_brazoPG/install/arlo_mejorado/share/arlo_mejorado/models/arlodrive/meshes/dedos/dedo_menique_1.dae
[0.460s] -- Up-to-date: /home/monica/ros2_brazoPG/install/arlo_mejorado/share/arlo_mejorado/models/arlodrive/meshes/dedos/dedo_anular.blend
[0.460s] -- Up-to-date: /home/monica/ros2_brazoPG/install/arlo_mejorado/share/arlo_mejorado/models/arlodrive/meshes/dedos/dedo_indice.blend
[0.460s] -- Up-to-date: /home/monica/ros2_brazoPG/install/arlo_mejorado/share/arlo_mejorado/models/arlodrive/meshes/dedos/mano_completa.blend1
[0.460s] -- Up-to-date: /home/monica/ros2_brazoPG/install/arlo_mejorado/share/arlo_mejorado/models/arlodrive/meshes/dedos/dedo_anular_3.dae
[0.461s] -- Up-to-date: /home/monica/ros2_brazoPG/install/arlo_mejorado/share/arlo_mejorado/models/arlodrive/meshes/dedos/dedo_anular_2.dae
[0.461s] -- Up-to-date: /home/monica/ros2_brazoPG/install/arlo_mejorado/share/arlo_mejorado/models/arlodrive/meshes/dedos/dedo_cordial.blend1
[0.461s] -- Up-to-date: /home/monica/ros2_brazoPG/install/arlo_mejorado/share/arlo_mejorado/models/arlodrive/meshes/dedos/pulgar_2_colision.dae
[0.461s] -- Up-to-date: /home/monica/ros2_brazoPG/install/arlo_mejorado/share/arlo_mejorado/models/arlodrive/meshes/dedos/dedo_anular_2_colision.dae
[0.473s] -- Up-to-date: /home/monica/ros2_brazoPG/install/arlo_mejorado/share/arlo_mejorado/models/arlodrive/meshes/dedos/dedo_indice_3.dae
[0.473s] -- Up-to-date: /home/monica/ros2_brazoPG/install/arlo_mejorado/share/arlo_mejorado/models/arlodrive/meshes/pulgar_1_izq.dae
[0.473s] -- Up-to-date: /home/monica/ros2_brazoPG/install/arlo_mejorado/share/arlo_mejorado/models/arlodrive/meshes/codo_izq_tuercas.dae
[0.474s] -- Up-to-date: /home/monica/ros2_brazoPG/install/arlo_mejorado/share/arlo_mejorado/models/arlodrive/meshes/hombro_bajo_colision.dae
[0.474s] -- Up-to-date: /home/monica/ros2_brazoPG/install/arlo_mejorado/share/arlo_mejorado/models/arlodrive/meshes/pulgar_3.dae
[0.474s] -- Up-to-date: /home/monica/ros2_brazoPG/install/arlo_mejorado/share/arlo_mejorado/models/arlodrive/meshes/banda_terminada.blend
[0.474s] -- Up-to-date: /home/monica/ros2_brazoPG/install/arlo_mejorado/share/arlo_mejorado/models/arlodrive/meshes/palma.dae
[0.474s] -- Up-to-date: /home/monica/ros2_brazoPG/install/arlo_mejorado/share/arlo_mejorado/models/.directory
[0.474s] -- Up-to-date: /home/monica/ros2_brazoPG/install/arlo_mejorado/share/ament_index/resource_index/package_run_dependencies/arlo_mejorado
[0.475s] -- Up-to-date: /home/monica/ros2_brazoPG/install/arlo_mejorado/share/ament_index/resource_index/parent_prefix_path/arlo_mejorado
[0.475s] -- Up-to-date: /home/monica/ros2_brazoPG/install/arlo_mejorado/share/arlo_mejorado/environment/ament_prefix_path.sh
[0.475s] -- Up-to-date: /home/monica/ros2_brazoPG/install/arlo_mejorado/share/arlo_mejorado/environment/ament_prefix_path.dsv
[0.475s] -- Up-to-date: /home/monica/ros2_brazoPG/install/arlo_mejorado/share/arlo_mejorado/environment/path.sh
[0.479s] -- Up-to-date: /home/monica/ros2_brazoPG/install/arlo_mejorado/share/arlo_mejorado/environment/path.dsv
[0.480s] -- Up-to-date: /home/monica/ros2_brazoPG/install/arlo_mejorado/share/arlo_mejorado/local_setup.bash
[0.480s] -- Up-to-date: /home/monica/ros2_brazoPG/install/arlo_mejorado/share/arlo_mejorado/local_setup.sh
[0.480s] -- Up-to-date: /home/monica/ros2_brazoPG/install/arlo_mejorado/share/arlo_mejorado/local_setup.zsh
[0.480s] -- Up-to-date: /home/monica/ros2_brazoPG/install/arlo_mejorado/share/arlo_mejorado/local_setup.dsv
[0.481s] -- Installing: /home/monica/ros2_brazoPG/install/arlo_mejorado/share/arlo_mejorado/package.dsv
[0.481s] -- Up-to-date: /home/monica/ros2_brazoPG/install/arlo_mejorado/share/ament_index/resource_index/packages/arlo_mejorado
[0.481s] -- Up-to-date: /home/monica/ros2_brazoPG/install/arlo_mejorado/share/arlo_mejorado/cmake/arlo_mejoradoConfig.cmake
[0.481s] -- Up-to-date: /home/monica/ros2_brazoPG/install/arlo_mejorado/share/arlo_mejorado/cmake/arlo_mejoradoConfig-version.cmake
[0.483s] -- Up-to-date: /home/monica/ros2_brazoPG/install/arlo_mejorado/share/arlo_mejorado/package.xml
[0.484s] Invoked command in '/home/monica/ros2_brazoPG/build/arlo_mejorado' returned '0': CMAKE_PREFIX_PATH=${CMAKE_PREFIX_PATH}:/home/monica/ros2_ws/install/modulos:/opt/ros/iron /usr/bin/cmake --install /home/monica/ros2_brazoPG/build/arlo_mejorado
