running egg_info
creating ../../build/arlo_gp_controller/arlo_gp_controller.egg-info
writing ../../build/arlo_gp_controller/arlo_gp_controller.egg-info/PKG-INFO
writing dependency_links to ../../build/arlo_gp_controller/arlo_gp_controller.egg-info/dependency_links.txt
writing entry points to ../../build/arlo_gp_controller/arlo_gp_controller.egg-info/entry_points.txt
writing requirements to ../../build/arlo_gp_controller/arlo_gp_controller.egg-info/requires.txt
writing top-level names to ../../build/arlo_gp_controller/arlo_gp_controller.egg-info/top_level.txt
writing manifest file '../../build/arlo_gp_controller/arlo_gp_controller.egg-info/SOURCES.txt'
reading manifest file '../../build/arlo_gp_controller/arlo_gp_controller.egg-info/SOURCES.txt'
adding license file 'LICENSE'
writing manifest file '../../build/arlo_gp_controller/arlo_gp_controller.egg-info/SOURCES.txt'
running build
running build_py
creating /home/monica/ros2_brazoPG/build/arlo_gp_controller/build
creating /home/monica/ros2_brazoPG/build/arlo_gp_controller/build/lib
creating /home/monica/ros2_brazoPG/build/arlo_gp_controller/build/lib/arlo_gp_controller
copying arlo_gp_controller/main.py -> /home/monica/ros2_brazoPG/build/arlo_gp_controller/build/lib/arlo_gp_controller
copying arlo_gp_controller/cortezaParietal.py -> /home/monica/ros2_brazoPG/build/arlo_gp_controller/build/lib/arlo_gp_controller
copying arlo_gp_controller/cortezaSomatosensorial.py -> /home/monica/ros2_brazoPG/build/arlo_gp_controller/build/lib/arlo_gp_controller
copying arlo_gp_controller/__init__.py -> /home/monica/ros2_brazoPG/build/arlo_gp_controller/build/lib/arlo_gp_controller
copying arlo_gp_controller/corrienteDorsal.py -> /home/monica/ros2_brazoPG/build/arlo_gp_controller/build/lib/arlo_gp_controller
creating /home/monica/ros2_brazoPG/build/arlo_gp_controller/build/lib/arlo_gp_controller/gp
copying arlo_gp_controller/gp/runBest.py -> /home/monica/ros2_brazoPG/build/arlo_gp_controller/build/lib/arlo_gp_controller/gp
copying arlo_gp_controller/gp/ruleSet.py -> /home/monica/ros2_brazoPG/build/arlo_gp_controller/build/lib/arlo_gp_controller/gp
copying arlo_gp_controller/gp/gpNode.py -> /home/monica/ros2_brazoPG/build/arlo_gp_controller/build/lib/arlo_gp_controller/gp
copying arlo_gp_controller/gp/gpTree.py -> /home/monica/ros2_brazoPG/build/arlo_gp_controller/build/lib/arlo_gp_controller/gp
copying arlo_gp_controller/gp/__init__.py -> /home/monica/ros2_brazoPG/build/arlo_gp_controller/build/lib/arlo_gp_controller/gp
copying arlo_gp_controller/gp/trayectorias.py -> /home/monica/ros2_brazoPG/build/arlo_gp_controller/build/lib/arlo_gp_controller/gp
copying arlo_gp_controller/gp/gp.py -> /home/monica/ros2_brazoPG/build/arlo_gp_controller/build/lib/arlo_gp_controller/gp
copying arlo_gp_controller/gp/rule.py -> /home/monica/ros2_brazoPG/build/arlo_gp_controller/build/lib/arlo_gp_controller/gp
copying arlo_gp_controller/gp/test.py -> /home/monica/ros2_brazoPG/build/arlo_gp_controller/build/lib/arlo_gp_controller/gp
running install
running install_lib
creating /home/monica/ros2_brazoPG/install/arlo_gp_controller/lib/python3.10/site-packages/arlo_gp_controller
copying /home/monica/ros2_brazoPG/build/arlo_gp_controller/build/lib/arlo_gp_controller/main.py -> /home/monica/ros2_brazoPG/install/arlo_gp_controller/lib/python3.10/site-packages/arlo_gp_controller
copying /home/monica/ros2_brazoPG/build/arlo_gp_controller/build/lib/arlo_gp_controller/cortezaParietal.py -> /home/monica/ros2_brazoPG/install/arlo_gp_controller/lib/python3.10/site-packages/arlo_gp_controller
copying /home/monica/ros2_brazoPG/build/arlo_gp_controller/build/lib/arlo_gp_controller/cortezaSomatosensorial.py -> /home/monica/ros2_brazoPG/install/arlo_gp_controller/lib/python3.10/site-packages/arlo_gp_controller
copying /home/monica/ros2_brazoPG/build/arlo_gp_controller/build/lib/arlo_gp_controller/__init__.py -> /home/monica/ros2_brazoPG/install/arlo_gp_controller/lib/python3.10/site-packages/arlo_gp_controller
creating /home/monica/ros2_brazoPG/install/arlo_gp_controller/lib/python3.10/site-packages/arlo_gp_controller/gp
copying /home/monica/ros2_brazoPG/build/arlo_gp_controller/build/lib/arlo_gp_controller/gp/runBest.py -> /home/monica/ros2_brazoPG/install/arlo_gp_controller/lib/python3.10/site-packages/arlo_gp_controller/gp
copying /home/monica/ros2_brazoPG/build/arlo_gp_controller/build/lib/arlo_gp_controller/gp/ruleSet.py -> /home/monica/ros2_brazoPG/install/arlo_gp_controller/lib/python3.10/site-packages/arlo_gp_controller/gp
copying /home/monica/ros2_brazoPG/build/arlo_gp_controller/build/lib/arlo_gp_controller/gp/gpNode.py -> /home/monica/ros2_brazoPG/install/arlo_gp_controller/lib/python3.10/site-packages/arlo_gp_controller/gp
copying /home/monica/ros2_brazoPG/build/arlo_gp_controller/build/lib/arlo_gp_controller/gp/gpTree.py -> /home/monica/ros2_brazoPG/install/arlo_gp_controller/lib/python3.10/site-packages/arlo_gp_controller/gp
copying /home/monica/ros2_brazoPG/build/arlo_gp_controller/build/lib/arlo_gp_controller/gp/__init__.py -> /home/monica/ros2_brazoPG/install/arlo_gp_controller/lib/python3.10/site-packages/arlo_gp_controller/gp
copying /home/monica/ros2_brazoPG/build/arlo_gp_controller/build/lib/arlo_gp_controller/gp/trayectorias.py -> /home/monica/ros2_brazoPG/install/arlo_gp_controller/lib/python3.10/site-packages/arlo_gp_controller/gp
copying /home/monica/ros2_brazoPG/build/arlo_gp_controller/build/lib/arlo_gp_controller/gp/gp.py -> /home/monica/ros2_brazoPG/install/arlo_gp_controller/lib/python3.10/site-packages/arlo_gp_controller/gp
copying /home/monica/ros2_brazoPG/build/arlo_gp_controller/build/lib/arlo_gp_controller/gp/rule.py -> /home/monica/ros2_brazoPG/install/arlo_gp_controller/lib/python3.10/site-packages/arlo_gp_controller/gp
copying /home/monica/ros2_brazoPG/build/arlo_gp_controller/build/lib/arlo_gp_controller/gp/test.py -> /home/monica/ros2_brazoPG/install/arlo_gp_controller/lib/python3.10/site-packages/arlo_gp_controller/gp
copying /home/monica/ros2_brazoPG/build/arlo_gp_controller/build/lib/arlo_gp_controller/corrienteDorsal.py -> /home/monica/ros2_brazoPG/install/arlo_gp_controller/lib/python3.10/site-packages/arlo_gp_controller
byte-compiling /home/monica/ros2_brazoPG/install/arlo_gp_controller/lib/python3.10/site-packages/arlo_gp_controller/main.py to main.cpython-310.pyc
byte-compiling /home/monica/ros2_brazoPG/install/arlo_gp_controller/lib/python3.10/site-packages/arlo_gp_controller/cortezaParietal.py to cortezaParietal.cpython-310.pyc
byte-compiling /home/monica/ros2_brazoPG/install/arlo_gp_controller/lib/python3.10/site-packages/arlo_gp_controller/cortezaSomatosensorial.py to cortezaSomatosensorial.cpython-310.pyc
byte-compiling /home/monica/ros2_brazoPG/install/arlo_gp_controller/lib/python3.10/site-packages/arlo_gp_controller/__init__.py to __init__.cpython-310.pyc
byte-compiling /home/monica/ros2_brazoPG/install/arlo_gp_controller/lib/python3.10/site-packages/arlo_gp_controller/gp/runBest.py to runBest.cpython-310.pyc
byte-compiling /home/monica/ros2_brazoPG/install/arlo_gp_controller/lib/python3.10/site-packages/arlo_gp_controller/gp/ruleSet.py to ruleSet.cpython-310.pyc
byte-compiling /home/monica/ros2_brazoPG/install/arlo_gp_controller/lib/python3.10/site-packages/arlo_gp_controller/gp/gpNode.py to gpNode.cpython-310.pyc
byte-compiling /home/monica/ros2_brazoPG/install/arlo_gp_controller/lib/python3.10/site-packages/arlo_gp_controller/gp/gpTree.py to gpTree.cpython-310.pyc
byte-compiling /home/monica/ros2_brazoPG/install/arlo_gp_controller/lib/python3.10/site-packages/arlo_gp_controller/gp/__init__.py to __init__.cpython-310.pyc
byte-compiling /home/monica/ros2_brazoPG/install/arlo_gp_controller/lib/python3.10/site-packages/arlo_gp_controller/gp/trayectorias.py to trayectorias.cpython-310.pyc
byte-compiling /home/monica/ros2_brazoPG/install/arlo_gp_controller/lib/python3.10/site-packages/arlo_gp_controller/gp/gp.py to gp.cpython-310.pyc
byte-compiling /home/monica/ros2_brazoPG/install/arlo_gp_controller/lib/python3.10/site-packages/arlo_gp_controller/gp/rule.py to rule.cpython-310.pyc
byte-compiling /home/monica/ros2_brazoPG/install/arlo_gp_controller/lib/python3.10/site-packages/arlo_gp_controller/gp/test.py to test.cpython-310.pyc
byte-compiling /home/monica/ros2_brazoPG/install/arlo_gp_controller/lib/python3.10/site-packages/arlo_gp_controller/corrienteDorsal.py to corrienteDorsal.cpython-310.pyc
running install_data
copying package.xml -> /home/monica/ros2_brazoPG/install/arlo_gp_controller/share/arlo_gp_controller
creating /home/monica/ros2_brazoPG/install/arlo_gp_controller/share/ament_index
creating /home/monica/ros2_brazoPG/install/arlo_gp_controller/share/ament_index/resource_index
creating /home/monica/ros2_brazoPG/install/arlo_gp_controller/share/ament_index/resource_index/packages
copying resource/arlo_gp_controller -> /home/monica/ros2_brazoPG/install/arlo_gp_controller/share/ament_index/resource_index/packages
creating /home/monica/ros2_brazoPG/install/arlo_gp_controller/share/arlo_gp_controller/gp
copying arlo_gp_controller/gp/memoriaMotora.txt -> /home/monica/ros2_brazoPG/install/arlo_gp_controller/share/arlo_gp_controller/gp
copying arlo_gp_controller/gp/memoriaPerceptiva.txt -> /home/monica/ros2_brazoPG/install/arlo_gp_controller/share/arlo_gp_controller/gp
copying arlo_gp_controller/gp/memoriaLargoPlazo.txt -> /home/monica/ros2_brazoPG/install/arlo_gp_controller/share/arlo_gp_controller/gp
running install_egg_info
Copying ../../build/arlo_gp_controller/arlo_gp_controller.egg-info to /home/monica/ros2_brazoPG/install/arlo_gp_controller/lib/python3.10/site-packages/arlo_gp_controller-0.0.0-py3.10.egg-info
running install_scripts
Installing corriente_dorsal script to /home/monica/ros2_brazoPG/install/arlo_gp_controller/lib/arlo_gp_controller
Installing cortezaParietal script to /home/monica/ros2_brazoPG/install/arlo_gp_controller/lib/arlo_gp_controller
Installing cortezaSomatosensorial script to /home/monica/ros2_brazoPG/install/arlo_gp_controller/lib/arlo_gp_controller
Installing main script to /home/monica/ros2_brazoPG/install/arlo_gp_controller/lib/arlo_gp_controller
Installing runBest script to /home/monica/ros2_brazoPG/install/arlo_gp_controller/lib/arlo_gp_controller
writing list of installed files to '/home/monica/ros2_brazoPG/build/arlo_gp_controller/install.log'
