[2.053s] Invoking command in '/home/monica/ros2_brazoPG/src/arlo_gp_controller': PYTHONPATH=/home/monica/ros2_brazoPG/build/arlo_gp_controller/prefix_override:/usr/lib/python3/dist-packages/colcon_core/task/python/colcon_distutils_commands:/home/monica/ros2_brazoPG/install/arlo_gp_controller/lib/python3.10/site-packages:${PYTHONPATH} /usr/bin/python3 -W ignore:setup.py install is deprecated -W ignore:easy_install command is deprecated setup.py egg_info --egg-base ../../build/arlo_gp_controller build --build-base /home/monica/ros2_brazoPG/build/arlo_gp_controller/build install --record /home/monica/ros2_brazoPG/build/arlo_gp_controller/install.log --single-version-externally-managed install_data
[2.711s] running egg_info
[2.715s] creating ../../build/arlo_gp_controller/arlo_gp_controller.egg-info
[2.715s] writing ../../build/arlo_gp_controller/arlo_gp_controller.egg-info/PKG-INFO
[2.715s] writing dependency_links to ../../build/arlo_gp_controller/arlo_gp_controller.egg-info/dependency_links.txt
[2.715s] writing entry points to ../../build/arlo_gp_controller/arlo_gp_controller.egg-info/entry_points.txt
[2.717s] writing requirements to ../../build/arlo_gp_controller/arlo_gp_controller.egg-info/requires.txt
[2.717s] writing top-level names to ../../build/arlo_gp_controller/arlo_gp_controller.egg-info/top_level.txt
[2.717s] writing manifest file '../../build/arlo_gp_controller/arlo_gp_controller.egg-info/SOURCES.txt'
[2.724s] reading manifest file '../../build/arlo_gp_controller/arlo_gp_controller.egg-info/SOURCES.txt'
[2.726s] adding license file 'LICENSE'
[2.726s] writing manifest file '../../build/arlo_gp_controller/arlo_gp_controller.egg-info/SOURCES.txt'
[2.727s] running build
[2.727s] running build_py
[2.728s] creating /home/monica/ros2_brazoPG/build/arlo_gp_controller/build
[2.728s] creating /home/monica/ros2_brazoPG/build/arlo_gp_controller/build/lib
[2.729s] creating /home/monica/ros2_brazoPG/build/arlo_gp_controller/build/lib/arlo_gp_controller
[2.729s] copying arlo_gp_controller/main.py -> /home/monica/ros2_brazoPG/build/arlo_gp_controller/build/lib/arlo_gp_controller
[2.730s] copying arlo_gp_controller/cortezaParietal.py -> /home/monica/ros2_brazoPG/build/arlo_gp_controller/build/lib/arlo_gp_controller
[2.731s] copying arlo_gp_controller/cortezaSomatosensorial.py -> /home/monica/ros2_brazoPG/build/arlo_gp_controller/build/lib/arlo_gp_controller
[2.732s] copying arlo_gp_controller/__init__.py -> /home/monica/ros2_brazoPG/build/arlo_gp_controller/build/lib/arlo_gp_controller
[2.732s] copying arlo_gp_controller/corrienteDorsal.py -> /home/monica/ros2_brazoPG/build/arlo_gp_controller/build/lib/arlo_gp_controller
[2.733s] creating /home/monica/ros2_brazoPG/build/arlo_gp_controller/build/lib/arlo_gp_controller/gp
[2.734s] copying arlo_gp_controller/gp/runBest.py -> /home/monica/ros2_brazoPG/build/arlo_gp_controller/build/lib/arlo_gp_controller/gp
[2.735s] copying arlo_gp_controller/gp/ruleSet.py -> /home/monica/ros2_brazoPG/build/arlo_gp_controller/build/lib/arlo_gp_controller/gp
[2.735s] copying arlo_gp_controller/gp/gpNode.py -> /home/monica/ros2_brazoPG/build/arlo_gp_controller/build/lib/arlo_gp_controller/gp
[2.735s] copying arlo_gp_controller/gp/gpTree.py -> /home/monica/ros2_brazoPG/build/arlo_gp_controller/build/lib/arlo_gp_controller/gp
[2.736s] copying arlo_gp_controller/gp/__init__.py -> /home/monica/ros2_brazoPG/build/arlo_gp_controller/build/lib/arlo_gp_controller/gp
[2.737s] copying arlo_gp_controller/gp/trayectorias.py -> /home/monica/ros2_brazoPG/build/arlo_gp_controller/build/lib/arlo_gp_controller/gp
[2.737s] copying arlo_gp_controller/gp/gp.py -> /home/monica/ros2_brazoPG/build/arlo_gp_controller/build/lib/arlo_gp_controller/gp
[2.738s] copying arlo_gp_controller/gp/rule.py -> /home/monica/ros2_brazoPG/build/arlo_gp_controller/build/lib/arlo_gp_controller/gp
[2.738s] copying arlo_gp_controller/gp/test.py -> /home/monica/ros2_brazoPG/build/arlo_gp_controller/build/lib/arlo_gp_controller/gp
[2.740s] running install
[2.741s] running install_lib
[2.744s] creating /home/monica/ros2_brazoPG/install/arlo_gp_controller/lib/python3.10/site-packages/arlo_gp_controller
[2.747s] copying /home/monica/ros2_brazoPG/build/arlo_gp_controller/build/lib/arlo_gp_controller/main.py -> /home/monica/ros2_brazoPG/install/arlo_gp_controller/lib/python3.10/site-packages/arlo_gp_controller
[2.748s] copying /home/monica/ros2_brazoPG/build/arlo_gp_controller/build/lib/arlo_gp_controller/cortezaParietal.py -> /home/monica/ros2_brazoPG/install/arlo_gp_controller/lib/python3.10/site-packages/arlo_gp_controller
[2.748s] copying /home/monica/ros2_brazoPG/build/arlo_gp_controller/build/lib/arlo_gp_controller/cortezaSomatosensorial.py -> /home/monica/ros2_brazoPG/install/arlo_gp_controller/lib/python3.10/site-packages/arlo_gp_controller
[2.748s] copying /home/monica/ros2_brazoPG/build/arlo_gp_controller/build/lib/arlo_gp_controller/__init__.py -> /home/monica/ros2_brazoPG/install/arlo_gp_controller/lib/python3.10/site-packages/arlo_gp_controller
[2.748s] creating /home/monica/ros2_brazoPG/install/arlo_gp_controller/lib/python3.10/site-packages/arlo_gp_controller/gp
[2.748s] copying /home/monica/ros2_brazoPG/build/arlo_gp_controller/build/lib/arlo_gp_controller/gp/runBest.py -> /home/monica/ros2_brazoPG/install/arlo_gp_controller/lib/python3.10/site-packages/arlo_gp_controller/gp
[2.748s] copying /home/monica/ros2_brazoPG/build/arlo_gp_controller/build/lib/arlo_gp_controller/gp/ruleSet.py -> /home/monica/ros2_brazoPG/install/arlo_gp_controller/lib/python3.10/site-packages/arlo_gp_controller/gp
[2.750s] copying /home/monica/ros2_brazoPG/build/arlo_gp_controller/build/lib/arlo_gp_controller/gp/gpNode.py -> /home/monica/ros2_brazoPG/install/arlo_gp_controller/lib/python3.10/site-packages/arlo_gp_controller/gp
[2.750s] copying /home/monica/ros2_brazoPG/build/arlo_gp_controller/build/lib/arlo_gp_controller/gp/gpTree.py -> /home/monica/ros2_brazoPG/install/arlo_gp_controller/lib/python3.10/site-packages/arlo_gp_controller/gp
[2.750s] copying /home/monica/ros2_brazoPG/build/arlo_gp_controller/build/lib/arlo_gp_controller/gp/__init__.py -> /home/monica/ros2_brazoPG/install/arlo_gp_controller/lib/python3.10/site-packages/arlo_gp_controller/gp
[2.750s] copying /home/monica/ros2_brazoPG/build/arlo_gp_controller/build/lib/arlo_gp_controller/gp/trayectorias.py -> /home/monica/ros2_brazoPG/install/arlo_gp_controller/lib/python3.10/site-packages/arlo_gp_controller/gp
[2.751s] copying /home/monica/ros2_brazoPG/build/arlo_gp_controller/build/lib/arlo_gp_controller/gp/gp.py -> /home/monica/ros2_brazoPG/install/arlo_gp_controller/lib/python3.10/site-packages/arlo_gp_controller/gp
[2.752s] copying /home/monica/ros2_brazoPG/build/arlo_gp_controller/build/lib/arlo_gp_controller/gp/rule.py -> /home/monica/ros2_brazoPG/install/arlo_gp_controller/lib/python3.10/site-packages/arlo_gp_controller/gp
[2.752s] copying /home/monica/ros2_brazoPG/build/arlo_gp_controller/build/lib/arlo_gp_controller/gp/test.py -> /home/monica/ros2_brazoPG/install/arlo_gp_controller/lib/python3.10/site-packages/arlo_gp_controller/gp
[2.753s] copying /home/monica/ros2_brazoPG/build/arlo_gp_controller/build/lib/arlo_gp_controller/corrienteDorsal.py -> /home/monica/ros2_brazoPG/install/arlo_gp_controller/lib/python3.10/site-packages/arlo_gp_controller
[2.754s] byte-compiling /home/monica/ros2_brazoPG/install/arlo_gp_controller/lib/python3.10/site-packages/arlo_gp_controller/main.py to main.cpython-310.pyc
[2.757s] byte-compiling /home/monica/ros2_brazoPG/install/arlo_gp_controller/lib/python3.10/site-packages/arlo_gp_controller/cortezaParietal.py to cortezaParietal.cpython-310.pyc
[2.760s] byte-compiling /home/monica/ros2_brazoPG/install/arlo_gp_controller/lib/python3.10/site-packages/arlo_gp_controller/cortezaSomatosensorial.py to cortezaSomatosensorial.cpython-310.pyc
[2.760s] byte-compiling /home/monica/ros2_brazoPG/install/arlo_gp_controller/lib/python3.10/site-packages/arlo_gp_controller/__init__.py to __init__.cpython-310.pyc
[2.761s] byte-compiling /home/monica/ros2_brazoPG/install/arlo_gp_controller/lib/python3.10/site-packages/arlo_gp_controller/gp/runBest.py to runBest.cpython-310.pyc
[2.762s] byte-compiling /home/monica/ros2_brazoPG/install/arlo_gp_controller/lib/python3.10/site-packages/arlo_gp_controller/gp/ruleSet.py to ruleSet.cpython-310.pyc
[2.763s] byte-compiling /home/monica/ros2_brazoPG/install/arlo_gp_controller/lib/python3.10/site-packages/arlo_gp_controller/gp/gpNode.py to gpNode.cpython-310.pyc
[2.765s] byte-compiling /home/monica/ros2_brazoPG/install/arlo_gp_controller/lib/python3.10/site-packages/arlo_gp_controller/gp/gpTree.py to gpTree.cpython-310.pyc
[2.771s] byte-compiling /home/monica/ros2_brazoPG/install/arlo_gp_controller/lib/python3.10/site-packages/arlo_gp_controller/gp/__init__.py to __init__.cpython-310.pyc
[2.773s] byte-compiling /home/monica/ros2_brazoPG/install/arlo_gp_controller/lib/python3.10/site-packages/arlo_gp_controller/gp/trayectorias.py to trayectorias.cpython-310.pyc
[2.777s] byte-compiling /home/monica/ros2_brazoPG/install/arlo_gp_controller/lib/python3.10/site-packages/arlo_gp_controller/gp/gp.py to gp.cpython-310.pyc
[2.781s] byte-compiling /home/monica/ros2_brazoPG/install/arlo_gp_controller/lib/python3.10/site-packages/arlo_gp_controller/gp/rule.py to rule.cpython-310.pyc
[2.782s] byte-compiling /home/monica/ros2_brazoPG/install/arlo_gp_controller/lib/python3.10/site-packages/arlo_gp_controller/gp/test.py to test.cpython-310.pyc
[2.783s] byte-compiling /home/monica/ros2_brazoPG/install/arlo_gp_controller/lib/python3.10/site-packages/arlo_gp_controller/corrienteDorsal.py to corrienteDorsal.cpython-310.pyc
[2.784s] running install_data
[2.785s] copying package.xml -> /home/monica/ros2_brazoPG/install/arlo_gp_controller/share/arlo_gp_controller
[2.785s] creating /home/monica/ros2_brazoPG/install/arlo_gp_controller/share/ament_index
[2.786s] creating /home/monica/ros2_brazoPG/install/arlo_gp_controller/share/ament_index/resource_index
[2.786s] creating /home/monica/ros2_brazoPG/install/arlo_gp_controller/share/ament_index/resource_index/packages
[2.787s] copying resource/arlo_gp_controller -> /home/monica/ros2_brazoPG/install/arlo_gp_controller/share/ament_index/resource_index/packages
[2.787s] creating /home/monica/ros2_brazoPG/install/arlo_gp_controller/share/arlo_gp_controller/gp
[2.788s] copying arlo_gp_controller/gp/memoriaMotora.txt -> /home/monica/ros2_brazoPG/install/arlo_gp_controller/share/arlo_gp_controller/gp
[2.789s] copying arlo_gp_controller/gp/memoriaPerceptiva.txt -> /home/monica/ros2_brazoPG/install/arlo_gp_controller/share/arlo_gp_controller/gp
[2.789s] copying arlo_gp_controller/gp/memoriaLargoPlazo.txt -> /home/monica/ros2_brazoPG/install/arlo_gp_controller/share/arlo_gp_controller/gp
[2.789s] running install_egg_info
[2.795s] Copying ../../build/arlo_gp_controller/arlo_gp_controller.egg-info to /home/monica/ros2_brazoPG/install/arlo_gp_controller/lib/python3.10/site-packages/arlo_gp_controller-0.0.0-py3.10.egg-info
[2.796s] running install_scripts
[2.854s] Installing corriente_dorsal script to /home/monica/ros2_brazoPG/install/arlo_gp_controller/lib/arlo_gp_controller
[2.854s] Installing cortezaParietal script to /home/monica/ros2_brazoPG/install/arlo_gp_controller/lib/arlo_gp_controller
[2.855s] Installing cortezaSomatosensorial script to /home/monica/ros2_brazoPG/install/arlo_gp_controller/lib/arlo_gp_controller
[2.855s] Installing main script to /home/monica/ros2_brazoPG/install/arlo_gp_controller/lib/arlo_gp_controller
[2.856s] Installing runBest script to /home/monica/ros2_brazoPG/install/arlo_gp_controller/lib/arlo_gp_controller
[2.858s] writing list of installed files to '/home/monica/ros2_brazoPG/build/arlo_gp_controller/install.log'
[2.931s] Invoked command in '/home/monica/ros2_brazoPG/src/arlo_gp_controller' returned '0': PYTHONPATH=/home/monica/ros2_brazoPG/build/arlo_gp_controller/prefix_override:/usr/lib/python3/dist-packages/colcon_core/task/python/colcon_distutils_commands:/home/monica/ros2_brazoPG/install/arlo_gp_controller/lib/python3.10/site-packages:${PYTHONPATH} /usr/bin/python3 -W ignore:setup.py install is deprecated -W ignore:easy_install command is deprecated setup.py egg_info --egg-base ../../build/arlo_gp_controller build --build-base /home/monica/ros2_brazoPG/build/arlo_gp_controller/build install --record /home/monica/ros2_brazoPG/build/arlo_gp_controller/install.log --single-version-externally-managed install_data
