/home/monica/ros2_brazoPG/install/arlo_gp_controller/lib/python3.10/site-packages/arlo_gp_controller/main.py
/home/monica/ros2_brazoPG/install/arlo_gp_controller/lib/python3.10/site-packages/arlo_gp_controller/cortezaParietal.py
/home/monica/ros2_brazoPG/install/arlo_gp_controller/lib/python3.10/site-packages/arlo_gp_controller/cortezaSomatosensorial.py
/home/monica/ros2_brazoPG/install/arlo_gp_controller/lib/python3.10/site-packages/arlo_gp_controller/__init__.py
/home/monica/ros2_brazoPG/install/arlo_gp_controller/lib/python3.10/site-packages/arlo_gp_controller/corrienteDorsal.py
/home/monica/ros2_brazoPG/install/arlo_gp_controller/lib/python3.10/site-packages/arlo_gp_controller/gp/runBest.py
/home/monica/ros2_brazoPG/install/arlo_gp_controller/lib/python3.10/site-packages/arlo_gp_controller/gp/ruleSet.py
/home/monica/ros2_brazoPG/install/arlo_gp_controller/lib/python3.10/site-packages/arlo_gp_controller/gp/gpNode.py
/home/monica/ros2_brazoPG/install/arlo_gp_controller/lib/python3.10/site-packages/arlo_gp_controller/gp/gpTree.py
/home/monica/ros2_brazoPG/install/arlo_gp_controller/lib/python3.10/site-packages/arlo_gp_controller/gp/__init__.py
/home/monica/ros2_brazoPG/install/arlo_gp_controller/lib/python3.10/site-packages/arlo_gp_controller/gp/trayectorias.py
/home/monica/ros2_brazoPG/install/arlo_gp_controller/lib/python3.10/site-packages/arlo_gp_controller/gp/gp.py
/home/monica/ros2_brazoPG/install/arlo_gp_controller/lib/python3.10/site-packages/arlo_gp_controller/gp/rule.py
/home/monica/ros2_brazoPG/install/arlo_gp_controller/lib/python3.10/site-packages/arlo_gp_controller/gp/test.py
/home/monica/ros2_brazoPG/install/arlo_gp_controller/lib/python3.10/site-packages/arlo_gp_controller/__pycache__/main.cpython-310.pyc
/home/monica/ros2_brazoPG/install/arlo_gp_controller/lib/python3.10/site-packages/arlo_gp_controller/__pycache__/cortezaParietal.cpython-310.pyc
/home/monica/ros2_brazoPG/install/arlo_gp_controller/lib/python3.10/site-packages/arlo_gp_controller/__pycache__/cortezaSomatosensorial.cpython-310.pyc
/home/monica/ros2_brazoPG/install/arlo_gp_controller/lib/python3.10/site-packages/arlo_gp_controller/__pycache__/__init__.cpython-310.pyc
/home/monica/ros2_brazoPG/install/arlo_gp_controller/lib/python3.10/site-packages/arlo_gp_controller/__pycache__/corrienteDorsal.cpython-310.pyc
/home/monica/ros2_brazoPG/install/arlo_gp_controller/lib/python3.10/site-packages/arlo_gp_controller/gp/__pycache__/runBest.cpython-310.pyc
/home/monica/ros2_brazoPG/install/arlo_gp_controller/lib/python3.10/site-packages/arlo_gp_controller/gp/__pycache__/ruleSet.cpython-310.pyc
/home/monica/ros2_brazoPG/install/arlo_gp_controller/lib/python3.10/site-packages/arlo_gp_controller/gp/__pycache__/gpNode.cpython-310.pyc
/home/monica/ros2_brazoPG/install/arlo_gp_controller/lib/python3.10/site-packages/arlo_gp_controller/gp/__pycache__/gpTree.cpython-310.pyc
/home/monica/ros2_brazoPG/install/arlo_gp_controller/lib/python3.10/site-packages/arlo_gp_controller/gp/__pycache__/__init__.cpython-310.pyc
/home/monica/ros2_brazoPG/install/arlo_gp_controller/lib/python3.10/site-packages/arlo_gp_controller/gp/__pycache__/trayectorias.cpython-310.pyc
/home/monica/ros2_brazoPG/install/arlo_gp_controller/lib/python3.10/site-packages/arlo_gp_controller/gp/__pycache__/gp.cpython-310.pyc
/home/monica/ros2_brazoPG/install/arlo_gp_controller/lib/python3.10/site-packages/arlo_gp_controller/gp/__pycache__/rule.cpython-310.pyc
/home/monica/ros2_brazoPG/install/arlo_gp_controller/lib/python3.10/site-packages/arlo_gp_controller/gp/__pycache__/test.cpython-310.pyc
/home/monica/ros2_brazoPG/install/arlo_gp_controller/share/arlo_gp_controller/package.xml
/home/monica/ros2_brazoPG/install/arlo_gp_controller/share/ament_index/resource_index/packages/arlo_gp_controller
/home/monica/ros2_brazoPG/install/arlo_gp_controller/share/arlo_gp_controller/gp/memoriaMotora.txt
/home/monica/ros2_brazoPG/install/arlo_gp_controller/share/arlo_gp_controller/gp/memoriaPerceptiva.txt
/home/monica/ros2_brazoPG/install/arlo_gp_controller/share/arlo_gp_controller/gp/memoriaLargoPlazo.txt
/home/monica/ros2_brazoPG/install/arlo_gp_controller/lib/python3.10/site-packages/arlo_gp_controller-0.0.0-py3.10.egg-info/entry_points.txt
/home/monica/ros2_brazoPG/install/arlo_gp_controller/lib/python3.10/site-packages/arlo_gp_controller-0.0.0-py3.10.egg-info/PKG-INFO
/home/monica/ros2_brazoPG/install/arlo_gp_controller/lib/python3.10/site-packages/arlo_gp_controller-0.0.0-py3.10.egg-info/top_level.txt
/home/monica/ros2_brazoPG/install/arlo_gp_controller/lib/python3.10/site-packages/arlo_gp_controller-0.0.0-py3.10.egg-info/dependency_links.txt
/home/monica/ros2_brazoPG/install/arlo_gp_controller/lib/python3.10/site-packages/arlo_gp_controller-0.0.0-py3.10.egg-info/SOURCES.txt
/home/monica/ros2_brazoPG/install/arlo_gp_controller/lib/python3.10/site-packages/arlo_gp_controller-0.0.0-py3.10.egg-info/zip-safe
/home/monica/ros2_brazoPG/install/arlo_gp_controller/lib/python3.10/site-packages/arlo_gp_controller-0.0.0-py3.10.egg-info/requires.txt
/home/monica/ros2_brazoPG/install/arlo_gp_controller/lib/arlo_gp_controller/corriente_dorsal
/home/monica/ros2_brazoPG/install/arlo_gp_controller/lib/arlo_gp_controller/cortezaParietal
/home/monica/ros2_brazoPG/install/arlo_gp_controller/lib/arlo_gp_controller/cortezaSomatosensorial
/home/monica/ros2_brazoPG/install/arlo_gp_controller/lib/arlo_gp_controller/main
/home/monica/ros2_brazoPG/install/arlo_gp_controller/lib/arlo_gp_controller/runBest
