[  2%] Built target arlo_nn_controller__rosidl_generator_type_description
[  2%] Built target ament_cmake_python_copy_arlo_nn_controller
[  4%] Built target arlo_nn_controller__cpp
[35m[1mConsolidate compiler generated dependencies of target arlo_nn_controller__rosidl_generator_c[0m
[ 20%] Built target arlo_nn_controller__rosidl_generator_c
running egg_info
writing arlo_nn_controller.egg-info/PKG-INFO
writing dependency_links to arlo_nn_controller.egg-info/dependency_links.txt
writing top-level names to arlo_nn_controller.egg-info/top_level.txt
reading manifest file 'arlo_nn_controller.egg-info/SOURCES.txt'
writing manifest file 'arlo_nn_controller.egg-info/SOURCES.txt'
[ 20%] Built target ament_cmake_python_build_arlo_nn_controller_egg
[35m[1mConsolidate compiler generated dependencies of target arlo_nn_controller__rosidl_typesupport_cpp[0m
[ 29%] Built target arlo_nn_controller__rosidl_typesupport_cpp
[35m[1mConsolidate compiler generated dependencies of target arlo_nn_controller__rosidl_typesupport_fastrtps_c[0m
[ 37%] Built target arlo_nn_controller__rosidl_typesupport_fastrtps_c
[35m[1mConsolidate compiler generated dependencies of target arlo_nn_controller__rosidl_typesupport_fastrtps_cpp[0m
[ 45%] Built target arlo_nn_controller__rosidl_typesupport_fastrtps_cpp
[35m[1mConsolidate compiler generated dependencies of target arlo_nn_controller__rosidl_typesupport_introspection_c[0m
[ 54%] Built target arlo_nn_controller__rosidl_typesupport_introspection_c
[35m[1mConsolidate compiler generated dependencies of target arlo_nn_controller__rosidl_typesupport_c[0m
[ 62%] Built target arlo_nn_controller__rosidl_typesupport_c
[35m[1mConsolidate compiler generated dependencies of target arlo_nn_controller__rosidl_typesupport_introspection_cpp[0m
[ 70%] Built target arlo_nn_controller__rosidl_typesupport_introspection_cpp
[ 70%] Built target arlo_nn_controller
[ 72%] Built target arlo_nn_controller__py
[35m[1mConsolidate compiler generated dependencies of target arlo_nn_controller_node[0m
[ 81%] Built target arlo_nn_controller_node
[35m[1mConsolidate compiler generated dependencies of target arlo_nn_controller__rosidl_generator_py[0m
[ 87%] Built target arlo_nn_controller__rosidl_generator_py
[35m[1mConsolidate compiler generated dependencies of target arlo_nn_controller__rosidl_typesupport_fastrtps_c__pyext[0m
[ 91%] Built target arlo_nn_controller__rosidl_typesupport_fastrtps_c__pyext
[35m[1mConsolidate compiler generated dependencies of target arlo_nn_controller__rosidl_typesupport_introspection_c__pyext[0m
[ 95%] Built target arlo_nn_controller__rosidl_typesupport_introspection_c__pyext
[35m[1mConsolidate compiler generated dependencies of target arlo_nn_controller__rosidl_typesupport_c__pyext[0m
[100%] Built target arlo_nn_controller__rosidl_typesupport_c__pyext
-- Install configuration: ""
-- Up-to-date: /home/monica/ros2_brazoPG/install/arlo_nn_controller/share/ament_index/resource_index/rosidl_interfaces/arlo_nn_controller
-- Up-to-date: /home/monica/ros2_brazoPG/install/arlo_nn_controller/share/arlo_nn_controller/msg/Num.json
-- Up-to-date: /home/monica/ros2_brazoPG/install/arlo_nn_controller/share/arlo_nn_controller/srv/EvaluateDriver.json
-- Up-to-date: /home/monica/ros2_brazoPG/install/arlo_nn_controller/include/arlo_nn_controller/arlo_nn_controller
-- Up-to-date: /home/monica/ros2_brazoPG/install/arlo_nn_controller/include/arlo_nn_controller/arlo_nn_controller/srv
-- Up-to-date: /home/monica/ros2_brazoPG/install/arlo_nn_controller/include/arlo_nn_controller/arlo_nn_controller/srv/detail
-- Installing: /home/monica/ros2_brazoPG/install/arlo_nn_controller/include/arlo_nn_controller/arlo_nn_controller/srv/detail/evaluate_driver__type_support.c
-- Up-to-date: /home/monica/ros2_brazoPG/install/arlo_nn_controller/include/arlo_nn_controller/arlo_nn_controller/srv/detail/evaluate_driver__description.c
-- Up-to-date: /home/monica/ros2_brazoPG/install/arlo_nn_controller/include/arlo_nn_controller/arlo_nn_controller/srv/detail/evaluate_driver__struct.h
-- Up-to-date: /home/monica/ros2_brazoPG/install/arlo_nn_controller/include/arlo_nn_controller/arlo_nn_controller/srv/detail/evaluate_driver__type_support.h
-- Up-to-date: /home/monica/ros2_brazoPG/install/arlo_nn_controller/include/arlo_nn_controller/arlo_nn_controller/srv/detail/evaluate_driver__functions.h
-- Up-to-date: /home/monica/ros2_brazoPG/install/arlo_nn_controller/include/arlo_nn_controller/arlo_nn_controller/srv/detail/evaluate_driver__functions.c
-- Up-to-date: /home/monica/ros2_brazoPG/install/arlo_nn_controller/include/arlo_nn_controller/arlo_nn_controller/srv/evaluate_driver.h
-- Up-to-date: /home/monica/ros2_brazoPG/install/arlo_nn_controller/include/arlo_nn_controller/arlo_nn_controller/msg
-- Up-to-date: /home/monica/ros2_brazoPG/install/arlo_nn_controller/include/arlo_nn_controller/arlo_nn_controller/msg/rosidl_generator_c__visibility_control.h
-- Up-to-date: /home/monica/ros2_brazoPG/install/arlo_nn_controller/include/arlo_nn_controller/arlo_nn_controller/msg/num.h
-- Up-to-date: /home/monica/ros2_brazoPG/install/arlo_nn_controller/include/arlo_nn_controller/arlo_nn_controller/msg/detail
-- Up-to-date: /home/monica/ros2_brazoPG/install/arlo_nn_controller/include/arlo_nn_controller/arlo_nn_controller/msg/detail/num__functions.h
-- Up-to-date: /home/monica/ros2_brazoPG/install/arlo_nn_controller/include/arlo_nn_controller/arlo_nn_controller/msg/detail/num__struct.h
-- Up-to-date: /home/monica/ros2_brazoPG/install/arlo_nn_controller/include/arlo_nn_controller/arlo_nn_controller/msg/detail/num__description.c
-- Up-to-date: /home/monica/ros2_brazoPG/install/arlo_nn_controller/include/arlo_nn_controller/arlo_nn_controller/msg/detail/num__type_support.h
-- Up-to-date: /home/monica/ros2_brazoPG/install/arlo_nn_controller/include/arlo_nn_controller/arlo_nn_controller/msg/detail/num__functions.c
-- Installing: /home/monica/ros2_brazoPG/install/arlo_nn_controller/include/arlo_nn_controller/arlo_nn_controller/msg/detail/num__type_support.c
-- Up-to-date: /home/monica/ros2_brazoPG/install/arlo_nn_controller/share/arlo_nn_controller/environment/library_path.sh
-- Up-to-date: /home/monica/ros2_brazoPG/install/arlo_nn_controller/share/arlo_nn_controller/environment/library_path.dsv
-- Up-to-date: /home/monica/ros2_brazoPG/install/arlo_nn_controller/lib/libarlo_nn_controller__rosidl_generator_c.so
-- Up-to-date: /home/monica/ros2_brazoPG/install/arlo_nn_controller/include/arlo_nn_controller/arlo_nn_controller
-- Up-to-date: /home/monica/ros2_brazoPG/install/arlo_nn_controller/include/arlo_nn_controller/arlo_nn_controller/srv
-- Up-to-date: /home/monica/ros2_brazoPG/install/arlo_nn_controller/include/arlo_nn_controller/arlo_nn_controller/srv/detail
-- Up-to-date: /home/monica/ros2_brazoPG/install/arlo_nn_controller/include/arlo_nn_controller/arlo_nn_controller/srv/detail/evaluate_driver__rosidl_typesupport_fastrtps_c.h
-- Up-to-date: /home/monica/ros2_brazoPG/install/arlo_nn_controller/include/arlo_nn_controller/arlo_nn_controller/msg
-- Up-to-date: /home/monica/ros2_brazoPG/install/arlo_nn_controller/include/arlo_nn_controller/arlo_nn_controller/msg/rosidl_typesupport_fastrtps_c__visibility_control.h
-- Up-to-date: /home/monica/ros2_brazoPG/install/arlo_nn_controller/include/arlo_nn_controller/arlo_nn_controller/msg/detail
-- Up-to-date: /home/monica/ros2_brazoPG/install/arlo_nn_controller/include/arlo_nn_controller/arlo_nn_controller/msg/detail/num__rosidl_typesupport_fastrtps_c.h
-- Up-to-date: /home/monica/ros2_brazoPG/install/arlo_nn_controller/lib/libarlo_nn_controller__rosidl_typesupport_fastrtps_c.so
-- Up-to-date: /home/monica/ros2_brazoPG/install/arlo_nn_controller/include/arlo_nn_controller/arlo_nn_controller
-- Up-to-date: /home/monica/ros2_brazoPG/install/arlo_nn_controller/include/arlo_nn_controller/arlo_nn_controller/srv
-- Up-to-date: /home/monica/ros2_brazoPG/install/arlo_nn_controller/include/arlo_nn_controller/arlo_nn_controller/srv/evaluate_driver.hpp
-- Up-to-date: /home/monica/ros2_brazoPG/install/arlo_nn_controller/include/arlo_nn_controller/arlo_nn_controller/srv/detail
-- Up-to-date: /home/monica/ros2_brazoPG/install/arlo_nn_controller/include/arlo_nn_controller/arlo_nn_controller/srv/detail/evaluate_driver__traits.hpp
-- Up-to-date: /home/monica/ros2_brazoPG/install/arlo_nn_controller/include/arlo_nn_controller/arlo_nn_controller/srv/detail/evaluate_driver__builder.hpp
-- Up-to-date: /home/monica/ros2_brazoPG/install/arlo_nn_controller/include/arlo_nn_controller/arlo_nn_controller/srv/detail/evaluate_driver__struct.hpp
-- Up-to-date: /home/monica/ros2_brazoPG/install/arlo_nn_controller/include/arlo_nn_controller/arlo_nn_controller/msg
-- Up-to-date: /home/monica/ros2_brazoPG/install/arlo_nn_controller/include/arlo_nn_controller/arlo_nn_controller/msg/num.hpp
-- Up-to-date: /home/monica/ros2_brazoPG/install/arlo_nn_controller/include/arlo_nn_controller/arlo_nn_controller/msg/detail
-- Up-to-date: /home/monica/ros2_brazoPG/install/arlo_nn_controller/include/arlo_nn_controller/arlo_nn_controller/msg/detail/num__builder.hpp
-- Up-to-date: /home/monica/ros2_brazoPG/install/arlo_nn_controller/include/arlo_nn_controller/arlo_nn_controller/msg/detail/num__traits.hpp
-- Up-to-date: /home/monica/ros2_brazoPG/install/arlo_nn_controller/include/arlo_nn_controller/arlo_nn_controller/msg/detail/num__struct.hpp
-- Up-to-date: /home/monica/ros2_brazoPG/install/arlo_nn_controller/include/arlo_nn_controller/arlo_nn_controller
-- Up-to-date: /home/monica/ros2_brazoPG/install/arlo_nn_controller/include/arlo_nn_controller/arlo_nn_controller/srv
-- Up-to-date: /home/monica/ros2_brazoPG/install/arlo_nn_controller/include/arlo_nn_controller/arlo_nn_controller/srv/detail
-- Up-to-date: /home/monica/ros2_brazoPG/install/arlo_nn_controller/include/arlo_nn_controller/arlo_nn_controller/srv/detail/dds_fastrtps
-- Up-to-date: /home/monica/ros2_brazoPG/install/arlo_nn_controller/include/arlo_nn_controller/arlo_nn_controller/srv/detail/evaluate_driver__rosidl_typesupport_fastrtps_cpp.hpp
-- Up-to-date: /home/monica/ros2_brazoPG/install/arlo_nn_controller/include/arlo_nn_controller/arlo_nn_controller/msg
-- Up-to-date: /home/monica/ros2_brazoPG/install/arlo_nn_controller/include/arlo_nn_controller/arlo_nn_controller/msg/rosidl_typesupport_fastrtps_cpp__visibility_control.h
-- Up-to-date: /home/monica/ros2_brazoPG/install/arlo_nn_controller/include/arlo_nn_controller/arlo_nn_controller/msg/detail
-- Up-to-date: /home/monica/ros2_brazoPG/install/arlo_nn_controller/include/arlo_nn_controller/arlo_nn_controller/msg/detail/dds_fastrtps
-- Up-to-date: /home/monica/ros2_brazoPG/install/arlo_nn_controller/include/arlo_nn_controller/arlo_nn_controller/msg/detail/num__rosidl_typesupport_fastrtps_cpp.hpp
-- Up-to-date: /home/monica/ros2_brazoPG/install/arlo_nn_controller/lib/libarlo_nn_controller__rosidl_typesupport_fastrtps_cpp.so
-- Up-to-date: /home/monica/ros2_brazoPG/install/arlo_nn_controller/include/arlo_nn_controller/arlo_nn_controller
-- Up-to-date: /home/monica/ros2_brazoPG/install/arlo_nn_controller/include/arlo_nn_controller/arlo_nn_controller/srv
-- Up-to-date: /home/monica/ros2_brazoPG/install/arlo_nn_controller/include/arlo_nn_controller/arlo_nn_controller/srv/detail
-- Installing: /home/monica/ros2_brazoPG/install/arlo_nn_controller/include/arlo_nn_controller/arlo_nn_controller/srv/detail/evaluate_driver__type_support.c
-- Up-to-date: /home/monica/ros2_brazoPG/install/arlo_nn_controller/include/arlo_nn_controller/arlo_nn_controller/srv/detail/evaluate_driver__rosidl_typesupport_introspection_c.h
-- Up-to-date: /home/monica/ros2_brazoPG/install/arlo_nn_controller/include/arlo_nn_controller/arlo_nn_controller/msg
-- Up-to-date: /home/monica/ros2_brazoPG/install/arlo_nn_controller/include/arlo_nn_controller/arlo_nn_controller/msg/detail
-- Up-to-date: /home/monica/ros2_brazoPG/install/arlo_nn_controller/include/arlo_nn_controller/arlo_nn_controller/msg/detail/num__rosidl_typesupport_introspection_c.h
-- Installing: /home/monica/ros2_brazoPG/install/arlo_nn_controller/include/arlo_nn_controller/arlo_nn_controller/msg/detail/num__type_support.c
-- Up-to-date: /home/monica/ros2_brazoPG/install/arlo_nn_controller/include/arlo_nn_controller/arlo_nn_controller/msg/rosidl_typesupport_introspection_c__visibility_control.h
-- Up-to-date: /home/monica/ros2_brazoPG/install/arlo_nn_controller/lib/libarlo_nn_controller__rosidl_typesupport_introspection_c.so
-- Up-to-date: /home/monica/ros2_brazoPG/install/arlo_nn_controller/lib/libarlo_nn_controller__rosidl_typesupport_c.so
-- Up-to-date: /home/monica/ros2_brazoPG/install/arlo_nn_controller/include/arlo_nn_controller/arlo_nn_controller
-- Up-to-date: /home/monica/ros2_brazoPG/install/arlo_nn_controller/include/arlo_nn_controller/arlo_nn_controller/srv
-- Up-to-date: /home/monica/ros2_brazoPG/install/arlo_nn_controller/include/arlo_nn_controller/arlo_nn_controller/srv/detail
-- Up-to-date: /home/monica/ros2_brazoPG/install/arlo_nn_controller/include/arlo_nn_controller/arlo_nn_controller/srv/detail/evaluate_driver__type_support.cpp
-- Up-to-date: /home/monica/ros2_brazoPG/install/arlo_nn_controller/include/arlo_nn_controller/arlo_nn_controller/srv/detail/evaluate_driver__rosidl_typesupport_introspection_cpp.hpp
-- Up-to-date: /home/monica/ros2_brazoPG/install/arlo_nn_controller/include/arlo_nn_controller/arlo_nn_controller/msg
-- Up-to-date: /home/monica/ros2_brazoPG/install/arlo_nn_controller/include/arlo_nn_controller/arlo_nn_controller/msg/detail
-- Up-to-date: /home/monica/ros2_brazoPG/install/arlo_nn_controller/include/arlo_nn_controller/arlo_nn_controller/msg/detail/num__type_support.cpp
-- Up-to-date: /home/monica/ros2_brazoPG/install/arlo_nn_controller/include/arlo_nn_controller/arlo_nn_controller/msg/detail/num__rosidl_typesupport_introspection_cpp.hpp
-- Up-to-date: /home/monica/ros2_brazoPG/install/arlo_nn_controller/lib/libarlo_nn_controller__rosidl_typesupport_introspection_cpp.so
-- Up-to-date: /home/monica/ros2_brazoPG/install/arlo_nn_controller/lib/libarlo_nn_controller__rosidl_typesupport_cpp.so
-- Up-to-date: /home/monica/ros2_brazoPG/install/arlo_nn_controller/share/arlo_nn_controller/environment/pythonpath.sh
-- Up-to-date: /home/monica/ros2_brazoPG/install/arlo_nn_controller/share/arlo_nn_controller/environment/pythonpath.dsv
-- Up-to-date: /home/monica/ros2_brazoPG/install/arlo_nn_controller/lib/python3.10/site-packages/arlo_nn_controller-0.0.0-py3.10.egg-info
-- Installing: /home/monica/ros2_brazoPG/install/arlo_nn_controller/lib/python3.10/site-packages/arlo_nn_controller-0.0.0-py3.10.egg-info/PKG-INFO
-- Installing: /home/monica/ros2_brazoPG/install/arlo_nn_controller/lib/python3.10/site-packages/arlo_nn_controller-0.0.0-py3.10.egg-info/top_level.txt
-- Installing: /home/monica/ros2_brazoPG/install/arlo_nn_controller/lib/python3.10/site-packages/arlo_nn_controller-0.0.0-py3.10.egg-info/dependency_links.txt
-- Installing: /home/monica/ros2_brazoPG/install/arlo_nn_controller/lib/python3.10/site-packages/arlo_nn_controller-0.0.0-py3.10.egg-info/SOURCES.txt
-- Up-to-date: /home/monica/ros2_brazoPG/install/arlo_nn_controller/lib/python3.10/site-packages/arlo_nn_controller
-- Up-to-date: /home/monica/ros2_brazoPG/install/arlo_nn_controller/lib/python3.10/site-packages/arlo_nn_controller/arlo_nn_controller_s__rosidl_typesupport_fastrtps_c.cpython-310-x86_64-linux-gnu.so
-- Up-to-date: /home/monica/ros2_brazoPG/install/arlo_nn_controller/lib/python3.10/site-packages/arlo_nn_controller/srv
-- Up-to-date: /home/monica/ros2_brazoPG/install/arlo_nn_controller/lib/python3.10/site-packages/arlo_nn_controller/srv/_evaluate_driver.py
-- Up-to-date: /home/monica/ros2_brazoPG/install/arlo_nn_controller/lib/python3.10/site-packages/arlo_nn_controller/srv/__init__.py
-- Up-to-date: /home/monica/ros2_brazoPG/install/arlo_nn_controller/lib/python3.10/site-packages/arlo_nn_controller/srv/_evaluate_driver_s.c
-- Up-to-date: /home/monica/ros2_brazoPG/install/arlo_nn_controller/lib/python3.10/site-packages/arlo_nn_controller/_arlo_nn_controller_s.ep.rosidl_typesupport_introspection_c.c
-- Up-to-date: /home/monica/ros2_brazoPG/install/arlo_nn_controller/lib/python3.10/site-packages/arlo_nn_controller/arlo_nn_controller_s__rosidl_typesupport_c.cpython-310-x86_64-linux-gnu.so
-- Up-to-date: /home/monica/ros2_brazoPG/install/arlo_nn_controller/lib/python3.10/site-packages/arlo_nn_controller/__init__.py
-- Up-to-date: /home/monica/ros2_brazoPG/install/arlo_nn_controller/lib/python3.10/site-packages/arlo_nn_controller/_arlo_nn_controller_s.ep.rosidl_typesupport_fastrtps_c.c
-- Up-to-date: /home/monica/ros2_brazoPG/install/arlo_nn_controller/lib/python3.10/site-packages/arlo_nn_controller/_arlo_nn_controller_s.ep.rosidl_typesupport_c.c
-- Up-to-date: /home/monica/ros2_brazoPG/install/arlo_nn_controller/lib/python3.10/site-packages/arlo_nn_controller/libarlo_nn_controller__rosidl_generator_py.so
-- Up-to-date: /home/monica/ros2_brazoPG/install/arlo_nn_controller/lib/python3.10/site-packages/arlo_nn_controller/arlo_nn_controller_s__rosidl_typesupport_introspection_c.cpython-310-x86_64-linux-gnu.so
-- Up-to-date: /home/monica/ros2_brazoPG/install/arlo_nn_controller/lib/python3.10/site-packages/arlo_nn_controller/msg
-- Up-to-date: /home/monica/ros2_brazoPG/install/arlo_nn_controller/lib/python3.10/site-packages/arlo_nn_controller/msg/__init__.py
-- Up-to-date: /home/monica/ros2_brazoPG/install/arlo_nn_controller/lib/python3.10/site-packages/arlo_nn_controller/msg/_num.py
-- Up-to-date: /home/monica/ros2_brazoPG/install/arlo_nn_controller/lib/python3.10/site-packages/arlo_nn_controller/msg/_num_s.c
Listing '/home/monica/ros2_brazoPG/install/arlo_nn_controller/lib/python3.10/site-packages/arlo_nn_controller'...
Listing '/home/monica/ros2_brazoPG/install/arlo_nn_controller/lib/python3.10/site-packages/arlo_nn_controller/msg'...
Listing '/home/monica/ros2_brazoPG/install/arlo_nn_controller/lib/python3.10/site-packages/arlo_nn_controller/srv'...
-- Up-to-date: /home/monica/ros2_brazoPG/install/arlo_nn_controller/lib/python3.10/site-packages/arlo_nn_controller/arlo_nn_controller_s__rosidl_typesupport_fastrtps_c.cpython-310-x86_64-linux-gnu.so
-- Up-to-date: /home/monica/ros2_brazoPG/install/arlo_nn_controller/lib/python3.10/site-packages/arlo_nn_controller/arlo_nn_controller_s__rosidl_typesupport_introspection_c.cpython-310-x86_64-linux-gnu.so
-- Up-to-date: /home/monica/ros2_brazoPG/install/arlo_nn_controller/lib/python3.10/site-packages/arlo_nn_controller/arlo_nn_controller_s__rosidl_typesupport_c.cpython-310-x86_64-linux-gnu.so
-- Up-to-date: /home/monica/ros2_brazoPG/install/arlo_nn_controller/lib/libarlo_nn_controller__rosidl_generator_py.so
-- Up-to-date: /home/monica/ros2_brazoPG/install/arlo_nn_controller/share/arlo_nn_controller/msg/Num.idl
-- Up-to-date: /home/monica/ros2_brazoPG/install/arlo_nn_controller/share/arlo_nn_controller/srv/EvaluateDriver.idl
-- Up-to-date: /home/monica/ros2_brazoPG/install/arlo_nn_controller/share/arlo_nn_controller/msg/Num.msg
-- Up-to-date: /home/monica/ros2_brazoPG/install/arlo_nn_controller/share/arlo_nn_controller/srv/EvaluateDriver.srv
-- Up-to-date: /home/monica/ros2_brazoPG/install/arlo_nn_controller/share/arlo_nn_controller/srv/EvaluateDriver_Request.msg
-- Up-to-date: /home/monica/ros2_brazoPG/install/arlo_nn_controller/share/arlo_nn_controller/srv/EvaluateDriver_Response.msg
-- Up-to-date: /home/monica/ros2_brazoPG/install/arlo_nn_controller/lib/arlo_nn_controller/arlo_nn_controller_node
-- Up-to-date: /home/monica/ros2_brazoPG/install/arlo_nn_controller/include/
-- Up-to-date: /home/monica/ros2_brazoPG/install/arlo_nn_controller/include//SimulationController.h
-- Up-to-date: /home/monica/ros2_brazoPG/install/arlo_nn_controller/share/ament_index/resource_index/package_run_dependencies/arlo_nn_controller
-- Up-to-date: /home/monica/ros2_brazoPG/install/arlo_nn_controller/share/ament_index/resource_index/parent_prefix_path/arlo_nn_controller
-- Up-to-date: /home/monica/ros2_brazoPG/install/arlo_nn_controller/share/arlo_nn_controller/environment/ament_prefix_path.sh
-- Up-to-date: /home/monica/ros2_brazoPG/install/arlo_nn_controller/share/arlo_nn_controller/environment/ament_prefix_path.dsv
-- Up-to-date: /home/monica/ros2_brazoPG/install/arlo_nn_controller/share/arlo_nn_controller/environment/path.sh
-- Up-to-date: /home/monica/ros2_brazoPG/install/arlo_nn_controller/share/arlo_nn_controller/environment/path.dsv
-- Up-to-date: /home/monica/ros2_brazoPG/install/arlo_nn_controller/share/arlo_nn_controller/local_setup.bash
-- Up-to-date: /home/monica/ros2_brazoPG/install/arlo_nn_controller/share/arlo_nn_controller/local_setup.sh
-- Up-to-date: /home/monica/ros2_brazoPG/install/arlo_nn_controller/share/arlo_nn_controller/local_setup.zsh
-- Up-to-date: /home/monica/ros2_brazoPG/install/arlo_nn_controller/share/arlo_nn_controller/local_setup.dsv
-- Installing: /home/monica/ros2_brazoPG/install/arlo_nn_controller/share/arlo_nn_controller/package.dsv
-- Up-to-date: /home/monica/ros2_brazoPG/install/arlo_nn_controller/share/ament_index/resource_index/packages/arlo_nn_controller
-- Up-to-date: /home/monica/ros2_brazoPG/install/arlo_nn_controller/share/arlo_nn_controller/cmake/export_arlo_nn_controller__rosidl_generator_cExport.cmake
-- Up-to-date: /home/monica/ros2_brazoPG/install/arlo_nn_controller/share/arlo_nn_controller/cmake/export_arlo_nn_controller__rosidl_generator_cExport-noconfig.cmake
-- Up-to-date: /home/monica/ros2_brazoPG/install/arlo_nn_controller/share/arlo_nn_controller/cmake/export_arlo_nn_controller__rosidl_typesupport_fastrtps_cExport.cmake
-- Up-to-date: /home/monica/ros2_brazoPG/install/arlo_nn_controller/share/arlo_nn_controller/cmake/export_arlo_nn_controller__rosidl_typesupport_fastrtps_cExport-noconfig.cmake
-- Up-to-date: /home/monica/ros2_brazoPG/install/arlo_nn_controller/share/arlo_nn_controller/cmake/export_arlo_nn_controller__rosidl_generator_cppExport.cmake
-- Up-to-date: /home/monica/ros2_brazoPG/install/arlo_nn_controller/share/arlo_nn_controller/cmake/export_arlo_nn_controller__rosidl_typesupport_fastrtps_cppExport.cmake
-- Up-to-date: /home/monica/ros2_brazoPG/install/arlo_nn_controller/share/arlo_nn_controller/cmake/export_arlo_nn_controller__rosidl_typesupport_fastrtps_cppExport-noconfig.cmake
-- Up-to-date: /home/monica/ros2_brazoPG/install/arlo_nn_controller/share/arlo_nn_controller/cmake/arlo_nn_controller__rosidl_typesupport_introspection_cExport.cmake
-- Up-to-date: /home/monica/ros2_brazoPG/install/arlo_nn_controller/share/arlo_nn_controller/cmake/arlo_nn_controller__rosidl_typesupport_introspection_cExport-noconfig.cmake
-- Up-to-date: /home/monica/ros2_brazoPG/install/arlo_nn_controller/share/arlo_nn_controller/cmake/arlo_nn_controller__rosidl_typesupport_cExport.cmake
-- Up-to-date: /home/monica/ros2_brazoPG/install/arlo_nn_controller/share/arlo_nn_controller/cmake/arlo_nn_controller__rosidl_typesupport_cExport-noconfig.cmake
-- Up-to-date: /home/monica/ros2_brazoPG/install/arlo_nn_controller/share/arlo_nn_controller/cmake/arlo_nn_controller__rosidl_typesupport_introspection_cppExport.cmake
-- Up-to-date: /home/monica/ros2_brazoPG/install/arlo_nn_controller/share/arlo_nn_controller/cmake/arlo_nn_controller__rosidl_typesupport_introspection_cppExport-noconfig.cmake
-- Up-to-date: /home/monica/ros2_brazoPG/install/arlo_nn_controller/share/arlo_nn_controller/cmake/arlo_nn_controller__rosidl_typesupport_cppExport.cmake
-- Up-to-date: /home/monica/ros2_brazoPG/install/arlo_nn_controller/share/arlo_nn_controller/cmake/arlo_nn_controller__rosidl_typesupport_cppExport-noconfig.cmake
-- Up-to-date: /home/monica/ros2_brazoPG/install/arlo_nn_controller/share/arlo_nn_controller/cmake/export_arlo_nn_controller__rosidl_generator_pyExport.cmake
-- Up-to-date: /home/monica/ros2_brazoPG/install/arlo_nn_controller/share/arlo_nn_controller/cmake/export_arlo_nn_controller__rosidl_generator_pyExport-noconfig.cmake
-- Up-to-date: /home/monica/ros2_brazoPG/install/arlo_nn_controller/share/arlo_nn_controller/cmake/rosidl_cmake-extras.cmake
-- Up-to-date: /home/monica/ros2_brazoPG/install/arlo_nn_controller/share/arlo_nn_controller/cmake/ament_cmake_export_dependencies-extras.cmake
-- Up-to-date: /home/monica/ros2_brazoPG/install/arlo_nn_controller/share/arlo_nn_controller/cmake/ament_cmake_export_include_directories-extras.cmake
-- Up-to-date: /home/monica/ros2_brazoPG/install/arlo_nn_controller/share/arlo_nn_controller/cmake/ament_cmake_export_libraries-extras.cmake
-- Up-to-date: /home/monica/ros2_brazoPG/install/arlo_nn_controller/share/arlo_nn_controller/cmake/ament_cmake_export_targets-extras.cmake
-- Up-to-date: /home/monica/ros2_brazoPG/install/arlo_nn_controller/share/arlo_nn_controller/cmake/rosidl_cmake_export_typesupport_targets-extras.cmake
-- Up-to-date: /home/monica/ros2_brazoPG/install/arlo_nn_controller/share/arlo_nn_controller/cmake/rosidl_cmake_export_typesupport_libraries-extras.cmake
-- Up-to-date: /home/monica/ros2_brazoPG/install/arlo_nn_controller/share/arlo_nn_controller/cmake/arlo_nn_controllerConfig.cmake
-- Up-to-date: /home/monica/ros2_brazoPG/install/arlo_nn_controller/share/arlo_nn_controller/cmake/arlo_nn_controllerConfig-version.cmake
-- Up-to-date: /home/monica/ros2_brazoPG/install/arlo_nn_controller/share/arlo_nn_controller/package.xml
