[0.054s] Invoking command in '/home/monica/ros2_brazoPG/build/arlo_nn_controller': AMENT_PREFIX_PATH=/home/monica/ros2_brazoPG/install/arlo_interfaces:${AMENT_PREFIX_PATH} CMAKE_PREFIX_PATH=/home/monica/ros2_brazoPG/install/arlo_interfaces:/home/monica/ros2_ws/install/xolobot_control:/home/monica/ros2_ws/install/xolobot_arm_server:/home/monica/ros2_ws/install/xolobot_arm:/home/monica/ros2_ws/install/ros2_linkattacher:/home/monica/ros2_ws/install/mod_interfaces:/home/monica/ros2_ws/install/linkattacher_msgs:/home/monica/ros2_ws/install/modulos:/opt/ros/iron LD_LIBRARY_PATH=/home/monica/ros2_brazoPG/install/arlo_interfaces/lib:${LD_LIBRARY_PATH} PYTHONPATH=/home/monica/ros2_brazoPG/install/arlo_interfaces/lib/python3.10/site-packages:${PYTHONPATH} /usr/bin/cmake --build /home/monica/ros2_brazoPG/build/arlo_nn_controller -- -j2 -l2
[0.414s] [  2%] Built target arlo_nn_controller__rosidl_generator_type_description
[0.654s] [  2%] Built target ament_cmake_python_copy_arlo_nn_controller
[0.806s] [  4%] Built target arlo_nn_controller__cpp
[0.859s] [35m[1mConsolidate compiler generated dependencies of target arlo_nn_controller__rosidl_generator_c[0m
[0.908s] [ 20%] Built target arlo_nn_controller__rosidl_generator_c
[2.172s] running egg_info
[2.172s] writing arlo_nn_controller.egg-info/PKG-INFO
[2.175s] writing dependency_links to arlo_nn_controller.egg-info/dependency_links.txt
[2.175s] writing top-level names to arlo_nn_controller.egg-info/top_level.txt
[2.185s] reading manifest file 'arlo_nn_controller.egg-info/SOURCES.txt'
[2.186s] writing manifest file 'arlo_nn_controller.egg-info/SOURCES.txt'
[2.295s] [ 20%] Built target ament_cmake_python_build_arlo_nn_controller_egg
[2.343s] [35m[1mConsolidate compiler generated dependencies of target arlo_nn_controller__rosidl_typesupport_cpp[0m
[2.413s] [ 29%] Built target arlo_nn_controller__rosidl_typesupport_cpp
[2.463s] [35m[1mConsolidate compiler generated dependencies of target arlo_nn_controller__rosidl_typesupport_fastrtps_c[0m
[2.522s] [ 37%] Built target arlo_nn_controller__rosidl_typesupport_fastrtps_c
[2.561s] [35m[1mConsolidate compiler generated dependencies of target arlo_nn_controller__rosidl_typesupport_fastrtps_cpp[0m
[2.616s] [ 45%] Built target arlo_nn_controller__rosidl_typesupport_fastrtps_cpp
[2.654s] [35m[1mConsolidate compiler generated dependencies of target arlo_nn_controller__rosidl_typesupport_introspection_c[0m
[2.695s] [ 54%] Built target arlo_nn_controller__rosidl_typesupport_introspection_c
[2.741s] [35m[1mConsolidate compiler generated dependencies of target arlo_nn_controller__rosidl_typesupport_c[0m
[2.803s] [ 62%] Built target arlo_nn_controller__rosidl_typesupport_c
[2.850s] [35m[1mConsolidate compiler generated dependencies of target arlo_nn_controller__rosidl_typesupport_introspection_cpp[0m
[2.906s] [ 70%] Built target arlo_nn_controller__rosidl_typesupport_introspection_cpp
[2.988s] [ 70%] Built target arlo_nn_controller
[3.065s] [ 72%] Built target arlo_nn_controller__py
[3.113s] [35m[1mConsolidate compiler generated dependencies of target arlo_nn_controller_node[0m
[3.233s] [ 81%] Built target arlo_nn_controller_node
[3.292s] [35m[1mConsolidate compiler generated dependencies of target arlo_nn_controller__rosidl_generator_py[0m
[3.366s] [ 87%] Built target arlo_nn_controller__rosidl_generator_py
[3.435s] [35m[1mConsolidate compiler generated dependencies of target arlo_nn_controller__rosidl_typesupport_fastrtps_c__pyext[0m
[3.509s] [ 91%] Built target arlo_nn_controller__rosidl_typesupport_fastrtps_c__pyext
[3.533s] [35m[1mConsolidate compiler generated dependencies of target arlo_nn_controller__rosidl_typesupport_introspection_c__pyext[0m
[3.577s] [ 95%] Built target arlo_nn_controller__rosidl_typesupport_introspection_c__pyext
[3.609s] [35m[1mConsolidate compiler generated dependencies of target arlo_nn_controller__rosidl_typesupport_c__pyext[0m
[3.650s] [100%] Built target arlo_nn_controller__rosidl_typesupport_c__pyext
[3.682s] Invoked command in '/home/monica/ros2_brazoPG/build/arlo_nn_controller' returned '0': AMENT_PREFIX_PATH=/home/monica/ros2_brazoPG/install/arlo_interfaces:${AMENT_PREFIX_PATH} CMAKE_PREFIX_PATH=/home/monica/ros2_brazoPG/install/arlo_interfaces:/home/monica/ros2_ws/install/xolobot_control:/home/monica/ros2_ws/install/xolobot_arm_server:/home/monica/ros2_ws/install/xolobot_arm:/home/monica/ros2_ws/install/ros2_linkattacher:/home/monica/ros2_ws/install/mod_interfaces:/home/monica/ros2_ws/install/linkattacher_msgs:/home/monica/ros2_ws/install/modulos:/opt/ros/iron LD_LIBRARY_PATH=/home/monica/ros2_brazoPG/install/arlo_interfaces/lib:${LD_LIBRARY_PATH} PYTHONPATH=/home/monica/ros2_brazoPG/install/arlo_interfaces/lib/python3.10/site-packages:${PYTHONPATH} /usr/bin/cmake --build /home/monica/ros2_brazoPG/build/arlo_nn_controller -- -j2 -l2
[3.688s] Invoking command in '/home/monica/ros2_brazoPG/build/arlo_nn_controller': AMENT_PREFIX_PATH=/home/monica/ros2_brazoPG/install/arlo_interfaces:${AMENT_PREFIX_PATH} CMAKE_PREFIX_PATH=/home/monica/ros2_brazoPG/install/arlo_interfaces:/home/monica/ros2_ws/install/xolobot_control:/home/monica/ros2_ws/install/xolobot_arm_server:/home/monica/ros2_ws/install/xolobot_arm:/home/monica/ros2_ws/install/ros2_linkattacher:/home/monica/ros2_ws/install/mod_interfaces:/home/monica/ros2_ws/install/linkattacher_msgs:/home/monica/ros2_ws/install/modulos:/opt/ros/iron LD_LIBRARY_PATH=/home/monica/ros2_brazoPG/install/arlo_interfaces/lib:${LD_LIBRARY_PATH} PYTHONPATH=/home/monica/ros2_brazoPG/install/arlo_interfaces/lib/python3.10/site-packages:${PYTHONPATH} /usr/bin/cmake --install /home/monica/ros2_brazoPG/build/arlo_nn_controller
[3.712s] -- Install configuration: ""
[3.712s] -- Up-to-date: /home/monica/ros2_brazoPG/install/arlo_nn_controller/share/ament_index/resource_index/rosidl_interfaces/arlo_nn_controller
[3.713s] -- Up-to-date: /home/monica/ros2_brazoPG/install/arlo_nn_controller/share/arlo_nn_controller/msg/Num.json
[3.713s] -- Up-to-date: /home/monica/ros2_brazoPG/install/arlo_nn_controller/share/arlo_nn_controller/srv/EvaluateDriver.json
[3.713s] -- Up-to-date: /home/monica/ros2_brazoPG/install/arlo_nn_controller/include/arlo_nn_controller/arlo_nn_controller
[3.713s] -- Up-to-date: /home/monica/ros2_brazoPG/install/arlo_nn_controller/include/arlo_nn_controller/arlo_nn_controller/srv
[3.713s] -- Up-to-date: /home/monica/ros2_brazoPG/install/arlo_nn_controller/include/arlo_nn_controller/arlo_nn_controller/srv/detail
[3.714s] -- Installing: /home/monica/ros2_brazoPG/install/arlo_nn_controller/include/arlo_nn_controller/arlo_nn_controller/srv/detail/evaluate_driver__type_support.c
[3.716s] -- Up-to-date: /home/monica/ros2_brazoPG/install/arlo_nn_controller/include/arlo_nn_controller/arlo_nn_controller/srv/detail/evaluate_driver__description.c
[3.717s] -- Up-to-date: /home/monica/ros2_brazoPG/install/arlo_nn_controller/include/arlo_nn_controller/arlo_nn_controller/srv/detail/evaluate_driver__struct.h
[3.717s] -- Up-to-date: /home/monica/ros2_brazoPG/install/arlo_nn_controller/include/arlo_nn_controller/arlo_nn_controller/srv/detail/evaluate_driver__type_support.h
[3.717s] -- Up-to-date: /home/monica/ros2_brazoPG/install/arlo_nn_controller/include/arlo_nn_controller/arlo_nn_controller/srv/detail/evaluate_driver__functions.h
[3.718s] -- Up-to-date: /home/monica/ros2_brazoPG/install/arlo_nn_controller/include/arlo_nn_controller/arlo_nn_controller/srv/detail/evaluate_driver__functions.c
[3.718s] -- Up-to-date: /home/monica/ros2_brazoPG/install/arlo_nn_controller/include/arlo_nn_controller/arlo_nn_controller/srv/evaluate_driver.h
[3.718s] -- Up-to-date: /home/monica/ros2_brazoPG/install/arlo_nn_controller/include/arlo_nn_controller/arlo_nn_controller/msg
[3.718s] -- Up-to-date: /home/monica/ros2_brazoPG/install/arlo_nn_controller/include/arlo_nn_controller/arlo_nn_controller/msg/rosidl_generator_c__visibility_control.h
[3.718s] -- Up-to-date: /home/monica/ros2_brazoPG/install/arlo_nn_controller/include/arlo_nn_controller/arlo_nn_controller/msg/num.h
[3.718s] -- Up-to-date: /home/monica/ros2_brazoPG/install/arlo_nn_controller/include/arlo_nn_controller/arlo_nn_controller/msg/detail
[3.719s] -- Up-to-date: /home/monica/ros2_brazoPG/install/arlo_nn_controller/include/arlo_nn_controller/arlo_nn_controller/msg/detail/num__functions.h
[3.721s] -- Up-to-date: /home/monica/ros2_brazoPG/install/arlo_nn_controller/include/arlo_nn_controller/arlo_nn_controller/msg/detail/num__struct.h
[3.721s] -- Up-to-date: /home/monica/ros2_brazoPG/install/arlo_nn_controller/include/arlo_nn_controller/arlo_nn_controller/msg/detail/num__description.c
[3.721s] -- Up-to-date: /home/monica/ros2_brazoPG/install/arlo_nn_controller/include/arlo_nn_controller/arlo_nn_controller/msg/detail/num__type_support.h
[3.722s] -- Up-to-date: /home/monica/ros2_brazoPG/install/arlo_nn_controller/include/arlo_nn_controller/arlo_nn_controller/msg/detail/num__functions.c
[3.722s] -- Installing: /home/monica/ros2_brazoPG/install/arlo_nn_controller/include/arlo_nn_controller/arlo_nn_controller/msg/detail/num__type_support.c
[3.722s] -- Up-to-date: /home/monica/ros2_brazoPG/install/arlo_nn_controller/share/arlo_nn_controller/environment/library_path.sh
[3.722s] -- Up-to-date: /home/monica/ros2_brazoPG/install/arlo_nn_controller/share/arlo_nn_controller/environment/library_path.dsv
[3.722s] -- Up-to-date: /home/monica/ros2_brazoPG/install/arlo_nn_controller/lib/libarlo_nn_controller__rosidl_generator_c.so
[3.722s] -- Up-to-date: /home/monica/ros2_brazoPG/install/arlo_nn_controller/include/arlo_nn_controller/arlo_nn_controller
[3.723s] -- Up-to-date: /home/monica/ros2_brazoPG/install/arlo_nn_controller/include/arlo_nn_controller/arlo_nn_controller/srv
[3.725s] -- Up-to-date: /home/monica/ros2_brazoPG/install/arlo_nn_controller/include/arlo_nn_controller/arlo_nn_controller/srv/detail
[3.725s] -- Up-to-date: /home/monica/ros2_brazoPG/install/arlo_nn_controller/include/arlo_nn_controller/arlo_nn_controller/srv/detail/evaluate_driver__rosidl_typesupport_fastrtps_c.h
[3.726s] -- Up-to-date: /home/monica/ros2_brazoPG/install/arlo_nn_controller/include/arlo_nn_controller/arlo_nn_controller/msg
[3.726s] -- Up-to-date: /home/monica/ros2_brazoPG/install/arlo_nn_controller/include/arlo_nn_controller/arlo_nn_controller/msg/rosidl_typesupport_fastrtps_c__visibility_control.h
[3.726s] -- Up-to-date: /home/monica/ros2_brazoPG/install/arlo_nn_controller/include/arlo_nn_controller/arlo_nn_controller/msg/detail
[3.726s] -- Up-to-date: /home/monica/ros2_brazoPG/install/arlo_nn_controller/include/arlo_nn_controller/arlo_nn_controller/msg/detail/num__rosidl_typesupport_fastrtps_c.h
[3.726s] -- Up-to-date: /home/monica/ros2_brazoPG/install/arlo_nn_controller/lib/libarlo_nn_controller__rosidl_typesupport_fastrtps_c.so
[3.727s] -- Up-to-date: /home/monica/ros2_brazoPG/install/arlo_nn_controller/include/arlo_nn_controller/arlo_nn_controller
[3.727s] -- Up-to-date: /home/monica/ros2_brazoPG/install/arlo_nn_controller/include/arlo_nn_controller/arlo_nn_controller/srv
[3.727s] -- Up-to-date: /home/monica/ros2_brazoPG/install/arlo_nn_controller/include/arlo_nn_controller/arlo_nn_controller/srv/evaluate_driver.hpp
[3.728s] -- Up-to-date: /home/monica/ros2_brazoPG/install/arlo_nn_controller/include/arlo_nn_controller/arlo_nn_controller/srv/detail
[3.728s] -- Up-to-date: /home/monica/ros2_brazoPG/install/arlo_nn_controller/include/arlo_nn_controller/arlo_nn_controller/srv/detail/evaluate_driver__traits.hpp
[3.729s] -- Up-to-date: /home/monica/ros2_brazoPG/install/arlo_nn_controller/include/arlo_nn_controller/arlo_nn_controller/srv/detail/evaluate_driver__builder.hpp
[3.729s] -- Up-to-date: /home/monica/ros2_brazoPG/install/arlo_nn_controller/include/arlo_nn_controller/arlo_nn_controller/srv/detail/evaluate_driver__struct.hpp
[3.730s] -- Up-to-date: /home/monica/ros2_brazoPG/install/arlo_nn_controller/include/arlo_nn_controller/arlo_nn_controller/msg
[3.730s] -- Up-to-date: /home/monica/ros2_brazoPG/install/arlo_nn_controller/include/arlo_nn_controller/arlo_nn_controller/msg/num.hpp
[3.731s] -- Up-to-date: /home/monica/ros2_brazoPG/install/arlo_nn_controller/include/arlo_nn_controller/arlo_nn_controller/msg/detail
[3.731s] -- Up-to-date: /home/monica/ros2_brazoPG/install/arlo_nn_controller/include/arlo_nn_controller/arlo_nn_controller/msg/detail/num__builder.hpp
[3.731s] -- Up-to-date: /home/monica/ros2_brazoPG/install/arlo_nn_controller/include/arlo_nn_controller/arlo_nn_controller/msg/detail/num__traits.hpp
[3.732s] -- Up-to-date: /home/monica/ros2_brazoPG/install/arlo_nn_controller/include/arlo_nn_controller/arlo_nn_controller/msg/detail/num__struct.hpp
[3.732s] -- Up-to-date: /home/monica/ros2_brazoPG/install/arlo_nn_controller/include/arlo_nn_controller/arlo_nn_controller
[3.733s] -- Up-to-date: /home/monica/ros2_brazoPG/install/arlo_nn_controller/include/arlo_nn_controller/arlo_nn_controller/srv
[3.733s] -- Up-to-date: /home/monica/ros2_brazoPG/install/arlo_nn_controller/include/arlo_nn_controller/arlo_nn_controller/srv/detail
[3.733s] -- Up-to-date: /home/monica/ros2_brazoPG/install/arlo_nn_controller/include/arlo_nn_controller/arlo_nn_controller/srv/detail/dds_fastrtps
[3.734s] -- Up-to-date: /home/monica/ros2_brazoPG/install/arlo_nn_controller/include/arlo_nn_controller/arlo_nn_controller/srv/detail/evaluate_driver__rosidl_typesupport_fastrtps_cpp.hpp
[3.734s] -- Up-to-date: /home/monica/ros2_brazoPG/install/arlo_nn_controller/include/arlo_nn_controller/arlo_nn_controller/msg
[3.734s] -- Up-to-date: /home/monica/ros2_brazoPG/install/arlo_nn_controller/include/arlo_nn_controller/arlo_nn_controller/msg/rosidl_typesupport_fastrtps_cpp__visibility_control.h
[3.735s] -- Up-to-date: /home/monica/ros2_brazoPG/install/arlo_nn_controller/include/arlo_nn_controller/arlo_nn_controller/msg/detail
[3.736s] -- Up-to-date: /home/monica/ros2_brazoPG/install/arlo_nn_controller/include/arlo_nn_controller/arlo_nn_controller/msg/detail/dds_fastrtps
[3.736s] -- Up-to-date: /home/monica/ros2_brazoPG/install/arlo_nn_controller/include/arlo_nn_controller/arlo_nn_controller/msg/detail/num__rosidl_typesupport_fastrtps_cpp.hpp
[3.736s] -- Up-to-date: /home/monica/ros2_brazoPG/install/arlo_nn_controller/lib/libarlo_nn_controller__rosidl_typesupport_fastrtps_cpp.so
[3.737s] -- Up-to-date: /home/monica/ros2_brazoPG/install/arlo_nn_controller/include/arlo_nn_controller/arlo_nn_controller
[3.738s] -- Up-to-date: /home/monica/ros2_brazoPG/install/arlo_nn_controller/include/arlo_nn_controller/arlo_nn_controller/srv
[3.738s] -- Up-to-date: /home/monica/ros2_brazoPG/install/arlo_nn_controller/include/arlo_nn_controller/arlo_nn_controller/srv/detail
[3.739s] -- Installing: /home/monica/ros2_brazoPG/install/arlo_nn_controller/include/arlo_nn_controller/arlo_nn_controller/srv/detail/evaluate_driver__type_support.c
[3.739s] -- Up-to-date: /home/monica/ros2_brazoPG/install/arlo_nn_controller/include/arlo_nn_controller/arlo_nn_controller/srv/detail/evaluate_driver__rosidl_typesupport_introspection_c.h
[3.740s] -- Up-to-date: /home/monica/ros2_brazoPG/install/arlo_nn_controller/include/arlo_nn_controller/arlo_nn_controller/msg
[3.740s] -- Up-to-date: /home/monica/ros2_brazoPG/install/arlo_nn_controller/include/arlo_nn_controller/arlo_nn_controller/msg/detail
[3.741s] -- Up-to-date: /home/monica/ros2_brazoPG/install/arlo_nn_controller/include/arlo_nn_controller/arlo_nn_controller/msg/detail/num__rosidl_typesupport_introspection_c.h
[3.742s] -- Installing: /home/monica/ros2_brazoPG/install/arlo_nn_controller/include/arlo_nn_controller/arlo_nn_controller/msg/detail/num__type_support.c
[3.742s] -- Up-to-date: /home/monica/ros2_brazoPG/install/arlo_nn_controller/include/arlo_nn_controller/arlo_nn_controller/msg/rosidl_typesupport_introspection_c__visibility_control.h
[3.743s] -- Up-to-date: /home/monica/ros2_brazoPG/install/arlo_nn_controller/lib/libarlo_nn_controller__rosidl_typesupport_introspection_c.so
[3.745s] -- Up-to-date: /home/monica/ros2_brazoPG/install/arlo_nn_controller/lib/libarlo_nn_controller__rosidl_typesupport_c.so
[3.745s] -- Up-to-date: /home/monica/ros2_brazoPG/install/arlo_nn_controller/include/arlo_nn_controller/arlo_nn_controller
[3.746s] -- Up-to-date: /home/monica/ros2_brazoPG/install/arlo_nn_controller/include/arlo_nn_controller/arlo_nn_controller/srv
[3.746s] -- Up-to-date: /home/monica/ros2_brazoPG/install/arlo_nn_controller/include/arlo_nn_controller/arlo_nn_controller/srv/detail
[3.747s] -- Up-to-date: /home/monica/ros2_brazoPG/install/arlo_nn_controller/include/arlo_nn_controller/arlo_nn_controller/srv/detail/evaluate_driver__type_support.cpp
[3.747s] -- Up-to-date: /home/monica/ros2_brazoPG/install/arlo_nn_controller/include/arlo_nn_controller/arlo_nn_controller/srv/detail/evaluate_driver__rosidl_typesupport_introspection_cpp.hpp
[3.747s] -- Up-to-date: /home/monica/ros2_brazoPG/install/arlo_nn_controller/include/arlo_nn_controller/arlo_nn_controller/msg
[3.748s] -- Up-to-date: /home/monica/ros2_brazoPG/install/arlo_nn_controller/include/arlo_nn_controller/arlo_nn_controller/msg/detail
[3.749s] -- Up-to-date: /home/monica/ros2_brazoPG/install/arlo_nn_controller/include/arlo_nn_controller/arlo_nn_controller/msg/detail/num__type_support.cpp
[3.749s] -- Up-to-date: /home/monica/ros2_brazoPG/install/arlo_nn_controller/include/arlo_nn_controller/arlo_nn_controller/msg/detail/num__rosidl_typesupport_introspection_cpp.hpp
[3.750s] -- Up-to-date: /home/monica/ros2_brazoPG/install/arlo_nn_controller/lib/libarlo_nn_controller__rosidl_typesupport_introspection_cpp.so
[3.752s] -- Up-to-date: /home/monica/ros2_brazoPG/install/arlo_nn_controller/lib/libarlo_nn_controller__rosidl_typesupport_cpp.so
[3.752s] -- Up-to-date: /home/monica/ros2_brazoPG/install/arlo_nn_controller/share/arlo_nn_controller/environment/pythonpath.sh
[3.753s] -- Up-to-date: /home/monica/ros2_brazoPG/install/arlo_nn_controller/share/arlo_nn_controller/environment/pythonpath.dsv
[3.753s] -- Up-to-date: /home/monica/ros2_brazoPG/install/arlo_nn_controller/lib/python3.10/site-packages/arlo_nn_controller-0.0.0-py3.10.egg-info
[3.754s] -- Installing: /home/monica/ros2_brazoPG/install/arlo_nn_controller/lib/python3.10/site-packages/arlo_nn_controller-0.0.0-py3.10.egg-info/PKG-INFO
[3.754s] -- Installing: /home/monica/ros2_brazoPG/install/arlo_nn_controller/lib/python3.10/site-packages/arlo_nn_controller-0.0.0-py3.10.egg-info/top_level.txt
[3.755s] -- Installing: /home/monica/ros2_brazoPG/install/arlo_nn_controller/lib/python3.10/site-packages/arlo_nn_controller-0.0.0-py3.10.egg-info/dependency_links.txt
[3.756s] -- Installing: /home/monica/ros2_brazoPG/install/arlo_nn_controller/lib/python3.10/site-packages/arlo_nn_controller-0.0.0-py3.10.egg-info/SOURCES.txt
[3.757s] -- Up-to-date: /home/monica/ros2_brazoPG/install/arlo_nn_controller/lib/python3.10/site-packages/arlo_nn_controller
[3.757s] -- Up-to-date: /home/monica/ros2_brazoPG/install/arlo_nn_controller/lib/python3.10/site-packages/arlo_nn_controller/arlo_nn_controller_s__rosidl_typesupport_fastrtps_c.cpython-310-x86_64-linux-gnu.so
[3.757s] -- Up-to-date: /home/monica/ros2_brazoPG/install/arlo_nn_controller/lib/python3.10/site-packages/arlo_nn_controller/srv
[3.758s] -- Up-to-date: /home/monica/ros2_brazoPG/install/arlo_nn_controller/lib/python3.10/site-packages/arlo_nn_controller/srv/_evaluate_driver.py
[3.759s] -- Up-to-date: /home/monica/ros2_brazoPG/install/arlo_nn_controller/lib/python3.10/site-packages/arlo_nn_controller/srv/__init__.py
[3.759s] -- Up-to-date: /home/monica/ros2_brazoPG/install/arlo_nn_controller/lib/python3.10/site-packages/arlo_nn_controller/srv/_evaluate_driver_s.c
[3.759s] -- Up-to-date: /home/monica/ros2_brazoPG/install/arlo_nn_controller/lib/python3.10/site-packages/arlo_nn_controller/_arlo_nn_controller_s.ep.rosidl_typesupport_introspection_c.c
[3.759s] -- Up-to-date: /home/monica/ros2_brazoPG/install/arlo_nn_controller/lib/python3.10/site-packages/arlo_nn_controller/arlo_nn_controller_s__rosidl_typesupport_c.cpython-310-x86_64-linux-gnu.so
[3.762s] -- Up-to-date: /home/monica/ros2_brazoPG/install/arlo_nn_controller/lib/python3.10/site-packages/arlo_nn_controller/__init__.py
[3.762s] -- Up-to-date: /home/monica/ros2_brazoPG/install/arlo_nn_controller/lib/python3.10/site-packages/arlo_nn_controller/_arlo_nn_controller_s.ep.rosidl_typesupport_fastrtps_c.c
[3.762s] -- Up-to-date: /home/monica/ros2_brazoPG/install/arlo_nn_controller/lib/python3.10/site-packages/arlo_nn_controller/_arlo_nn_controller_s.ep.rosidl_typesupport_c.c
[3.763s] -- Up-to-date: /home/monica/ros2_brazoPG/install/arlo_nn_controller/lib/python3.10/site-packages/arlo_nn_controller/libarlo_nn_controller__rosidl_generator_py.so
[3.764s] -- Up-to-date: /home/monica/ros2_brazoPG/install/arlo_nn_controller/lib/python3.10/site-packages/arlo_nn_controller/arlo_nn_controller_s__rosidl_typesupport_introspection_c.cpython-310-x86_64-linux-gnu.so
[3.765s] -- Up-to-date: /home/monica/ros2_brazoPG/install/arlo_nn_controller/lib/python3.10/site-packages/arlo_nn_controller/msg
[3.765s] -- Up-to-date: /home/monica/ros2_brazoPG/install/arlo_nn_controller/lib/python3.10/site-packages/arlo_nn_controller/msg/__init__.py
[3.765s] -- Up-to-date: /home/monica/ros2_brazoPG/install/arlo_nn_controller/lib/python3.10/site-packages/arlo_nn_controller/msg/_num.py
[3.765s] -- Up-to-date: /home/monica/ros2_brazoPG/install/arlo_nn_controller/lib/python3.10/site-packages/arlo_nn_controller/msg/_num_s.c
[3.856s] Listing '/home/monica/ros2_brazoPG/install/arlo_nn_controller/lib/python3.10/site-packages/arlo_nn_controller'...
[3.856s] Listing '/home/monica/ros2_brazoPG/install/arlo_nn_controller/lib/python3.10/site-packages/arlo_nn_controller/msg'...
[3.856s] Listing '/home/monica/ros2_brazoPG/install/arlo_nn_controller/lib/python3.10/site-packages/arlo_nn_controller/srv'...
[3.872s] -- Up-to-date: /home/monica/ros2_brazoPG/install/arlo_nn_controller/lib/python3.10/site-packages/arlo_nn_controller/arlo_nn_controller_s__rosidl_typesupport_fastrtps_c.cpython-310-x86_64-linux-gnu.so
[3.877s] -- Up-to-date: /home/monica/ros2_brazoPG/install/arlo_nn_controller/lib/python3.10/site-packages/arlo_nn_controller/arlo_nn_controller_s__rosidl_typesupport_introspection_c.cpython-310-x86_64-linux-gnu.so
[3.877s] -- Up-to-date: /home/monica/ros2_brazoPG/install/arlo_nn_controller/lib/python3.10/site-packages/arlo_nn_controller/arlo_nn_controller_s__rosidl_typesupport_c.cpython-310-x86_64-linux-gnu.so
[3.880s] -- Up-to-date: /home/monica/ros2_brazoPG/install/arlo_nn_controller/lib/libarlo_nn_controller__rosidl_generator_py.so
[3.881s] -- Up-to-date: /home/monica/ros2_brazoPG/install/arlo_nn_controller/share/arlo_nn_controller/msg/Num.idl
[3.882s] -- Up-to-date: /home/monica/ros2_brazoPG/install/arlo_nn_controller/share/arlo_nn_controller/srv/EvaluateDriver.idl
[3.885s] -- Up-to-date: /home/monica/ros2_brazoPG/install/arlo_nn_controller/share/arlo_nn_controller/msg/Num.msg
[3.885s] -- Up-to-date: /home/monica/ros2_brazoPG/install/arlo_nn_controller/share/arlo_nn_controller/srv/EvaluateDriver.srv
[3.886s] -- Up-to-date: /home/monica/ros2_brazoPG/install/arlo_nn_controller/share/arlo_nn_controller/srv/EvaluateDriver_Request.msg
[3.886s] -- Up-to-date: /home/monica/ros2_brazoPG/install/arlo_nn_controller/share/arlo_nn_controller/srv/EvaluateDriver_Response.msg
[3.886s] -- Up-to-date: /home/monica/ros2_brazoPG/install/arlo_nn_controller/lib/arlo_nn_controller/arlo_nn_controller_node
[3.891s] -- Up-to-date: /home/monica/ros2_brazoPG/install/arlo_nn_controller/include/
[3.891s] -- Up-to-date: /home/monica/ros2_brazoPG/install/arlo_nn_controller/include//SimulationController.h
[3.891s] -- Up-to-date: /home/monica/ros2_brazoPG/install/arlo_nn_controller/share/ament_index/resource_index/package_run_dependencies/arlo_nn_controller
[3.892s] -- Up-to-date: /home/monica/ros2_brazoPG/install/arlo_nn_controller/share/ament_index/resource_index/parent_prefix_path/arlo_nn_controller
[3.892s] -- Up-to-date: /home/monica/ros2_brazoPG/install/arlo_nn_controller/share/arlo_nn_controller/environment/ament_prefix_path.sh
[3.892s] -- Up-to-date: /home/monica/ros2_brazoPG/install/arlo_nn_controller/share/arlo_nn_controller/environment/ament_prefix_path.dsv
[3.892s] -- Up-to-date: /home/monica/ros2_brazoPG/install/arlo_nn_controller/share/arlo_nn_controller/environment/path.sh
[3.892s] -- Up-to-date: /home/monica/ros2_brazoPG/install/arlo_nn_controller/share/arlo_nn_controller/environment/path.dsv
[3.893s] -- Up-to-date: /home/monica/ros2_brazoPG/install/arlo_nn_controller/share/arlo_nn_controller/local_setup.bash
[3.897s] -- Up-to-date: /home/monica/ros2_brazoPG/install/arlo_nn_controller/share/arlo_nn_controller/local_setup.sh
[3.898s] -- Up-to-date: /home/monica/ros2_brazoPG/install/arlo_nn_controller/share/arlo_nn_controller/local_setup.zsh
[3.898s] -- Up-to-date: /home/monica/ros2_brazoPG/install/arlo_nn_controller/share/arlo_nn_controller/local_setup.dsv
[3.898s] -- Installing: /home/monica/ros2_brazoPG/install/arlo_nn_controller/share/arlo_nn_controller/package.dsv
[3.898s] -- Up-to-date: /home/monica/ros2_brazoPG/install/arlo_nn_controller/share/ament_index/resource_index/packages/arlo_nn_controller
[3.899s] -- Up-to-date: /home/monica/ros2_brazoPG/install/arlo_nn_controller/share/arlo_nn_controller/cmake/export_arlo_nn_controller__rosidl_generator_cExport.cmake
[3.903s] -- Up-to-date: /home/monica/ros2_brazoPG/install/arlo_nn_controller/share/arlo_nn_controller/cmake/export_arlo_nn_controller__rosidl_generator_cExport-noconfig.cmake
[3.903s] -- Up-to-date: /home/monica/ros2_brazoPG/install/arlo_nn_controller/share/arlo_nn_controller/cmake/export_arlo_nn_controller__rosidl_typesupport_fastrtps_cExport.cmake
[3.903s] -- Up-to-date: /home/monica/ros2_brazoPG/install/arlo_nn_controller/share/arlo_nn_controller/cmake/export_arlo_nn_controller__rosidl_typesupport_fastrtps_cExport-noconfig.cmake
[3.903s] -- Up-to-date: /home/monica/ros2_brazoPG/install/arlo_nn_controller/share/arlo_nn_controller/cmake/export_arlo_nn_controller__rosidl_generator_cppExport.cmake
[3.905s] -- Up-to-date: /home/monica/ros2_brazoPG/install/arlo_nn_controller/share/arlo_nn_controller/cmake/export_arlo_nn_controller__rosidl_typesupport_fastrtps_cppExport.cmake
[3.905s] -- Up-to-date: /home/monica/ros2_brazoPG/install/arlo_nn_controller/share/arlo_nn_controller/cmake/export_arlo_nn_controller__rosidl_typesupport_fastrtps_cppExport-noconfig.cmake
[3.905s] -- Up-to-date: /home/monica/ros2_brazoPG/install/arlo_nn_controller/share/arlo_nn_controller/cmake/arlo_nn_controller__rosidl_typesupport_introspection_cExport.cmake
[3.905s] -- Up-to-date: /home/monica/ros2_brazoPG/install/arlo_nn_controller/share/arlo_nn_controller/cmake/arlo_nn_controller__rosidl_typesupport_introspection_cExport-noconfig.cmake
[3.905s] -- Up-to-date: /home/monica/ros2_brazoPG/install/arlo_nn_controller/share/arlo_nn_controller/cmake/arlo_nn_controller__rosidl_typesupport_cExport.cmake
[3.906s] -- Up-to-date: /home/monica/ros2_brazoPG/install/arlo_nn_controller/share/arlo_nn_controller/cmake/arlo_nn_controller__rosidl_typesupport_cExport-noconfig.cmake
[3.910s] -- Up-to-date: /home/monica/ros2_brazoPG/install/arlo_nn_controller/share/arlo_nn_controller/cmake/arlo_nn_controller__rosidl_typesupport_introspection_cppExport.cmake
[3.910s] -- Up-to-date: /home/monica/ros2_brazoPG/install/arlo_nn_controller/share/arlo_nn_controller/cmake/arlo_nn_controller__rosidl_typesupport_introspection_cppExport-noconfig.cmake
[3.910s] -- Up-to-date: /home/monica/ros2_brazoPG/install/arlo_nn_controller/share/arlo_nn_controller/cmake/arlo_nn_controller__rosidl_typesupport_cppExport.cmake
[3.911s] -- Up-to-date: /home/monica/ros2_brazoPG/install/arlo_nn_controller/share/arlo_nn_controller/cmake/arlo_nn_controller__rosidl_typesupport_cppExport-noconfig.cmake
[3.911s] -- Up-to-date: /home/monica/ros2_brazoPG/install/arlo_nn_controller/share/arlo_nn_controller/cmake/export_arlo_nn_controller__rosidl_generator_pyExport.cmake
[3.911s] -- Up-to-date: /home/monica/ros2_brazoPG/install/arlo_nn_controller/share/arlo_nn_controller/cmake/export_arlo_nn_controller__rosidl_generator_pyExport-noconfig.cmake
[3.911s] -- Up-to-date: /home/monica/ros2_brazoPG/install/arlo_nn_controller/share/arlo_nn_controller/cmake/rosidl_cmake-extras.cmake
[3.911s] -- Up-to-date: /home/monica/ros2_brazoPG/install/arlo_nn_controller/share/arlo_nn_controller/cmake/ament_cmake_export_dependencies-extras.cmake
[3.911s] -- Up-to-date: /home/monica/ros2_brazoPG/install/arlo_nn_controller/share/arlo_nn_controller/cmake/ament_cmake_export_include_directories-extras.cmake
[3.912s] -- Up-to-date: /home/monica/ros2_brazoPG/install/arlo_nn_controller/share/arlo_nn_controller/cmake/ament_cmake_export_libraries-extras.cmake
[3.917s] -- Up-to-date: /home/monica/ros2_brazoPG/install/arlo_nn_controller/share/arlo_nn_controller/cmake/ament_cmake_export_targets-extras.cmake
[3.917s] -- Up-to-date: /home/monica/ros2_brazoPG/install/arlo_nn_controller/share/arlo_nn_controller/cmake/rosidl_cmake_export_typesupport_targets-extras.cmake
[3.918s] -- Up-to-date: /home/monica/ros2_brazoPG/install/arlo_nn_controller/share/arlo_nn_controller/cmake/rosidl_cmake_export_typesupport_libraries-extras.cmake
[3.918s] -- Up-to-date: /home/monica/ros2_brazoPG/install/arlo_nn_controller/share/arlo_nn_controller/cmake/arlo_nn_controllerConfig.cmake
[3.918s] -- Up-to-date: /home/monica/ros2_brazoPG/install/arlo_nn_controller/share/arlo_nn_controller/cmake/arlo_nn_controllerConfig-version.cmake
[3.918s] -- Up-to-date: /home/monica/ros2_brazoPG/install/arlo_nn_controller/share/arlo_nn_controller/package.xml
[3.925s] Invoked command in '/home/monica/ros2_brazoPG/build/arlo_nn_controller' returned '0': AMENT_PREFIX_PATH=/home/monica/ros2_brazoPG/install/arlo_interfaces:${AMENT_PREFIX_PATH} CMAKE_PREFIX_PATH=/home/monica/ros2_brazoPG/install/arlo_interfaces:/home/monica/ros2_ws/install/xolobot_control:/home/monica/ros2_ws/install/xolobot_arm_server:/home/monica/ros2_ws/install/xolobot_arm:/home/monica/ros2_ws/install/ros2_linkattacher:/home/monica/ros2_ws/install/mod_interfaces:/home/monica/ros2_ws/install/linkattacher_msgs:/home/monica/ros2_ws/install/modulos:/opt/ros/iron LD_LIBRARY_PATH=/home/monica/ros2_brazoPG/install/arlo_interfaces/lib:${LD_LIBRARY_PATH} PYTHONPATH=/home/monica/ros2_brazoPG/install/arlo_interfaces/lib/python3.10/site-packages:${PYTHONPATH} /usr/bin/cmake --install /home/monica/ros2_brazoPG/build/arlo_nn_controller
