running egg_info
writing ../../build/arlo_gp_controller/arlo_gp_controller.egg-info/PKG-INFO
writing dependency_links to ../../build/arlo_gp_controller/arlo_gp_controller.egg-info/dependency_links.txt
writing entry points to ../../build/arlo_gp_controller/arlo_gp_controller.egg-info/entry_points.txt
writing requirements to ../../build/arlo_gp_controller/arlo_gp_controller.egg-info/requires.txt
writing top-level names to ../../build/arlo_gp_controller/arlo_gp_controller.egg-info/top_level.txt
reading manifest file '../../build/arlo_gp_controller/arlo_gp_controller.egg-info/SOURCES.txt'
adding license file 'LICENSE'
writing manifest file '../../build/arlo_gp_controller/arlo_gp_controller.egg-info/SOURCES.txt'
running build
running build_py
running install
running install_lib
running install_data
running install_egg_info
removing '/home/monica/ros2_brazoPG/install/arlo_gp_controller/lib/python3.10/site-packages/arlo_gp_controller-0.0.0-py3.10.egg-info' (and everything under it)
Copying ../../build/arlo_gp_controller/arlo_gp_controller.egg-info to /home/monica/ros2_brazoPG/install/arlo_gp_controller/lib/python3.10/site-packages/arlo_gp_controller-0.0.0-py3.10.egg-info
running install_scripts
Installing corriente_dorsal script to /home/monica/ros2_brazoPG/install/arlo_gp_controller/lib/arlo_gp_controller
Installing cortezaParietal script to /home/monica/ros2_brazoPG/install/arlo_gp_controller/lib/arlo_gp_controller
Installing cortezaSomatosensorial script to /home/monica/ros2_brazoPG/install/arlo_gp_controller/lib/arlo_gp_controller
Installing main script to /home/monica/ros2_brazoPG/install/arlo_gp_controller/lib/arlo_gp_controller
Installing runBest script to /home/monica/ros2_brazoPG/install/arlo_gp_controller/lib/arlo_gp_controller
writing list of installed files to '/home/monica/ros2_brazoPG/build/arlo_gp_controller/install.log'
