[0.030s] Invoking command in '/home/monica/ros2_brazoPG/build/arlo_nn_controller': AMENT_PREFIX_PATH=/home/monica/ros2_brazoPG/install/arlo_interfaces:${AMENT_PREFIX_PATH} CMAKE_PREFIX_PATH=/home/monica/ros2_brazoPG/install/arlo_interfaces:/home/monica/ros2_ws/install/xolobot_control:/home/monica/ros2_ws/install/xolobot_arm_server:/home/monica/ros2_ws/install/xolobot_arm:/home/monica/ros2_ws/install/ros2_linkattacher:/home/monica/ros2_ws/install/mod_interfaces:/home/monica/ros2_ws/install/linkattacher_msgs:/home/monica/ros2_ws/install/modulos:/opt/ros/iron LD_LIBRARY_PATH=/home/monica/ros2_brazoPG/install/arlo_interfaces/lib:${LD_LIBRARY_PATH} PYTHONPATH=/home/monica/ros2_brazoPG/install/arlo_interfaces/lib/python3.10/site-packages:${PYTHONPATH} /usr/bin/cmake /home/monica/ros2_brazoPG/src/arlo_nn_controller -DCMAKE_INSTALL_PREFIX=/home/monica/ros2_brazoPG/install/arlo_nn_controller
[0.182s] -- The C compiler identification is GNU 11.4.0
[0.325s] -- The CXX compiler identification is GNU 11.4.0
[0.345s] -- Detecting C compiler ABI info
[0.628s] -- Detecting C compiler ABI info - done
[0.650s] -- Check for working C compiler: /usr/bin/cc - skipped
[0.652s] -- Detecting C compile features
[0.654s] -- Detecting C compile features - done
[0.663s] -- Detecting CXX compiler ABI info
[0.897s] -- Detecting CXX compiler ABI info - done
[0.931s] -- Check for working CXX compiler: /usr/bin/c++ - skipped
[0.931s] -- Detecting CXX compile features
[0.932s] -- Detecting CXX compile features - done
[0.939s] -- Found ament_cmake: 2.0.7 (/opt/ros/iron/share/ament_cmake/cmake)
[1.403s] -- Found Python3: /usr/bin/python3.10 (found version "3.10.12") found components: Interpreter 
[1.743s] -- Found rclcpp: 21.0.8 (/opt/ros/iron/share/rclcpp/cmake)
[1.884s] -- Found rosidl_generator_c: 4.0.1 (/opt/ros/iron/share/rosidl_generator_c/cmake)
[1.921s] -- Found rosidl_generator_cpp: 4.0.1 (/opt/ros/iron/share/rosidl_generator_cpp/cmake)
[1.975s] -- Using all available rosidl_typesupport_c: rosidl_typesupport_fastrtps_c;rosidl_typesupport_introspection_c
[2.043s] -- Using all available rosidl_typesupport_cpp: rosidl_typesupport_fastrtps_cpp;rosidl_typesupport_introspection_cpp
[2.548s] -- Found rmw_implementation_cmake: 7.1.0 (/opt/ros/iron/share/rmw_implementation_cmake/cmake)
[2.559s] -- Found rmw_fastrtps_cpp: 7.1.4 (/opt/ros/iron/share/rmw_fastrtps_cpp/cmake)
[2.828s] -- Found OpenSSL: /usr/lib/x86_64-linux-gnu/libcrypto.so (found version "3.0.2")  
[2.912s] -- Found FastRTPS: /opt/ros/iron/include  
[3.016s] -- Using RMW implementation 'rmw_fastrtps_cpp' as default
[3.595s] -- Found std_msgs: 5.0.1 (/opt/ros/iron/share/std_msgs/cmake)
[3.706s] -- Found nav_msgs: 5.0.1 (/opt/ros/iron/share/nav_msgs/cmake)
[4.211s] -- Found rosidl_default_generators: 1.5.0 (/opt/ros/iron/share/rosidl_default_generators/cmake)
[4.256s] -- Found rosidl_adapter: 4.0.1 (/opt/ros/iron/share/rosidl_adapter/cmake)
[4.276s] -- Found sensor_msgs: 5.0.1 (/opt/ros/iron/share/sensor_msgs/cmake)
[4.599s] -- Found std_srvs: 5.0.1 (/opt/ros/iron/share/std_srvs/cmake)
[4.742s] -- Found arlo_interfaces: 0.0.0 (/home/monica/ros2_brazoPG/install/arlo_interfaces/share/arlo_interfaces/cmake)
[5.756s] -- Found ament_cmake_ros: 0.11.2 (/opt/ros/iron/share/ament_cmake_ros/cmake)
[6.782s] -- Using all available rosidl_typesupport_c: rosidl_typesupport_fastrtps_c;rosidl_typesupport_introspection_c
[7.169s] -- Using all available rosidl_typesupport_cpp: rosidl_typesupport_fastrtps_cpp;rosidl_typesupport_introspection_cpp
[7.232s] -- Found PythonInterp: /usr/bin/python3 (found suitable version "3.10.12", minimum required is "3.6") 
[7.251s] -- Found python_cmake_module: 0.10.2 (/opt/ros/iron/share/python_cmake_module/cmake)
[7.319s] -- Found PythonLibs: /usr/lib/x86_64-linux-gnu/libpython3.10.so (found suitable version "3.10.12", minimum required is "3.5") 
[7.320s] -- Using PYTHON_EXECUTABLE: /usr/bin/python3
[7.320s] -- Using PYTHON_INCLUDE_DIRS: /usr/include/python3.10
[7.321s] -- Using PYTHON_LIBRARIES: /usr/lib/x86_64-linux-gnu/libpython3.10.so
[7.369s] -- Found PythonExtra: .so  
[7.543s] [0mCMake Deprecation Warning at /opt/ros/iron/share/rosidl_cmake/cmake/rosidl_target_interfaces.cmake:32 (message):
[7.544s]   Use rosidl_get_typesupport_target() and target_link_libraries() instead of
[7.544s]   rosidl_target_interfaces()
[7.544s] Call Stack (most recent call first):
[7.544s]   CMakeLists.txt:54 (rosidl_target_interfaces)
[7.544s] 
[7.544s] [0m
[7.578s] -- Configuring done
[7.710s] -- Generating done
[7.747s] -- Build files have been written to: /home/monica/ros2_brazoPG/build/arlo_nn_controller
[7.781s] Invoked command in '/home/monica/ros2_brazoPG/build/arlo_nn_controller' returned '0': AMENT_PREFIX_PATH=/home/monica/ros2_brazoPG/install/arlo_interfaces:${AMENT_PREFIX_PATH} CMAKE_PREFIX_PATH=/home/monica/ros2_brazoPG/install/arlo_interfaces:/home/monica/ros2_ws/install/xolobot_control:/home/monica/ros2_ws/install/xolobot_arm_server:/home/monica/ros2_ws/install/xolobot_arm:/home/monica/ros2_ws/install/ros2_linkattacher:/home/monica/ros2_ws/install/mod_interfaces:/home/monica/ros2_ws/install/linkattacher_msgs:/home/monica/ros2_ws/install/modulos:/opt/ros/iron LD_LIBRARY_PATH=/home/monica/ros2_brazoPG/install/arlo_interfaces/lib:${LD_LIBRARY_PATH} PYTHONPATH=/home/monica/ros2_brazoPG/install/arlo_interfaces/lib/python3.10/site-packages:${PYTHONPATH} /usr/bin/cmake /home/monica/ros2_brazoPG/src/arlo_nn_controller -DCMAKE_INSTALL_PREFIX=/home/monica/ros2_brazoPG/install/arlo_nn_controller
[7.784s] Invoking command in '/home/monica/ros2_brazoPG/build/arlo_nn_controller': AMENT_PREFIX_PATH=/home/monica/ros2_brazoPG/install/arlo_interfaces:${AMENT_PREFIX_PATH} CMAKE_PREFIX_PATH=/home/monica/ros2_brazoPG/install/arlo_interfaces:/home/monica/ros2_ws/install/xolobot_control:/home/monica/ros2_ws/install/xolobot_arm_server:/home/monica/ros2_ws/install/xolobot_arm:/home/monica/ros2_ws/install/ros2_linkattacher:/home/monica/ros2_ws/install/mod_interfaces:/home/monica/ros2_ws/install/linkattacher_msgs:/home/monica/ros2_ws/install/modulos:/opt/ros/iron LD_LIBRARY_PATH=/home/monica/ros2_brazoPG/install/arlo_interfaces/lib:${LD_LIBRARY_PATH} PYTHONPATH=/home/monica/ros2_brazoPG/install/arlo_interfaces/lib/python3.10/site-packages:${PYTHONPATH} /usr/bin/cmake --build /home/monica/ros2_brazoPG/build/arlo_nn_controller -- -j2 -l2
[7.963s] [  2%] [34m[1mGenerating type hashes for ROS interfaces[0m
[7.996s] [  2%] Built target ament_cmake_python_copy_arlo_nn_controller
[8.956s] [  2%] Built target arlo_nn_controller__rosidl_generator_type_description
[9.097s] [  4%] [34m[1mGenerating C++ code for ROS interfaces[0m
[9.202s] running egg_info
[9.204s] creating arlo_nn_controller.egg-info
[9.206s] writing arlo_nn_controller.egg-info/PKG-INFO
[9.206s] writing dependency_links to arlo_nn_controller.egg-info/dependency_links.txt
[9.206s] writing top-level names to arlo_nn_controller.egg-info/top_level.txt
[9.209s] writing manifest file 'arlo_nn_controller.egg-info/SOURCES.txt'
[9.218s] reading manifest file 'arlo_nn_controller.egg-info/SOURCES.txt'
[9.219s] writing manifest file 'arlo_nn_controller.egg-info/SOURCES.txt'
[9.315s] [  4%] Built target ament_cmake_python_build_arlo_nn_controller_egg
[9.354s] [  6%] [34m[1mGenerating C code for ROS interfaces[0m
[10.980s] [  6%] Built target arlo_nn_controller__cpp
[12.599s] [  8%] [32mBuilding C object CMakeFiles/arlo_nn_controller__rosidl_generator_c.dir/rosidl_generator_c/arlo_nn_controller/msg/detail/num__description.c.o[0m
[12.814s] [ 10%] [32mBuilding C object CMakeFiles/arlo_nn_controller__rosidl_generator_c.dir/rosidl_generator_c/arlo_nn_controller/msg/detail/num__functions.c.o[0m
[13.062s] [ 12%] [32mBuilding C object CMakeFiles/arlo_nn_controller__rosidl_generator_c.dir/rosidl_generator_c/arlo_nn_controller/msg/detail/num__type_support.c.o[0m
[13.299s] [ 14%] [32mBuilding C object CMakeFiles/arlo_nn_controller__rosidl_generator_c.dir/rosidl_generator_c/arlo_nn_controller/srv/detail/evaluate_driver__description.c.o[0m
[13.599s] [ 16%] [32mBuilding C object CMakeFiles/arlo_nn_controller__rosidl_generator_c.dir/rosidl_generator_c/arlo_nn_controller/srv/detail/evaluate_driver__functions.c.o[0m
[14.018s] [ 18%] [32mBuilding C object CMakeFiles/arlo_nn_controller__rosidl_generator_c.dir/rosidl_generator_c/arlo_nn_controller/srv/detail/evaluate_driver__type_support.c.o[0m
[14.302s] [ 20%] [32m[1mLinking C shared library libarlo_nn_controller__rosidl_generator_c.so[0m
[14.593s] [ 20%] Built target arlo_nn_controller__rosidl_generator_c
[14.638s] [ 22%] [34m[1mGenerating C++ type support dispatch for ROS interfaces[0m
[16.123s] [ 25%] [32mBuilding CXX object CMakeFiles/arlo_nn_controller__rosidl_typesupport_cpp.dir/rosidl_typesupport_cpp/arlo_nn_controller/msg/num__type_support.cpp.o[0m
[18.008s] [ 27%] [32mBuilding CXX object CMakeFiles/arlo_nn_controller__rosidl_typesupport_cpp.dir/rosidl_typesupport_cpp/arlo_nn_controller/srv/evaluate_driver__type_support.cpp.o[0m
[19.600s] [ 29%] [32m[1mLinking CXX shared library libarlo_nn_controller__rosidl_typesupport_cpp.so[0m
[20.039s] [ 29%] Built target arlo_nn_controller__rosidl_typesupport_cpp
[20.078s] [ 31%] [34m[1mGenerating C type support for eProsima Fast-RTPS[0m
[21.229s] [ 33%] [32mBuilding CXX object CMakeFiles/arlo_nn_controller__rosidl_typesupport_fastrtps_c.dir/rosidl_typesupport_fastrtps_c/arlo_nn_controller/msg/detail/num__type_support_c.cpp.o[0m
[22.409s] [ 35%] [32mBuilding CXX object CMakeFiles/arlo_nn_controller__rosidl_typesupport_fastrtps_c.dir/rosidl_typesupport_fastrtps_c/arlo_nn_controller/srv/detail/evaluate_driver__type_support_c.cpp.o[0m
[23.912s] [ 37%] [32m[1mLinking CXX shared library libarlo_nn_controller__rosidl_typesupport_fastrtps_c.so[0m
[24.566s] [ 37%] Built target arlo_nn_controller__rosidl_typesupport_fastrtps_c
[24.618s] [ 39%] [34m[1mGenerating C++ type support for eProsima Fast-RTPS[0m
[26.532s] [ 41%] [32mBuilding CXX object CMakeFiles/arlo_nn_controller__rosidl_typesupport_fastrtps_cpp.dir/rosidl_typesupport_fastrtps_cpp/arlo_nn_controller/msg/detail/dds_fastrtps/num__type_support.cpp.o[0m
[29.111s] [ 43%] [32mBuilding CXX object CMakeFiles/arlo_nn_controller__rosidl_typesupport_fastrtps_cpp.dir/rosidl_typesupport_fastrtps_cpp/arlo_nn_controller/srv/detail/dds_fastrtps/evaluate_driver__type_support.cpp.o[0m
[32.335s] [ 45%] [32m[1mLinking CXX shared library libarlo_nn_controller__rosidl_typesupport_fastrtps_cpp.so[0m
[32.776s] [ 45%] Built target arlo_nn_controller__rosidl_typesupport_fastrtps_cpp
[32.833s] [ 47%] [34m[1mGenerating C introspection for ROS interfaces[0m
[34.206s] [ 50%] [32mBuilding C object CMakeFiles/arlo_nn_controller__rosidl_typesupport_introspection_c.dir/rosidl_typesupport_introspection_c/arlo_nn_controller/msg/detail/num__type_support.c.o[0m
[34.393s] [ 52%] [32mBuilding C object CMakeFiles/arlo_nn_controller__rosidl_typesupport_introspection_c.dir/rosidl_typesupport_introspection_c/arlo_nn_controller/srv/detail/evaluate_driver__type_support.c.o[0m
[34.606s] [ 54%] [32m[1mLinking C shared library libarlo_nn_controller__rosidl_typesupport_introspection_c.so[0m
[34.763s] [ 54%] Built target arlo_nn_controller__rosidl_typesupport_introspection_c
[34.806s] [ 56%] [34m[1mGenerating C type support dispatch for ROS interfaces[0m
[35.914s] [ 58%] [32mBuilding CXX object CMakeFiles/arlo_nn_controller__rosidl_typesupport_c.dir/rosidl_typesupport_c/arlo_nn_controller/msg/num__type_support.cpp.o[0m
[36.095s] [ 60%] [32mBuilding CXX object CMakeFiles/arlo_nn_controller__rosidl_typesupport_c.dir/rosidl_typesupport_c/arlo_nn_controller/srv/evaluate_driver__type_support.cpp.o[0m
[36.299s] [ 62%] [32m[1mLinking CXX shared library libarlo_nn_controller__rosidl_typesupport_c.so[0m
[36.490s] [ 62%] Built target arlo_nn_controller__rosidl_typesupport_c
[36.534s] [ 64%] [34m[1mGenerating C++ introspection for ROS interfaces[0m
[37.974s] [ 66%] [32mBuilding CXX object CMakeFiles/arlo_nn_controller__rosidl_typesupport_introspection_cpp.dir/rosidl_typesupport_introspection_cpp/arlo_nn_controller/msg/detail/num__type_support.cpp.o[0m
[39.432s] [ 68%] [32mBuilding CXX object CMakeFiles/arlo_nn_controller__rosidl_typesupport_introspection_cpp.dir/rosidl_typesupport_introspection_cpp/arlo_nn_controller/srv/detail/evaluate_driver__type_support.cpp.o[0m
[41.239s] [ 70%] [32m[1mLinking CXX shared library libarlo_nn_controller__rosidl_typesupport_introspection_cpp.so[0m
[41.716s] [ 70%] Built target arlo_nn_controller__rosidl_typesupport_introspection_cpp
[41.844s] [ 70%] Built target arlo_nn_controller
[41.988s] [ 72%] [34m[1mGenerating Python code for ROS interfaces[0m
[44.329s] [ 72%] Built target arlo_nn_controller__py
[44.415s] [ 75%] [32mBuilding CXX object CMakeFiles/arlo_nn_controller_node.dir/src/startServerNode.cpp.o[0m
[63.893s] [ 77%] [32mBuilding CXX object CMakeFiles/arlo_nn_controller_node.dir/src/SimulationController.cpp.o[0m
[116.394s] [ 79%] [32mBuilding CXX object CMakeFiles/arlo_nn_controller_node.dir/src/SimulationState.cpp.o[0m
[116.459s] [ 81%] [32m[1mLinking CXX executable arlo_nn_controller_node[0m
[120.296s] [ 81%] Built target arlo_nn_controller_node
[120.353s] [ 83%] [32mBuilding C object CMakeFiles/arlo_nn_controller__rosidl_generator_py.dir/rosidl_generator_py/arlo_nn_controller/msg/_num_s.c.o[0m
[120.640s] [ 85%] [32mBuilding C object CMakeFiles/arlo_nn_controller__rosidl_generator_py.dir/rosidl_generator_py/arlo_nn_controller/srv/_evaluate_driver_s.c.o[0m
[120.951s] [ 87%] [32m[1mLinking C shared library rosidl_generator_py/arlo_nn_controller/libarlo_nn_controller__rosidl_generator_py.so[0m
[121.059s] [ 87%] Built target arlo_nn_controller__rosidl_generator_py
[121.111s] [ 89%] [32mBuilding C object CMakeFiles/arlo_nn_controller__rosidl_typesupport_fastrtps_c__pyext.dir/rosidl_generator_py/arlo_nn_controller/_arlo_nn_controller_s.ep.rosidl_typesupport_fastrtps_c.c.o[0m
[121.412s] [ 91%] [32m[1mLinking C shared library rosidl_generator_py/arlo_nn_controller/arlo_nn_controller_s__rosidl_typesupport_fastrtps_c.cpython-310-x86_64-linux-gnu.so[0m
[121.530s] [ 91%] Built target arlo_nn_controller__rosidl_typesupport_fastrtps_c__pyext
[121.584s] [ 93%] [32mBuilding C object CMakeFiles/arlo_nn_controller__rosidl_typesupport_introspection_c__pyext.dir/rosidl_generator_py/arlo_nn_controller/_arlo_nn_controller_s.ep.rosidl_typesupport_introspection_c.c.o[0m
[121.881s] [ 95%] [32m[1mLinking C shared library rosidl_generator_py/arlo_nn_controller/arlo_nn_controller_s__rosidl_typesupport_introspection_c.cpython-310-x86_64-linux-gnu.so[0m
[122.002s] [ 95%] Built target arlo_nn_controller__rosidl_typesupport_introspection_c__pyext
[122.054s] [ 97%] [32mBuilding C object CMakeFiles/arlo_nn_controller__rosidl_typesupport_c__pyext.dir/rosidl_generator_py/arlo_nn_controller/_arlo_nn_controller_s.ep.rosidl_typesupport_c.c.o[0m
[122.351s] [100%] [32m[1mLinking C shared library rosidl_generator_py/arlo_nn_controller/arlo_nn_controller_s__rosidl_typesupport_c.cpython-310-x86_64-linux-gnu.so[0m
[122.470s] [100%] Built target arlo_nn_controller__rosidl_typesupport_c__pyext
[122.500s] Invoked command in '/home/monica/ros2_brazoPG/build/arlo_nn_controller' returned '0': AMENT_PREFIX_PATH=/home/monica/ros2_brazoPG/install/arlo_interfaces:${AMENT_PREFIX_PATH} CMAKE_PREFIX_PATH=/home/monica/ros2_brazoPG/install/arlo_interfaces:/home/monica/ros2_ws/install/xolobot_control:/home/monica/ros2_ws/install/xolobot_arm_server:/home/monica/ros2_ws/install/xolobot_arm:/home/monica/ros2_ws/install/ros2_linkattacher:/home/monica/ros2_ws/install/mod_interfaces:/home/monica/ros2_ws/install/linkattacher_msgs:/home/monica/ros2_ws/install/modulos:/opt/ros/iron LD_LIBRARY_PATH=/home/monica/ros2_brazoPG/install/arlo_interfaces/lib:${LD_LIBRARY_PATH} PYTHONPATH=/home/monica/ros2_brazoPG/install/arlo_interfaces/lib/python3.10/site-packages:${PYTHONPATH} /usr/bin/cmake --build /home/monica/ros2_brazoPG/build/arlo_nn_controller -- -j2 -l2
[122.504s] Invoking command in '/home/monica/ros2_brazoPG/build/arlo_nn_controller': AMENT_PREFIX_PATH=/home/monica/ros2_brazoPG/install/arlo_interfaces:${AMENT_PREFIX_PATH} CMAKE_PREFIX_PATH=/home/monica/ros2_brazoPG/install/arlo_interfaces:/home/monica/ros2_ws/install/xolobot_control:/home/monica/ros2_ws/install/xolobot_arm_server:/home/monica/ros2_ws/install/xolobot_arm:/home/monica/ros2_ws/install/ros2_linkattacher:/home/monica/ros2_ws/install/mod_interfaces:/home/monica/ros2_ws/install/linkattacher_msgs:/home/monica/ros2_ws/install/modulos:/opt/ros/iron LD_LIBRARY_PATH=/home/monica/ros2_brazoPG/install/arlo_interfaces/lib:${LD_LIBRARY_PATH} PYTHONPATH=/home/monica/ros2_brazoPG/install/arlo_interfaces/lib/python3.10/site-packages:${PYTHONPATH} /usr/bin/cmake --install /home/monica/ros2_brazoPG/build/arlo_nn_controller
[122.524s] -- Install configuration: ""
[122.524s] -- Installing: /home/monica/ros2_brazoPG/install/arlo_nn_controller/share/ament_index/resource_index/rosidl_interfaces/arlo_nn_controller
[122.525s] -- Installing: /home/monica/ros2_brazoPG/install/arlo_nn_controller/share/arlo_nn_controller/msg/Num.json
[122.526s] -- Installing: /home/monica/ros2_brazoPG/install/arlo_nn_controller/share/arlo_nn_controller/srv/EvaluateDriver.json
[122.526s] -- Installing: /home/monica/ros2_brazoPG/install/arlo_nn_controller/include/arlo_nn_controller/arlo_nn_controller
[122.527s] -- Installing: /home/monica/ros2_brazoPG/install/arlo_nn_controller/include/arlo_nn_controller/arlo_nn_controller/srv
[122.528s] -- Installing: /home/monica/ros2_brazoPG/install/arlo_nn_controller/include/arlo_nn_controller/arlo_nn_controller/srv/detail
[122.528s] -- Installing: /home/monica/ros2_brazoPG/install/arlo_nn_controller/include/arlo_nn_controller/arlo_nn_controller/srv/detail/evaluate_driver__type_support.c
[122.528s] -- Installing: /home/monica/ros2_brazoPG/install/arlo_nn_controller/include/arlo_nn_controller/arlo_nn_controller/srv/detail/evaluate_driver__description.c
[122.528s] -- Installing: /home/monica/ros2_brazoPG/install/arlo_nn_controller/include/arlo_nn_controller/arlo_nn_controller/srv/detail/evaluate_driver__struct.h
[122.529s] -- Installing: /home/monica/ros2_brazoPG/install/arlo_nn_controller/include/arlo_nn_controller/arlo_nn_controller/srv/detail/evaluate_driver__type_support.h
[122.529s] -- Installing: /home/monica/ros2_brazoPG/install/arlo_nn_controller/include/arlo_nn_controller/arlo_nn_controller/srv/detail/evaluate_driver__functions.h
[122.529s] -- Installing: /home/monica/ros2_brazoPG/install/arlo_nn_controller/include/arlo_nn_controller/arlo_nn_controller/srv/detail/evaluate_driver__functions.c
[122.530s] -- Installing: /home/monica/ros2_brazoPG/install/arlo_nn_controller/include/arlo_nn_controller/arlo_nn_controller/srv/evaluate_driver.h
[122.530s] -- Installing: /home/monica/ros2_brazoPG/install/arlo_nn_controller/include/arlo_nn_controller/arlo_nn_controller/msg
[122.530s] -- Installing: /home/monica/ros2_brazoPG/install/arlo_nn_controller/include/arlo_nn_controller/arlo_nn_controller/msg/rosidl_generator_c__visibility_control.h
[122.532s] -- Installing: /home/monica/ros2_brazoPG/install/arlo_nn_controller/include/arlo_nn_controller/arlo_nn_controller/msg/num.h
[122.533s] -- Installing: /home/monica/ros2_brazoPG/install/arlo_nn_controller/include/arlo_nn_controller/arlo_nn_controller/msg/detail
[122.533s] -- Installing: /home/monica/ros2_brazoPG/install/arlo_nn_controller/include/arlo_nn_controller/arlo_nn_controller/msg/detail/num__functions.h
[122.533s] -- Installing: /home/monica/ros2_brazoPG/install/arlo_nn_controller/include/arlo_nn_controller/arlo_nn_controller/msg/detail/num__struct.h
[122.533s] -- Installing: /home/monica/ros2_brazoPG/install/arlo_nn_controller/include/arlo_nn_controller/arlo_nn_controller/msg/detail/num__description.c
[122.534s] -- Installing: /home/monica/ros2_brazoPG/install/arlo_nn_controller/include/arlo_nn_controller/arlo_nn_controller/msg/detail/num__type_support.h
[122.534s] -- Installing: /home/monica/ros2_brazoPG/install/arlo_nn_controller/include/arlo_nn_controller/arlo_nn_controller/msg/detail/num__functions.c
[122.535s] -- Installing: /home/monica/ros2_brazoPG/install/arlo_nn_controller/include/arlo_nn_controller/arlo_nn_controller/msg/detail/num__type_support.c
[122.535s] -- Installing: /home/monica/ros2_brazoPG/install/arlo_nn_controller/share/arlo_nn_controller/environment/library_path.sh
[122.536s] -- Installing: /home/monica/ros2_brazoPG/install/arlo_nn_controller/share/arlo_nn_controller/environment/library_path.dsv
[122.537s] -- Installing: /home/monica/ros2_brazoPG/install/arlo_nn_controller/lib/libarlo_nn_controller__rosidl_generator_c.so
[122.540s] -- Set runtime path of "/home/monica/ros2_brazoPG/install/arlo_nn_controller/lib/libarlo_nn_controller__rosidl_generator_c.so" to ""
[122.540s] -- Up-to-date: /home/monica/ros2_brazoPG/install/arlo_nn_controller/include/arlo_nn_controller/arlo_nn_controller
[122.541s] -- Up-to-date: /home/monica/ros2_brazoPG/install/arlo_nn_controller/include/arlo_nn_controller/arlo_nn_controller/srv
[122.541s] -- Up-to-date: /home/monica/ros2_brazoPG/install/arlo_nn_controller/include/arlo_nn_controller/arlo_nn_controller/srv/detail
[122.542s] -- Installing: /home/monica/ros2_brazoPG/install/arlo_nn_controller/include/arlo_nn_controller/arlo_nn_controller/srv/detail/evaluate_driver__rosidl_typesupport_fastrtps_c.h
[122.542s] -- Up-to-date: /home/monica/ros2_brazoPG/install/arlo_nn_controller/include/arlo_nn_controller/arlo_nn_controller/msg
[122.543s] -- Installing: /home/monica/ros2_brazoPG/install/arlo_nn_controller/include/arlo_nn_controller/arlo_nn_controller/msg/rosidl_typesupport_fastrtps_c__visibility_control.h
[122.543s] -- Up-to-date: /home/monica/ros2_brazoPG/install/arlo_nn_controller/include/arlo_nn_controller/arlo_nn_controller/msg/detail
[122.544s] -- Installing: /home/monica/ros2_brazoPG/install/arlo_nn_controller/include/arlo_nn_controller/arlo_nn_controller/msg/detail/num__rosidl_typesupport_fastrtps_c.h
[122.546s] -- Installing: /home/monica/ros2_brazoPG/install/arlo_nn_controller/lib/libarlo_nn_controller__rosidl_typesupport_fastrtps_c.so
[122.546s] -- Set runtime path of "/home/monica/ros2_brazoPG/install/arlo_nn_controller/lib/libarlo_nn_controller__rosidl_typesupport_fastrtps_c.so" to ""
[122.547s] -- Up-to-date: /home/monica/ros2_brazoPG/install/arlo_nn_controller/include/arlo_nn_controller/arlo_nn_controller
[122.547s] -- Up-to-date: /home/monica/ros2_brazoPG/install/arlo_nn_controller/include/arlo_nn_controller/arlo_nn_controller/srv
[122.548s] -- Installing: /home/monica/ros2_brazoPG/install/arlo_nn_controller/include/arlo_nn_controller/arlo_nn_controller/srv/evaluate_driver.hpp
[122.548s] -- Up-to-date: /home/monica/ros2_brazoPG/install/arlo_nn_controller/include/arlo_nn_controller/arlo_nn_controller/srv/detail
[122.549s] -- Installing: /home/monica/ros2_brazoPG/install/arlo_nn_controller/include/arlo_nn_controller/arlo_nn_controller/srv/detail/evaluate_driver__traits.hpp
[122.549s] -- Installing: /home/monica/ros2_brazoPG/install/arlo_nn_controller/include/arlo_nn_controller/arlo_nn_controller/srv/detail/evaluate_driver__builder.hpp
[122.551s] -- Installing: /home/monica/ros2_brazoPG/install/arlo_nn_controller/include/arlo_nn_controller/arlo_nn_controller/srv/detail/evaluate_driver__struct.hpp
[122.551s] -- Up-to-date: /home/monica/ros2_brazoPG/install/arlo_nn_controller/include/arlo_nn_controller/arlo_nn_controller/msg
[122.552s] -- Installing: /home/monica/ros2_brazoPG/install/arlo_nn_controller/include/arlo_nn_controller/arlo_nn_controller/msg/num.hpp
[122.552s] -- Up-to-date: /home/monica/ros2_brazoPG/install/arlo_nn_controller/include/arlo_nn_controller/arlo_nn_controller/msg/detail
[122.553s] -- Installing: /home/monica/ros2_brazoPG/install/arlo_nn_controller/include/arlo_nn_controller/arlo_nn_controller/msg/detail/num__builder.hpp
[122.553s] -- Installing: /home/monica/ros2_brazoPG/install/arlo_nn_controller/include/arlo_nn_controller/arlo_nn_controller/msg/detail/num__traits.hpp
[122.554s] -- Installing: /home/monica/ros2_brazoPG/install/arlo_nn_controller/include/arlo_nn_controller/arlo_nn_controller/msg/detail/num__struct.hpp
[122.555s] -- Up-to-date: /home/monica/ros2_brazoPG/install/arlo_nn_controller/include/arlo_nn_controller/arlo_nn_controller
[122.555s] -- Up-to-date: /home/monica/ros2_brazoPG/install/arlo_nn_controller/include/arlo_nn_controller/arlo_nn_controller/srv
[122.556s] -- Up-to-date: /home/monica/ros2_brazoPG/install/arlo_nn_controller/include/arlo_nn_controller/arlo_nn_controller/srv/detail
[122.556s] -- Installing: /home/monica/ros2_brazoPG/install/arlo_nn_controller/include/arlo_nn_controller/arlo_nn_controller/srv/detail/dds_fastrtps
[122.557s] -- Installing: /home/monica/ros2_brazoPG/install/arlo_nn_controller/include/arlo_nn_controller/arlo_nn_controller/srv/detail/evaluate_driver__rosidl_typesupport_fastrtps_cpp.hpp
[122.557s] -- Up-to-date: /home/monica/ros2_brazoPG/install/arlo_nn_controller/include/arlo_nn_controller/arlo_nn_controller/msg
[122.558s] -- Installing: /home/monica/ros2_brazoPG/install/arlo_nn_controller/include/arlo_nn_controller/arlo_nn_controller/msg/rosidl_typesupport_fastrtps_cpp__visibility_control.h
[122.558s] -- Up-to-date: /home/monica/ros2_brazoPG/install/arlo_nn_controller/include/arlo_nn_controller/arlo_nn_controller/msg/detail
[122.559s] -- Installing: /home/monica/ros2_brazoPG/install/arlo_nn_controller/include/arlo_nn_controller/arlo_nn_controller/msg/detail/dds_fastrtps
[122.560s] -- Installing: /home/monica/ros2_brazoPG/install/arlo_nn_controller/include/arlo_nn_controller/arlo_nn_controller/msg/detail/num__rosidl_typesupport_fastrtps_cpp.hpp
[122.560s] -- Installing: /home/monica/ros2_brazoPG/install/arlo_nn_controller/lib/libarlo_nn_controller__rosidl_typesupport_fastrtps_cpp.so
[122.563s] -- Set runtime path of "/home/monica/ros2_brazoPG/install/arlo_nn_controller/lib/libarlo_nn_controller__rosidl_typesupport_fastrtps_cpp.so" to ""
[122.564s] -- Up-to-date: /home/monica/ros2_brazoPG/install/arlo_nn_controller/include/arlo_nn_controller/arlo_nn_controller
[122.564s] -- Up-to-date: /home/monica/ros2_brazoPG/install/arlo_nn_controller/include/arlo_nn_controller/arlo_nn_controller/srv
[122.565s] -- Up-to-date: /home/monica/ros2_brazoPG/install/arlo_nn_controller/include/arlo_nn_controller/arlo_nn_controller/srv/detail
[122.565s] -- Installing: /home/monica/ros2_brazoPG/install/arlo_nn_controller/include/arlo_nn_controller/arlo_nn_controller/srv/detail/evaluate_driver__type_support.c
[122.566s] -- Installing: /home/monica/ros2_brazoPG/install/arlo_nn_controller/include/arlo_nn_controller/arlo_nn_controller/srv/detail/evaluate_driver__rosidl_typesupport_introspection_c.h
[122.567s] -- Up-to-date: /home/monica/ros2_brazoPG/install/arlo_nn_controller/include/arlo_nn_controller/arlo_nn_controller/msg
[122.568s] -- Up-to-date: /home/monica/ros2_brazoPG/install/arlo_nn_controller/include/arlo_nn_controller/arlo_nn_controller/msg/detail
[122.568s] -- Installing: /home/monica/ros2_brazoPG/install/arlo_nn_controller/include/arlo_nn_controller/arlo_nn_controller/msg/detail/num__rosidl_typesupport_introspection_c.h
[122.569s] -- Installing: /home/monica/ros2_brazoPG/install/arlo_nn_controller/include/arlo_nn_controller/arlo_nn_controller/msg/detail/num__type_support.c
[122.569s] -- Installing: /home/monica/ros2_brazoPG/install/arlo_nn_controller/include/arlo_nn_controller/arlo_nn_controller/msg/rosidl_typesupport_introspection_c__visibility_control.h
[122.570s] -- Installing: /home/monica/ros2_brazoPG/install/arlo_nn_controller/lib/libarlo_nn_controller__rosidl_typesupport_introspection_c.so
[122.571s] -- Set runtime path of "/home/monica/ros2_brazoPG/install/arlo_nn_controller/lib/libarlo_nn_controller__rosidl_typesupport_introspection_c.so" to ""
[122.573s] -- Installing: /home/monica/ros2_brazoPG/install/arlo_nn_controller/lib/libarlo_nn_controller__rosidl_typesupport_c.so
[122.574s] -- Set runtime path of "/home/monica/ros2_brazoPG/install/arlo_nn_controller/lib/libarlo_nn_controller__rosidl_typesupport_c.so" to ""
[122.574s] -- Up-to-date: /home/monica/ros2_brazoPG/install/arlo_nn_controller/include/arlo_nn_controller/arlo_nn_controller
[122.575s] -- Up-to-date: /home/monica/ros2_brazoPG/install/arlo_nn_controller/include/arlo_nn_controller/arlo_nn_controller/srv
[122.576s] -- Up-to-date: /home/monica/ros2_brazoPG/install/arlo_nn_controller/include/arlo_nn_controller/arlo_nn_controller/srv/detail
[122.576s] -- Installing: /home/monica/ros2_brazoPG/install/arlo_nn_controller/include/arlo_nn_controller/arlo_nn_controller/srv/detail/evaluate_driver__type_support.cpp
[122.577s] -- Installing: /home/monica/ros2_brazoPG/install/arlo_nn_controller/include/arlo_nn_controller/arlo_nn_controller/srv/detail/evaluate_driver__rosidl_typesupport_introspection_cpp.hpp
[122.578s] -- Up-to-date: /home/monica/ros2_brazoPG/install/arlo_nn_controller/include/arlo_nn_controller/arlo_nn_controller/msg
[122.578s] -- Up-to-date: /home/monica/ros2_brazoPG/install/arlo_nn_controller/include/arlo_nn_controller/arlo_nn_controller/msg/detail
[122.579s] -- Installing: /home/monica/ros2_brazoPG/install/arlo_nn_controller/include/arlo_nn_controller/arlo_nn_controller/msg/detail/num__type_support.cpp
[122.579s] -- Installing: /home/monica/ros2_brazoPG/install/arlo_nn_controller/include/arlo_nn_controller/arlo_nn_controller/msg/detail/num__rosidl_typesupport_introspection_cpp.hpp
[122.580s] -- Installing: /home/monica/ros2_brazoPG/install/arlo_nn_controller/lib/libarlo_nn_controller__rosidl_typesupport_introspection_cpp.so
[122.583s] -- Set runtime path of "/home/monica/ros2_brazoPG/install/arlo_nn_controller/lib/libarlo_nn_controller__rosidl_typesupport_introspection_cpp.so" to ""
[122.584s] -- Installing: /home/monica/ros2_brazoPG/install/arlo_nn_controller/lib/libarlo_nn_controller__rosidl_typesupport_cpp.so
[122.586s] -- Set runtime path of "/home/monica/ros2_brazoPG/install/arlo_nn_controller/lib/libarlo_nn_controller__rosidl_typesupport_cpp.so" to ""
[122.586s] -- Installing: /home/monica/ros2_brazoPG/install/arlo_nn_controller/share/arlo_nn_controller/environment/pythonpath.sh
[122.587s] -- Installing: /home/monica/ros2_brazoPG/install/arlo_nn_controller/share/arlo_nn_controller/environment/pythonpath.dsv
[122.588s] -- Installing: /home/monica/ros2_brazoPG/install/arlo_nn_controller/lib/python3.10/site-packages/arlo_nn_controller-0.0.0-py3.10.egg-info
[122.589s] -- Installing: /home/monica/ros2_brazoPG/install/arlo_nn_controller/lib/python3.10/site-packages/arlo_nn_controller-0.0.0-py3.10.egg-info/PKG-INFO
[122.589s] -- Installing: /home/monica/ros2_brazoPG/install/arlo_nn_controller/lib/python3.10/site-packages/arlo_nn_controller-0.0.0-py3.10.egg-info/top_level.txt
[122.591s] -- Installing: /home/monica/ros2_brazoPG/install/arlo_nn_controller/lib/python3.10/site-packages/arlo_nn_controller-0.0.0-py3.10.egg-info/dependency_links.txt
[122.591s] -- Installing: /home/monica/ros2_brazoPG/install/arlo_nn_controller/lib/python3.10/site-packages/arlo_nn_controller-0.0.0-py3.10.egg-info/SOURCES.txt
[122.592s] -- Installing: /home/monica/ros2_brazoPG/install/arlo_nn_controller/lib/python3.10/site-packages/arlo_nn_controller
[122.593s] -- Installing: /home/monica/ros2_brazoPG/install/arlo_nn_controller/lib/python3.10/site-packages/arlo_nn_controller/arlo_nn_controller_s__rosidl_typesupport_fastrtps_c.cpython-310-x86_64-linux-gnu.so
[122.593s] -- Installing: /home/monica/ros2_brazoPG/install/arlo_nn_controller/lib/python3.10/site-packages/arlo_nn_controller/srv
[122.594s] -- Installing: /home/monica/ros2_brazoPG/install/arlo_nn_controller/lib/python3.10/site-packages/arlo_nn_controller/srv/_evaluate_driver.py
[122.594s] -- Installing: /home/monica/ros2_brazoPG/install/arlo_nn_controller/lib/python3.10/site-packages/arlo_nn_controller/srv/__init__.py
[122.595s] -- Installing: /home/monica/ros2_brazoPG/install/arlo_nn_controller/lib/python3.10/site-packages/arlo_nn_controller/srv/_evaluate_driver_s.c
[122.595s] -- Installing: /home/monica/ros2_brazoPG/install/arlo_nn_controller/lib/python3.10/site-packages/arlo_nn_controller/_arlo_nn_controller_s.ep.rosidl_typesupport_introspection_c.c
[122.596s] -- Installing: /home/monica/ros2_brazoPG/install/arlo_nn_controller/lib/python3.10/site-packages/arlo_nn_controller/arlo_nn_controller_s__rosidl_typesupport_c.cpython-310-x86_64-linux-gnu.so
[122.596s] -- Installing: /home/monica/ros2_brazoPG/install/arlo_nn_controller/lib/python3.10/site-packages/arlo_nn_controller/__init__.py
[122.596s] -- Installing: /home/monica/ros2_brazoPG/install/arlo_nn_controller/lib/python3.10/site-packages/arlo_nn_controller/_arlo_nn_controller_s.ep.rosidl_typesupport_fastrtps_c.c
[122.597s] -- Installing: /home/monica/ros2_brazoPG/install/arlo_nn_controller/lib/python3.10/site-packages/arlo_nn_controller/_arlo_nn_controller_s.ep.rosidl_typesupport_c.c
[122.597s] -- Installing: /home/monica/ros2_brazoPG/install/arlo_nn_controller/lib/python3.10/site-packages/arlo_nn_controller/libarlo_nn_controller__rosidl_generator_py.so
[122.597s] -- Installing: /home/monica/ros2_brazoPG/install/arlo_nn_controller/lib/python3.10/site-packages/arlo_nn_controller/arlo_nn_controller_s__rosidl_typesupport_introspection_c.cpython-310-x86_64-linux-gnu.so
[122.598s] -- Installing: /home/monica/ros2_brazoPG/install/arlo_nn_controller/lib/python3.10/site-packages/arlo_nn_controller/msg
[122.598s] -- Installing: /home/monica/ros2_brazoPG/install/arlo_nn_controller/lib/python3.10/site-packages/arlo_nn_controller/msg/__init__.py
[122.598s] -- Installing: /home/monica/ros2_brazoPG/install/arlo_nn_controller/lib/python3.10/site-packages/arlo_nn_controller/msg/_num.py
[122.599s] -- Installing: /home/monica/ros2_brazoPG/install/arlo_nn_controller/lib/python3.10/site-packages/arlo_nn_controller/msg/_num_s.c
[122.736s] Listing '/home/monica/ros2_brazoPG/install/arlo_nn_controller/lib/python3.10/site-packages/arlo_nn_controller'...
[122.737s] Compiling '/home/monica/ros2_brazoPG/install/arlo_nn_controller/lib/python3.10/site-packages/arlo_nn_controller/__init__.py'...
[122.737s] Listing '/home/monica/ros2_brazoPG/install/arlo_nn_controller/lib/python3.10/site-packages/arlo_nn_controller/msg'...
[122.737s] Compiling '/home/monica/ros2_brazoPG/install/arlo_nn_controller/lib/python3.10/site-packages/arlo_nn_controller/msg/__init__.py'...
[122.737s] Compiling '/home/monica/ros2_brazoPG/install/arlo_nn_controller/lib/python3.10/site-packages/arlo_nn_controller/msg/_num.py'...
[122.737s] Listing '/home/monica/ros2_brazoPG/install/arlo_nn_controller/lib/python3.10/site-packages/arlo_nn_controller/srv'...
[122.738s] Compiling '/home/monica/ros2_brazoPG/install/arlo_nn_controller/lib/python3.10/site-packages/arlo_nn_controller/srv/__init__.py'...
[122.738s] Compiling '/home/monica/ros2_brazoPG/install/arlo_nn_controller/lib/python3.10/site-packages/arlo_nn_controller/srv/_evaluate_driver.py'...
[122.747s] -- Installing: /home/monica/ros2_brazoPG/install/arlo_nn_controller/lib/python3.10/site-packages/arlo_nn_controller/arlo_nn_controller_s__rosidl_typesupport_fastrtps_c.cpython-310-x86_64-linux-gnu.so
[122.748s] -- Set runtime path of "/home/monica/ros2_brazoPG/install/arlo_nn_controller/lib/python3.10/site-packages/arlo_nn_controller/arlo_nn_controller_s__rosidl_typesupport_fastrtps_c.cpython-310-x86_64-linux-gnu.so" to ""
[122.749s] -- Installing: /home/monica/ros2_brazoPG/install/arlo_nn_controller/lib/python3.10/site-packages/arlo_nn_controller/arlo_nn_controller_s__rosidl_typesupport_introspection_c.cpython-310-x86_64-linux-gnu.so
[122.750s] -- Set runtime path of "/home/monica/ros2_brazoPG/install/arlo_nn_controller/lib/python3.10/site-packages/arlo_nn_controller/arlo_nn_controller_s__rosidl_typesupport_introspection_c.cpython-310-x86_64-linux-gnu.so" to ""
[122.750s] -- Installing: /home/monica/ros2_brazoPG/install/arlo_nn_controller/lib/python3.10/site-packages/arlo_nn_controller/arlo_nn_controller_s__rosidl_typesupport_c.cpython-310-x86_64-linux-gnu.so
[122.752s] -- Set runtime path of "/home/monica/ros2_brazoPG/install/arlo_nn_controller/lib/python3.10/site-packages/arlo_nn_controller/arlo_nn_controller_s__rosidl_typesupport_c.cpython-310-x86_64-linux-gnu.so" to ""
[122.752s] -- Installing: /home/monica/ros2_brazoPG/install/arlo_nn_controller/lib/libarlo_nn_controller__rosidl_generator_py.so
[122.754s] -- Set runtime path of "/home/monica/ros2_brazoPG/install/arlo_nn_controller/lib/libarlo_nn_controller__rosidl_generator_py.so" to ""
[122.754s] -- Installing: /home/monica/ros2_brazoPG/install/arlo_nn_controller/share/arlo_nn_controller/msg/Num.idl
[122.754s] -- Installing: /home/monica/ros2_brazoPG/install/arlo_nn_controller/share/arlo_nn_controller/srv/EvaluateDriver.idl
[122.755s] -- Installing: /home/monica/ros2_brazoPG/install/arlo_nn_controller/share/arlo_nn_controller/msg/Num.msg
[122.755s] -- Installing: /home/monica/ros2_brazoPG/install/arlo_nn_controller/share/arlo_nn_controller/srv/EvaluateDriver.srv
[122.756s] -- Installing: /home/monica/ros2_brazoPG/install/arlo_nn_controller/share/arlo_nn_controller/srv/EvaluateDriver_Request.msg
[122.756s] -- Installing: /home/monica/ros2_brazoPG/install/arlo_nn_controller/share/arlo_nn_controller/srv/EvaluateDriver_Response.msg
[122.759s] -- Installing: /home/monica/ros2_brazoPG/install/arlo_nn_controller/lib/arlo_nn_controller/arlo_nn_controller_node
[122.813s] -- Set runtime path of "/home/monica/ros2_brazoPG/install/arlo_nn_controller/lib/arlo_nn_controller/arlo_nn_controller_node" to ""
[122.813s] -- Up-to-date: /home/monica/ros2_brazoPG/install/arlo_nn_controller/include/
[122.814s] -- Installing: /home/monica/ros2_brazoPG/install/arlo_nn_controller/include//SimulationController.h
[122.815s] -- Installing: /home/monica/ros2_brazoPG/install/arlo_nn_controller/share/ament_index/resource_index/package_run_dependencies/arlo_nn_controller
[122.816s] -- Installing: /home/monica/ros2_brazoPG/install/arlo_nn_controller/share/ament_index/resource_index/parent_prefix_path/arlo_nn_controller
[122.817s] -- Installing: /home/monica/ros2_brazoPG/install/arlo_nn_controller/share/arlo_nn_controller/environment/ament_prefix_path.sh
[122.817s] -- Installing: /home/monica/ros2_brazoPG/install/arlo_nn_controller/share/arlo_nn_controller/environment/ament_prefix_path.dsv
[122.818s] -- Installing: /home/monica/ros2_brazoPG/install/arlo_nn_controller/share/arlo_nn_controller/environment/path.sh
[122.818s] -- Installing: /home/monica/ros2_brazoPG/install/arlo_nn_controller/share/arlo_nn_controller/environment/path.dsv
[122.819s] -- Installing: /home/monica/ros2_brazoPG/install/arlo_nn_controller/share/arlo_nn_controller/local_setup.bash
[122.819s] -- Installing: /home/monica/ros2_brazoPG/install/arlo_nn_controller/share/arlo_nn_controller/local_setup.sh
[122.820s] -- Installing: /home/monica/ros2_brazoPG/install/arlo_nn_controller/share/arlo_nn_controller/local_setup.zsh
[122.821s] -- Installing: /home/monica/ros2_brazoPG/install/arlo_nn_controller/share/arlo_nn_controller/local_setup.dsv
[122.821s] -- Installing: /home/monica/ros2_brazoPG/install/arlo_nn_controller/share/arlo_nn_controller/package.dsv
[122.822s] -- Installing: /home/monica/ros2_brazoPG/install/arlo_nn_controller/share/ament_index/resource_index/packages/arlo_nn_controller
[122.822s] -- Installing: /home/monica/ros2_brazoPG/install/arlo_nn_controller/share/arlo_nn_controller/cmake/export_arlo_nn_controller__rosidl_generator_cExport.cmake
[122.823s] -- Installing: /home/monica/ros2_brazoPG/install/arlo_nn_controller/share/arlo_nn_controller/cmake/export_arlo_nn_controller__rosidl_generator_cExport-noconfig.cmake
[122.824s] -- Installing: /home/monica/ros2_brazoPG/install/arlo_nn_controller/share/arlo_nn_controller/cmake/export_arlo_nn_controller__rosidl_typesupport_fastrtps_cExport.cmake
[122.824s] -- Installing: /home/monica/ros2_brazoPG/install/arlo_nn_controller/share/arlo_nn_controller/cmake/export_arlo_nn_controller__rosidl_typesupport_fastrtps_cExport-noconfig.cmake
[122.825s] -- Installing: /home/monica/ros2_brazoPG/install/arlo_nn_controller/share/arlo_nn_controller/cmake/export_arlo_nn_controller__rosidl_generator_cppExport.cmake
[122.826s] -- Installing: /home/monica/ros2_brazoPG/install/arlo_nn_controller/share/arlo_nn_controller/cmake/export_arlo_nn_controller__rosidl_typesupport_fastrtps_cppExport.cmake
[122.826s] -- Installing: /home/monica/ros2_brazoPG/install/arlo_nn_controller/share/arlo_nn_controller/cmake/export_arlo_nn_controller__rosidl_typesupport_fastrtps_cppExport-noconfig.cmake
[122.827s] -- Installing: /home/monica/ros2_brazoPG/install/arlo_nn_controller/share/arlo_nn_controller/cmake/arlo_nn_controller__rosidl_typesupport_introspection_cExport.cmake
[122.827s] -- Installing: /home/monica/ros2_brazoPG/install/arlo_nn_controller/share/arlo_nn_controller/cmake/arlo_nn_controller__rosidl_typesupport_introspection_cExport-noconfig.cmake
[122.828s] -- Installing: /home/monica/ros2_brazoPG/install/arlo_nn_controller/share/arlo_nn_controller/cmake/arlo_nn_controller__rosidl_typesupport_cExport.cmake
[122.828s] -- Installing: /home/monica/ros2_brazoPG/install/arlo_nn_controller/share/arlo_nn_controller/cmake/arlo_nn_controller__rosidl_typesupport_cExport-noconfig.cmake
[122.829s] -- Installing: /home/monica/ros2_brazoPG/install/arlo_nn_controller/share/arlo_nn_controller/cmake/arlo_nn_controller__rosidl_typesupport_introspection_cppExport.cmake
[122.830s] -- Installing: /home/monica/ros2_brazoPG/install/arlo_nn_controller/share/arlo_nn_controller/cmake/arlo_nn_controller__rosidl_typesupport_introspection_cppExport-noconfig.cmake
[122.830s] -- Installing: /home/monica/ros2_brazoPG/install/arlo_nn_controller/share/arlo_nn_controller/cmake/arlo_nn_controller__rosidl_typesupport_cppExport.cmake
[122.831s] -- Installing: /home/monica/ros2_brazoPG/install/arlo_nn_controller/share/arlo_nn_controller/cmake/arlo_nn_controller__rosidl_typesupport_cppExport-noconfig.cmake
[122.831s] -- Installing: /home/monica/ros2_brazoPG/install/arlo_nn_controller/share/arlo_nn_controller/cmake/export_arlo_nn_controller__rosidl_generator_pyExport.cmake
[122.832s] -- Installing: /home/monica/ros2_brazoPG/install/arlo_nn_controller/share/arlo_nn_controller/cmake/export_arlo_nn_controller__rosidl_generator_pyExport-noconfig.cmake
[122.832s] -- Installing: /home/monica/ros2_brazoPG/install/arlo_nn_controller/share/arlo_nn_controller/cmake/rosidl_cmake-extras.cmake
[122.833s] -- Installing: /home/monica/ros2_brazoPG/install/arlo_nn_controller/share/arlo_nn_controller/cmake/ament_cmake_export_dependencies-extras.cmake
[122.833s] -- Installing: /home/monica/ros2_brazoPG/install/arlo_nn_controller/share/arlo_nn_controller/cmake/ament_cmake_export_include_directories-extras.cmake
[122.834s] -- Installing: /home/monica/ros2_brazoPG/install/arlo_nn_controller/share/arlo_nn_controller/cmake/ament_cmake_export_libraries-extras.cmake
[122.834s] -- Installing: /home/monica/ros2_brazoPG/install/arlo_nn_controller/share/arlo_nn_controller/cmake/ament_cmake_export_targets-extras.cmake
[122.835s] -- Installing: /home/monica/ros2_brazoPG/install/arlo_nn_controller/share/arlo_nn_controller/cmake/rosidl_cmake_export_typesupport_targets-extras.cmake
[122.835s] -- Installing: /home/monica/ros2_brazoPG/install/arlo_nn_controller/share/arlo_nn_controller/cmake/rosidl_cmake_export_typesupport_libraries-extras.cmake
[122.836s] -- Installing: /home/monica/ros2_brazoPG/install/arlo_nn_controller/share/arlo_nn_controller/cmake/arlo_nn_controllerConfig.cmake
[122.836s] -- Installing: /home/monica/ros2_brazoPG/install/arlo_nn_controller/share/arlo_nn_controller/cmake/arlo_nn_controllerConfig-version.cmake
[122.837s] -- Installing: /home/monica/ros2_brazoPG/install/arlo_nn_controller/share/arlo_nn_controller/package.xml
[122.844s] Invoked command in '/home/monica/ros2_brazoPG/build/arlo_nn_controller' returned '0': AMENT_PREFIX_PATH=/home/monica/ros2_brazoPG/install/arlo_interfaces:${AMENT_PREFIX_PATH} CMAKE_PREFIX_PATH=/home/monica/ros2_brazoPG/install/arlo_interfaces:/home/monica/ros2_ws/install/xolobot_control:/home/monica/ros2_ws/install/xolobot_arm_server:/home/monica/ros2_ws/install/xolobot_arm:/home/monica/ros2_ws/install/ros2_linkattacher:/home/monica/ros2_ws/install/mod_interfaces:/home/monica/ros2_ws/install/linkattacher_msgs:/home/monica/ros2_ws/install/modulos:/opt/ros/iron LD_LIBRARY_PATH=/home/monica/ros2_brazoPG/install/arlo_interfaces/lib:${LD_LIBRARY_PATH} PYTHONPATH=/home/monica/ros2_brazoPG/install/arlo_interfaces/lib/python3.10/site-packages:${PYTHONPATH} /usr/bin/cmake --install /home/monica/ros2_brazoPG/build/arlo_nn_controller
